                                      1 ;--------------------------------------------------------
                                      2 ; File Created by SDCC : free open source ISO C Compiler 
                                      3 ; Version 4.4.0 #14620 (Linux)
                                      4 ;--------------------------------------------------------
                                      5 	.module stm8s_adc1_DeInit
                                      6 	.optsdcc -mstm8
                                      7 	
                                      8 ;--------------------------------------------------------
                                      9 ; Public variables in this module
                                     10 ;--------------------------------------------------------
                                     11 	.globl _ADC1_DeInit
                                     12 ;--------------------------------------------------------
                                     13 ; ram data
                                     14 ;--------------------------------------------------------
                                     15 	.area DATA
                                     16 ;--------------------------------------------------------
                                     17 ; ram data
                                     18 ;--------------------------------------------------------
                                     19 	.area INITIALIZED
                                     20 ;--------------------------------------------------------
                                     21 ; absolute external ram data
                                     22 ;--------------------------------------------------------
                                     23 	.area DABS (ABS)
                                     24 
                                     25 ; default segment ordering for linker
                                     26 	.area HOME
                                     27 	.area GSINIT
                                     28 	.area GSFINAL
                                     29 	.area CONST
                                     30 	.area INITIALIZER
                                     31 	.area CODE
                                     32 
                                     33 ;--------------------------------------------------------
                                     34 ; global & static initialisations
                                     35 ;--------------------------------------------------------
                                     36 	.area HOME
                                     37 	.area GSINIT
                                     38 	.area GSFINAL
                                     39 	.area GSINIT
                                     40 ;--------------------------------------------------------
                                     41 ; Home
                                     42 ;--------------------------------------------------------
                                     43 	.area HOME
                                     44 	.area HOME
                                     45 ;--------------------------------------------------------
                                     46 ; code
                                     47 ;--------------------------------------------------------
                                     48 	.area CODE
                                     49 ;	../STM8S_StdPeriph_Driver/src/stm8s_adc1_DeInit.c: 46: void ADC1_DeInit(void)
                                     50 ;	-----------------------------------------
                                     51 ;	 function ADC1_DeInit
                                     52 ;	-----------------------------------------
      000000                         53 _ADC1_DeInit:
                                     54 ;	../STM8S_StdPeriph_Driver/src/stm8s_adc1_DeInit.c: 48: ADC1->CSR  = ADC1_CSR_RESET_VALUE;
      000000 35 00 54 00      [ 1]   55 	mov	0x5400+0, #0x00
                                     56 ;	../STM8S_StdPeriph_Driver/src/stm8s_adc1_DeInit.c: 49: ADC1->CR1  = ADC1_CR1_RESET_VALUE;
      000004 35 00 54 01      [ 1]   57 	mov	0x5401+0, #0x00
                                     58 ;	../STM8S_StdPeriph_Driver/src/stm8s_adc1_DeInit.c: 50: ADC1->CR2  = ADC1_CR2_RESET_VALUE;
      000008 35 00 54 02      [ 1]   59 	mov	0x5402+0, #0x00
                                     60 ;	../STM8S_StdPeriph_Driver/src/stm8s_adc1_DeInit.c: 51: ADC1->CR3  = ADC1_CR3_RESET_VALUE;
      00000C 35 00 54 03      [ 1]   61 	mov	0x5403+0, #0x00
                                     62 ;	../STM8S_StdPeriph_Driver/src/stm8s_adc1_DeInit.c: 52: ADC1->TDRH = ADC1_TDRH_RESET_VALUE;
      000010 35 00 54 06      [ 1]   63 	mov	0x5406+0, #0x00
                                     64 ;	../STM8S_StdPeriph_Driver/src/stm8s_adc1_DeInit.c: 53: ADC1->TDRL = ADC1_TDRL_RESET_VALUE;
      000014 35 00 54 07      [ 1]   65 	mov	0x5407+0, #0x00
                                     66 ;	../STM8S_StdPeriph_Driver/src/stm8s_adc1_DeInit.c: 54: ADC1->HTRH = ADC1_HTRH_RESET_VALUE;
      000018 35 FF 54 08      [ 1]   67 	mov	0x5408+0, #0xff
                                     68 ;	../STM8S_StdPeriph_Driver/src/stm8s_adc1_DeInit.c: 55: ADC1->HTRL = ADC1_HTRL_RESET_VALUE;
      00001C 35 03 54 09      [ 1]   69 	mov	0x5409+0, #0x03
                                     70 ;	../STM8S_StdPeriph_Driver/src/stm8s_adc1_DeInit.c: 56: ADC1->LTRH = ADC1_LTRH_RESET_VALUE;
      000020 35 00 54 0A      [ 1]   71 	mov	0x540a+0, #0x00
                                     72 ;	../STM8S_StdPeriph_Driver/src/stm8s_adc1_DeInit.c: 57: ADC1->LTRL = ADC1_LTRL_RESET_VALUE;
      000024 35 00 54 0B      [ 1]   73 	mov	0x540b+0, #0x00
                                     74 ;	../STM8S_StdPeriph_Driver/src/stm8s_adc1_DeInit.c: 58: ADC1->AWCRH = ADC1_AWCRH_RESET_VALUE;
      000028 35 00 54 0E      [ 1]   75 	mov	0x540e+0, #0x00
                                     76 ;	../STM8S_StdPeriph_Driver/src/stm8s_adc1_DeInit.c: 59: ADC1->AWCRL = ADC1_AWCRL_RESET_VALUE;
      00002C 35 00 54 0F      [ 1]   77 	mov	0x540f+0, #0x00
                                     78 ;	../STM8S_StdPeriph_Driver/src/stm8s_adc1_DeInit.c: 60: }
      000030 81               [ 4]   79 	ret
                                     80 	.area CODE
                                     81 	.area CONST
                                     82 	.area INITIALIZER
                                     83 	.area CABS (ABS)
