                                      1 ;--------------------------------------------------------
                                      2 ; File Created by SDCC : free open source ISO C Compiler 
                                      3 ; Version 4.4.0 #14620 (Linux)
                                      4 ;--------------------------------------------------------
                                      5 	.module stm8s_tim1_DeInit
                                      6 	.optsdcc -mstm8
                                      7 	
                                      8 ;--------------------------------------------------------
                                      9 ; Public variables in this module
                                     10 ;--------------------------------------------------------
                                     11 	.globl _TIM1_DeInit
                                     12 ;--------------------------------------------------------
                                     13 ; ram data
                                     14 ;--------------------------------------------------------
                                     15 	.area DATA
                                     16 ;--------------------------------------------------------
                                     17 ; ram data
                                     18 ;--------------------------------------------------------
                                     19 	.area INITIALIZED
                                     20 ;--------------------------------------------------------
                                     21 ; absolute external ram data
                                     22 ;--------------------------------------------------------
                                     23 	.area DABS (ABS)
                                     24 
                                     25 ; default segment ordering for linker
                                     26 	.area HOME
                                     27 	.area GSINIT
                                     28 	.area GSFINAL
                                     29 	.area CONST
                                     30 	.area INITIALIZER
                                     31 	.area CODE
                                     32 
                                     33 ;--------------------------------------------------------
                                     34 ; global & static initialisations
                                     35 ;--------------------------------------------------------
                                     36 	.area HOME
                                     37 	.area GSINIT
                                     38 	.area GSFINAL
                                     39 	.area GSINIT
                                     40 ;--------------------------------------------------------
                                     41 ; Home
                                     42 ;--------------------------------------------------------
                                     43 	.area HOME
                                     44 	.area HOME
                                     45 ;--------------------------------------------------------
                                     46 ; code
                                     47 ;--------------------------------------------------------
                                     48 	.area CODE
                                     49 ;	../STM8S_StdPeriph_Driver/src/stm8s_tim1_DeInit.c: 47: void TIM1_DeInit(void)
                                     50 ;	-----------------------------------------
                                     51 ;	 function TIM1_DeInit
                                     52 ;	-----------------------------------------
      000000                         53 _TIM1_DeInit:
                                     54 ;	../STM8S_StdPeriph_Driver/src/stm8s_tim1_DeInit.c: 49: TIM1->CR1  = TIM1_CR1_RESET_VALUE;
      000000 35 00 52 50      [ 1]   55 	mov	0x5250+0, #0x00
                                     56 ;	../STM8S_StdPeriph_Driver/src/stm8s_tim1_DeInit.c: 50: TIM1->CR2  = TIM1_CR2_RESET_VALUE;
      000004 35 00 52 51      [ 1]   57 	mov	0x5251+0, #0x00
                                     58 ;	../STM8S_StdPeriph_Driver/src/stm8s_tim1_DeInit.c: 51: TIM1->SMCR = TIM1_SMCR_RESET_VALUE;
      000008 35 00 52 52      [ 1]   59 	mov	0x5252+0, #0x00
                                     60 ;	../STM8S_StdPeriph_Driver/src/stm8s_tim1_DeInit.c: 52: TIM1->ETR  = TIM1_ETR_RESET_VALUE;
      00000C 35 00 52 53      [ 1]   61 	mov	0x5253+0, #0x00
                                     62 ;	../STM8S_StdPeriph_Driver/src/stm8s_tim1_DeInit.c: 53: TIM1->IER  = TIM1_IER_RESET_VALUE;
      000010 35 00 52 54      [ 1]   63 	mov	0x5254+0, #0x00
                                     64 ;	../STM8S_StdPeriph_Driver/src/stm8s_tim1_DeInit.c: 54: TIM1->SR2  = TIM1_SR2_RESET_VALUE;
      000014 35 00 52 56      [ 1]   65 	mov	0x5256+0, #0x00
                                     66 ;	../STM8S_StdPeriph_Driver/src/stm8s_tim1_DeInit.c: 56: TIM1->CCER1 = TIM1_CCER1_RESET_VALUE;
      000018 35 00 52 5C      [ 1]   67 	mov	0x525c+0, #0x00
                                     68 ;	../STM8S_StdPeriph_Driver/src/stm8s_tim1_DeInit.c: 57: TIM1->CCER2 = TIM1_CCER2_RESET_VALUE;
      00001C 35 00 52 5D      [ 1]   69 	mov	0x525d+0, #0x00
                                     70 ;	../STM8S_StdPeriph_Driver/src/stm8s_tim1_DeInit.c: 59: TIM1->CCMR1 = 0x01;
      000020 35 01 52 58      [ 1]   71 	mov	0x5258+0, #0x01
                                     72 ;	../STM8S_StdPeriph_Driver/src/stm8s_tim1_DeInit.c: 60: TIM1->CCMR2 = 0x01;
      000024 35 01 52 59      [ 1]   73 	mov	0x5259+0, #0x01
                                     74 ;	../STM8S_StdPeriph_Driver/src/stm8s_tim1_DeInit.c: 61: TIM1->CCMR3 = 0x01;
      000028 35 01 52 5A      [ 1]   75 	mov	0x525a+0, #0x01
                                     76 ;	../STM8S_StdPeriph_Driver/src/stm8s_tim1_DeInit.c: 62: TIM1->CCMR4 = 0x01;
      00002C 35 01 52 5B      [ 1]   77 	mov	0x525b+0, #0x01
                                     78 ;	../STM8S_StdPeriph_Driver/src/stm8s_tim1_DeInit.c: 64: TIM1->CCER1 = TIM1_CCER1_RESET_VALUE;
      000030 35 00 52 5C      [ 1]   79 	mov	0x525c+0, #0x00
                                     80 ;	../STM8S_StdPeriph_Driver/src/stm8s_tim1_DeInit.c: 65: TIM1->CCER2 = TIM1_CCER2_RESET_VALUE;
      000034 35 00 52 5D      [ 1]   81 	mov	0x525d+0, #0x00
                                     82 ;	../STM8S_StdPeriph_Driver/src/stm8s_tim1_DeInit.c: 66: TIM1->CCMR1 = TIM1_CCMR1_RESET_VALUE;
      000038 35 00 52 58      [ 1]   83 	mov	0x5258+0, #0x00
                                     84 ;	../STM8S_StdPeriph_Driver/src/stm8s_tim1_DeInit.c: 67: TIM1->CCMR2 = TIM1_CCMR2_RESET_VALUE;
      00003C 35 00 52 59      [ 1]   85 	mov	0x5259+0, #0x00
                                     86 ;	../STM8S_StdPeriph_Driver/src/stm8s_tim1_DeInit.c: 68: TIM1->CCMR3 = TIM1_CCMR3_RESET_VALUE;
      000040 35 00 52 5A      [ 1]   87 	mov	0x525a+0, #0x00
                                     88 ;	../STM8S_StdPeriph_Driver/src/stm8s_tim1_DeInit.c: 69: TIM1->CCMR4 = TIM1_CCMR4_RESET_VALUE;
      000044 35 00 52 5B      [ 1]   89 	mov	0x525b+0, #0x00
                                     90 ;	../STM8S_StdPeriph_Driver/src/stm8s_tim1_DeInit.c: 70: TIM1->CNTRH = TIM1_CNTRH_RESET_VALUE;
      000048 35 00 52 5E      [ 1]   91 	mov	0x525e+0, #0x00
                                     92 ;	../STM8S_StdPeriph_Driver/src/stm8s_tim1_DeInit.c: 71: TIM1->CNTRL = TIM1_CNTRL_RESET_VALUE;
      00004C 35 00 52 5F      [ 1]   93 	mov	0x525f+0, #0x00
                                     94 ;	../STM8S_StdPeriph_Driver/src/stm8s_tim1_DeInit.c: 72: TIM1->PSCRH = TIM1_PSCRH_RESET_VALUE;
      000050 35 00 52 60      [ 1]   95 	mov	0x5260+0, #0x00
                                     96 ;	../STM8S_StdPeriph_Driver/src/stm8s_tim1_DeInit.c: 73: TIM1->PSCRL = TIM1_PSCRL_RESET_VALUE;
      000054 35 00 52 61      [ 1]   97 	mov	0x5261+0, #0x00
                                     98 ;	../STM8S_StdPeriph_Driver/src/stm8s_tim1_DeInit.c: 74: TIM1->ARRH  = TIM1_ARRH_RESET_VALUE;
      000058 35 FF 52 62      [ 1]   99 	mov	0x5262+0, #0xff
                                    100 ;	../STM8S_StdPeriph_Driver/src/stm8s_tim1_DeInit.c: 75: TIM1->ARRL  = TIM1_ARRL_RESET_VALUE;
      00005C 35 FF 52 63      [ 1]  101 	mov	0x5263+0, #0xff
                                    102 ;	../STM8S_StdPeriph_Driver/src/stm8s_tim1_DeInit.c: 76: TIM1->CCR1H = TIM1_CCR1H_RESET_VALUE;
      000060 35 00 52 65      [ 1]  103 	mov	0x5265+0, #0x00
                                    104 ;	../STM8S_StdPeriph_Driver/src/stm8s_tim1_DeInit.c: 77: TIM1->CCR1L = TIM1_CCR1L_RESET_VALUE;
      000064 35 00 52 66      [ 1]  105 	mov	0x5266+0, #0x00
                                    106 ;	../STM8S_StdPeriph_Driver/src/stm8s_tim1_DeInit.c: 78: TIM1->CCR2H = TIM1_CCR2H_RESET_VALUE;
      000068 35 00 52 67      [ 1]  107 	mov	0x5267+0, #0x00
                                    108 ;	../STM8S_StdPeriph_Driver/src/stm8s_tim1_DeInit.c: 79: TIM1->CCR2L = TIM1_CCR2L_RESET_VALUE;
      00006C 35 00 52 68      [ 1]  109 	mov	0x5268+0, #0x00
                                    110 ;	../STM8S_StdPeriph_Driver/src/stm8s_tim1_DeInit.c: 80: TIM1->CCR3H = TIM1_CCR3H_RESET_VALUE;
      000070 35 00 52 69      [ 1]  111 	mov	0x5269+0, #0x00
                                    112 ;	../STM8S_StdPeriph_Driver/src/stm8s_tim1_DeInit.c: 81: TIM1->CCR3L = TIM1_CCR3L_RESET_VALUE;
      000074 35 00 52 6A      [ 1]  113 	mov	0x526a+0, #0x00
                                    114 ;	../STM8S_StdPeriph_Driver/src/stm8s_tim1_DeInit.c: 82: TIM1->CCR4H = TIM1_CCR4H_RESET_VALUE;
      000078 35 00 52 6B      [ 1]  115 	mov	0x526b+0, #0x00
                                    116 ;	../STM8S_StdPeriph_Driver/src/stm8s_tim1_DeInit.c: 83: TIM1->CCR4L = TIM1_CCR4L_RESET_VALUE;
      00007C 35 00 52 6C      [ 1]  117 	mov	0x526c+0, #0x00
                                    118 ;	../STM8S_StdPeriph_Driver/src/stm8s_tim1_DeInit.c: 84: TIM1->OISR  = TIM1_OISR_RESET_VALUE;
      000080 35 00 52 6F      [ 1]  119 	mov	0x526f+0, #0x00
                                    120 ;	../STM8S_StdPeriph_Driver/src/stm8s_tim1_DeInit.c: 85: TIM1->EGR   = 0x01; /* TIM1_EGR_UG */
      000084 35 01 52 57      [ 1]  121 	mov	0x5257+0, #0x01
                                    122 ;	../STM8S_StdPeriph_Driver/src/stm8s_tim1_DeInit.c: 86: TIM1->DTR   = TIM1_DTR_RESET_VALUE;
      000088 35 00 52 6E      [ 1]  123 	mov	0x526e+0, #0x00
                                    124 ;	../STM8S_StdPeriph_Driver/src/stm8s_tim1_DeInit.c: 87: TIM1->BKR   = TIM1_BKR_RESET_VALUE;
      00008C 35 00 52 6D      [ 1]  125 	mov	0x526d+0, #0x00
                                    126 ;	../STM8S_StdPeriph_Driver/src/stm8s_tim1_DeInit.c: 88: TIM1->RCR   = TIM1_RCR_RESET_VALUE;
      000090 35 00 52 64      [ 1]  127 	mov	0x5264+0, #0x00
                                    128 ;	../STM8S_StdPeriph_Driver/src/stm8s_tim1_DeInit.c: 89: TIM1->SR1   = TIM1_SR1_RESET_VALUE;
      000094 35 00 52 55      [ 1]  129 	mov	0x5255+0, #0x00
                                    130 ;	../STM8S_StdPeriph_Driver/src/stm8s_tim1_DeInit.c: 90: }
      000098 81               [ 4]  131 	ret
                                    132 	.area CODE
                                    133 	.area CONST
                                    134 	.area INITIALIZER
                                    135 	.area CABS (ABS)
