                                      1 ;--------------------------------------------------------
                                      2 ; File Created by SDCC : free open source ISO C Compiler 
                                      3 ; Version 4.4.0 #14620 (Linux)
                                      4 ;--------------------------------------------------------
                                      5 	.module stm8s_adc1_SetHighThreshold
                                      6 	.optsdcc -mstm8
                                      7 	
                                      8 ;--------------------------------------------------------
                                      9 ; Public variables in this module
                                     10 ;--------------------------------------------------------
                                     11 	.globl _ADC1_SetHighThreshold
                                     12 ;--------------------------------------------------------
                                     13 ; ram data
                                     14 ;--------------------------------------------------------
                                     15 	.area DATA
                                     16 ;--------------------------------------------------------
                                     17 ; ram data
                                     18 ;--------------------------------------------------------
                                     19 	.area INITIALIZED
                                     20 ;--------------------------------------------------------
                                     21 ; absolute external ram data
                                     22 ;--------------------------------------------------------
                                     23 	.area DABS (ABS)
                                     24 
                                     25 ; default segment ordering for linker
                                     26 	.area HOME
                                     27 	.area GSINIT
                                     28 	.area GSFINAL
                                     29 	.area CONST
                                     30 	.area INITIALIZER
                                     31 	.area CODE
                                     32 
                                     33 ;--------------------------------------------------------
                                     34 ; global & static initialisations
                                     35 ;--------------------------------------------------------
                                     36 	.area HOME
                                     37 	.area GSINIT
                                     38 	.area GSFINAL
                                     39 	.area GSINIT
                                     40 ;--------------------------------------------------------
                                     41 ; Home
                                     42 ;--------------------------------------------------------
                                     43 	.area HOME
                                     44 	.area HOME
                                     45 ;--------------------------------------------------------
                                     46 ; code
                                     47 ;--------------------------------------------------------
                                     48 	.area CODE
                                     49 ;	../STM8S_StdPeriph_Driver/src/stm8s_adc1_SetHighThreshold.c: 47: void ADC1_SetHighThreshold(uint16_t Threshold)
                                     50 ;	-----------------------------------------
                                     51 ;	 function ADC1_SetHighThreshold
                                     52 ;	-----------------------------------------
      000000                         53 _ADC1_SetHighThreshold:
                                     54 ;	../STM8S_StdPeriph_Driver/src/stm8s_adc1_SetHighThreshold.c: 49: ADC1->HTRH = (uint8_t)(Threshold >> (uint8_t)2);
      000000 90 93            [ 1]   55 	ldw	y, x
      000002 54               [ 2]   56 	srlw	x
      000003 54               [ 2]   57 	srlw	x
      000004 9F               [ 1]   58 	ld	a, xl
      000005 C7 54 08         [ 1]   59 	ld	0x5408, a
                                     60 ;	../STM8S_StdPeriph_Driver/src/stm8s_adc1_SetHighThreshold.c: 50: ADC1->HTRL = (uint8_t)Threshold;
      000008 90 9F            [ 1]   61 	ld	a, yl
      00000A C7 54 09         [ 1]   62 	ld	0x5409, a
                                     63 ;	../STM8S_StdPeriph_Driver/src/stm8s_adc1_SetHighThreshold.c: 51: }
      00000D 81               [ 4]   64 	ret
                                     65 	.area CODE
                                     66 	.area CONST
                                     67 	.area INITIALIZER
                                     68 	.area CABS (ABS)
