                                      1 ;--------------------------------------------------------
                                      2 ; File Created by SDCC : free open source ISO C Compiler 
                                      3 ; Version 4.4.0 #14620 (Linux)
                                      4 ;--------------------------------------------------------
                                      5 	.module stm8s_tim2_ITConfig
                                      6 	.optsdcc -mstm8
                                      7 	
                                      8 ;--------------------------------------------------------
                                      9 ; Public variables in this module
                                     10 ;--------------------------------------------------------
                                     11 	.globl _assert_failed
                                     12 	.globl _TIM2_ITConfig
                                     13 ;--------------------------------------------------------
                                     14 ; ram data
                                     15 ;--------------------------------------------------------
                                     16 	.area DATA
                                     17 ;--------------------------------------------------------
                                     18 ; ram data
                                     19 ;--------------------------------------------------------
                                     20 	.area INITIALIZED
                                     21 ;--------------------------------------------------------
                                     22 ; absolute external ram data
                                     23 ;--------------------------------------------------------
                                     24 	.area DABS (ABS)
                                     25 
                                     26 ; default segment ordering for linker
                                     27 	.area HOME
                                     28 	.area GSINIT
                                     29 	.area GSFINAL
                                     30 	.area CONST
                                     31 	.area INITIALIZER
                                     32 	.area CODE
                                     33 
                                     34 ;--------------------------------------------------------
                                     35 ; global & static initialisations
                                     36 ;--------------------------------------------------------
                                     37 	.area HOME
                                     38 	.area GSINIT
                                     39 	.area GSFINAL
                                     40 	.area GSINIT
                                     41 ;--------------------------------------------------------
                                     42 ; Home
                                     43 ;--------------------------------------------------------
                                     44 	.area HOME
                                     45 	.area HOME
                                     46 ;--------------------------------------------------------
                                     47 ; code
                                     48 ;--------------------------------------------------------
                                     49 	.area CODE
                                     50 ;	../STM8S_StdPeriph_Driver/src/stm8s_tim2_ITConfig.c: 55: void TIM2_ITConfig(TIM2_IT_TypeDef TIM2_IT, FunctionalState NewState)
                                     51 ;	-----------------------------------------
                                     52 ;	 function TIM2_ITConfig
                                     53 ;	-----------------------------------------
      000000                         54 _TIM2_ITConfig:
      000000 88               [ 1]   55 	push	a
                                     56 ;	../STM8S_StdPeriph_Driver/src/stm8s_tim2_ITConfig.c: 58: assert_param(IS_TIM2_IT_OK(TIM2_IT));
      000001 4D               [ 1]   57 	tnz	a
      000002 27 04            [ 1]   58 	jreq	00106$
      000004 A1 0F            [ 1]   59 	cp	a, #0x0f
      000006 23 0E            [ 2]   60 	jrule	00107$
      000008                         61 00106$:
      000008 88               [ 1]   62 	push	a
      000009 4B 3A            [ 1]   63 	push	#0x3a
      00000B 5F               [ 1]   64 	clrw	x
      00000C 89               [ 2]   65 	pushw	x
      00000D 4B 00            [ 1]   66 	push	#0x00
      00000F AEr00r00         [ 2]   67 	ldw	x, #(___str_0+0)
      000012 CDr00r00         [ 4]   68 	call	_assert_failed
      000015 84               [ 1]   69 	pop	a
      000016                         70 00107$:
                                     71 ;	../STM8S_StdPeriph_Driver/src/stm8s_tim2_ITConfig.c: 59: assert_param(IS_FUNCTIONALSTATE_OK(NewState));
      000016 0D 04            [ 1]   72 	tnz	(0x04, sp)
      000018 27 12            [ 1]   73 	jreq	00112$
      00001A 0D 04            [ 1]   74 	tnz	(0x04, sp)
      00001C 26 0E            [ 1]   75 	jrne	00112$
      00001E 88               [ 1]   76 	push	a
      00001F 4B 3B            [ 1]   77 	push	#0x3b
      000021 5F               [ 1]   78 	clrw	x
      000022 89               [ 2]   79 	pushw	x
      000023 4B 00            [ 1]   80 	push	#0x00
      000025 AEr00r00         [ 2]   81 	ldw	x, #(___str_0+0)
      000028 CDr00r00         [ 4]   82 	call	_assert_failed
      00002B 84               [ 1]   83 	pop	a
      00002C                         84 00112$:
                                     85 ;	../STM8S_StdPeriph_Driver/src/stm8s_tim2_ITConfig.c: 64: TIM2->IER |= (uint8_t)TIM2_IT;
      00002C AE 53 01         [ 2]   86 	ldw	x, #0x5301
      00002F 88               [ 1]   87 	push	a
      000030 F6               [ 1]   88 	ld	a, (x)
      000031 6B 02            [ 1]   89 	ld	(0x02, sp), a
      000033 84               [ 1]   90 	pop	a
                                     91 ;	../STM8S_StdPeriph_Driver/src/stm8s_tim2_ITConfig.c: 61: if (NewState != DISABLE)
      000034 0D 04            [ 1]   92 	tnz	(0x04, sp)
      000036 27 07            [ 1]   93 	jreq	00102$
                                     94 ;	../STM8S_StdPeriph_Driver/src/stm8s_tim2_ITConfig.c: 64: TIM2->IER |= (uint8_t)TIM2_IT;
      000038 1A 01            [ 1]   95 	or	a, (0x01, sp)
      00003A C7 53 01         [ 1]   96 	ld	0x5301, a
      00003D 20 06            [ 2]   97 	jra	00104$
      00003F                         98 00102$:
                                     99 ;	../STM8S_StdPeriph_Driver/src/stm8s_tim2_ITConfig.c: 69: TIM2->IER &= (uint8_t)(~TIM2_IT);
      00003F 43               [ 1]  100 	cpl	a
      000040 14 01            [ 1]  101 	and	a, (0x01, sp)
      000042 C7 53 01         [ 1]  102 	ld	0x5301, a
      000045                        103 00104$:
                                    104 ;	../STM8S_StdPeriph_Driver/src/stm8s_tim2_ITConfig.c: 71: }
      000045 84               [ 1]  105 	pop	a
      000046 85               [ 2]  106 	popw	x
      000047 84               [ 1]  107 	pop	a
      000048 FC               [ 2]  108 	jp	(x)
                                    109 	.area CODE
                                    110 	.area CONST
                                    111 	.area CONST
      000000                        112 ___str_0:
      000000 2E 2E 2F 53 54 4D 38   113 	.ascii "../STM8S_StdPeriph_Driver/src/stm8s_tim2_ITConfig.c"
             53 5F 53 74 64 50 65
             72 69 70 68 5F 44 72
             69 76 65 72 2F 73 72
             63 2F 73 74 6D 38 73
             5F 74 69 6D 32 5F 49
             54 43 6F 6E 66 69 67
             2E 63
      000033 00                     114 	.db 0x00
                                    115 	.area CODE
                                    116 	.area INITIALIZER
                                    117 	.area CABS (ABS)
