                                      1 ;--------------------------------------------------------
                                      2 ; File Created by SDCC : free open source ISO C Compiler 
                                      3 ; Version 4.4.0 #14620 (Linux)
                                      4 ;--------------------------------------------------------
                                      5 	.module stm8s_tim1_ETRConfig
                                      6 	.optsdcc -mstm8
                                      7 	
                                      8 ;--------------------------------------------------------
                                      9 ; Public variables in this module
                                     10 ;--------------------------------------------------------
                                     11 	.globl _assert_failed
                                     12 	.globl _TIM1_ETRConfig
                                     13 ;--------------------------------------------------------
                                     14 ; ram data
                                     15 ;--------------------------------------------------------
                                     16 	.area DATA
                                     17 ;--------------------------------------------------------
                                     18 ; ram data
                                     19 ;--------------------------------------------------------
                                     20 	.area INITIALIZED
                                     21 ;--------------------------------------------------------
                                     22 ; absolute external ram data
                                     23 ;--------------------------------------------------------
                                     24 	.area DABS (ABS)
                                     25 
                                     26 ; default segment ordering for linker
                                     27 	.area HOME
                                     28 	.area GSINIT
                                     29 	.area GSFINAL
                                     30 	.area CONST
                                     31 	.area INITIALIZER
                                     32 	.area CODE
                                     33 
                                     34 ;--------------------------------------------------------
                                     35 ; global & static initialisations
                                     36 ;--------------------------------------------------------
                                     37 	.area HOME
                                     38 	.area GSINIT
                                     39 	.area GSFINAL
                                     40 	.area GSINIT
                                     41 ;--------------------------------------------------------
                                     42 ; Home
                                     43 ;--------------------------------------------------------
                                     44 	.area HOME
                                     45 	.area HOME
                                     46 ;--------------------------------------------------------
                                     47 ; code
                                     48 ;--------------------------------------------------------
                                     49 	.area CODE
                                     50 ;	../STM8S_StdPeriph_Driver/src/stm8s_tim1_ETRConfig.c: 58: void TIM1_ETRConfig(TIM1_ExtTRGPSC_TypeDef TIM1_ExtTRGPrescaler,
                                     51 ;	-----------------------------------------
                                     52 ;	 function TIM1_ETRConfig
                                     53 ;	-----------------------------------------
      000000                         54 _TIM1_ETRConfig:
      000000 89               [ 2]   55 	pushw	x
      000001 6B 02            [ 1]   56 	ld	(0x02, sp), a
                                     57 ;	../STM8S_StdPeriph_Driver/src/stm8s_tim1_ETRConfig.c: 63: assert_param(IS_TIM1_EXT_TRG_FILTER_OK(ExtTRGFilter));
      000003 7B 06            [ 1]   58 	ld	a, (0x06, sp)
      000005 A1 0F            [ 1]   59 	cp	a, #0x0f
      000007 23 0C            [ 2]   60 	jrule	00104$
      000009 4B 3F            [ 1]   61 	push	#0x3f
      00000B 5F               [ 1]   62 	clrw	x
      00000C 89               [ 2]   63 	pushw	x
      00000D 4B 00            [ 1]   64 	push	#0x00
      00000F AEr00r00         [ 2]   65 	ldw	x, #(___str_0+0)
      000012 CDr00r00         [ 4]   66 	call	_assert_failed
      000015                         67 00104$:
                                     68 ;	../STM8S_StdPeriph_Driver/src/stm8s_tim1_ETRConfig.c: 65: TIM1->ETR |= (uint8_t)((uint8_t)(TIM1_ExtTRGPrescaler | (uint8_t)TIM1_ExtTRGPolarity )|
      000015 C6 52 53         [ 1]   69 	ld	a, 0x5253
      000018 6B 01            [ 1]   70 	ld	(0x01, sp), a
      00001A 7B 02            [ 1]   71 	ld	a, (0x02, sp)
      00001C 1A 05            [ 1]   72 	or	a, (0x05, sp)
                                     73 ;	../STM8S_StdPeriph_Driver/src/stm8s_tim1_ETRConfig.c: 66: (uint8_t)ExtTRGFilter );
      00001E 1A 06            [ 1]   74 	or	a, (0x06, sp)
      000020 1A 01            [ 1]   75 	or	a, (0x01, sp)
      000022 C7 52 53         [ 1]   76 	ld	0x5253, a
                                     77 ;	../STM8S_StdPeriph_Driver/src/stm8s_tim1_ETRConfig.c: 67: }
      000025 1E 03            [ 2]   78 	ldw	x, (3, sp)
      000027 5B 06            [ 2]   79 	addw	sp, #6
      000029 FC               [ 2]   80 	jp	(x)
                                     81 	.area CODE
                                     82 	.area CONST
                                     83 	.area CONST
      000000                         84 ___str_0:
      000000 2E 2E 2F 53 54 4D 38    85 	.ascii "../STM8S_StdPeriph_Driver/src/stm8s_tim1_ETRConfig.c"
             53 5F 53 74 64 50 65
             72 69 70 68 5F 44 72
             69 76 65 72 2F 73 72
             63 2F 73 74 6D 38 73
             5F 74 69 6D 31 5F 45
             54 52 43 6F 6E 66 69
             67 2E 63
      000034 00                      86 	.db 0x00
                                     87 	.area CODE
                                     88 	.area INITIALIZER
                                     89 	.area CABS (ABS)
