                                      1 ;--------------------------------------------------------
                                      2 ; File Created by SDCC : free open source ISO C Compiler 
                                      3 ; Version 4.4.0 #14620 (Linux)
                                      4 ;--------------------------------------------------------
                                      5 	.module stm8s_beep_Init
                                      6 	.optsdcc -mstm8
                                      7 	
                                      8 ;--------------------------------------------------------
                                      9 ; Public variables in this module
                                     10 ;--------------------------------------------------------
                                     11 	.globl _assert_failed
                                     12 	.globl _BEEP_Init
                                     13 ;--------------------------------------------------------
                                     14 ; ram data
                                     15 ;--------------------------------------------------------
                                     16 	.area DATA
                                     17 ;--------------------------------------------------------
                                     18 ; ram data
                                     19 ;--------------------------------------------------------
                                     20 	.area INITIALIZED
                                     21 ;--------------------------------------------------------
                                     22 ; absolute external ram data
                                     23 ;--------------------------------------------------------
                                     24 	.area DABS (ABS)
                                     25 
                                     26 ; default segment ordering for linker
                                     27 	.area HOME
                                     28 	.area GSINIT
                                     29 	.area GSFINAL
                                     30 	.area CONST
                                     31 	.area INITIALIZER
                                     32 	.area CODE
                                     33 
                                     34 ;--------------------------------------------------------
                                     35 ; global & static initialisations
                                     36 ;--------------------------------------------------------
                                     37 	.area HOME
                                     38 	.area GSINIT
                                     39 	.area GSFINAL
                                     40 	.area GSINIT
                                     41 ;--------------------------------------------------------
                                     42 ; Home
                                     43 ;--------------------------------------------------------
                                     44 	.area HOME
                                     45 	.area HOME
                                     46 ;--------------------------------------------------------
                                     47 ; code
                                     48 ;--------------------------------------------------------
                                     49 	.area CODE
                                     50 ;	../STM8S_StdPeriph_Driver/src/stm8s_beep_Init.c: 49: void BEEP_Init(BEEP_Frequency_TypeDef BEEP_Frequency)
                                     51 ;	-----------------------------------------
                                     52 ;	 function BEEP_Init
                                     53 ;	-----------------------------------------
      000000                         54 _BEEP_Init:
      000000 88               [ 1]   55 	push	a
                                     56 ;	../STM8S_StdPeriph_Driver/src/stm8s_beep_Init.c: 52: assert_param(IS_BEEP_FREQUENCY_OK(BEEP_Frequency));
      000001 6B 01            [ 1]   57 	ld	(0x01, sp), a
      000003 27 18            [ 1]   58 	jreq	00106$
      000005 7B 01            [ 1]   59 	ld	a, (0x01, sp)
      000007 A1 40            [ 1]   60 	cp	a, #0x40
      000009 27 12            [ 1]   61 	jreq	00106$
      00000B 7B 01            [ 1]   62 	ld	a, (0x01, sp)
      00000D A1 80            [ 1]   63 	cp	a, #0x80
      00000F 27 0C            [ 1]   64 	jreq	00106$
      000011 4B 34            [ 1]   65 	push	#0x34
      000013 5F               [ 1]   66 	clrw	x
      000014 89               [ 2]   67 	pushw	x
      000015 4B 00            [ 1]   68 	push	#0x00
      000017 AEr00r00         [ 2]   69 	ldw	x, #(___str_0+0)
      00001A CDr00r00         [ 4]   70 	call	_assert_failed
      00001D                         71 00106$:
                                     72 ;	../STM8S_StdPeriph_Driver/src/stm8s_beep_Init.c: 55: if ((BEEP->CSR & BEEP_CSR_BEEPDIV) == BEEP_CSR_BEEPDIV)
      00001D C6 50 F3         [ 1]   73 	ld	a, 0x50f3
      000020 43               [ 1]   74 	cpl	a
      000021 A5 1F            [ 1]   75 	bcp	a, #0x1f
      000023 26 10            [ 1]   76 	jrne	00102$
                                     77 ;	../STM8S_StdPeriph_Driver/src/stm8s_beep_Init.c: 57: BEEP->CSR &= (uint8_t)(~BEEP_CSR_BEEPDIV); /* Clear bits */
      000025 C6 50 F3         [ 1]   78 	ld	a, 0x50f3
      000028 A4 E0            [ 1]   79 	and	a, #0xe0
      00002A C7 50 F3         [ 1]   80 	ld	0x50f3, a
                                     81 ;	../STM8S_StdPeriph_Driver/src/stm8s_beep_Init.c: 58: BEEP->CSR |= BEEP_CALIBRATION_DEFAULT;
      00002D C6 50 F3         [ 1]   82 	ld	a, 0x50f3
      000030 AA 0B            [ 1]   83 	or	a, #0x0b
      000032 C7 50 F3         [ 1]   84 	ld	0x50f3, a
      000035                         85 00102$:
                                     86 ;	../STM8S_StdPeriph_Driver/src/stm8s_beep_Init.c: 62: BEEP->CSR &= (uint8_t)(~BEEP_CSR_BEEPSEL);
      000035 C6 50 F3         [ 1]   87 	ld	a, 0x50f3
      000038 A4 3F            [ 1]   88 	and	a, #0x3f
      00003A C7 50 F3         [ 1]   89 	ld	0x50f3, a
                                     90 ;	../STM8S_StdPeriph_Driver/src/stm8s_beep_Init.c: 63: BEEP->CSR |= (uint8_t)(BEEP_Frequency);
      00003D C6 50 F3         [ 1]   91 	ld	a, 0x50f3
      000040 1A 01            [ 1]   92 	or	a, (0x01, sp)
      000042 C7 50 F3         [ 1]   93 	ld	0x50f3, a
                                     94 ;	../STM8S_StdPeriph_Driver/src/stm8s_beep_Init.c: 64: }
      000045 84               [ 1]   95 	pop	a
      000046 81               [ 4]   96 	ret
                                     97 	.area CODE
                                     98 	.area CONST
                                     99 	.area CONST
      000000                        100 ___str_0:
      000000 2E 2E 2F 53 54 4D 38   101 	.ascii "../STM8S_StdPeriph_Driver/src/stm8s_beep_Init.c"
             53 5F 53 74 64 50 65
             72 69 70 68 5F 44 72
             69 76 65 72 2F 73 72
             63 2F 73 74 6D 38 73
             5F 62 65 65 70 5F 49
             6E 69 74 2E 63
      00002F 00                     102 	.db 0x00
                                    103 	.area CODE
                                    104 	.area INITIALIZER
                                    105 	.area CABS (ABS)
