                                      1 ;--------------------------------------------------------
                                      2 ; File Created by SDCC : free open source ISO C Compiler 
                                      3 ; Version 4.4.0 #14620 (Linux)
                                      4 ;--------------------------------------------------------
                                      5 	.module stm8s_flash_DeInit
                                      6 	.optsdcc -mstm8
                                      7 	
                                      8 ;--------------------------------------------------------
                                      9 ; Public variables in this module
                                     10 ;--------------------------------------------------------
                                     11 	.globl _FLASH_DeInit
                                     12 ;--------------------------------------------------------
                                     13 ; ram data
                                     14 ;--------------------------------------------------------
                                     15 	.area DATA
                                     16 ;--------------------------------------------------------
                                     17 ; ram data
                                     18 ;--------------------------------------------------------
                                     19 	.area INITIALIZED
                                     20 ;--------------------------------------------------------
                                     21 ; absolute external ram data
                                     22 ;--------------------------------------------------------
                                     23 	.area DABS (ABS)
                                     24 
                                     25 ; default segment ordering for linker
                                     26 	.area HOME
                                     27 	.area GSINIT
                                     28 	.area GSFINAL
                                     29 	.area CONST
                                     30 	.area INITIALIZER
                                     31 	.area CODE
                                     32 
                                     33 ;--------------------------------------------------------
                                     34 ; global & static initialisations
                                     35 ;--------------------------------------------------------
                                     36 	.area HOME
                                     37 	.area GSINIT
                                     38 	.area GSFINAL
                                     39 	.area GSINIT
                                     40 ;--------------------------------------------------------
                                     41 ; Home
                                     42 ;--------------------------------------------------------
                                     43 	.area HOME
                                     44 	.area HOME
                                     45 ;--------------------------------------------------------
                                     46 ; code
                                     47 ;--------------------------------------------------------
                                     48 	.area CODE
                                     49 ;	../STM8S_StdPeriph_Driver/src/stm8s_flash_DeInit.c: 47: void FLASH_DeInit(void)
                                     50 ;	-----------------------------------------
                                     51 ;	 function FLASH_DeInit
                                     52 ;	-----------------------------------------
      000000                         53 _FLASH_DeInit:
                                     54 ;	../STM8S_StdPeriph_Driver/src/stm8s_flash_DeInit.c: 49: FLASH->CR1 = FLASH_CR1_RESET_VALUE;
      000000 35 00 50 5A      [ 1]   55 	mov	0x505a+0, #0x00
                                     56 ;	../STM8S_StdPeriph_Driver/src/stm8s_flash_DeInit.c: 50: FLASH->CR2 = FLASH_CR2_RESET_VALUE;
      000004 35 00 50 5B      [ 1]   57 	mov	0x505b+0, #0x00
                                     58 ;	../STM8S_StdPeriph_Driver/src/stm8s_flash_DeInit.c: 51: FLASH->NCR2 = FLASH_NCR2_RESET_VALUE;
      000008 35 FF 50 5C      [ 1]   59 	mov	0x505c+0, #0xff
                                     60 ;	../STM8S_StdPeriph_Driver/src/stm8s_flash_DeInit.c: 52: FLASH->IAPSR &= (uint8_t)(~FLASH_IAPSR_DUL);
      00000C 72 17 50 5F      [ 1]   61 	bres	0x505f, #3
                                     62 ;	../STM8S_StdPeriph_Driver/src/stm8s_flash_DeInit.c: 53: FLASH->IAPSR &= (uint8_t)(~FLASH_IAPSR_PUL);
      000010 72 13 50 5F      [ 1]   63 	bres	0x505f, #1
                                     64 ;	../STM8S_StdPeriph_Driver/src/stm8s_flash_DeInit.c: 54: (void) FLASH->IAPSR; /* Reading of this register causes the clearing of status flags */
      000014 C6 50 5F         [ 1]   65 	ld	a, 0x505f
                                     66 ;	../STM8S_StdPeriph_Driver/src/stm8s_flash_DeInit.c: 55: }
      000017 81               [ 4]   67 	ret
                                     68 	.area CODE
                                     69 	.area CONST
                                     70 	.area INITIALIZER
                                     71 	.area CABS (ABS)
