                                      1 ;--------------------------------------------------------
                                      2 ; File Created by SDCC : free open source ISO C Compiler 
                                      3 ; Version 4.4.0 #14620 (Linux)
                                      4 ;--------------------------------------------------------
                                      5 	.module stm8s_i2c_FastModeDutyCycleConfig
                                      6 	.optsdcc -mstm8
                                      7 	
                                      8 ;--------------------------------------------------------
                                      9 ; Public variables in this module
                                     10 ;--------------------------------------------------------
                                     11 	.globl _assert_failed
                                     12 	.globl _I2C_FastModeDutyCycleConfig
                                     13 ;--------------------------------------------------------
                                     14 ; ram data
                                     15 ;--------------------------------------------------------
                                     16 	.area DATA
                                     17 ;--------------------------------------------------------
                                     18 ; ram data
                                     19 ;--------------------------------------------------------
                                     20 	.area INITIALIZED
                                     21 ;--------------------------------------------------------
                                     22 ; absolute external ram data
                                     23 ;--------------------------------------------------------
                                     24 	.area DABS (ABS)
                                     25 
                                     26 ; default segment ordering for linker
                                     27 	.area HOME
                                     28 	.area GSINIT
                                     29 	.area GSFINAL
                                     30 	.area CONST
                                     31 	.area INITIALIZER
                                     32 	.area CODE
                                     33 
                                     34 ;--------------------------------------------------------
                                     35 ; global & static initialisations
                                     36 ;--------------------------------------------------------
                                     37 	.area HOME
                                     38 	.area GSINIT
                                     39 	.area GSFINAL
                                     40 	.area GSINIT
                                     41 ;--------------------------------------------------------
                                     42 ; Home
                                     43 ;--------------------------------------------------------
                                     44 	.area HOME
                                     45 	.area HOME
                                     46 ;--------------------------------------------------------
                                     47 ; code
                                     48 ;--------------------------------------------------------
                                     49 	.area CODE
                                     50 ;	../STM8S_StdPeriph_Driver/src/stm8s_i2c_FastModeDutyCycleConfig.c: 48: void I2C_FastModeDutyCycleConfig(I2C_DutyCycle_TypeDef I2C_DutyCycle)
                                     51 ;	-----------------------------------------
                                     52 ;	 function I2C_FastModeDutyCycleConfig
                                     53 ;	-----------------------------------------
      000000                         54 _I2C_FastModeDutyCycleConfig:
      000000 88               [ 1]   55 	push	a
                                     56 ;	../STM8S_StdPeriph_Driver/src/stm8s_i2c_FastModeDutyCycleConfig.c: 51: assert_param(IS_I2C_DUTYCYCLE_OK(I2C_DutyCycle));
      000001 A1 40            [ 1]   57 	cp	a, #0x40
      000003 26 07            [ 1]   58 	jrne	00133$
      000005 88               [ 1]   59 	push	a
      000006 A6 01            [ 1]   60 	ld	a, #0x01
      000008 6B 02            [ 1]   61 	ld	(0x02, sp), a
      00000A 84               [ 1]   62 	pop	a
      00000B C5                      63 	.byte 0xc5
      00000C                         64 00133$:
      00000C 0F 01            [ 1]   65 	clr	(0x01, sp)
      00000E                         66 00134$:
      00000E 4D               [ 1]   67 	tnz	a
      00000F 27 10            [ 1]   68 	jreq	00107$
      000011 0D 01            [ 1]   69 	tnz	(0x01, sp)
      000013 26 0C            [ 1]   70 	jrne	00107$
      000015 4B 33            [ 1]   71 	push	#0x33
      000017 5F               [ 1]   72 	clrw	x
      000018 89               [ 2]   73 	pushw	x
      000019 4B 00            [ 1]   74 	push	#0x00
      00001B AEr00r00         [ 2]   75 	ldw	x, #(___str_0+0)
      00001E CDr00r00         [ 4]   76 	call	_assert_failed
      000021                         77 00107$:
                                     78 ;	../STM8S_StdPeriph_Driver/src/stm8s_i2c_FastModeDutyCycleConfig.c: 56: I2C->CCRH |= I2C_CCRH_DUTY;
      000021 C6 52 1C         [ 1]   79 	ld	a, 0x521c
      000024 97               [ 1]   80 	ld	xl, a
                                     81 ;	../STM8S_StdPeriph_Driver/src/stm8s_i2c_FastModeDutyCycleConfig.c: 53: if (I2C_DutyCycle == I2C_DUTYCYCLE_16_9)
      000025 7B 01            [ 1]   82 	ld	a, (0x01, sp)
      000027 27 08            [ 1]   83 	jreq	00102$
                                     84 ;	../STM8S_StdPeriph_Driver/src/stm8s_i2c_FastModeDutyCycleConfig.c: 56: I2C->CCRH |= I2C_CCRH_DUTY;
      000029 9F               [ 1]   85 	ld	a, xl
      00002A AA 40            [ 1]   86 	or	a, #0x40
      00002C C7 52 1C         [ 1]   87 	ld	0x521c, a
      00002F 20 06            [ 2]   88 	jra	00104$
      000031                         89 00102$:
                                     90 ;	../STM8S_StdPeriph_Driver/src/stm8s_i2c_FastModeDutyCycleConfig.c: 61: I2C->CCRH &= (uint8_t)(~I2C_CCRH_DUTY);
      000031 9F               [ 1]   91 	ld	a, xl
      000032 A4 BF            [ 1]   92 	and	a, #0xbf
      000034 C7 52 1C         [ 1]   93 	ld	0x521c, a
      000037                         94 00104$:
                                     95 ;	../STM8S_StdPeriph_Driver/src/stm8s_i2c_FastModeDutyCycleConfig.c: 63: }
      000037 84               [ 1]   96 	pop	a
      000038 81               [ 4]   97 	ret
                                     98 	.area CODE
                                     99 	.area CONST
                                    100 	.area CONST
      000000                        101 ___str_0:
      000000 2E 2E 2F 53 54 4D 38   102 	.ascii "../STM8S_StdPeriph_Driver/src/stm8s_i2c_FastModeDutyCycleCon"
             53 5F 53 74 64 50 65
             72 69 70 68 5F 44 72
             69 76 65 72 2F 73 72
             63 2F 73 74 6D 38 73
             5F 69 32 63 5F 46 61
             73 74 4D 6F 64 65 44
             75 74 79 43 79 63 6C
             65 43 6F 6E
      00003C 66 69 67 2E 63         103 	.ascii "fig.c"
      000041 00                     104 	.db 0x00
                                    105 	.area CODE
                                    106 	.area INITIALIZER
                                    107 	.area CABS (ABS)
