                                      1 ;--------------------------------------------------------
                                      2 ; File Created by SDCC : free open source ISO C Compiler 
                                      3 ; Version 4.4.0 #14620 (Linux)
                                      4 ;--------------------------------------------------------
                                      5 	.module stm8s_awu_LSICalibrationConfig
                                      6 	.optsdcc -mstm8
                                      7 	
                                      8 ;--------------------------------------------------------
                                      9 ; Public variables in this module
                                     10 ;--------------------------------------------------------
                                     11 	.globl _assert_failed
                                     12 	.globl _AWU_LSICalibrationConfig
                                     13 ;--------------------------------------------------------
                                     14 ; ram data
                                     15 ;--------------------------------------------------------
                                     16 	.area DATA
                                     17 ;--------------------------------------------------------
                                     18 ; ram data
                                     19 ;--------------------------------------------------------
                                     20 	.area INITIALIZED
                                     21 ;--------------------------------------------------------
                                     22 ; absolute external ram data
                                     23 ;--------------------------------------------------------
                                     24 	.area DABS (ABS)
                                     25 
                                     26 ; default segment ordering for linker
                                     27 	.area HOME
                                     28 	.area GSINIT
                                     29 	.area GSFINAL
                                     30 	.area CONST
                                     31 	.area INITIALIZER
                                     32 	.area CODE
                                     33 
                                     34 ;--------------------------------------------------------
                                     35 ; global & static initialisations
                                     36 ;--------------------------------------------------------
                                     37 	.area HOME
                                     38 	.area GSINIT
                                     39 	.area GSFINAL
                                     40 	.area GSINIT
                                     41 ;--------------------------------------------------------
                                     42 ; Home
                                     43 ;--------------------------------------------------------
                                     44 	.area HOME
                                     45 	.area HOME
                                     46 ;--------------------------------------------------------
                                     47 ; code
                                     48 ;--------------------------------------------------------
                                     49 	.area CODE
                                     50 ;	../STM8S_StdPeriph_Driver/src/stm8s_awu_LSICalibrationConfig.c: 55: void AWU_LSICalibrationConfig(uint32_t LSIFreqHz)
                                     51 ;	-----------------------------------------
                                     52 ;	 function AWU_LSICalibrationConfig
                                     53 ;	-----------------------------------------
      000000                         54 _AWU_LSICalibrationConfig:
      000000 52 06            [ 2]   55 	sub	sp, #6
                                     56 ;	../STM8S_StdPeriph_Driver/src/stm8s_awu_LSICalibrationConfig.c: 61: assert_param(IS_LSI_FREQUENCY_OK(LSIFreqHz));
      000002 1E 0B            [ 2]   57 	ldw	x, (0x0b, sp)
      000004 A3 AD B0         [ 2]   58 	cpw	x, #0xadb0
      000007 7B 0A            [ 1]   59 	ld	a, (0x0a, sp)
      000009 A2 01            [ 1]   60 	sbc	a, #0x01
      00000B 7B 09            [ 1]   61 	ld	a, (0x09, sp)
      00000D A2 00            [ 1]   62 	sbc	a, #0x00
      00000F 25 0E            [ 1]   63 	jrc	00106$
      000011 AE 49 F0         [ 2]   64 	ldw	x, #0x49f0
      000014 13 0B            [ 2]   65 	cpw	x, (0x0b, sp)
      000016 A6 02            [ 1]   66 	ld	a, #0x02
      000018 12 0A            [ 1]   67 	sbc	a, (0x0a, sp)
      00001A 4F               [ 1]   68 	clr	a
      00001B 12 09            [ 1]   69 	sbc	a, (0x09, sp)
      00001D 24 0C            [ 1]   70 	jrnc	00107$
      00001F                         71 00106$:
      00001F 4B 3D            [ 1]   72 	push	#0x3d
      000021 5F               [ 1]   73 	clrw	x
      000022 89               [ 2]   74 	pushw	x
      000023 4B 00            [ 1]   75 	push	#0x00
      000025 AEr00r00         [ 2]   76 	ldw	x, #(___str_0+0)
      000028 CDr00r00         [ 4]   77 	call	_assert_failed
      00002B                         78 00107$:
                                     79 ;	../STM8S_StdPeriph_Driver/src/stm8s_awu_LSICalibrationConfig.c: 63: lsifreqkhz = (uint16_t)(LSIFreqHz / 1000); /* Converts value in kHz */
      00002B 4B E8            [ 1]   80 	push	#0xe8
      00002D 4B 03            [ 1]   81 	push	#0x03
      00002F 5F               [ 1]   82 	clrw	x
      000030 89               [ 2]   83 	pushw	x
      000031 1E 0F            [ 2]   84 	ldw	x, (0x0f, sp)
      000033 89               [ 2]   85 	pushw	x
      000034 1E 0F            [ 2]   86 	ldw	x, (0x0f, sp)
      000036 89               [ 2]   87 	pushw	x
      000037 CDr00r00         [ 4]   88 	call	__divulong
      00003A 5B 08            [ 2]   89 	addw	sp, #8
                                     90 ;	../STM8S_StdPeriph_Driver/src/stm8s_awu_LSICalibrationConfig.c: 67: A = (uint16_t)(lsifreqkhz >> 2U); /* Division by 4, keep integer part only */
      00003C 1F 05            [ 2]   91 	ldw	(0x05, sp), x
      00003E 54               [ 2]   92 	srlw	x
      00003F 54               [ 2]   93 	srlw	x
                                     94 ;	../STM8S_StdPeriph_Driver/src/stm8s_awu_LSICalibrationConfig.c: 69: if ((4U * A) >= ((lsifreqkhz - (4U * A)) * (1U + (2U * A))))
      000040 1F 01            [ 2]   95 	ldw	(0x01, sp), x
      000042 1F 03            [ 2]   96 	ldw	(0x03, sp), x
      000044 08 04            [ 1]   97 	sll	(0x04, sp)
      000046 09 03            [ 1]   98 	rlc	(0x03, sp)
      000048 08 04            [ 1]   99 	sll	(0x04, sp)
      00004A 09 03            [ 1]  100 	rlc	(0x03, sp)
      00004C 16 05            [ 2]  101 	ldw	y, (0x05, sp)
      00004E 72 F2 03         [ 2]  102 	subw	y, (0x03, sp)
      000051 58               [ 2]  103 	sllw	x
      000052 5C               [ 1]  104 	incw	x
      000053 89               [ 2]  105 	pushw	x
      000054 93               [ 1]  106 	ldw	x, y
                                    107 ;	../STM8S_StdPeriph_Driver/src/stm8s_awu_LSICalibrationConfig.c: 71: AWU->APR = (uint8_t)(A - 2U);
      000055 CDr00r00         [ 4]  108 	call	__mulint
      000058 1F 05            [ 2]  109 	ldw	(0x05, sp), x
      00005A 7B 02            [ 1]  110 	ld	a, (0x02, sp)
                                    111 ;	../STM8S_StdPeriph_Driver/src/stm8s_awu_LSICalibrationConfig.c: 69: if ((4U * A) >= ((lsifreqkhz - (4U * A)) * (1U + (2U * A))))
      00005C 1E 03            [ 2]  112 	ldw	x, (0x03, sp)
      00005E 13 05            [ 2]  113 	cpw	x, (0x05, sp)
      000060 25 07            [ 1]  114 	jrc	00102$
                                    115 ;	../STM8S_StdPeriph_Driver/src/stm8s_awu_LSICalibrationConfig.c: 71: AWU->APR = (uint8_t)(A - 2U);
      000062 A0 02            [ 1]  116 	sub	a, #0x02
      000064 C7 50 F1         [ 1]  117 	ld	0x50f1, a
      000067 20 04            [ 2]  118 	jra	00104$
      000069                        119 00102$:
                                    120 ;	../STM8S_StdPeriph_Driver/src/stm8s_awu_LSICalibrationConfig.c: 75: AWU->APR = (uint8_t)(A - 1U);
      000069 4A               [ 1]  121 	dec	a
      00006A C7 50 F1         [ 1]  122 	ld	0x50f1, a
      00006D                        123 00104$:
                                    124 ;	../STM8S_StdPeriph_Driver/src/stm8s_awu_LSICalibrationConfig.c: 77: }
      00006D 1E 07            [ 2]  125 	ldw	x, (7, sp)
      00006F 5B 0C            [ 2]  126 	addw	sp, #12
      000071 FC               [ 2]  127 	jp	(x)
                                    128 	.area CODE
                                    129 	.area CONST
                                    130 	.area CONST
      000000                        131 ___str_0:
      000000 2E 2E 2F 53 54 4D 38   132 	.ascii "../STM8S_StdPeriph_Driver/src/stm8s_awu_LSICalibrationConfig"
             53 5F 53 74 64 50 65
             72 69 70 68 5F 44 72
             69 76 65 72 2F 73 72
             63 2F 73 74 6D 38 73
             5F 61 77 75 5F 4C 53
             49 43 61 6C 69 62 72
             61 74 69 6F 6E 43 6F
             6E 66 69 67
      00003C 2E 63                  133 	.ascii ".c"
      00003E 00                     134 	.db 0x00
                                    135 	.area CODE
                                    136 	.area INITIALIZER
                                    137 	.area CABS (ABS)
