                                      1 ;--------------------------------------------------------
                                      2 ; File Created by SDCC : free open source ISO C Compiler 
                                      3 ; Version 4.4.0 #14620 (Linux)
                                      4 ;--------------------------------------------------------
                                      5 	.module stm8s_tim4_DeInit
                                      6 	.optsdcc -mstm8
                                      7 	
                                      8 ;--------------------------------------------------------
                                      9 ; Public variables in this module
                                     10 ;--------------------------------------------------------
                                     11 	.globl _TIM4_DeInit
                                     12 ;--------------------------------------------------------
                                     13 ; ram data
                                     14 ;--------------------------------------------------------
                                     15 	.area DATA
                                     16 ;--------------------------------------------------------
                                     17 ; ram data
                                     18 ;--------------------------------------------------------
                                     19 	.area INITIALIZED
                                     20 ;--------------------------------------------------------
                                     21 ; absolute external ram data
                                     22 ;--------------------------------------------------------
                                     23 	.area DABS (ABS)
                                     24 
                                     25 ; default segment ordering for linker
                                     26 	.area HOME
                                     27 	.area GSINIT
                                     28 	.area GSFINAL
                                     29 	.area CONST
                                     30 	.area INITIALIZER
                                     31 	.area CODE
                                     32 
                                     33 ;--------------------------------------------------------
                                     34 ; global & static initialisations
                                     35 ;--------------------------------------------------------
                                     36 	.area HOME
                                     37 	.area GSINIT
                                     38 	.area GSFINAL
                                     39 	.area GSINIT
                                     40 ;--------------------------------------------------------
                                     41 ; Home
                                     42 ;--------------------------------------------------------
                                     43 	.area HOME
                                     44 	.area HOME
                                     45 ;--------------------------------------------------------
                                     46 ; code
                                     47 ;--------------------------------------------------------
                                     48 	.area CODE
                                     49 ;	../STM8S_StdPeriph_Driver/src/stm8s_tim4_DeInit.c: 46: void TIM4_DeInit(void)
                                     50 ;	-----------------------------------------
                                     51 ;	 function TIM4_DeInit
                                     52 ;	-----------------------------------------
      000000                         53 _TIM4_DeInit:
                                     54 ;	../STM8S_StdPeriph_Driver/src/stm8s_tim4_DeInit.c: 48: TIM4->CR1 = TIM4_CR1_RESET_VALUE;
      000000 35 00 53 40      [ 1]   55 	mov	0x5340+0, #0x00
                                     56 ;	../STM8S_StdPeriph_Driver/src/stm8s_tim4_DeInit.c: 49: TIM4->IER = TIM4_IER_RESET_VALUE;
      000004 35 00 53 41      [ 1]   57 	mov	0x5341+0, #0x00
                                     58 ;	../STM8S_StdPeriph_Driver/src/stm8s_tim4_DeInit.c: 50: TIM4->CNTR = TIM4_CNTR_RESET_VALUE;
      000008 35 00 53 44      [ 1]   59 	mov	0x5344+0, #0x00
                                     60 ;	../STM8S_StdPeriph_Driver/src/stm8s_tim4_DeInit.c: 51: TIM4->PSCR = TIM4_PSCR_RESET_VALUE;
      00000C 35 00 53 45      [ 1]   61 	mov	0x5345+0, #0x00
                                     62 ;	../STM8S_StdPeriph_Driver/src/stm8s_tim4_DeInit.c: 52: TIM4->ARR = TIM4_ARR_RESET_VALUE;
      000010 35 FF 53 46      [ 1]   63 	mov	0x5346+0, #0xff
                                     64 ;	../STM8S_StdPeriph_Driver/src/stm8s_tim4_DeInit.c: 53: TIM4->SR1 = TIM4_SR1_RESET_VALUE;
      000014 35 00 53 42      [ 1]   65 	mov	0x5342+0, #0x00
                                     66 ;	../STM8S_StdPeriph_Driver/src/stm8s_tim4_DeInit.c: 54: }
      000018 81               [ 4]   67 	ret
                                     68 	.area CODE
                                     69 	.area CONST
                                     70 	.area INITIALIZER
                                     71 	.area CABS (ABS)
