                                      1 ;--------------------------------------------------------
                                      2 ; File Created by SDCC : free open source ISO C Compiler 
                                      3 ; Version 4.4.0 #14620 (Linux)
                                      4 ;--------------------------------------------------------
                                      5 	.module stm8s_spi_ClearFlag
                                      6 	.optsdcc -mstm8
                                      7 	
                                      8 ;--------------------------------------------------------
                                      9 ; Public variables in this module
                                     10 ;--------------------------------------------------------
                                     11 	.globl _assert_failed
                                     12 	.globl _SPI_ClearFlag
                                     13 ;--------------------------------------------------------
                                     14 ; ram data
                                     15 ;--------------------------------------------------------
                                     16 	.area DATA
                                     17 ;--------------------------------------------------------
                                     18 ; ram data
                                     19 ;--------------------------------------------------------
                                     20 	.area INITIALIZED
                                     21 ;--------------------------------------------------------
                                     22 ; absolute external ram data
                                     23 ;--------------------------------------------------------
                                     24 	.area DABS (ABS)
                                     25 
                                     26 ; default segment ordering for linker
                                     27 	.area HOME
                                     28 	.area GSINIT
                                     29 	.area GSFINAL
                                     30 	.area CONST
                                     31 	.area INITIALIZER
                                     32 	.area CODE
                                     33 
                                     34 ;--------------------------------------------------------
                                     35 ; global & static initialisations
                                     36 ;--------------------------------------------------------
                                     37 	.area HOME
                                     38 	.area GSINIT
                                     39 	.area GSFINAL
                                     40 	.area GSINIT
                                     41 ;--------------------------------------------------------
                                     42 ; Home
                                     43 ;--------------------------------------------------------
                                     44 	.area HOME
                                     45 	.area HOME
                                     46 ;--------------------------------------------------------
                                     47 ; code
                                     48 ;--------------------------------------------------------
                                     49 	.area CODE
                                     50 ;	../STM8S_StdPeriph_Driver/src/stm8s_spi_ClearFlag.c: 56: void SPI_ClearFlag(SPI_Flag_TypeDef SPI_FLAG)
                                     51 ;	-----------------------------------------
                                     52 ;	 function SPI_ClearFlag
                                     53 ;	-----------------------------------------
      000000                         54 _SPI_ClearFlag:
                                     55 ;	../STM8S_StdPeriph_Driver/src/stm8s_spi_ClearFlag.c: 58: assert_param(IS_SPI_CLEAR_FLAGS_OK(SPI_FLAG));
      000000 A1 10            [ 1]   56 	cp	a, #0x10
      000002 27 12            [ 1]   57 	jreq	00104$
      000004 A1 08            [ 1]   58 	cp	a, #0x08
      000006 27 0E            [ 1]   59 	jreq	00104$
      000008 88               [ 1]   60 	push	a
      000009 4B 3A            [ 1]   61 	push	#0x3a
      00000B 5F               [ 1]   62 	clrw	x
      00000C 89               [ 2]   63 	pushw	x
      00000D 4B 00            [ 1]   64 	push	#0x00
      00000F AEr00r00         [ 2]   65 	ldw	x, #(___str_0+0)
      000012 CDr00r00         [ 4]   66 	call	_assert_failed
      000015 84               [ 1]   67 	pop	a
      000016                         68 00104$:
                                     69 ;	../STM8S_StdPeriph_Driver/src/stm8s_spi_ClearFlag.c: 60: SPI->SR = (uint8_t)(~SPI_FLAG);
      000016 43               [ 1]   70 	cpl	a
      000017 C7 52 03         [ 1]   71 	ld	0x5203, a
                                     72 ;	../STM8S_StdPeriph_Driver/src/stm8s_spi_ClearFlag.c: 61: }
      00001A 81               [ 4]   73 	ret
                                     74 	.area CODE
                                     75 	.area CONST
                                     76 	.area CONST
      000000                         77 ___str_0:
      000000 2E 2E 2F 53 54 4D 38    78 	.ascii "../STM8S_StdPeriph_Driver/src/stm8s_spi_ClearFlag.c"
             53 5F 53 74 64 50 65
             72 69 70 68 5F 44 72
             69 76 65 72 2F 73 72
             63 2F 73 74 6D 38 73
             5F 73 70 69 5F 43 6C
             65 61 72 46 6C 61 67
             2E 63
      000033 00                      79 	.db 0x00
                                     80 	.area CODE
                                     81 	.area INITIALIZER
                                     82 	.area CABS (ABS)
