                                      1 ;--------------------------------------------------------
                                      2 ; File Created by SDCC : free open source ISO C Compiler 
                                      3 ; Version 4.4.0 #14620 (Linux)
                                      4 ;--------------------------------------------------------
                                      5 	.module stm8s_tim4_GetITStatus
                                      6 	.optsdcc -mstm8
                                      7 	
                                      8 ;--------------------------------------------------------
                                      9 ; Public variables in this module
                                     10 ;--------------------------------------------------------
                                     11 	.globl _assert_failed
                                     12 	.globl _TIM4_GetITStatus
                                     13 ;--------------------------------------------------------
                                     14 ; ram data
                                     15 ;--------------------------------------------------------
                                     16 	.area DATA
                                     17 ;--------------------------------------------------------
                                     18 ; ram data
                                     19 ;--------------------------------------------------------
                                     20 	.area INITIALIZED
                                     21 ;--------------------------------------------------------
                                     22 ; absolute external ram data
                                     23 ;--------------------------------------------------------
                                     24 	.area DABS (ABS)
                                     25 
                                     26 ; default segment ordering for linker
                                     27 	.area HOME
                                     28 	.area GSINIT
                                     29 	.area GSFINAL
                                     30 	.area CONST
                                     31 	.area INITIALIZER
                                     32 	.area CODE
                                     33 
                                     34 ;--------------------------------------------------------
                                     35 ; global & static initialisations
                                     36 ;--------------------------------------------------------
                                     37 	.area HOME
                                     38 	.area GSINIT
                                     39 	.area GSFINAL
                                     40 	.area GSINIT
                                     41 ;--------------------------------------------------------
                                     42 ; Home
                                     43 ;--------------------------------------------------------
                                     44 	.area HOME
                                     45 	.area HOME
                                     46 ;--------------------------------------------------------
                                     47 ; code
                                     48 ;--------------------------------------------------------
                                     49 	.area CODE
                                     50 ;	../STM8S_StdPeriph_Driver/src/stm8s_tim4_GetITStatus.c: 48: ITStatus TIM4_GetITStatus(TIM4_IT_TypeDef TIM4_IT)
                                     51 ;	-----------------------------------------
                                     52 ;	 function TIM4_GetITStatus
                                     53 ;	-----------------------------------------
      000000                         54 _TIM4_GetITStatus:
      000000 52 03            [ 2]   55 	sub	sp, #3
                                     56 ;	../STM8S_StdPeriph_Driver/src/stm8s_tim4_GetITStatus.c: 55: assert_param(IS_TIM4_IT_OK(TIM4_IT));
      000002 6B 03            [ 1]   57 	ld	(0x03, sp), a
      000004 26 0C            [ 1]   58 	jrne	00108$
      000006 4B 37            [ 1]   59 	push	#0x37
      000008 5F               [ 1]   60 	clrw	x
      000009 89               [ 2]   61 	pushw	x
      00000A 4B 00            [ 1]   62 	push	#0x00
      00000C AEr00r00         [ 2]   63 	ldw	x, #(___str_0+0)
      00000F CDr00r00         [ 4]   64 	call	_assert_failed
      000012                         65 00108$:
                                     66 ;	../STM8S_StdPeriph_Driver/src/stm8s_tim4_GetITStatus.c: 57: itstatus = (uint8_t)(TIM4->SR1 & (uint8_t)TIM4_IT);
      000012 C6 53 42         [ 1]   67 	ld	a, 0x5342
      000015 88               [ 1]   68 	push	a
      000016 7B 04            [ 1]   69 	ld	a, (0x04, sp)
      000018 6B 02            [ 1]   70 	ld	(0x02, sp), a
      00001A 84               [ 1]   71 	pop	a
      00001B 14 01            [ 1]   72 	and	a, (0x01, sp)
      00001D 6B 02            [ 1]   73 	ld	(0x02, sp), a
                                     74 ;	../STM8S_StdPeriph_Driver/src/stm8s_tim4_GetITStatus.c: 59: itenable = (uint8_t)(TIM4->IER & (uint8_t)TIM4_IT);
      00001F C6 53 41         [ 1]   75 	ld	a, 0x5341
      000022 14 01            [ 1]   76 	and	a, (0x01, sp)
                                     77 ;	../STM8S_StdPeriph_Driver/src/stm8s_tim4_GetITStatus.c: 61: if ((itstatus != (uint8_t)RESET ) && (itenable != (uint8_t)RESET ))
      000024 0D 02            [ 1]   78 	tnz	(0x02, sp)
      000026 27 06            [ 1]   79 	jreq	00102$
      000028 4D               [ 1]   80 	tnz	a
      000029 27 03            [ 1]   81 	jreq	00102$
                                     82 ;	../STM8S_StdPeriph_Driver/src/stm8s_tim4_GetITStatus.c: 63: bitstatus = (ITStatus)SET;
      00002B A6 01            [ 1]   83 	ld	a, #0x01
                                     84 ;	../STM8S_StdPeriph_Driver/src/stm8s_tim4_GetITStatus.c: 67: bitstatus = (ITStatus)RESET;
      00002D 21                      85 	.byte 0x21
      00002E                         86 00102$:
      00002E 4F               [ 1]   87 	clr	a
      00002F                         88 00103$:
                                     89 ;	../STM8S_StdPeriph_Driver/src/stm8s_tim4_GetITStatus.c: 69: return ((ITStatus)bitstatus);
                                     90 ;	../STM8S_StdPeriph_Driver/src/stm8s_tim4_GetITStatus.c: 70: }
      00002F 5B 03            [ 2]   91 	addw	sp, #3
      000031 81               [ 4]   92 	ret
                                     93 	.area CODE
                                     94 	.area CONST
                                     95 	.area CONST
      000000                         96 ___str_0:
      000000 2E 2E 2F 53 54 4D 38    97 	.ascii "../STM8S_StdPeriph_Driver/src/stm8s_tim4_GetITStatus.c"
             53 5F 53 74 64 50 65
             72 69 70 68 5F 44 72
             69 76 65 72 2F 73 72
             63 2F 73 74 6D 38 73
             5F 74 69 6D 34 5F 47
             65 74 49 54 53 74 61
             74 75 73 2E 63
      000036 00                      98 	.db 0x00
                                     99 	.area CODE
                                    100 	.area INITIALIZER
                                    101 	.area CABS (ABS)
