                                      1 ;--------------------------------------------------------
                                      2 ; File Created by SDCC : free open source ISO C Compiler 
                                      3 ; Version 4.4.0 #14620 (Linux)
                                      4 ;--------------------------------------------------------
                                      5 	.module stm8s_i2c_GetLastEvent
                                      6 	.optsdcc -mstm8
                                      7 	
                                      8 ;--------------------------------------------------------
                                      9 ; Public variables in this module
                                     10 ;--------------------------------------------------------
                                     11 	.globl _I2C_GetLastEvent
                                     12 ;--------------------------------------------------------
                                     13 ; ram data
                                     14 ;--------------------------------------------------------
                                     15 	.area DATA
                                     16 ;--------------------------------------------------------
                                     17 ; ram data
                                     18 ;--------------------------------------------------------
                                     19 	.area INITIALIZED
                                     20 ;--------------------------------------------------------
                                     21 ; absolute external ram data
                                     22 ;--------------------------------------------------------
                                     23 	.area DABS (ABS)
                                     24 
                                     25 ; default segment ordering for linker
                                     26 	.area HOME
                                     27 	.area GSINIT
                                     28 	.area GSFINAL
                                     29 	.area CONST
                                     30 	.area INITIALIZER
                                     31 	.area CODE
                                     32 
                                     33 ;--------------------------------------------------------
                                     34 ; global & static initialisations
                                     35 ;--------------------------------------------------------
                                     36 	.area HOME
                                     37 	.area GSINIT
                                     38 	.area GSFINAL
                                     39 	.area GSINIT
                                     40 ;--------------------------------------------------------
                                     41 ; Home
                                     42 ;--------------------------------------------------------
                                     43 	.area HOME
                                     44 	.area HOME
                                     45 ;--------------------------------------------------------
                                     46 ; code
                                     47 ;--------------------------------------------------------
                                     48 	.area CODE
                                     49 ;	../STM8S_StdPeriph_Driver/src/stm8s_i2c_GetLastEvent.c: 51: I2C_Event_TypeDef I2C_GetLastEvent(void)
                                     50 ;	-----------------------------------------
                                     51 ;	 function I2C_GetLastEvent
                                     52 ;	-----------------------------------------
      000000                         53 _I2C_GetLastEvent:
      000000 52 04            [ 2]   54 	sub	sp, #4
                                     55 ;	../STM8S_StdPeriph_Driver/src/stm8s_i2c_GetLastEvent.c: 53: __IO uint16_t lastevent = 0;
      000002 5F               [ 1]   56 	clrw	x
      000003 1F 01            [ 2]   57 	ldw	(0x01, sp), x
                                     58 ;	../STM8S_StdPeriph_Driver/src/stm8s_i2c_GetLastEvent.c: 57: if ((I2C->SR2 & I2C_SR2_AF) != 0x00)
      000005 72 05 52 18 07   [ 2]   59 	btjf	0x5218, #2, 00102$
                                     60 ;	../STM8S_StdPeriph_Driver/src/stm8s_i2c_GetLastEvent.c: 59: lastevent = I2C_EVENT_SLAVE_ACK_FAILURE;
      00000A AE 00 04         [ 2]   61 	ldw	x, #0x0004
      00000D 1F 01            [ 2]   62 	ldw	(0x01, sp), x
      00000F 20 0C            [ 2]   63 	jra	00103$
      000011                         64 00102$:
                                     65 ;	../STM8S_StdPeriph_Driver/src/stm8s_i2c_GetLastEvent.c: 64: flag1 = I2C->SR1;
      000011 C6 52 17         [ 1]   66 	ld	a, 0x5217
      000014 97               [ 1]   67 	ld	xl, a
                                     68 ;	../STM8S_StdPeriph_Driver/src/stm8s_i2c_GetLastEvent.c: 65: flag2 = I2C->SR3;
      000015 C6 52 19         [ 1]   69 	ld	a, 0x5219
      000018 95               [ 1]   70 	ld	xh, a
                                     71 ;	../STM8S_StdPeriph_Driver/src/stm8s_i2c_GetLastEvent.c: 68: lastevent = ((uint16_t)((uint16_t)flag2 << 8) | (uint16_t)flag1);
      000019 0F 04            [ 1]   72 	clr	(0x04, sp)
      00001B 1F 01            [ 2]   73 	ldw	(0x01, sp), x
      00001D                         74 00103$:
                                     75 ;	../STM8S_StdPeriph_Driver/src/stm8s_i2c_GetLastEvent.c: 71: return (I2C_Event_TypeDef)lastevent;
      00001D 1E 01            [ 2]   76 	ldw	x, (0x01, sp)
                                     77 ;	../STM8S_StdPeriph_Driver/src/stm8s_i2c_GetLastEvent.c: 72: }
      00001F 5B 04            [ 2]   78 	addw	sp, #4
      000021 81               [ 4]   79 	ret
                                     80 	.area CODE
                                     81 	.area CONST
                                     82 	.area INITIALIZER
                                     83 	.area CABS (ABS)
