                                      1 ;--------------------------------------------------------
                                      2 ; File Created by SDCC : free open source ISO C Compiler 
                                      3 ; Version 4.4.0 #14620 (Linux)
                                      4 ;--------------------------------------------------------
                                      5 	.module stm8s_adc1_ExternalTriggerConfig
                                      6 	.optsdcc -mstm8
                                      7 	
                                      8 ;--------------------------------------------------------
                                      9 ; Public variables in this module
                                     10 ;--------------------------------------------------------
                                     11 	.globl _assert_failed
                                     12 	.globl _ADC1_ExternalTriggerConfig
                                     13 ;--------------------------------------------------------
                                     14 ; ram data
                                     15 ;--------------------------------------------------------
                                     16 	.area DATA
                                     17 ;--------------------------------------------------------
                                     18 ; ram data
                                     19 ;--------------------------------------------------------
                                     20 	.area INITIALIZED
                                     21 ;--------------------------------------------------------
                                     22 ; absolute external ram data
                                     23 ;--------------------------------------------------------
                                     24 	.area DABS (ABS)
                                     25 
                                     26 ; default segment ordering for linker
                                     27 	.area HOME
                                     28 	.area GSINIT
                                     29 	.area GSFINAL
                                     30 	.area CONST
                                     31 	.area INITIALIZER
                                     32 	.area CODE
                                     33 
                                     34 ;--------------------------------------------------------
                                     35 ; global & static initialisations
                                     36 ;--------------------------------------------------------
                                     37 	.area HOME
                                     38 	.area GSINIT
                                     39 	.area GSFINAL
                                     40 	.area GSINIT
                                     41 ;--------------------------------------------------------
                                     42 ; Home
                                     43 ;--------------------------------------------------------
                                     44 	.area HOME
                                     45 	.area HOME
                                     46 ;--------------------------------------------------------
                                     47 ; code
                                     48 ;--------------------------------------------------------
                                     49 	.area CODE
                                     50 ;	../STM8S_StdPeriph_Driver/src/stm8s_adc1_ExternalTriggerConfig.c: 51: void ADC1_ExternalTriggerConfig(ADC1_ExtTrig_TypeDef ADC1_ExtTrigger, FunctionalState NewState)
                                     51 ;	-----------------------------------------
                                     52 ;	 function ADC1_ExternalTriggerConfig
                                     53 ;	-----------------------------------------
      000000                         54 _ADC1_ExternalTriggerConfig:
      000000 88               [ 1]   55 	push	a
                                     56 ;	../STM8S_StdPeriph_Driver/src/stm8s_adc1_ExternalTriggerConfig.c: 54: assert_param(IS_ADC1_EXTTRIG_OK(ADC1_ExtTrigger));
      000001 6B 01            [ 1]   57 	ld	(0x01, sp), a
      000003 27 12            [ 1]   58 	jreq	00107$
      000005 7B 01            [ 1]   59 	ld	a, (0x01, sp)
      000007 A1 10            [ 1]   60 	cp	a, #0x10
      000009 27 0C            [ 1]   61 	jreq	00107$
      00000B 4B 36            [ 1]   62 	push	#0x36
      00000D 5F               [ 1]   63 	clrw	x
      00000E 89               [ 2]   64 	pushw	x
      00000F 4B 00            [ 1]   65 	push	#0x00
      000011 AEr00r00         [ 2]   66 	ldw	x, #(___str_0+0)
      000014 CDr00r00         [ 4]   67 	call	_assert_failed
      000017                         68 00107$:
                                     69 ;	../STM8S_StdPeriph_Driver/src/stm8s_adc1_ExternalTriggerConfig.c: 55: assert_param(IS_FUNCTIONALSTATE_OK(NewState));
      000017 0D 04            [ 1]   70 	tnz	(0x04, sp)
      000019 27 10            [ 1]   71 	jreq	00112$
      00001B 0D 04            [ 1]   72 	tnz	(0x04, sp)
      00001D 26 0C            [ 1]   73 	jrne	00112$
      00001F 4B 37            [ 1]   74 	push	#0x37
      000021 5F               [ 1]   75 	clrw	x
      000022 89               [ 2]   76 	pushw	x
      000023 4B 00            [ 1]   77 	push	#0x00
      000025 AEr00r00         [ 2]   78 	ldw	x, #(___str_0+0)
      000028 CDr00r00         [ 4]   79 	call	_assert_failed
      00002B                         80 00112$:
                                     81 ;	../STM8S_StdPeriph_Driver/src/stm8s_adc1_ExternalTriggerConfig.c: 58: ADC1->CR2 &= (uint8_t)(~ADC1_CR2_EXTSEL);
      00002B C6 54 02         [ 1]   82 	ld	a, 0x5402
      00002E A4 CF            [ 1]   83 	and	a, #0xcf
      000030 C7 54 02         [ 1]   84 	ld	0x5402, a
      000033 C6 54 02         [ 1]   85 	ld	a, 0x5402
                                     86 ;	../STM8S_StdPeriph_Driver/src/stm8s_adc1_ExternalTriggerConfig.c: 60: if (NewState != DISABLE)
      000036 0D 04            [ 1]   87 	tnz	(0x04, sp)
      000038 27 07            [ 1]   88 	jreq	00102$
                                     89 ;	../STM8S_StdPeriph_Driver/src/stm8s_adc1_ExternalTriggerConfig.c: 63: ADC1->CR2 |= (uint8_t)(ADC1_CR2_EXTTRIG);
      00003A AA 40            [ 1]   90 	or	a, #0x40
      00003C C7 54 02         [ 1]   91 	ld	0x5402, a
      00003F 20 05            [ 2]   92 	jra	00103$
      000041                         93 00102$:
                                     94 ;	../STM8S_StdPeriph_Driver/src/stm8s_adc1_ExternalTriggerConfig.c: 68: ADC1->CR2 &= (uint8_t)(~ADC1_CR2_EXTTRIG);
      000041 A4 BF            [ 1]   95 	and	a, #0xbf
      000043 C7 54 02         [ 1]   96 	ld	0x5402, a
      000046                         97 00103$:
                                     98 ;	../STM8S_StdPeriph_Driver/src/stm8s_adc1_ExternalTriggerConfig.c: 72: ADC1->CR2 |= (uint8_t)(ADC1_ExtTrigger);
      000046 C6 54 02         [ 1]   99 	ld	a, 0x5402
      000049 1A 01            [ 1]  100 	or	a, (0x01, sp)
      00004B C7 54 02         [ 1]  101 	ld	0x5402, a
                                    102 ;	../STM8S_StdPeriph_Driver/src/stm8s_adc1_ExternalTriggerConfig.c: 73: }
      00004E 84               [ 1]  103 	pop	a
      00004F 85               [ 2]  104 	popw	x
      000050 84               [ 1]  105 	pop	a
      000051 FC               [ 2]  106 	jp	(x)
                                    107 	.area CODE
                                    108 	.area CONST
                                    109 	.area CONST
      000000                        110 ___str_0:
      000000 2E 2E 2F 53 54 4D 38   111 	.ascii "../STM8S_StdPeriph_Driver/src/stm8s_adc1_ExternalTriggerConf"
             53 5F 53 74 64 50 65
             72 69 70 68 5F 44 72
             69 76 65 72 2F 73 72
             63 2F 73 74 6D 38 73
             5F 61 64 63 31 5F 45
             78 74 65 72 6E 61 6C
             54 72 69 67 67 65 72
             43 6F 6E 66
      00003C 69 67 2E 63            112 	.ascii "ig.c"
      000040 00                     113 	.db 0x00
                                    114 	.area CODE
                                    115 	.area INITIALIZER
                                    116 	.area CABS (ABS)
