                                      1 ;--------------------------------------------------------
                                      2 ; File Created by SDCC : free open source ISO C Compiler 
                                      3 ; Version 4.4.0 #14620 (Linux)
                                      4 ;--------------------------------------------------------
                                      5 	.module stm8s_tim1_ETRClockMode2Config
                                      6 	.optsdcc -mstm8
                                      7 	
                                      8 ;--------------------------------------------------------
                                      9 ; Public variables in this module
                                     10 ;--------------------------------------------------------
                                     11 	.globl _TIM1_ETRConfig
                                     12 	.globl _assert_failed
                                     13 	.globl _TIM1_ETRClockMode2Config
                                     14 ;--------------------------------------------------------
                                     15 ; ram data
                                     16 ;--------------------------------------------------------
                                     17 	.area DATA
                                     18 ;--------------------------------------------------------
                                     19 ; ram data
                                     20 ;--------------------------------------------------------
                                     21 	.area INITIALIZED
                                     22 ;--------------------------------------------------------
                                     23 ; absolute external ram data
                                     24 ;--------------------------------------------------------
                                     25 	.area DABS (ABS)
                                     26 
                                     27 ; default segment ordering for linker
                                     28 	.area HOME
                                     29 	.area GSINIT
                                     30 	.area GSFINAL
                                     31 	.area CONST
                                     32 	.area INITIALIZER
                                     33 	.area CODE
                                     34 
                                     35 ;--------------------------------------------------------
                                     36 ; global & static initialisations
                                     37 ;--------------------------------------------------------
                                     38 	.area HOME
                                     39 	.area GSINIT
                                     40 	.area GSFINAL
                                     41 	.area GSINIT
                                     42 ;--------------------------------------------------------
                                     43 ; Home
                                     44 ;--------------------------------------------------------
                                     45 	.area HOME
                                     46 	.area HOME
                                     47 ;--------------------------------------------------------
                                     48 ; code
                                     49 ;--------------------------------------------------------
                                     50 	.area CODE
                                     51 ;	../STM8S_StdPeriph_Driver/src/stm8s_tim1_ETRClockMode2Config.c: 58: void TIM1_ETRClockMode2Config(TIM1_ExtTRGPSC_TypeDef TIM1_ExtTRGPrescaler,
                                     52 ;	-----------------------------------------
                                     53 ;	 function TIM1_ETRClockMode2Config
                                     54 ;	-----------------------------------------
      000000                         55 _TIM1_ETRClockMode2Config:
      000000 88               [ 1]   56 	push	a
                                     57 ;	../STM8S_StdPeriph_Driver/src/stm8s_tim1_ETRClockMode2Config.c: 63: assert_param(IS_TIM1_EXT_PRESCALER_OK(TIM1_ExtTRGPrescaler));
      000001 6B 01            [ 1]   58 	ld	(0x01, sp), a
      000003 27 1E            [ 1]   59 	jreq	00104$
      000005 7B 01            [ 1]   60 	ld	a, (0x01, sp)
      000007 A1 10            [ 1]   61 	cp	a, #0x10
      000009 27 18            [ 1]   62 	jreq	00104$
      00000B 7B 01            [ 1]   63 	ld	a, (0x01, sp)
      00000D A1 20            [ 1]   64 	cp	a, #0x20
      00000F 27 12            [ 1]   65 	jreq	00104$
      000011 7B 01            [ 1]   66 	ld	a, (0x01, sp)
      000013 A1 30            [ 1]   67 	cp	a, #0x30
      000015 27 0C            [ 1]   68 	jreq	00104$
      000017 4B 3F            [ 1]   69 	push	#0x3f
      000019 5F               [ 1]   70 	clrw	x
      00001A 89               [ 2]   71 	pushw	x
      00001B 4B 00            [ 1]   72 	push	#0x00
      00001D AEr00r00         [ 2]   73 	ldw	x, #(___str_0+0)
      000020 CDr00r00         [ 4]   74 	call	_assert_failed
      000023                         75 00104$:
                                     76 ;	../STM8S_StdPeriph_Driver/src/stm8s_tim1_ETRClockMode2Config.c: 64: assert_param(IS_TIM1_EXT_POLARITY_OK(TIM1_ExtTRGPolarity));
      000023 7B 04            [ 1]   77 	ld	a, (0x04, sp)
      000025 A1 80            [ 1]   78 	cp	a, #0x80
      000027 27 10            [ 1]   79 	jreq	00115$
      000029 0D 04            [ 1]   80 	tnz	(0x04, sp)
      00002B 27 0C            [ 1]   81 	jreq	00115$
      00002D 4B 40            [ 1]   82 	push	#0x40
      00002F 5F               [ 1]   83 	clrw	x
      000030 89               [ 2]   84 	pushw	x
      000031 4B 00            [ 1]   85 	push	#0x00
      000033 AEr00r00         [ 2]   86 	ldw	x, #(___str_0+0)
      000036 CDr00r00         [ 4]   87 	call	_assert_failed
      000039                         88 00115$:
                                     89 ;	../STM8S_StdPeriph_Driver/src/stm8s_tim1_ETRClockMode2Config.c: 67: TIM1_ETRConfig(TIM1_ExtTRGPrescaler, TIM1_ExtTRGPolarity, ExtTRGFilter);
      000039 7B 05            [ 1]   90 	ld	a, (0x05, sp)
      00003B 88               [ 1]   91 	push	a
      00003C 7B 05            [ 1]   92 	ld	a, (0x05, sp)
      00003E 88               [ 1]   93 	push	a
      00003F 7B 03            [ 1]   94 	ld	a, (0x03, sp)
      000041 CDr00r00         [ 4]   95 	call	_TIM1_ETRConfig
                                     96 ;	../STM8S_StdPeriph_Driver/src/stm8s_tim1_ETRClockMode2Config.c: 70: TIM1->ETR |= TIM1_ETR_ECE;
      000044 C6 52 53         [ 1]   97 	ld	a, 0x5253
      000047 AA 40            [ 1]   98 	or	a, #0x40
      000049 C7 52 53         [ 1]   99 	ld	0x5253, a
                                    100 ;	../STM8S_StdPeriph_Driver/src/stm8s_tim1_ETRClockMode2Config.c: 71: }
      00004C 1E 02            [ 2]  101 	ldw	x, (2, sp)
      00004E 5B 05            [ 2]  102 	addw	sp, #5
      000050 FC               [ 2]  103 	jp	(x)
                                    104 	.area CODE
                                    105 	.area CONST
                                    106 	.area CONST
      000000                        107 ___str_0:
      000000 2E 2E 2F 53 54 4D 38   108 	.ascii "../STM8S_StdPeriph_Driver/src/stm8s_tim1_ETRClockMode2Config"
             53 5F 53 74 64 50 65
             72 69 70 68 5F 44 72
             69 76 65 72 2F 73 72
             63 2F 73 74 6D 38 73
             5F 74 69 6D 31 5F 45
             54 52 43 6C 6F 63 6B
             4D 6F 64 65 32 43 6F
             6E 66 69 67
      00003C 2E 63                  109 	.ascii ".c"
      00003E 00                     110 	.db 0x00
                                    111 	.area CODE
                                    112 	.area INITIALIZER
                                    113 	.area CABS (ABS)
