                                      1 ;--------------------------------------------------------
                                      2 ; File Created by SDCC : free open source ISO C Compiler 
                                      3 ; Version 4.4.0 #14620 (Linux)
                                      4 ;--------------------------------------------------------
                                      5 	.module stm8s_i2c_ClearITPendingBit
                                      6 	.optsdcc -mstm8
                                      7 	
                                      8 ;--------------------------------------------------------
                                      9 ; Public variables in this module
                                     10 ;--------------------------------------------------------
                                     11 	.globl _assert_failed
                                     12 	.globl _I2C_ClearITPendingBit
                                     13 ;--------------------------------------------------------
                                     14 ; ram data
                                     15 ;--------------------------------------------------------
                                     16 	.area DATA
                                     17 ;--------------------------------------------------------
                                     18 ; ram data
                                     19 ;--------------------------------------------------------
                                     20 	.area INITIALIZED
                                     21 ;--------------------------------------------------------
                                     22 ; absolute external ram data
                                     23 ;--------------------------------------------------------
                                     24 	.area DABS (ABS)
                                     25 
                                     26 ; default segment ordering for linker
                                     27 	.area HOME
                                     28 	.area GSINIT
                                     29 	.area GSFINAL
                                     30 	.area CONST
                                     31 	.area INITIALIZER
                                     32 	.area CODE
                                     33 
                                     34 ;--------------------------------------------------------
                                     35 ; global & static initialisations
                                     36 ;--------------------------------------------------------
                                     37 	.area HOME
                                     38 	.area GSINIT
                                     39 	.area GSFINAL
                                     40 	.area GSINIT
                                     41 ;--------------------------------------------------------
                                     42 ; Home
                                     43 ;--------------------------------------------------------
                                     44 	.area HOME
                                     45 	.area HOME
                                     46 ;--------------------------------------------------------
                                     47 ; code
                                     48 ;--------------------------------------------------------
                                     49 	.area CODE
                                     50 ;	../STM8S_StdPeriph_Driver/src/stm8s_i2c_ClearITPendingBit.c: 76: void I2C_ClearITPendingBit(I2C_ITPendingBit_TypeDef I2C_ITPendingBit)
                                     51 ;	-----------------------------------------
                                     52 ;	 function I2C_ClearITPendingBit
                                     53 ;	-----------------------------------------
      000000                         54 _I2C_ClearITPendingBit:
                                     55 ;	../STM8S_StdPeriph_Driver/src/stm8s_i2c_ClearITPendingBit.c: 81: assert_param(IS_I2C_CLEAR_ITPENDINGBIT_OK(I2C_ITPendingBit));
      000000 A3 22 20         [ 2]   56 	cpw	x, #0x2220
      000003 27 24            [ 1]   57 	jreq	00104$
      000005 A3 21 08         [ 2]   58 	cpw	x, #0x2108
      000008 27 1F            [ 1]   59 	jreq	00104$
      00000A A3 21 04         [ 2]   60 	cpw	x, #0x2104
      00000D 27 1A            [ 1]   61 	jreq	00104$
      00000F A3 21 02         [ 2]   62 	cpw	x, #0x2102
      000012 27 15            [ 1]   63 	jreq	00104$
      000014 A3 21 01         [ 2]   64 	cpw	x, #0x2101
      000017 27 10            [ 1]   65 	jreq	00104$
      000019 89               [ 2]   66 	pushw	x
      00001A 4B 51            [ 1]   67 	push	#0x51
      00001C 4B 00            [ 1]   68 	push	#0x00
      00001E 4B 00            [ 1]   69 	push	#0x00
      000020 4B 00            [ 1]   70 	push	#0x00
      000022 AEr00r00         [ 2]   71 	ldw	x, #(___str_0+0)
      000025 CDr00r00         [ 4]   72 	call	_assert_failed
      000028 85               [ 2]   73 	popw	x
      000029                         74 00104$:
                                     75 ;	../STM8S_StdPeriph_Driver/src/stm8s_i2c_ClearITPendingBit.c: 84: flagpos = (uint16_t)I2C_ITPendingBit & FLAG_Mask;
      000029 4F               [ 1]   76 	clr	a
      00002A 95               [ 1]   77 	ld	xh, a
                                     78 ;	../STM8S_StdPeriph_Driver/src/stm8s_i2c_ClearITPendingBit.c: 87: I2C->SR2 = (uint8_t)((uint16_t)~flagpos);
      00002B 53               [ 2]   79 	cplw	x
      00002C 9F               [ 1]   80 	ld	a, xl
      00002D C7 52 18         [ 1]   81 	ld	0x5218, a
                                     82 ;	../STM8S_StdPeriph_Driver/src/stm8s_i2c_ClearITPendingBit.c: 88: }
      000030 81               [ 4]   83 	ret
                                     84 	.area CODE
                                     85 	.area CONST
                                     86 	.area CONST
      000000                         87 ___str_0:
      000000 2E 2E 2F 53 54 4D 38    88 	.ascii "../STM8S_StdPeriph_Driver/src/stm8s_i2c_ClearITPendingBit.c"
             53 5F 53 74 64 50 65
             72 69 70 68 5F 44 72
             69 76 65 72 2F 73 72
             63 2F 73 74 6D 38 73
             5F 69 32 63 5F 43 6C
             65 61 72 49 54 50 65
             6E 64 69 6E 67 42 69
             74 2E 63
      00003B 00                      89 	.db 0x00
                                     90 	.area CODE
                                     91 	.area INITIALIZER
                                     92 	.area CABS (ABS)
