                                      1 ;--------------------------------------------------------
                                      2 ; File Created by SDCC : free open source ISO C Compiler 
                                      3 ; Version 4.4.0 #14620 (Linux)
                                      4 ;--------------------------------------------------------
                                      5 	.module stm8s_tim3_SelectOCxM
                                      6 	.optsdcc -mstm8
                                      7 	
                                      8 ;--------------------------------------------------------
                                      9 ; Public variables in this module
                                     10 ;--------------------------------------------------------
                                     11 	.globl _assert_failed
                                     12 	.globl _TIM3_SelectOCxM
                                     13 ;--------------------------------------------------------
                                     14 ; ram data
                                     15 ;--------------------------------------------------------
                                     16 	.area DATA
                                     17 ;--------------------------------------------------------
                                     18 ; ram data
                                     19 ;--------------------------------------------------------
                                     20 	.area INITIALIZED
                                     21 ;--------------------------------------------------------
                                     22 ; absolute external ram data
                                     23 ;--------------------------------------------------------
                                     24 	.area DABS (ABS)
                                     25 
                                     26 ; default segment ordering for linker
                                     27 	.area HOME
                                     28 	.area GSINIT
                                     29 	.area GSFINAL
                                     30 	.area CONST
                                     31 	.area INITIALIZER
                                     32 	.area CODE
                                     33 
                                     34 ;--------------------------------------------------------
                                     35 ; global & static initialisations
                                     36 ;--------------------------------------------------------
                                     37 	.area HOME
                                     38 	.area GSINIT
                                     39 	.area GSFINAL
                                     40 	.area GSINIT
                                     41 ;--------------------------------------------------------
                                     42 ; Home
                                     43 ;--------------------------------------------------------
                                     44 	.area HOME
                                     45 	.area HOME
                                     46 ;--------------------------------------------------------
                                     47 ; code
                                     48 ;--------------------------------------------------------
                                     49 	.area CODE
                                     50 ;	../STM8S_StdPeriph_Driver/src/stm8s_tim3_SelectOCxM.c: 61: void TIM3_SelectOCxM(TIM3_Channel_TypeDef TIM3_Channel, TIM3_OCMode_TypeDef TIM3_OCMode)
                                     51 ;	-----------------------------------------
                                     52 ;	 function TIM3_SelectOCxM
                                     53 ;	-----------------------------------------
      000000                         54 _TIM3_SelectOCxM:
      000000 88               [ 1]   55 	push	a
                                     56 ;	../STM8S_StdPeriph_Driver/src/stm8s_tim3_SelectOCxM.c: 64: assert_param(IS_TIM3_CHANNEL_OK(TIM3_Channel));
      000001 6B 01            [ 1]   57 	ld	(0x01, sp), a
      000003 27 10            [ 1]   58 	jreq	00107$
      000005 0D 01            [ 1]   59 	tnz	(0x01, sp)
      000007 26 0C            [ 1]   60 	jrne	00107$
      000009 4B 40            [ 1]   61 	push	#0x40
      00000B 5F               [ 1]   62 	clrw	x
      00000C 89               [ 2]   63 	pushw	x
      00000D 4B 00            [ 1]   64 	push	#0x00
      00000F AEr00r00         [ 2]   65 	ldw	x, #(___str_0+0)
      000012 CDr00r00         [ 4]   66 	call	_assert_failed
      000015                         67 00107$:
                                     68 ;	../STM8S_StdPeriph_Driver/src/stm8s_tim3_SelectOCxM.c: 65: assert_param(IS_TIM3_OCM_OK(TIM3_OCMode));
      000015 0D 04            [ 1]   69 	tnz	(0x04, sp)
      000017 27 36            [ 1]   70 	jreq	00112$
      000019 7B 04            [ 1]   71 	ld	a, (0x04, sp)
      00001B A1 10            [ 1]   72 	cp	a, #0x10
      00001D 27 30            [ 1]   73 	jreq	00112$
      00001F 7B 04            [ 1]   74 	ld	a, (0x04, sp)
      000021 A1 20            [ 1]   75 	cp	a, #0x20
      000023 27 2A            [ 1]   76 	jreq	00112$
      000025 7B 04            [ 1]   77 	ld	a, (0x04, sp)
      000027 A1 30            [ 1]   78 	cp	a, #0x30
      000029 27 24            [ 1]   79 	jreq	00112$
      00002B 7B 04            [ 1]   80 	ld	a, (0x04, sp)
      00002D A1 60            [ 1]   81 	cp	a, #0x60
      00002F 27 1E            [ 1]   82 	jreq	00112$
      000031 7B 04            [ 1]   83 	ld	a, (0x04, sp)
      000033 A1 70            [ 1]   84 	cp	a, #0x70
      000035 27 18            [ 1]   85 	jreq	00112$
      000037 7B 04            [ 1]   86 	ld	a, (0x04, sp)
      000039 A1 50            [ 1]   87 	cp	a, #0x50
      00003B 27 12            [ 1]   88 	jreq	00112$
      00003D 7B 04            [ 1]   89 	ld	a, (0x04, sp)
      00003F A1 40            [ 1]   90 	cp	a, #0x40
      000041 27 0C            [ 1]   91 	jreq	00112$
      000043 4B 41            [ 1]   92 	push	#0x41
      000045 5F               [ 1]   93 	clrw	x
      000046 89               [ 2]   94 	pushw	x
      000047 4B 00            [ 1]   95 	push	#0x00
      000049 AEr00r00         [ 2]   96 	ldw	x, #(___str_0+0)
      00004C CDr00r00         [ 4]   97 	call	_assert_failed
      00004F                         98 00112$:
                                     99 ;	../STM8S_StdPeriph_Driver/src/stm8s_tim3_SelectOCxM.c: 70: TIM3->CCER1 &= (uint8_t)(~TIM3_CCER1_CC1E);
      00004F C6 53 27         [ 1]  100 	ld	a, 0x5327
                                    101 ;	../STM8S_StdPeriph_Driver/src/stm8s_tim3_SelectOCxM.c: 67: if (TIM3_Channel == TIM3_CHANNEL_1)
      000052 0D 01            [ 1]  102 	tnz	(0x01, sp)
      000054 26 11            [ 1]  103 	jrne	00102$
                                    104 ;	../STM8S_StdPeriph_Driver/src/stm8s_tim3_SelectOCxM.c: 70: TIM3->CCER1 &= (uint8_t)(~TIM3_CCER1_CC1E);
      000056 A4 FE            [ 1]  105 	and	a, #0xfe
      000058 C7 53 27         [ 1]  106 	ld	0x5327, a
                                    107 ;	../STM8S_StdPeriph_Driver/src/stm8s_tim3_SelectOCxM.c: 73: TIM3->CCMR1 = (uint8_t)((uint8_t)(TIM3->CCMR1 & (uint8_t)(~TIM3_CCMR_OCM)) | (uint8_t)TIM3_OCMode);
      00005B C6 53 25         [ 1]  108 	ld	a, 0x5325
      00005E A4 8F            [ 1]  109 	and	a, #0x8f
      000060 1A 04            [ 1]  110 	or	a, (0x04, sp)
      000062 C7 53 25         [ 1]  111 	ld	0x5325, a
      000065 20 0F            [ 2]  112 	jra	00104$
      000067                        113 00102$:
                                    114 ;	../STM8S_StdPeriph_Driver/src/stm8s_tim3_SelectOCxM.c: 78: TIM3->CCER1 &= (uint8_t)(~TIM3_CCER1_CC2E);
      000067 A4 EF            [ 1]  115 	and	a, #0xef
      000069 C7 53 27         [ 1]  116 	ld	0x5327, a
                                    117 ;	../STM8S_StdPeriph_Driver/src/stm8s_tim3_SelectOCxM.c: 81: TIM3->CCMR2 = (uint8_t)((uint8_t)(TIM3->CCMR2 & (uint8_t)(~TIM3_CCMR_OCM)) | (uint8_t)TIM3_OCMode);
      00006C C6 53 26         [ 1]  118 	ld	a, 0x5326
      00006F A4 8F            [ 1]  119 	and	a, #0x8f
      000071 1A 04            [ 1]  120 	or	a, (0x04, sp)
      000073 C7 53 26         [ 1]  121 	ld	0x5326, a
      000076                        122 00104$:
                                    123 ;	../STM8S_StdPeriph_Driver/src/stm8s_tim3_SelectOCxM.c: 83: }
      000076 84               [ 1]  124 	pop	a
      000077 85               [ 2]  125 	popw	x
      000078 84               [ 1]  126 	pop	a
      000079 FC               [ 2]  127 	jp	(x)
                                    128 	.area CODE
                                    129 	.area CONST
                                    130 	.area CONST
      000000                        131 ___str_0:
      000000 2E 2E 2F 53 54 4D 38   132 	.ascii "../STM8S_StdPeriph_Driver/src/stm8s_tim3_SelectOCxM.c"
             53 5F 53 74 64 50 65
             72 69 70 68 5F 44 72
             69 76 65 72 2F 73 72
             63 2F 73 74 6D 38 73
             5F 74 69 6D 33 5F 53
             65 6C 65 63 74 4F 43
             78 4D 2E 63
      000035 00                     133 	.db 0x00
                                    134 	.area CODE
                                    135 	.area INITIALIZER
                                    136 	.area CABS (ABS)
