                                      1 ;--------------------------------------------------------
                                      2 ; File Created by SDCC : free open source ISO C Compiler 
                                      3 ; Version 4.4.0 #14620 (Linux)
                                      4 ;--------------------------------------------------------
                                      5 	.module stm8s_flash_Lock
                                      6 	.optsdcc -mstm8
                                      7 	
                                      8 ;--------------------------------------------------------
                                      9 ; Public variables in this module
                                     10 ;--------------------------------------------------------
                                     11 	.globl _assert_failed
                                     12 	.globl _FLASH_Lock
                                     13 ;--------------------------------------------------------
                                     14 ; ram data
                                     15 ;--------------------------------------------------------
                                     16 	.area DATA
                                     17 ;--------------------------------------------------------
                                     18 ; ram data
                                     19 ;--------------------------------------------------------
                                     20 	.area INITIALIZED
                                     21 ;--------------------------------------------------------
                                     22 ; absolute external ram data
                                     23 ;--------------------------------------------------------
                                     24 	.area DABS (ABS)
                                     25 
                                     26 ; default segment ordering for linker
                                     27 	.area HOME
                                     28 	.area GSINIT
                                     29 	.area GSFINAL
                                     30 	.area CONST
                                     31 	.area INITIALIZER
                                     32 	.area CODE
                                     33 
                                     34 ;--------------------------------------------------------
                                     35 ; global & static initialisations
                                     36 ;--------------------------------------------------------
                                     37 	.area HOME
                                     38 	.area GSINIT
                                     39 	.area GSFINAL
                                     40 	.area GSINIT
                                     41 ;--------------------------------------------------------
                                     42 ; Home
                                     43 ;--------------------------------------------------------
                                     44 	.area HOME
                                     45 	.area HOME
                                     46 ;--------------------------------------------------------
                                     47 ; code
                                     48 ;--------------------------------------------------------
                                     49 	.area CODE
                                     50 ;	../STM8S_StdPeriph_Driver/src/stm8s_flash_Lock.c: 48: void FLASH_Lock(FLASH_MemType_TypeDef FLASH_MemType)
                                     51 ;	-----------------------------------------
                                     52 ;	 function FLASH_Lock
                                     53 ;	-----------------------------------------
      000000                         54 _FLASH_Lock:
      000000 88               [ 1]   55 	push	a
                                     56 ;	../STM8S_StdPeriph_Driver/src/stm8s_flash_Lock.c: 51: assert_param(IS_MEMORY_TYPE_OK(FLASH_MemType));
      000001 6B 01            [ 1]   57 	ld	(0x01, sp), a
      000003 A1 FD            [ 1]   58 	cp	a, #0xfd
      000005 27 12            [ 1]   59 	jreq	00104$
      000007 7B 01            [ 1]   60 	ld	a, (0x01, sp)
      000009 A1 F7            [ 1]   61 	cp	a, #0xf7
      00000B 27 0C            [ 1]   62 	jreq	00104$
      00000D 4B 33            [ 1]   63 	push	#0x33
      00000F 5F               [ 1]   64 	clrw	x
      000010 89               [ 2]   65 	pushw	x
      000011 4B 00            [ 1]   66 	push	#0x00
      000013 AEr00r00         [ 2]   67 	ldw	x, #(___str_0+0)
      000016 CDr00r00         [ 4]   68 	call	_assert_failed
      000019                         69 00104$:
                                     70 ;	../STM8S_StdPeriph_Driver/src/stm8s_flash_Lock.c: 54: FLASH->IAPSR &= (uint8_t)FLASH_MemType;
      000019 C6 50 5F         [ 1]   71 	ld	a, 0x505f
      00001C 14 01            [ 1]   72 	and	a, (0x01, sp)
      00001E C7 50 5F         [ 1]   73 	ld	0x505f, a
                                     74 ;	../STM8S_StdPeriph_Driver/src/stm8s_flash_Lock.c: 55: }
      000021 84               [ 1]   75 	pop	a
      000022 81               [ 4]   76 	ret
                                     77 	.area CODE
                                     78 	.area CONST
                                     79 	.area CONST
      000000                         80 ___str_0:
      000000 2E 2E 2F 53 54 4D 38    81 	.ascii "../STM8S_StdPeriph_Driver/src/stm8s_flash_Lock.c"
             53 5F 53 74 64 50 65
             72 69 70 68 5F 44 72
             69 76 65 72 2F 73 72
             63 2F 73 74 6D 38 73
             5F 66 6C 61 73 68 5F
             4C 6F 63 6B 2E 63
      000030 00                      82 	.db 0x00
                                     83 	.area CODE
                                     84 	.area INITIALIZER
                                     85 	.area CABS (ABS)
