                                      1 ;--------------------------------------------------------
                                      2 ; File Created by SDCC : free open source ISO C Compiler 
                                      3 ; Version 4.4.0 #14620 (Linux)
                                      4 ;--------------------------------------------------------
                                      5 	.module stm8s_tim1_EncoderInterfaceConfig
                                      6 	.optsdcc -mstm8
                                      7 	
                                      8 ;--------------------------------------------------------
                                      9 ; Public variables in this module
                                     10 ;--------------------------------------------------------
                                     11 	.globl _assert_failed
                                     12 	.globl _TIM1_EncoderInterfaceConfig
                                     13 ;--------------------------------------------------------
                                     14 ; ram data
                                     15 ;--------------------------------------------------------
                                     16 	.area DATA
                                     17 ;--------------------------------------------------------
                                     18 ; ram data
                                     19 ;--------------------------------------------------------
                                     20 	.area INITIALIZED
                                     21 ;--------------------------------------------------------
                                     22 ; absolute external ram data
                                     23 ;--------------------------------------------------------
                                     24 	.area DABS (ABS)
                                     25 
                                     26 ; default segment ordering for linker
                                     27 	.area HOME
                                     28 	.area GSINIT
                                     29 	.area GSFINAL
                                     30 	.area CONST
                                     31 	.area INITIALIZER
                                     32 	.area CODE
                                     33 
                                     34 ;--------------------------------------------------------
                                     35 ; global & static initialisations
                                     36 ;--------------------------------------------------------
                                     37 	.area HOME
                                     38 	.area GSINIT
                                     39 	.area GSFINAL
                                     40 	.area GSINIT
                                     41 ;--------------------------------------------------------
                                     42 ; Home
                                     43 ;--------------------------------------------------------
                                     44 	.area HOME
                                     45 	.area HOME
                                     46 ;--------------------------------------------------------
                                     47 ; code
                                     48 ;--------------------------------------------------------
                                     49 	.area CODE
                                     50 ;	../STM8S_StdPeriph_Driver/src/stm8s_tim1_EncoderInterfaceConfig.c: 62: void TIM1_EncoderInterfaceConfig(TIM1_EncoderMode_TypeDef TIM1_EncoderMode,
                                     51 ;	-----------------------------------------
                                     52 ;	 function TIM1_EncoderInterfaceConfig
                                     53 ;	-----------------------------------------
      000000                         54 _TIM1_EncoderInterfaceConfig:
      000000 88               [ 1]   55 	push	a
                                     56 ;	../STM8S_StdPeriph_Driver/src/stm8s_tim1_EncoderInterfaceConfig.c: 67: assert_param(IS_TIM1_ENCODER_MODE_OK(TIM1_EncoderMode));
      000001 6B 01            [ 1]   57 	ld	(0x01, sp), a
      000003 4A               [ 1]   58 	dec	a
      000004 27 18            [ 1]   59 	jreq	00110$
      000006 7B 01            [ 1]   60 	ld	a, (0x01, sp)
      000008 A1 02            [ 1]   61 	cp	a, #0x02
      00000A 27 12            [ 1]   62 	jreq	00110$
      00000C 7B 01            [ 1]   63 	ld	a, (0x01, sp)
      00000E A1 03            [ 1]   64 	cp	a, #0x03
      000010 27 0C            [ 1]   65 	jreq	00110$
      000012 4B 43            [ 1]   66 	push	#0x43
      000014 5F               [ 1]   67 	clrw	x
      000015 89               [ 2]   68 	pushw	x
      000016 4B 00            [ 1]   69 	push	#0x00
      000018 AEr00r00         [ 2]   70 	ldw	x, #(___str_0+0)
      00001B CDr00r00         [ 4]   71 	call	_assert_failed
      00001E                         72 00110$:
                                     73 ;	../STM8S_StdPeriph_Driver/src/stm8s_tim1_EncoderInterfaceConfig.c: 68: assert_param(IS_TIM1_IC_POLARITY_OK(TIM1_IC1Polarity));
      00001E 0D 04            [ 1]   74 	tnz	(0x04, sp)
      000020 27 10            [ 1]   75 	jreq	00118$
      000022 0D 04            [ 1]   76 	tnz	(0x04, sp)
      000024 26 0C            [ 1]   77 	jrne	00118$
      000026 4B 44            [ 1]   78 	push	#0x44
      000028 5F               [ 1]   79 	clrw	x
      000029 89               [ 2]   80 	pushw	x
      00002A 4B 00            [ 1]   81 	push	#0x00
      00002C AEr00r00         [ 2]   82 	ldw	x, #(___str_0+0)
      00002F CDr00r00         [ 4]   83 	call	_assert_failed
      000032                         84 00118$:
                                     85 ;	../STM8S_StdPeriph_Driver/src/stm8s_tim1_EncoderInterfaceConfig.c: 69: assert_param(IS_TIM1_IC_POLARITY_OK(TIM1_IC2Polarity));
      000032 0D 05            [ 1]   86 	tnz	(0x05, sp)
      000034 27 10            [ 1]   87 	jreq	00123$
      000036 0D 05            [ 1]   88 	tnz	(0x05, sp)
      000038 26 0C            [ 1]   89 	jrne	00123$
      00003A 4B 45            [ 1]   90 	push	#0x45
      00003C 5F               [ 1]   91 	clrw	x
      00003D 89               [ 2]   92 	pushw	x
      00003E 4B 00            [ 1]   93 	push	#0x00
      000040 AEr00r00         [ 2]   94 	ldw	x, #(___str_0+0)
      000043 CDr00r00         [ 4]   95 	call	_assert_failed
      000046                         96 00123$:
                                     97 ;	../STM8S_StdPeriph_Driver/src/stm8s_tim1_EncoderInterfaceConfig.c: 74: TIM1->CCER1 |= TIM1_CCER1_CC1P;
      000046 C6 52 5C         [ 1]   98 	ld	a, 0x525c
                                     99 ;	../STM8S_StdPeriph_Driver/src/stm8s_tim1_EncoderInterfaceConfig.c: 72: if (TIM1_IC1Polarity != TIM1_ICPOLARITY_RISING)
      000049 0D 04            [ 1]  100 	tnz	(0x04, sp)
      00004B 27 07            [ 1]  101 	jreq	00102$
                                    102 ;	../STM8S_StdPeriph_Driver/src/stm8s_tim1_EncoderInterfaceConfig.c: 74: TIM1->CCER1 |= TIM1_CCER1_CC1P;
      00004D AA 02            [ 1]  103 	or	a, #0x02
      00004F C7 52 5C         [ 1]  104 	ld	0x525c, a
      000052 20 05            [ 2]  105 	jra	00103$
      000054                        106 00102$:
                                    107 ;	../STM8S_StdPeriph_Driver/src/stm8s_tim1_EncoderInterfaceConfig.c: 78: TIM1->CCER1 &= (uint8_t)(~TIM1_CCER1_CC1P);
      000054 A4 FD            [ 1]  108 	and	a, #0xfd
      000056 C7 52 5C         [ 1]  109 	ld	0x525c, a
      000059                        110 00103$:
                                    111 ;	../STM8S_StdPeriph_Driver/src/stm8s_tim1_EncoderInterfaceConfig.c: 74: TIM1->CCER1 |= TIM1_CCER1_CC1P;
      000059 C6 52 5C         [ 1]  112 	ld	a, 0x525c
                                    113 ;	../STM8S_StdPeriph_Driver/src/stm8s_tim1_EncoderInterfaceConfig.c: 81: if (TIM1_IC2Polarity != TIM1_ICPOLARITY_RISING)
      00005C 0D 05            [ 1]  114 	tnz	(0x05, sp)
      00005E 27 07            [ 1]  115 	jreq	00105$
                                    116 ;	../STM8S_StdPeriph_Driver/src/stm8s_tim1_EncoderInterfaceConfig.c: 83: TIM1->CCER1 |= TIM1_CCER1_CC2P;
      000060 AA 20            [ 1]  117 	or	a, #0x20
      000062 C7 52 5C         [ 1]  118 	ld	0x525c, a
      000065 20 05            [ 2]  119 	jra	00106$
      000067                        120 00105$:
                                    121 ;	../STM8S_StdPeriph_Driver/src/stm8s_tim1_EncoderInterfaceConfig.c: 87: TIM1->CCER1 &= (uint8_t)(~TIM1_CCER1_CC2P);
      000067 A4 DF            [ 1]  122 	and	a, #0xdf
      000069 C7 52 5C         [ 1]  123 	ld	0x525c, a
      00006C                        124 00106$:
                                    125 ;	../STM8S_StdPeriph_Driver/src/stm8s_tim1_EncoderInterfaceConfig.c: 90: TIM1->SMCR = (uint8_t)((uint8_t)(TIM1->SMCR & (uint8_t)(TIM1_SMCR_MSM | TIM1_SMCR_TS))
      00006C C6 52 52         [ 1]  126 	ld	a, 0x5252
      00006F A4 F0            [ 1]  127 	and	a, #0xf0
                                    128 ;	../STM8S_StdPeriph_Driver/src/stm8s_tim1_EncoderInterfaceConfig.c: 91: | (uint8_t) TIM1_EncoderMode);
      000071 1A 01            [ 1]  129 	or	a, (0x01, sp)
      000073 C7 52 52         [ 1]  130 	ld	0x5252, a
                                    131 ;	../STM8S_StdPeriph_Driver/src/stm8s_tim1_EncoderInterfaceConfig.c: 94: TIM1->CCMR1 = (uint8_t)((uint8_t)(TIM1->CCMR1 & (uint8_t)(~TIM1_CCMR_CCxS)) 
      000076 C6 52 58         [ 1]  132 	ld	a, 0x5258
      000079 A4 FC            [ 1]  133 	and	a, #0xfc
      00007B AA 01            [ 1]  134 	or	a, #0x01
      00007D C7 52 58         [ 1]  135 	ld	0x5258, a
                                    136 ;	../STM8S_StdPeriph_Driver/src/stm8s_tim1_EncoderInterfaceConfig.c: 96: TIM1->CCMR2 = (uint8_t)((uint8_t)(TIM1->CCMR2 & (uint8_t)(~TIM1_CCMR_CCxS))
      000080 C6 52 59         [ 1]  137 	ld	a, 0x5259
      000083 A4 FC            [ 1]  138 	and	a, #0xfc
      000085 AA 01            [ 1]  139 	or	a, #0x01
      000087 C7 52 59         [ 1]  140 	ld	0x5259, a
                                    141 ;	../STM8S_StdPeriph_Driver/src/stm8s_tim1_EncoderInterfaceConfig.c: 98: }
      00008A 1E 02            [ 2]  142 	ldw	x, (2, sp)
      00008C 5B 05            [ 2]  143 	addw	sp, #5
      00008E FC               [ 2]  144 	jp	(x)
                                    145 	.area CODE
                                    146 	.area CONST
                                    147 	.area CONST
      000000                        148 ___str_0:
      000000 2E 2E 2F 53 54 4D 38   149 	.ascii "../STM8S_StdPeriph_Driver/src/stm8s_tim1_EncoderInterfaceCon"
             53 5F 53 74 64 50 65
             72 69 70 68 5F 44 72
             69 76 65 72 2F 73 72
             63 2F 73 74 6D 38 73
             5F 74 69 6D 31 5F 45
             6E 63 6F 64 65 72 49
             6E 74 65 72 66 61 63
             65 43 6F 6E
      00003C 66 69 67 2E 63         150 	.ascii "fig.c"
      000041 00                     151 	.db 0x00
                                    152 	.area CODE
                                    153 	.area INITIALIZER
                                    154 	.area CABS (ABS)
