                                      1 ;--------------------------------------------------------
                                      2 ; File Created by SDCC : free open source ISO C Compiler 
                                      3 ; Version 4.4.0 #14620 (Linux)
                                      4 ;--------------------------------------------------------
                                      5 	.module stm8s_tim3_SetCompare2
                                      6 	.optsdcc -mstm8
                                      7 	
                                      8 ;--------------------------------------------------------
                                      9 ; Public variables in this module
                                     10 ;--------------------------------------------------------
                                     11 	.globl _TIM3_SetCompare2
                                     12 ;--------------------------------------------------------
                                     13 ; ram data
                                     14 ;--------------------------------------------------------
                                     15 	.area DATA
                                     16 ;--------------------------------------------------------
                                     17 ; ram data
                                     18 ;--------------------------------------------------------
                                     19 	.area INITIALIZED
                                     20 ;--------------------------------------------------------
                                     21 ; absolute external ram data
                                     22 ;--------------------------------------------------------
                                     23 	.area DABS (ABS)
                                     24 
                                     25 ; default segment ordering for linker
                                     26 	.area HOME
                                     27 	.area GSINIT
                                     28 	.area GSFINAL
                                     29 	.area CONST
                                     30 	.area INITIALIZER
                                     31 	.area CODE
                                     32 
                                     33 ;--------------------------------------------------------
                                     34 ; global & static initialisations
                                     35 ;--------------------------------------------------------
                                     36 	.area HOME
                                     37 	.area GSINIT
                                     38 	.area GSFINAL
                                     39 	.area GSINIT
                                     40 ;--------------------------------------------------------
                                     41 ; Home
                                     42 ;--------------------------------------------------------
                                     43 	.area HOME
                                     44 	.area HOME
                                     45 ;--------------------------------------------------------
                                     46 ; code
                                     47 ;--------------------------------------------------------
                                     48 	.area CODE
                                     49 ;	../STM8S_StdPeriph_Driver/src/stm8s_tim3_SetCompare2.c: 48: void TIM3_SetCompare2(uint16_t Compare2)
                                     50 ;	-----------------------------------------
                                     51 ;	 function TIM3_SetCompare2
                                     52 ;	-----------------------------------------
      000000                         53 _TIM3_SetCompare2:
                                     54 ;	../STM8S_StdPeriph_Driver/src/stm8s_tim3_SetCompare2.c: 51: TIM3->CCR2H = (uint8_t)(Compare2 >> 8);
      000000 9E               [ 1]   55 	ld	a, xh
      000001 C7 53 2F         [ 1]   56 	ld	0x532f, a
                                     57 ;	../STM8S_StdPeriph_Driver/src/stm8s_tim3_SetCompare2.c: 52: TIM3->CCR2L = (uint8_t)(Compare2);
      000004 9F               [ 1]   58 	ld	a, xl
      000005 C7 53 30         [ 1]   59 	ld	0x5330, a
                                     60 ;	../STM8S_StdPeriph_Driver/src/stm8s_tim3_SetCompare2.c: 53: }
      000008 81               [ 4]   61 	ret
                                     62 	.area CODE
                                     63 	.area CONST
                                     64 	.area INITIALIZER
                                     65 	.area CABS (ABS)
