                                      1 ;--------------------------------------------------------
                                      2 ; File Created by SDCC : free open source ISO C Compiler 
                                      3 ; Version 4.4.0 #14620 (Linux)
                                      4 ;--------------------------------------------------------
                                      5 	.module stm8s_uart2_LINConfig
                                      6 	.optsdcc -mstm8
                                      7 	
                                      8 ;--------------------------------------------------------
                                      9 ; Public variables in this module
                                     10 ;--------------------------------------------------------
                                     11 	.globl _assert_failed
                                     12 	.globl _UART2_LINConfig
                                     13 ;--------------------------------------------------------
                                     14 ; ram data
                                     15 ;--------------------------------------------------------
                                     16 	.area DATA
                                     17 ;--------------------------------------------------------
                                     18 ; ram data
                                     19 ;--------------------------------------------------------
                                     20 	.area INITIALIZED
                                     21 ;--------------------------------------------------------
                                     22 ; absolute external ram data
                                     23 ;--------------------------------------------------------
                                     24 	.area DABS (ABS)
                                     25 
                                     26 ; default segment ordering for linker
                                     27 	.area HOME
                                     28 	.area GSINIT
                                     29 	.area GSFINAL
                                     30 	.area CONST
                                     31 	.area INITIALIZER
                                     32 	.area CODE
                                     33 
                                     34 ;--------------------------------------------------------
                                     35 ; global & static initialisations
                                     36 ;--------------------------------------------------------
                                     37 	.area HOME
                                     38 	.area GSINIT
                                     39 	.area GSFINAL
                                     40 	.area GSINIT
                                     41 ;--------------------------------------------------------
                                     42 ; Home
                                     43 ;--------------------------------------------------------
                                     44 	.area HOME
                                     45 	.area HOME
                                     46 ;--------------------------------------------------------
                                     47 ; code
                                     48 ;--------------------------------------------------------
                                     49 	.area CODE
                                     50 ;	../STM8S_StdPeriph_Driver/src/stm8s_uart2_LINConfig.c: 51: void UART2_LINConfig(UART2_LinMode_TypeDef UART2_Mode, 
                                     51 ;	-----------------------------------------
                                     52 ;	 function UART2_LINConfig
                                     53 ;	-----------------------------------------
      000000                         54 _UART2_LINConfig:
      000000 88               [ 1]   55 	push	a
                                     56 ;	../STM8S_StdPeriph_Driver/src/stm8s_uart2_LINConfig.c: 56: assert_param(IS_UART2_SLAVE_OK(UART2_Mode));
      000001 6B 01            [ 1]   57 	ld	(0x01, sp), a
      000003 27 10            [ 1]   58 	jreq	00113$
      000005 0D 01            [ 1]   59 	tnz	(0x01, sp)
      000007 26 0C            [ 1]   60 	jrne	00113$
      000009 4B 38            [ 1]   61 	push	#0x38
      00000B 5F               [ 1]   62 	clrw	x
      00000C 89               [ 2]   63 	pushw	x
      00000D 4B 00            [ 1]   64 	push	#0x00
      00000F AEr00r00         [ 2]   65 	ldw	x, #(___str_0+0)
      000012 CDr00r00         [ 4]   66 	call	_assert_failed
      000015                         67 00113$:
                                     68 ;	../STM8S_StdPeriph_Driver/src/stm8s_uart2_LINConfig.c: 57: assert_param(IS_UART2_AUTOSYNC_OK(UART2_Autosync));
      000015 0D 04            [ 1]   69 	tnz	(0x04, sp)
      000017 26 10            [ 1]   70 	jrne	00118$
      000019 0D 04            [ 1]   71 	tnz	(0x04, sp)
      00001B 27 0C            [ 1]   72 	jreq	00118$
      00001D 4B 39            [ 1]   73 	push	#0x39
      00001F 5F               [ 1]   74 	clrw	x
      000020 89               [ 2]   75 	pushw	x
      000021 4B 00            [ 1]   76 	push	#0x00
      000023 AEr00r00         [ 2]   77 	ldw	x, #(___str_0+0)
      000026 CDr00r00         [ 4]   78 	call	_assert_failed
      000029                         79 00118$:
                                     80 ;	../STM8S_StdPeriph_Driver/src/stm8s_uart2_LINConfig.c: 58: assert_param(IS_UART2_DIVUP_OK(UART2_DivUp));
      000029 0D 05            [ 1]   81 	tnz	(0x05, sp)
      00002B 27 10            [ 1]   82 	jreq	00123$
      00002D 0D 05            [ 1]   83 	tnz	(0x05, sp)
      00002F 26 0C            [ 1]   84 	jrne	00123$
      000031 4B 3A            [ 1]   85 	push	#0x3a
      000033 5F               [ 1]   86 	clrw	x
      000034 89               [ 2]   87 	pushw	x
      000035 4B 00            [ 1]   88 	push	#0x00
      000037 AEr00r00         [ 2]   89 	ldw	x, #(___str_0+0)
      00003A CDr00r00         [ 4]   90 	call	_assert_failed
      00003D                         91 00123$:
                                     92 ;	../STM8S_StdPeriph_Driver/src/stm8s_uart2_LINConfig.c: 62: UART2->CR6 |=  UART2_CR6_LSLV;
      00003D C6 52 49         [ 1]   93 	ld	a, 0x5249
                                     94 ;	../STM8S_StdPeriph_Driver/src/stm8s_uart2_LINConfig.c: 60: if (UART2_Mode != UART2_LIN_MODE_MASTER)
      000040 0D 01            [ 1]   95 	tnz	(0x01, sp)
      000042 27 07            [ 1]   96 	jreq	00102$
                                     97 ;	../STM8S_StdPeriph_Driver/src/stm8s_uart2_LINConfig.c: 62: UART2->CR6 |=  UART2_CR6_LSLV;
      000044 AA 20            [ 1]   98 	or	a, #0x20
      000046 C7 52 49         [ 1]   99 	ld	0x5249, a
      000049 20 05            [ 2]  100 	jra	00103$
      00004B                        101 00102$:
                                    102 ;	../STM8S_StdPeriph_Driver/src/stm8s_uart2_LINConfig.c: 66: UART2->CR6 &= ((uint8_t)~UART2_CR6_LSLV);
      00004B A4 DF            [ 1]  103 	and	a, #0xdf
      00004D C7 52 49         [ 1]  104 	ld	0x5249, a
      000050                        105 00103$:
                                    106 ;	../STM8S_StdPeriph_Driver/src/stm8s_uart2_LINConfig.c: 62: UART2->CR6 |=  UART2_CR6_LSLV;
      000050 C6 52 49         [ 1]  107 	ld	a, 0x5249
                                    108 ;	../STM8S_StdPeriph_Driver/src/stm8s_uart2_LINConfig.c: 69: if (UART2_Autosync != UART2_LIN_AUTOSYNC_DISABLE)
      000053 0D 04            [ 1]  109 	tnz	(0x04, sp)
      000055 27 07            [ 1]  110 	jreq	00105$
                                    111 ;	../STM8S_StdPeriph_Driver/src/stm8s_uart2_LINConfig.c: 71: UART2->CR6 |=  UART2_CR6_LASE ;
      000057 AA 10            [ 1]  112 	or	a, #0x10
      000059 C7 52 49         [ 1]  113 	ld	0x5249, a
      00005C 20 05            [ 2]  114 	jra	00106$
      00005E                        115 00105$:
                                    116 ;	../STM8S_StdPeriph_Driver/src/stm8s_uart2_LINConfig.c: 75: UART2->CR6 &= ((uint8_t)~ UART2_CR6_LASE );
      00005E A4 EF            [ 1]  117 	and	a, #0xef
      000060 C7 52 49         [ 1]  118 	ld	0x5249, a
      000063                        119 00106$:
                                    120 ;	../STM8S_StdPeriph_Driver/src/stm8s_uart2_LINConfig.c: 62: UART2->CR6 |=  UART2_CR6_LSLV;
      000063 C6 52 49         [ 1]  121 	ld	a, 0x5249
                                    122 ;	../STM8S_StdPeriph_Driver/src/stm8s_uart2_LINConfig.c: 78: if (UART2_DivUp != UART2_LIN_DIVUP_LBRR1)
      000066 0D 05            [ 1]  123 	tnz	(0x05, sp)
      000068 27 07            [ 1]  124 	jreq	00108$
                                    125 ;	../STM8S_StdPeriph_Driver/src/stm8s_uart2_LINConfig.c: 80: UART2->CR6 |=  UART2_CR6_LDUM;
      00006A AA 80            [ 1]  126 	or	a, #0x80
      00006C C7 52 49         [ 1]  127 	ld	0x5249, a
      00006F 20 05            [ 2]  128 	jra	00110$
      000071                        129 00108$:
                                    130 ;	../STM8S_StdPeriph_Driver/src/stm8s_uart2_LINConfig.c: 84: UART2->CR6 &= ((uint8_t)~ UART2_CR6_LDUM);
      000071 A4 7F            [ 1]  131 	and	a, #0x7f
      000073 C7 52 49         [ 1]  132 	ld	0x5249, a
      000076                        133 00110$:
                                    134 ;	../STM8S_StdPeriph_Driver/src/stm8s_uart2_LINConfig.c: 86: }
      000076 1E 02            [ 2]  135 	ldw	x, (2, sp)
      000078 5B 05            [ 2]  136 	addw	sp, #5
      00007A FC               [ 2]  137 	jp	(x)
                                    138 	.area CODE
                                    139 	.area CONST
                                    140 	.area CONST
      000000                        141 ___str_0:
      000000 2E 2E 2F 53 54 4D 38   142 	.ascii "../STM8S_StdPeriph_Driver/src/stm8s_uart2_LINConfig.c"
             53 5F 53 74 64 50 65
             72 69 70 68 5F 44 72
             69 76 65 72 2F 73 72
             63 2F 73 74 6D 38 73
             5F 75 61 72 74 32 5F
             4C 49 4E 43 6F 6E 66
             69 67 2E 63
      000035 00                     143 	.db 0x00
                                    144 	.area CODE
                                    145 	.area INITIALIZER
                                    146 	.area CABS (ABS)
