                                      1 ;--------------------------------------------------------
                                      2 ; File Created by SDCC : free open source ISO C Compiler 
                                      3 ; Version 4.4.0 #14620 (Linux)
                                      4 ;--------------------------------------------------------
                                      5 	.module stm8s_tim3_TimeBaseInit
                                      6 	.optsdcc -mstm8
                                      7 	
                                      8 ;--------------------------------------------------------
                                      9 ; Public variables in this module
                                     10 ;--------------------------------------------------------
                                     11 	.globl _TIM3_TimeBaseInit
                                     12 ;--------------------------------------------------------
                                     13 ; ram data
                                     14 ;--------------------------------------------------------
                                     15 	.area DATA
                                     16 ;--------------------------------------------------------
                                     17 ; ram data
                                     18 ;--------------------------------------------------------
                                     19 	.area INITIALIZED
                                     20 ;--------------------------------------------------------
                                     21 ; absolute external ram data
                                     22 ;--------------------------------------------------------
                                     23 	.area DABS (ABS)
                                     24 
                                     25 ; default segment ordering for linker
                                     26 	.area HOME
                                     27 	.area GSINIT
                                     28 	.area GSFINAL
                                     29 	.area CONST
                                     30 	.area INITIALIZER
                                     31 	.area CODE
                                     32 
                                     33 ;--------------------------------------------------------
                                     34 ; global & static initialisations
                                     35 ;--------------------------------------------------------
                                     36 	.area HOME
                                     37 	.area GSINIT
                                     38 	.area GSFINAL
                                     39 	.area GSINIT
                                     40 ;--------------------------------------------------------
                                     41 ; Home
                                     42 ;--------------------------------------------------------
                                     43 	.area HOME
                                     44 	.area HOME
                                     45 ;--------------------------------------------------------
                                     46 ; code
                                     47 ;--------------------------------------------------------
                                     48 	.area CODE
                                     49 ;	../STM8S_StdPeriph_Driver/src/stm8s_tim3_TimeBaseInit.c: 48: void TIM3_TimeBaseInit( TIM3_Prescaler_TypeDef TIM3_Prescaler,
                                     50 ;	-----------------------------------------
                                     51 ;	 function TIM3_TimeBaseInit
                                     52 ;	-----------------------------------------
      000000                         53 _TIM3_TimeBaseInit:
                                     54 ;	../STM8S_StdPeriph_Driver/src/stm8s_tim3_TimeBaseInit.c: 52: TIM3->PSCR = (uint8_t)(TIM3_Prescaler);
      000000 C7 53 2A         [ 1]   55 	ld	0x532a, a
                                     56 ;	../STM8S_StdPeriph_Driver/src/stm8s_tim3_TimeBaseInit.c: 54: TIM3->ARRH = (uint8_t)(TIM3_Period >> 8);
      000003 9E               [ 1]   57 	ld	a, xh
      000004 C7 53 2B         [ 1]   58 	ld	0x532b, a
                                     59 ;	../STM8S_StdPeriph_Driver/src/stm8s_tim3_TimeBaseInit.c: 55: TIM3->ARRL = (uint8_t)(TIM3_Period);
      000007 9F               [ 1]   60 	ld	a, xl
      000008 C7 53 2C         [ 1]   61 	ld	0x532c, a
                                     62 ;	../STM8S_StdPeriph_Driver/src/stm8s_tim3_TimeBaseInit.c: 56: }
      00000B 81               [ 4]   63 	ret
                                     64 	.area CODE
                                     65 	.area CONST
                                     66 	.area INITIALIZER
                                     67 	.area CABS (ABS)
