                                      1 ;--------------------------------------------------------
                                      2 ; File Created by SDCC : free open source ISO C Compiler 
                                      3 ; Version 4.4.0 #14620 (Linux)
                                      4 ;--------------------------------------------------------
                                      5 	.module stm8s_tim3_ClearFlag
                                      6 	.optsdcc -mstm8
                                      7 	
                                      8 ;--------------------------------------------------------
                                      9 ; Public variables in this module
                                     10 ;--------------------------------------------------------
                                     11 	.globl _assert_failed
                                     12 	.globl _TIM3_ClearFlag
                                     13 ;--------------------------------------------------------
                                     14 ; ram data
                                     15 ;--------------------------------------------------------
                                     16 	.area DATA
                                     17 ;--------------------------------------------------------
                                     18 ; ram data
                                     19 ;--------------------------------------------------------
                                     20 	.area INITIALIZED
                                     21 ;--------------------------------------------------------
                                     22 ; absolute external ram data
                                     23 ;--------------------------------------------------------
                                     24 	.area DABS (ABS)
                                     25 
                                     26 ; default segment ordering for linker
                                     27 	.area HOME
                                     28 	.area GSINIT
                                     29 	.area GSFINAL
                                     30 	.area CONST
                                     31 	.area INITIALIZER
                                     32 	.area CODE
                                     33 
                                     34 ;--------------------------------------------------------
                                     35 ; global & static initialisations
                                     36 ;--------------------------------------------------------
                                     37 	.area HOME
                                     38 	.area GSINIT
                                     39 	.area GSFINAL
                                     40 	.area GSINIT
                                     41 ;--------------------------------------------------------
                                     42 ; Home
                                     43 ;--------------------------------------------------------
                                     44 	.area HOME
                                     45 	.area HOME
                                     46 ;--------------------------------------------------------
                                     47 ; code
                                     48 ;--------------------------------------------------------
                                     49 	.area CODE
                                     50 ;	../STM8S_StdPeriph_Driver/src/stm8s_tim3_ClearFlag.c: 53: void TIM3_ClearFlag(TIM3_FLAG_TypeDef TIM3_FLAG)
                                     51 ;	-----------------------------------------
                                     52 ;	 function TIM3_ClearFlag
                                     53 ;	-----------------------------------------
      000000                         54 _TIM3_ClearFlag:
      000000 52 04            [ 2]   55 	sub	sp, #4
                                     56 ;	../STM8S_StdPeriph_Driver/src/stm8s_tim3_ClearFlag.c: 56: assert_param(IS_TIM3_CLEAR_FLAG_OK(TIM3_FLAG));
      000002 1F 01            [ 2]   57 	ldw	(0x01, sp), x
      000004 9F               [ 1]   58 	ld	a, xl
      000005 A4 F8            [ 1]   59 	and	a, #0xf8
      000007 6B 04            [ 1]   60 	ld	(0x04, sp), a
      000009 9E               [ 1]   61 	ld	a, xh
      00000A A4 F9            [ 1]   62 	and	a, #0xf9
      00000C 6B 03            [ 1]   63 	ld	(0x03, sp), a
      00000E 16 03            [ 2]   64 	ldw	y, (0x03, sp)
      000010 26 04            [ 1]   65 	jrne	00103$
      000012 16 01            [ 2]   66 	ldw	y, (0x01, sp)
      000014 26 12            [ 1]   67 	jrne	00104$
      000016                         68 00103$:
      000016 90 AEr00r00      [ 2]   69 	ldw	y, #(___str_0+0)
      00001A 89               [ 2]   70 	pushw	x
      00001B 4B 38            [ 1]   71 	push	#0x38
      00001D 4B 00            [ 1]   72 	push	#0x00
      00001F 4B 00            [ 1]   73 	push	#0x00
      000021 4B 00            [ 1]   74 	push	#0x00
      000023 93               [ 1]   75 	ldw	x, y
      000024 CDr00r00         [ 4]   76 	call	_assert_failed
      000027 85               [ 2]   77 	popw	x
      000028                         78 00104$:
                                     79 ;	../STM8S_StdPeriph_Driver/src/stm8s_tim3_ClearFlag.c: 59: TIM3->SR1 = (uint8_t)(~((uint8_t)(TIM3_FLAG)));
      000028 9F               [ 1]   80 	ld	a, xl
      000029 43               [ 1]   81 	cpl	a
      00002A C7 53 22         [ 1]   82 	ld	0x5322, a
                                     83 ;	../STM8S_StdPeriph_Driver/src/stm8s_tim3_ClearFlag.c: 60: TIM3->SR2 = (uint8_t)(~((uint8_t)((uint16_t)TIM3_FLAG >> 8)));
      00002D 7B 01            [ 1]   84 	ld	a, (0x01, sp)
      00002F 43               [ 1]   85 	cpl	a
      000030 C7 53 23         [ 1]   86 	ld	0x5323, a
                                     87 ;	../STM8S_StdPeriph_Driver/src/stm8s_tim3_ClearFlag.c: 61: }
      000033 5B 04            [ 2]   88 	addw	sp, #4
      000035 81               [ 4]   89 	ret
                                     90 	.area CODE
                                     91 	.area CONST
                                     92 	.area CONST
      000000                         93 ___str_0:
      000000 2E 2E 2F 53 54 4D 38    94 	.ascii "../STM8S_StdPeriph_Driver/src/stm8s_tim3_ClearFlag.c"
             53 5F 53 74 64 50 65
             72 69 70 68 5F 44 72
             69 76 65 72 2F 73 72
             63 2F 73 74 6D 38 73
             5F 74 69 6D 33 5F 43
             6C 65 61 72 46 6C 61
             67 2E 63
      000034 00                      95 	.db 0x00
                                     96 	.area CODE
                                     97 	.area INITIALIZER
                                     98 	.area CABS (ABS)
