                                      1 ;--------------------------------------------------------
                                      2 ; File Created by SDCC : free open source ISO C Compiler 
                                      3 ; Version 4.4.0 #14620 (Linux)
                                      4 ;--------------------------------------------------------
                                      5 	.module stm8s_gpio_WriteHigh
                                      6 	.optsdcc -mstm8
                                      7 	
                                      8 ;--------------------------------------------------------
                                      9 ; Public variables in this module
                                     10 ;--------------------------------------------------------
                                     11 	.globl _GPIO_WriteHigh
                                     12 ;--------------------------------------------------------
                                     13 ; ram data
                                     14 ;--------------------------------------------------------
                                     15 	.area DATA
                                     16 ;--------------------------------------------------------
                                     17 ; ram data
                                     18 ;--------------------------------------------------------
                                     19 	.area INITIALIZED
                                     20 ;--------------------------------------------------------
                                     21 ; absolute external ram data
                                     22 ;--------------------------------------------------------
                                     23 	.area DABS (ABS)
                                     24 
                                     25 ; default segment ordering for linker
                                     26 	.area HOME
                                     27 	.area GSINIT
                                     28 	.area GSFINAL
                                     29 	.area CONST
                                     30 	.area INITIALIZER
                                     31 	.area CODE
                                     32 
                                     33 ;--------------------------------------------------------
                                     34 ; global & static initialisations
                                     35 ;--------------------------------------------------------
                                     36 	.area HOME
                                     37 	.area GSINIT
                                     38 	.area GSFINAL
                                     39 	.area GSINIT
                                     40 ;--------------------------------------------------------
                                     41 ; Home
                                     42 ;--------------------------------------------------------
                                     43 	.area HOME
                                     44 	.area HOME
                                     45 ;--------------------------------------------------------
                                     46 ; code
                                     47 ;--------------------------------------------------------
                                     48 	.area CODE
                                     49 ;	../STM8S_StdPeriph_Driver/src/stm8s_gpio_WriteHigh.c: 49: void GPIO_WriteHigh(GPIO_TypeDef* GPIOx, GPIO_Pin_TypeDef PortPins)
                                     50 ;	-----------------------------------------
                                     51 ;	 function GPIO_WriteHigh
                                     52 ;	-----------------------------------------
      000000                         53 _GPIO_WriteHigh:
      000000 88               [ 1]   54 	push	a
      000001 6B 01            [ 1]   55 	ld	(0x01, sp), a
                                     56 ;	../STM8S_StdPeriph_Driver/src/stm8s_gpio_WriteHigh.c: 51: GPIOx->ODR |= (uint8_t)PortPins;
      000003 F6               [ 1]   57 	ld	a, (x)
      000004 1A 01            [ 1]   58 	or	a, (0x01, sp)
      000006 F7               [ 1]   59 	ld	(x), a
                                     60 ;	../STM8S_StdPeriph_Driver/src/stm8s_gpio_WriteHigh.c: 52: }
      000007 84               [ 1]   61 	pop	a
      000008 81               [ 4]   62 	ret
                                     63 	.area CODE
                                     64 	.area CONST
                                     65 	.area INITIALIZER
                                     66 	.area CABS (ABS)
