                                      1 ;--------------------------------------------------------
                                      2 ; File Created by SDCC : free open source ISO C Compiler 
                                      3 ; Version 4.4.0 #14620 (Linux)
                                      4 ;--------------------------------------------------------
                                      5 	.module stm8s_uart2_ReceiveData9
                                      6 	.optsdcc -mstm8
                                      7 	
                                      8 ;--------------------------------------------------------
                                      9 ; Public variables in this module
                                     10 ;--------------------------------------------------------
                                     11 	.globl _UART2_ReceiveData9
                                     12 ;--------------------------------------------------------
                                     13 ; ram data
                                     14 ;--------------------------------------------------------
                                     15 	.area DATA
                                     16 ;--------------------------------------------------------
                                     17 ; ram data
                                     18 ;--------------------------------------------------------
                                     19 	.area INITIALIZED
                                     20 ;--------------------------------------------------------
                                     21 ; absolute external ram data
                                     22 ;--------------------------------------------------------
                                     23 	.area DABS (ABS)
                                     24 
                                     25 ; default segment ordering for linker
                                     26 	.area HOME
                                     27 	.area GSINIT
                                     28 	.area GSFINAL
                                     29 	.area CONST
                                     30 	.area INITIALIZER
                                     31 	.area CODE
                                     32 
                                     33 ;--------------------------------------------------------
                                     34 ; global & static initialisations
                                     35 ;--------------------------------------------------------
                                     36 	.area HOME
                                     37 	.area GSINIT
                                     38 	.area GSFINAL
                                     39 	.area GSINIT
                                     40 ;--------------------------------------------------------
                                     41 ; Home
                                     42 ;--------------------------------------------------------
                                     43 	.area HOME
                                     44 	.area HOME
                                     45 ;--------------------------------------------------------
                                     46 ; code
                                     47 ;--------------------------------------------------------
                                     48 	.area CODE
                                     49 ;	../STM8S_StdPeriph_Driver/src/stm8s_uart2_ReceiveData9.c: 46: uint16_t UART2_ReceiveData9(void)
                                     50 ;	-----------------------------------------
                                     51 ;	 function UART2_ReceiveData9
                                     52 ;	-----------------------------------------
      000000                         53 _UART2_ReceiveData9:
                                     54 ;	../STM8S_StdPeriph_Driver/src/stm8s_uart2_ReceiveData9.c: 50: temp = ((uint16_t)(((uint16_t)((uint16_t)UART2->CR1 & (uint16_t)UART2_CR1_R8)) << 1));
      000000 C6 52 44         [ 1]   55 	ld	a, 0x5244
      000003 A4 80            [ 1]   56 	and	a, #0x80
      000005 97               [ 1]   57 	ld	xl, a
      000006 4F               [ 1]   58 	clr	a
      000007 95               [ 1]   59 	ld	xh, a
      000008 58               [ 2]   60 	sllw	x
      000009 51               [ 1]   61 	exgw	x, y
                                     62 ;	../STM8S_StdPeriph_Driver/src/stm8s_uart2_ReceiveData9.c: 52: return (uint16_t)((((uint16_t)UART2->DR) | temp) & ((uint16_t)0x01FF));
      00000A C6 52 41         [ 1]   63 	ld	a, 0x5241
      00000D 97               [ 1]   64 	ld	xl, a
      00000E 90 9E            [ 1]   65 	ld	a, yh
      000010 A4 01            [ 1]   66 	and	a, #0x01
      000012 95               [ 1]   67 	ld	xh, a
                                     68 ;	../STM8S_StdPeriph_Driver/src/stm8s_uart2_ReceiveData9.c: 53: }
      000013 81               [ 4]   69 	ret
                                     70 	.area CODE
                                     71 	.area CONST
                                     72 	.area INITIALIZER
                                     73 	.area CABS (ABS)
