                                      1 ;--------------------------------------------------------
                                      2 ; File Created by SDCC : free open source ISO C Compiler 
                                      3 ; Version 4.4.0 #14620 (Linux)
                                      4 ;--------------------------------------------------------
                                      5 	.module stm8s_tim2_ClearFlag
                                      6 	.optsdcc -mstm8
                                      7 	
                                      8 ;--------------------------------------------------------
                                      9 ; Public variables in this module
                                     10 ;--------------------------------------------------------
                                     11 	.globl _assert_failed
                                     12 	.globl _TIM2_ClearFlag
                                     13 ;--------------------------------------------------------
                                     14 ; ram data
                                     15 ;--------------------------------------------------------
                                     16 	.area DATA
                                     17 ;--------------------------------------------------------
                                     18 ; ram data
                                     19 ;--------------------------------------------------------
                                     20 	.area INITIALIZED
                                     21 ;--------------------------------------------------------
                                     22 ; absolute external ram data
                                     23 ;--------------------------------------------------------
                                     24 	.area DABS (ABS)
                                     25 
                                     26 ; default segment ordering for linker
                                     27 	.area HOME
                                     28 	.area GSINIT
                                     29 	.area GSFINAL
                                     30 	.area CONST
                                     31 	.area INITIALIZER
                                     32 	.area CODE
                                     33 
                                     34 ;--------------------------------------------------------
                                     35 ; global & static initialisations
                                     36 ;--------------------------------------------------------
                                     37 	.area HOME
                                     38 	.area GSINIT
                                     39 	.area GSFINAL
                                     40 	.area GSINIT
                                     41 ;--------------------------------------------------------
                                     42 ; Home
                                     43 ;--------------------------------------------------------
                                     44 	.area HOME
                                     45 	.area HOME
                                     46 ;--------------------------------------------------------
                                     47 ; code
                                     48 ;--------------------------------------------------------
                                     49 	.area CODE
                                     50 ;	../STM8S_StdPeriph_Driver/src/stm8s_tim2_ClearFlag.c: 55: void TIM2_ClearFlag(TIM2_FLAG_TypeDef TIM2_FLAG)
                                     51 ;	-----------------------------------------
                                     52 ;	 function TIM2_ClearFlag
                                     53 ;	-----------------------------------------
      000000                         54 _TIM2_ClearFlag:
      000000 89               [ 2]   55 	pushw	x
      000001 1F 01            [ 2]   56 	ldw	(0x01, sp), x
                                     57 ;	../STM8S_StdPeriph_Driver/src/stm8s_tim2_ClearFlag.c: 58: assert_param(IS_TIM2_CLEAR_FLAG_OK(TIM2_FLAG));
      000003 7B 02            [ 1]   58 	ld	a, (0x02, sp)
      000005 A4 F0            [ 1]   59 	and	a, #0xf0
      000007 97               [ 1]   60 	ld	xl, a
      000008 7B 01            [ 1]   61 	ld	a, (0x01, sp)
      00000A A4 F1            [ 1]   62 	and	a, #0xf1
      00000C 95               [ 1]   63 	ld	xh, a
      00000D 5D               [ 2]   64 	tnzw	x
      00000E 26 04            [ 1]   65 	jrne	00103$
      000010 1E 01            [ 2]   66 	ldw	x, (0x01, sp)
      000012 26 0C            [ 1]   67 	jrne	00104$
      000014                         68 00103$:
      000014 4B 3A            [ 1]   69 	push	#0x3a
      000016 5F               [ 1]   70 	clrw	x
      000017 89               [ 2]   71 	pushw	x
      000018 4B 00            [ 1]   72 	push	#0x00
      00001A AEr00r00         [ 2]   73 	ldw	x, #(___str_0+0)
      00001D CDr00r00         [ 4]   74 	call	_assert_failed
      000020                         75 00104$:
                                     76 ;	../STM8S_StdPeriph_Driver/src/stm8s_tim2_ClearFlag.c: 61: TIM2->SR1 = (uint8_t)(~((uint8_t)(TIM2_FLAG)));
      000020 7B 02            [ 1]   77 	ld	a, (0x02, sp)
      000022 43               [ 1]   78 	cpl	a
      000023 C7 53 02         [ 1]   79 	ld	0x5302, a
                                     80 ;	../STM8S_StdPeriph_Driver/src/stm8s_tim2_ClearFlag.c: 62: TIM2->SR2 = (uint8_t)(~((uint8_t)((uint8_t)TIM2_FLAG >> 8)));
      000026 35 FF 53 03      [ 1]   81 	mov	0x5303+0, #0xff
                                     82 ;	../STM8S_StdPeriph_Driver/src/stm8s_tim2_ClearFlag.c: 63: }
      00002A 85               [ 2]   83 	popw	x
      00002B 81               [ 4]   84 	ret
                                     85 	.area CODE
                                     86 	.area CONST
                                     87 	.area CONST
      000000                         88 ___str_0:
      000000 2E 2E 2F 53 54 4D 38    89 	.ascii "../STM8S_StdPeriph_Driver/src/stm8s_tim2_ClearFlag.c"
             53 5F 53 74 64 50 65
             72 69 70 68 5F 44 72
             69 76 65 72 2F 73 72
             63 2F 73 74 6D 38 73
             5F 74 69 6D 32 5F 43
             6C 65 61 72 46 6C 61
             67 2E 63
      000034 00                      90 	.db 0x00
                                     91 	.area CODE
                                     92 	.area INITIALIZER
                                     93 	.area CABS (ABS)
