                                      1 ;--------------------------------------------------------
                                      2 ; File Created by SDCC : free open source ISO C Compiler 
                                      3 ; Version 4.4.0 #14620 (Linux)
                                      4 ;--------------------------------------------------------
                                      5 	.module stm8s_itc_DeInit
                                      6 	.optsdcc -mstm8
                                      7 	
                                      8 ;--------------------------------------------------------
                                      9 ; Public variables in this module
                                     10 ;--------------------------------------------------------
                                     11 	.globl _ITC_DeInit
                                     12 ;--------------------------------------------------------
                                     13 ; ram data
                                     14 ;--------------------------------------------------------
                                     15 	.area DATA
                                     16 ;--------------------------------------------------------
                                     17 ; ram data
                                     18 ;--------------------------------------------------------
                                     19 	.area INITIALIZED
                                     20 ;--------------------------------------------------------
                                     21 ; absolute external ram data
                                     22 ;--------------------------------------------------------
                                     23 	.area DABS (ABS)
                                     24 
                                     25 ; default segment ordering for linker
                                     26 	.area HOME
                                     27 	.area GSINIT
                                     28 	.area GSFINAL
                                     29 	.area CONST
                                     30 	.area INITIALIZER
                                     31 	.area CODE
                                     32 
                                     33 ;--------------------------------------------------------
                                     34 ; global & static initialisations
                                     35 ;--------------------------------------------------------
                                     36 	.area HOME
                                     37 	.area GSINIT
                                     38 	.area GSFINAL
                                     39 	.area GSINIT
                                     40 ;--------------------------------------------------------
                                     41 ; Home
                                     42 ;--------------------------------------------------------
                                     43 	.area HOME
                                     44 	.area HOME
                                     45 ;--------------------------------------------------------
                                     46 ; code
                                     47 ;--------------------------------------------------------
                                     48 	.area CODE
                                     49 ;	../STM8S_StdPeriph_Driver/src/stm8s_itc_DeInit.c: 46: void ITC_DeInit(void)
                                     50 ;	-----------------------------------------
                                     51 ;	 function ITC_DeInit
                                     52 ;	-----------------------------------------
      000000                         53 _ITC_DeInit:
                                     54 ;	../STM8S_StdPeriph_Driver/src/stm8s_itc_DeInit.c: 48: ITC->ISPR1 = ITC_SPRX_RESET_VALUE;
      000000 35 FF 7F 70      [ 1]   55 	mov	0x7f70+0, #0xff
                                     56 ;	../STM8S_StdPeriph_Driver/src/stm8s_itc_DeInit.c: 49: ITC->ISPR2 = ITC_SPRX_RESET_VALUE;
      000004 35 FF 7F 71      [ 1]   57 	mov	0x7f71+0, #0xff
                                     58 ;	../STM8S_StdPeriph_Driver/src/stm8s_itc_DeInit.c: 50: ITC->ISPR3 = ITC_SPRX_RESET_VALUE;
      000008 35 FF 7F 72      [ 1]   59 	mov	0x7f72+0, #0xff
                                     60 ;	../STM8S_StdPeriph_Driver/src/stm8s_itc_DeInit.c: 51: ITC->ISPR4 = ITC_SPRX_RESET_VALUE;
      00000C 35 FF 7F 73      [ 1]   61 	mov	0x7f73+0, #0xff
                                     62 ;	../STM8S_StdPeriph_Driver/src/stm8s_itc_DeInit.c: 52: ITC->ISPR5 = ITC_SPRX_RESET_VALUE;
      000010 35 FF 7F 74      [ 1]   63 	mov	0x7f74+0, #0xff
                                     64 ;	../STM8S_StdPeriph_Driver/src/stm8s_itc_DeInit.c: 53: ITC->ISPR6 = ITC_SPRX_RESET_VALUE;
      000014 35 FF 7F 75      [ 1]   65 	mov	0x7f75+0, #0xff
                                     66 ;	../STM8S_StdPeriph_Driver/src/stm8s_itc_DeInit.c: 54: ITC->ISPR7 = ITC_SPRX_RESET_VALUE;
      000018 35 FF 7F 76      [ 1]   67 	mov	0x7f76+0, #0xff
                                     68 ;	../STM8S_StdPeriph_Driver/src/stm8s_itc_DeInit.c: 55: ITC->ISPR8 = ITC_SPRX_RESET_VALUE;
      00001C 35 FF 7F 77      [ 1]   69 	mov	0x7f77+0, #0xff
                                     70 ;	../STM8S_StdPeriph_Driver/src/stm8s_itc_DeInit.c: 56: }
      000020 81               [ 4]   71 	ret
                                     72 	.area CODE
                                     73 	.area CONST
                                     74 	.area INITIALIZER
                                     75 	.area CABS (ABS)
