                                      1 ;--------------------------------------------------------
                                      2 ; File Created by SDCC : free open source ISO C Compiler 
                                      3 ; Version 4.4.0 #14620 (Linux)
                                      4 ;--------------------------------------------------------
                                      5 	.module stm8s_tim1_BDTRConfig
                                      6 	.optsdcc -mstm8
                                      7 	
                                      8 ;--------------------------------------------------------
                                      9 ; Public variables in this module
                                     10 ;--------------------------------------------------------
                                     11 	.globl _assert_failed
                                     12 	.globl _TIM1_BDTRConfig
                                     13 ;--------------------------------------------------------
                                     14 ; ram data
                                     15 ;--------------------------------------------------------
                                     16 	.area DATA
                                     17 ;--------------------------------------------------------
                                     18 ; ram data
                                     19 ;--------------------------------------------------------
                                     20 	.area INITIALIZED
                                     21 ;--------------------------------------------------------
                                     22 ; absolute external ram data
                                     23 ;--------------------------------------------------------
                                     24 	.area DABS (ABS)
                                     25 
                                     26 ; default segment ordering for linker
                                     27 	.area HOME
                                     28 	.area GSINIT
                                     29 	.area GSFINAL
                                     30 	.area CONST
                                     31 	.area INITIALIZER
                                     32 	.area CODE
                                     33 
                                     34 ;--------------------------------------------------------
                                     35 ; global & static initialisations
                                     36 ;--------------------------------------------------------
                                     37 	.area HOME
                                     38 	.area GSINIT
                                     39 	.area GSFINAL
                                     40 	.area GSINIT
                                     41 ;--------------------------------------------------------
                                     42 ; Home
                                     43 ;--------------------------------------------------------
                                     44 	.area HOME
                                     45 	.area HOME
                                     46 ;--------------------------------------------------------
                                     47 ; code
                                     48 ;--------------------------------------------------------
                                     49 	.area CODE
                                     50 ;	../STM8S_StdPeriph_Driver/src/stm8s_tim1_BDTRConfig.c: 55: void TIM1_BDTRConfig(TIM1_OSSIState_TypeDef TIM1_OSSIState,
                                     51 ;	-----------------------------------------
                                     52 ;	 function TIM1_BDTRConfig
                                     53 ;	-----------------------------------------
      000000                         54 _TIM1_BDTRConfig:
      000000 89               [ 2]   55 	pushw	x
                                     56 ;	../STM8S_StdPeriph_Driver/src/stm8s_tim1_BDTRConfig.c: 63: assert_param(IS_TIM1_OSSI_STATE_OK(TIM1_OSSIState));
      000001 6B 02            [ 1]   57 	ld	(0x02, sp), a
      000003 A1 04            [ 1]   58 	cp	a, #0x04
      000005 27 10            [ 1]   59 	jreq	00104$
      000007 0D 02            [ 1]   60 	tnz	(0x02, sp)
      000009 27 0C            [ 1]   61 	jreq	00104$
      00000B 4B 3F            [ 1]   62 	push	#0x3f
      00000D 5F               [ 1]   63 	clrw	x
      00000E 89               [ 2]   64 	pushw	x
      00000F 4B 00            [ 1]   65 	push	#0x00
      000011 AEr00r00         [ 2]   66 	ldw	x, #(___str_0+0)
      000014 CDr00r00         [ 4]   67 	call	_assert_failed
      000017                         68 00104$:
                                     69 ;	../STM8S_StdPeriph_Driver/src/stm8s_tim1_BDTRConfig.c: 64: assert_param(IS_TIM1_LOCK_LEVEL_OK(TIM1_LockLevel));
      000017 0D 05            [ 1]   70 	tnz	(0x05, sp)
      000019 27 1D            [ 1]   71 	jreq	00109$
      00001B 7B 05            [ 1]   72 	ld	a, (0x05, sp)
      00001D 4A               [ 1]   73 	dec	a
      00001E 27 18            [ 1]   74 	jreq	00109$
      000020 7B 05            [ 1]   75 	ld	a, (0x05, sp)
      000022 A1 02            [ 1]   76 	cp	a, #0x02
      000024 27 12            [ 1]   77 	jreq	00109$
      000026 7B 05            [ 1]   78 	ld	a, (0x05, sp)
      000028 A1 03            [ 1]   79 	cp	a, #0x03
      00002A 27 0C            [ 1]   80 	jreq	00109$
      00002C 4B 40            [ 1]   81 	push	#0x40
      00002E 5F               [ 1]   82 	clrw	x
      00002F 89               [ 2]   83 	pushw	x
      000030 4B 00            [ 1]   84 	push	#0x00
      000032 AEr00r00         [ 2]   85 	ldw	x, #(___str_0+0)
      000035 CDr00r00         [ 4]   86 	call	_assert_failed
      000038                         87 00109$:
                                     88 ;	../STM8S_StdPeriph_Driver/src/stm8s_tim1_BDTRConfig.c: 65: assert_param(IS_TIM1_BREAK_STATE_OK(TIM1_Break));
      000038 7B 07            [ 1]   89 	ld	a, (0x07, sp)
      00003A A1 10            [ 1]   90 	cp	a, #0x10
      00003C 27 10            [ 1]   91 	jreq	00120$
      00003E 0D 07            [ 1]   92 	tnz	(0x07, sp)
      000040 27 0C            [ 1]   93 	jreq	00120$
      000042 4B 41            [ 1]   94 	push	#0x41
      000044 5F               [ 1]   95 	clrw	x
      000045 89               [ 2]   96 	pushw	x
      000046 4B 00            [ 1]   97 	push	#0x00
      000048 AEr00r00         [ 2]   98 	ldw	x, #(___str_0+0)
      00004B CDr00r00         [ 4]   99 	call	_assert_failed
      00004E                        100 00120$:
                                    101 ;	../STM8S_StdPeriph_Driver/src/stm8s_tim1_BDTRConfig.c: 66: assert_param(IS_TIM1_BREAK_POLARITY_OK(TIM1_BreakPolarity));
      00004E 0D 08            [ 1]  102 	tnz	(0x08, sp)
      000050 27 12            [ 1]  103 	jreq	00125$
      000052 7B 08            [ 1]  104 	ld	a, (0x08, sp)
      000054 A1 20            [ 1]  105 	cp	a, #0x20
      000056 27 0C            [ 1]  106 	jreq	00125$
      000058 4B 42            [ 1]  107 	push	#0x42
      00005A 5F               [ 1]  108 	clrw	x
      00005B 89               [ 2]  109 	pushw	x
      00005C 4B 00            [ 1]  110 	push	#0x00
      00005E AEr00r00         [ 2]  111 	ldw	x, #(___str_0+0)
      000061 CDr00r00         [ 4]  112 	call	_assert_failed
      000064                        113 00125$:
                                    114 ;	../STM8S_StdPeriph_Driver/src/stm8s_tim1_BDTRConfig.c: 67: assert_param(IS_TIM1_AUTOMATIC_OUTPUT_STATE_OK(TIM1_AutomaticOutput));
      000064 7B 09            [ 1]  115 	ld	a, (0x09, sp)
      000066 A1 40            [ 1]  116 	cp	a, #0x40
      000068 27 10            [ 1]  117 	jreq	00130$
      00006A 0D 09            [ 1]  118 	tnz	(0x09, sp)
      00006C 27 0C            [ 1]  119 	jreq	00130$
      00006E 4B 43            [ 1]  120 	push	#0x43
      000070 5F               [ 1]  121 	clrw	x
      000071 89               [ 2]  122 	pushw	x
      000072 4B 00            [ 1]  123 	push	#0x00
      000074 AEr00r00         [ 2]  124 	ldw	x, #(___str_0+0)
      000077 CDr00r00         [ 4]  125 	call	_assert_failed
      00007A                        126 00130$:
                                    127 ;	../STM8S_StdPeriph_Driver/src/stm8s_tim1_BDTRConfig.c: 69: TIM1->DTR = (uint8_t)(TIM1_DeadTime);
      00007A AE 52 6E         [ 2]  128 	ldw	x, #0x526e
      00007D 7B 06            [ 1]  129 	ld	a, (0x06, sp)
      00007F F7               [ 1]  130 	ld	(x), a
                                    131 ;	../STM8S_StdPeriph_Driver/src/stm8s_tim1_BDTRConfig.c: 73: TIM1->BKR  =  (uint8_t)((uint8_t)(TIM1_OSSIState | (uint8_t)TIM1_LockLevel)  | 
      000080 7B 02            [ 1]  132 	ld	a, (0x02, sp)
      000082 1A 05            [ 1]  133 	or	a, (0x05, sp)
      000084 6B 01            [ 1]  134 	ld	(0x01, sp), a
                                    135 ;	../STM8S_StdPeriph_Driver/src/stm8s_tim1_BDTRConfig.c: 74: (uint8_t)((uint8_t)(TIM1_Break | (uint8_t)TIM1_BreakPolarity)  | 
      000086 7B 07            [ 1]  136 	ld	a, (0x07, sp)
      000088 1A 08            [ 1]  137 	or	a, (0x08, sp)
                                    138 ;	../STM8S_StdPeriph_Driver/src/stm8s_tim1_BDTRConfig.c: 75: (uint8_t)TIM1_AutomaticOutput));
      00008A 1A 09            [ 1]  139 	or	a, (0x09, sp)
      00008C 1A 01            [ 1]  140 	or	a, (0x01, sp)
      00008E C7 52 6D         [ 1]  141 	ld	0x526d, a
                                    142 ;	../STM8S_StdPeriph_Driver/src/stm8s_tim1_BDTRConfig.c: 76: }
      000091 1E 03            [ 2]  143 	ldw	x, (3, sp)
      000093 5B 09            [ 2]  144 	addw	sp, #9
      000095 FC               [ 2]  145 	jp	(x)
                                    146 	.area CODE
                                    147 	.area CONST
                                    148 	.area CONST
      000000                        149 ___str_0:
      000000 2E 2E 2F 53 54 4D 38   150 	.ascii "../STM8S_StdPeriph_Driver/src/stm8s_tim1_BDTRConfig.c"
             53 5F 53 74 64 50 65
             72 69 70 68 5F 44 72
             69 76 65 72 2F 73 72
             63 2F 73 74 6D 38 73
             5F 74 69 6D 31 5F 42
             44 54 52 43 6F 6E 66
             69 67 2E 63
      000035 00                     151 	.db 0x00
                                    152 	.area CODE
                                    153 	.area INITIALIZER
                                    154 	.area CABS (ABS)
