                                      1 ;--------------------------------------------------------
                                      2 ; File Created by SDCC : free open source ISO C Compiler 
                                      3 ; Version 4.4.0 #14620 (Linux)
                                      4 ;--------------------------------------------------------
                                      5 	.module stm8s_tim2_GetITStatus
                                      6 	.optsdcc -mstm8
                                      7 	
                                      8 ;--------------------------------------------------------
                                      9 ; Public variables in this module
                                     10 ;--------------------------------------------------------
                                     11 	.globl _assert_failed
                                     12 	.globl _TIM2_GetITStatus
                                     13 ;--------------------------------------------------------
                                     14 ; ram data
                                     15 ;--------------------------------------------------------
                                     16 	.area DATA
                                     17 ;--------------------------------------------------------
                                     18 ; ram data
                                     19 ;--------------------------------------------------------
                                     20 	.area INITIALIZED
                                     21 ;--------------------------------------------------------
                                     22 ; absolute external ram data
                                     23 ;--------------------------------------------------------
                                     24 	.area DABS (ABS)
                                     25 
                                     26 ; default segment ordering for linker
                                     27 	.area HOME
                                     28 	.area GSINIT
                                     29 	.area GSFINAL
                                     30 	.area CONST
                                     31 	.area INITIALIZER
                                     32 	.area CODE
                                     33 
                                     34 ;--------------------------------------------------------
                                     35 ; global & static initialisations
                                     36 ;--------------------------------------------------------
                                     37 	.area HOME
                                     38 	.area GSINIT
                                     39 	.area GSFINAL
                                     40 	.area GSINIT
                                     41 ;--------------------------------------------------------
                                     42 ; Home
                                     43 ;--------------------------------------------------------
                                     44 	.area HOME
                                     45 	.area HOME
                                     46 ;--------------------------------------------------------
                                     47 ; code
                                     48 ;--------------------------------------------------------
                                     49 	.area CODE
                                     50 ;	../STM8S_StdPeriph_Driver/src/stm8s_tim2_GetITStatus.c: 52: ITStatus TIM2_GetITStatus(TIM2_IT_TypeDef TIM2_IT)
                                     51 ;	-----------------------------------------
                                     52 ;	 function TIM2_GetITStatus
                                     53 ;	-----------------------------------------
      000000                         54 _TIM2_GetITStatus:
      000000 89               [ 2]   55 	pushw	x
                                     56 ;	../STM8S_StdPeriph_Driver/src/stm8s_tim2_GetITStatus.c: 58: assert_param(IS_TIM2_GET_IT_OK(TIM2_IT));
      000001 6B 02            [ 1]   57 	ld	(0x02, sp), a
      000003 4A               [ 1]   58 	dec	a
      000004 27 1E            [ 1]   59 	jreq	00108$
      000006 7B 02            [ 1]   60 	ld	a, (0x02, sp)
      000008 A1 02            [ 1]   61 	cp	a, #0x02
      00000A 27 18            [ 1]   62 	jreq	00108$
      00000C 7B 02            [ 1]   63 	ld	a, (0x02, sp)
      00000E A1 04            [ 1]   64 	cp	a, #0x04
      000010 27 12            [ 1]   65 	jreq	00108$
      000012 7B 02            [ 1]   66 	ld	a, (0x02, sp)
      000014 A1 08            [ 1]   67 	cp	a, #0x08
      000016 27 0C            [ 1]   68 	jreq	00108$
      000018 4B 3A            [ 1]   69 	push	#0x3a
      00001A 5F               [ 1]   70 	clrw	x
      00001B 89               [ 2]   71 	pushw	x
      00001C 4B 00            [ 1]   72 	push	#0x00
      00001E AEr00r00         [ 2]   73 	ldw	x, #(___str_0+0)
      000021 CDr00r00         [ 4]   74 	call	_assert_failed
      000024                         75 00108$:
                                     76 ;	../STM8S_StdPeriph_Driver/src/stm8s_tim2_GetITStatus.c: 60: TIM2_itStatus = (uint8_t)(TIM2->SR1 & TIM2_IT);
      000024 C6 53 02         [ 1]   77 	ld	a, 0x5302
      000027 14 02            [ 1]   78 	and	a, (0x02, sp)
      000029 6B 01            [ 1]   79 	ld	(0x01, sp), a
                                     80 ;	../STM8S_StdPeriph_Driver/src/stm8s_tim2_GetITStatus.c: 62: TIM2_itEnable = (uint8_t)(TIM2->IER & TIM2_IT);
      00002B C6 53 01         [ 1]   81 	ld	a, 0x5301
      00002E 14 02            [ 1]   82 	and	a, (0x02, sp)
                                     83 ;	../STM8S_StdPeriph_Driver/src/stm8s_tim2_GetITStatus.c: 64: if ((TIM2_itStatus != (uint8_t)RESET ) && (TIM2_itEnable != (uint8_t)RESET ))
      000030 0D 01            [ 1]   84 	tnz	(0x01, sp)
      000032 27 06            [ 1]   85 	jreq	00102$
      000034 4D               [ 1]   86 	tnz	a
      000035 27 03            [ 1]   87 	jreq	00102$
                                     88 ;	../STM8S_StdPeriph_Driver/src/stm8s_tim2_GetITStatus.c: 66: bitstatus = SET;
      000037 A6 01            [ 1]   89 	ld	a, #0x01
                                     90 ;	../STM8S_StdPeriph_Driver/src/stm8s_tim2_GetITStatus.c: 70: bitstatus = RESET;
      000039 21                      91 	.byte 0x21
      00003A                         92 00102$:
      00003A 4F               [ 1]   93 	clr	a
      00003B                         94 00103$:
                                     95 ;	../STM8S_StdPeriph_Driver/src/stm8s_tim2_GetITStatus.c: 72: return (ITStatus)(bitstatus);
                                     96 ;	../STM8S_StdPeriph_Driver/src/stm8s_tim2_GetITStatus.c: 73: }
      00003B 85               [ 2]   97 	popw	x
      00003C 81               [ 4]   98 	ret
                                     99 	.area CODE
                                    100 	.area CONST
                                    101 	.area CONST
      000000                        102 ___str_0:
      000000 2E 2E 2F 53 54 4D 38   103 	.ascii "../STM8S_StdPeriph_Driver/src/stm8s_tim2_GetITStatus.c"
             53 5F 53 74 64 50 65
             72 69 70 68 5F 44 72
             69 76 65 72 2F 73 72
             63 2F 73 74 6D 38 73
             5F 74 69 6D 32 5F 47
             65 74 49 54 53 74 61
             74 75 73 2E 63
      000036 00                     104 	.db 0x00
                                    105 	.area CODE
                                    106 	.area INITIALIZER
                                    107 	.area CABS (ABS)
