                                      1 ;--------------------------------------------------------
                                      2 ; File Created by SDCC : free open source ISO C Compiler 
                                      3 ; Version 4.4.0 #14620 (Linux)
                                      4 ;--------------------------------------------------------
                                      5 	.module stm8s_uart2_WakeUpConfig
                                      6 	.optsdcc -mstm8
                                      7 	
                                      8 ;--------------------------------------------------------
                                      9 ; Public variables in this module
                                     10 ;--------------------------------------------------------
                                     11 	.globl _assert_failed
                                     12 	.globl _UART2_WakeUpConfig
                                     13 ;--------------------------------------------------------
                                     14 ; ram data
                                     15 ;--------------------------------------------------------
                                     16 	.area DATA
                                     17 ;--------------------------------------------------------
                                     18 ; ram data
                                     19 ;--------------------------------------------------------
                                     20 	.area INITIALIZED
                                     21 ;--------------------------------------------------------
                                     22 ; absolute external ram data
                                     23 ;--------------------------------------------------------
                                     24 	.area DABS (ABS)
                                     25 
                                     26 ; default segment ordering for linker
                                     27 	.area HOME
                                     28 	.area GSINIT
                                     29 	.area GSFINAL
                                     30 	.area CONST
                                     31 	.area INITIALIZER
                                     32 	.area CODE
                                     33 
                                     34 ;--------------------------------------------------------
                                     35 ; global & static initialisations
                                     36 ;--------------------------------------------------------
                                     37 	.area HOME
                                     38 	.area GSINIT
                                     39 	.area GSFINAL
                                     40 	.area GSINIT
                                     41 ;--------------------------------------------------------
                                     42 ; Home
                                     43 ;--------------------------------------------------------
                                     44 	.area HOME
                                     45 	.area HOME
                                     46 ;--------------------------------------------------------
                                     47 ; code
                                     48 ;--------------------------------------------------------
                                     49 	.area CODE
                                     50 ;	../STM8S_StdPeriph_Driver/src/stm8s_uart2_WakeUpConfig.c: 47: void UART2_WakeUpConfig(UART2_WakeUp_TypeDef UART2_WakeUp)
                                     51 ;	-----------------------------------------
                                     52 ;	 function UART2_WakeUpConfig
                                     53 ;	-----------------------------------------
      000000                         54 _UART2_WakeUpConfig:
      000000 88               [ 1]   55 	push	a
                                     56 ;	../STM8S_StdPeriph_Driver/src/stm8s_uart2_WakeUpConfig.c: 49: assert_param(IS_UART2_WAKEUP_OK(UART2_WakeUp));
      000001 6B 01            [ 1]   57 	ld	(0x01, sp), a
      000003 27 12            [ 1]   58 	jreq	00104$
      000005 7B 01            [ 1]   59 	ld	a, (0x01, sp)
      000007 A1 08            [ 1]   60 	cp	a, #0x08
      000009 27 0C            [ 1]   61 	jreq	00104$
      00000B 4B 31            [ 1]   62 	push	#0x31
      00000D 5F               [ 1]   63 	clrw	x
      00000E 89               [ 2]   64 	pushw	x
      00000F 4B 00            [ 1]   65 	push	#0x00
      000011 AEr00r00         [ 2]   66 	ldw	x, #(___str_0+0)
      000014 CDr00r00         [ 4]   67 	call	_assert_failed
      000017                         68 00104$:
                                     69 ;	../STM8S_StdPeriph_Driver/src/stm8s_uart2_WakeUpConfig.c: 51: UART2->CR1 &= ((uint8_t)~UART2_CR1_WAKE);
      000017 72 17 52 44      [ 1]   70 	bres	0x5244, #3
                                     71 ;	../STM8S_StdPeriph_Driver/src/stm8s_uart2_WakeUpConfig.c: 52: UART2->CR1 |= (uint8_t)UART2_WakeUp;
      00001B C6 52 44         [ 1]   72 	ld	a, 0x5244
      00001E 1A 01            [ 1]   73 	or	a, (0x01, sp)
      000020 C7 52 44         [ 1]   74 	ld	0x5244, a
                                     75 ;	../STM8S_StdPeriph_Driver/src/stm8s_uart2_WakeUpConfig.c: 53: }
      000023 84               [ 1]   76 	pop	a
      000024 81               [ 4]   77 	ret
                                     78 	.area CODE
                                     79 	.area CONST
                                     80 	.area CONST
      000000                         81 ___str_0:
      000000 2E 2E 2F 53 54 4D 38    82 	.ascii "../STM8S_StdPeriph_Driver/src/stm8s_uart2_WakeUpConfig.c"
             53 5F 53 74 64 50 65
             72 69 70 68 5F 44 72
             69 76 65 72 2F 73 72
             63 2F 73 74 6D 38 73
             5F 75 61 72 74 32 5F
             57 61 6B 65 55 70 43
             6F 6E 66 69 67 2E 63
      000038 00                      83 	.db 0x00
                                     84 	.area CODE
                                     85 	.area INITIALIZER
                                     86 	.area CABS (ABS)
