                                      1 ;--------------------------------------------------------
                                      2 ; File Created by SDCC : free open source ISO C Compiler 
                                      3 ; Version 4.4.0 #14620 (Linux)
                                      4 ;--------------------------------------------------------
                                      5 	.module stm8s_wwdg_SetWindowValue
                                      6 	.optsdcc -mstm8
                                      7 	
                                      8 ;--------------------------------------------------------
                                      9 ; Public variables in this module
                                     10 ;--------------------------------------------------------
                                     11 	.globl _assert_failed
                                     12 	.globl _WWDG_SetWindowValue
                                     13 ;--------------------------------------------------------
                                     14 ; ram data
                                     15 ;--------------------------------------------------------
                                     16 	.area DATA
                                     17 ;--------------------------------------------------------
                                     18 ; ram data
                                     19 ;--------------------------------------------------------
                                     20 	.area INITIALIZED
                                     21 ;--------------------------------------------------------
                                     22 ; absolute external ram data
                                     23 ;--------------------------------------------------------
                                     24 	.area DABS (ABS)
                                     25 
                                     26 ; default segment ordering for linker
                                     27 	.area HOME
                                     28 	.area GSINIT
                                     29 	.area GSFINAL
                                     30 	.area CONST
                                     31 	.area INITIALIZER
                                     32 	.area CODE
                                     33 
                                     34 ;--------------------------------------------------------
                                     35 ; global & static initialisations
                                     36 ;--------------------------------------------------------
                                     37 	.area HOME
                                     38 	.area GSINIT
                                     39 	.area GSFINAL
                                     40 	.area GSINIT
                                     41 ;--------------------------------------------------------
                                     42 ; Home
                                     43 ;--------------------------------------------------------
                                     44 	.area HOME
                                     45 	.area HOME
                                     46 ;--------------------------------------------------------
                                     47 ; code
                                     48 ;--------------------------------------------------------
                                     49 	.area CODE
                                     50 ;	../STM8S_StdPeriph_Driver/src/stm8s_wwdg_SetWindowValue.c: 49: void WWDG_SetWindowValue(uint8_t WindowValue)
                                     51 ;	-----------------------------------------
                                     52 ;	 function WWDG_SetWindowValue
                                     53 ;	-----------------------------------------
      000000                         54 _WWDG_SetWindowValue:
                                     55 ;	../STM8S_StdPeriph_Driver/src/stm8s_wwdg_SetWindowValue.c: 52: assert_param(IS_WWDG_WINDOWLIMITVALUE_OK(WindowValue));
      000000 A1 7F            [ 1]   56 	cp	a, #0x7f
      000002 23 0E            [ 2]   57 	jrule	00104$
      000004 88               [ 1]   58 	push	a
      000005 4B 34            [ 1]   59 	push	#0x34
      000007 5F               [ 1]   60 	clrw	x
      000008 89               [ 2]   61 	pushw	x
      000009 4B 00            [ 1]   62 	push	#0x00
      00000B AEr00r00         [ 2]   63 	ldw	x, #(___str_0+0)
      00000E CDr00r00         [ 4]   64 	call	_assert_failed
      000011 84               [ 1]   65 	pop	a
      000012                         66 00104$:
                                     67 ;	../STM8S_StdPeriph_Driver/src/stm8s_wwdg_SetWindowValue.c: 54: WWDG->WR = (uint8_t)((uint8_t)(~WWDG_CR_WDGA) & (uint8_t)(WWDG_CR_T6 | WindowValue));
      000012 AA 40            [ 1]   68 	or	a, #0x40
      000014 A4 7F            [ 1]   69 	and	a, #0x7f
      000016 C7 50 D2         [ 1]   70 	ld	0x50d2, a
                                     71 ;	../STM8S_StdPeriph_Driver/src/stm8s_wwdg_SetWindowValue.c: 55: }
      000019 81               [ 4]   72 	ret
                                     73 	.area CODE
                                     74 	.area CONST
                                     75 	.area CONST
      000000                         76 ___str_0:
      000000 2E 2E 2F 53 54 4D 38    77 	.ascii "../STM8S_StdPeriph_Driver/src/stm8s_wwdg_SetWindowValue.c"
             53 5F 53 74 64 50 65
             72 69 70 68 5F 44 72
             69 76 65 72 2F 73 72
             63 2F 73 74 6D 38 73
             5F 77 77 64 67 5F 53
             65 74 57 69 6E 64 6F
             77 56 61 6C 75 65 2E
             63
      000039 00                      78 	.db 0x00
                                     79 	.area CODE
                                     80 	.area INITIALIZER
                                     81 	.area CABS (ABS)
