                                      1 ;--------------------------------------------------------
                                      2 ; File Created by SDCC : free open source ISO C Compiler 
                                      3 ; Version 4.4.0 #14620 (Linux)
                                      4 ;--------------------------------------------------------
                                      5 	.module stm8s_iwdg_Enable
                                      6 	.optsdcc -mstm8
                                      7 	
                                      8 ;--------------------------------------------------------
                                      9 ; Public variables in this module
                                     10 ;--------------------------------------------------------
                                     11 	.globl _IWDG_Enable
                                     12 ;--------------------------------------------------------
                                     13 ; ram data
                                     14 ;--------------------------------------------------------
                                     15 	.area DATA
                                     16 ;--------------------------------------------------------
                                     17 ; ram data
                                     18 ;--------------------------------------------------------
                                     19 	.area INITIALIZED
                                     20 ;--------------------------------------------------------
                                     21 ; absolute external ram data
                                     22 ;--------------------------------------------------------
                                     23 	.area DABS (ABS)
                                     24 
                                     25 ; default segment ordering for linker
                                     26 	.area HOME
                                     27 	.area GSINIT
                                     28 	.area GSFINAL
                                     29 	.area CONST
                                     30 	.area INITIALIZER
                                     31 	.area CODE
                                     32 
                                     33 ;--------------------------------------------------------
                                     34 ; global & static initialisations
                                     35 ;--------------------------------------------------------
                                     36 	.area HOME
                                     37 	.area GSINIT
                                     38 	.area GSFINAL
                                     39 	.area GSINIT
                                     40 ;--------------------------------------------------------
                                     41 ; Home
                                     42 ;--------------------------------------------------------
                                     43 	.area HOME
                                     44 	.area HOME
                                     45 ;--------------------------------------------------------
                                     46 ; code
                                     47 ;--------------------------------------------------------
                                     48 	.area CODE
                                     49 ;	../STM8S_StdPeriph_Driver/src/stm8s_iwdg_Enable.c: 46: void IWDG_Enable(void)
                                     50 ;	-----------------------------------------
                                     51 ;	 function IWDG_Enable
                                     52 ;	-----------------------------------------
      000000                         53 _IWDG_Enable:
                                     54 ;	../STM8S_StdPeriph_Driver/src/stm8s_iwdg_Enable.c: 48: IWDG->KR = IWDG_KEY_ENABLE;
      000000 35 CC 50 E0      [ 1]   55 	mov	0x50e0+0, #0xcc
                                     56 ;	../STM8S_StdPeriph_Driver/src/stm8s_iwdg_Enable.c: 49: }
      000004 81               [ 4]   57 	ret
                                     58 	.area CODE
                                     59 	.area CONST
                                     60 	.area INITIALIZER
                                     61 	.area CABS (ABS)
