                                      1 ;--------------------------------------------------------
                                      2 ; File Created by SDCC : free open source ISO C Compiler 
                                      3 ; Version 4.4.0 #14620 (Linux)
                                      4 ;--------------------------------------------------------
                                      5 	.module stm8s_i2c_ClearFlag
                                      6 	.optsdcc -mstm8
                                      7 	
                                      8 ;--------------------------------------------------------
                                      9 ; Public variables in this module
                                     10 ;--------------------------------------------------------
                                     11 	.globl _assert_failed
                                     12 	.globl _I2C_ClearFlag
                                     13 ;--------------------------------------------------------
                                     14 ; ram data
                                     15 ;--------------------------------------------------------
                                     16 	.area DATA
                                     17 ;--------------------------------------------------------
                                     18 ; ram data
                                     19 ;--------------------------------------------------------
                                     20 	.area INITIALIZED
                                     21 ;--------------------------------------------------------
                                     22 ; absolute external ram data
                                     23 ;--------------------------------------------------------
                                     24 	.area DABS (ABS)
                                     25 
                                     26 ; default segment ordering for linker
                                     27 	.area HOME
                                     28 	.area GSINIT
                                     29 	.area GSFINAL
                                     30 	.area CONST
                                     31 	.area INITIALIZER
                                     32 	.area CODE
                                     33 
                                     34 ;--------------------------------------------------------
                                     35 ; global & static initialisations
                                     36 ;--------------------------------------------------------
                                     37 	.area HOME
                                     38 	.area GSINIT
                                     39 	.area GSFINAL
                                     40 	.area GSINIT
                                     41 ;--------------------------------------------------------
                                     42 ; Home
                                     43 ;--------------------------------------------------------
                                     44 	.area HOME
                                     45 	.area HOME
                                     46 ;--------------------------------------------------------
                                     47 ; code
                                     48 ;--------------------------------------------------------
                                     49 	.area CODE
                                     50 ;	../STM8S_StdPeriph_Driver/src/stm8s_i2c_ClearFlag.c: 74: void I2C_ClearFlag(I2C_Flag_TypeDef I2C_FLAG)
                                     51 ;	-----------------------------------------
                                     52 ;	 function I2C_ClearFlag
                                     53 ;	-----------------------------------------
      000000                         54 _I2C_ClearFlag:
                                     55 ;	../STM8S_StdPeriph_Driver/src/stm8s_i2c_ClearFlag.c: 78: assert_param(IS_I2C_CLEAR_FLAG_OK(I2C_FLAG));
      000000 9E               [ 1]   56 	ld	a, xh
      000001 A5 FD            [ 1]   57 	bcp	a, #0xfd
      000003 26 03            [ 1]   58 	jrne	00103$
      000005 5D               [ 2]   59 	tnzw	x
      000006 26 10            [ 1]   60 	jrne	00104$
      000008                         61 00103$:
      000008 89               [ 2]   62 	pushw	x
      000009 4B 4E            [ 1]   63 	push	#0x4e
      00000B 4B 00            [ 1]   64 	push	#0x00
      00000D 4B 00            [ 1]   65 	push	#0x00
      00000F 4B 00            [ 1]   66 	push	#0x00
      000011 AEr00r00         [ 2]   67 	ldw	x, #(___str_0+0)
      000014 CDr00r00         [ 4]   68 	call	_assert_failed
      000017 85               [ 2]   69 	popw	x
      000018                         70 00104$:
                                     71 ;	../STM8S_StdPeriph_Driver/src/stm8s_i2c_ClearFlag.c: 81: flagpos = (uint16_t)I2C_FLAG & FLAG_Mask;
      000018 4F               [ 1]   72 	clr	a
      000019 95               [ 1]   73 	ld	xh, a
                                     74 ;	../STM8S_StdPeriph_Driver/src/stm8s_i2c_ClearFlag.c: 83: I2C->SR2 = (uint8_t)((uint16_t)(~flagpos));
      00001A 53               [ 2]   75 	cplw	x
      00001B 9F               [ 1]   76 	ld	a, xl
      00001C C7 52 18         [ 1]   77 	ld	0x5218, a
                                     78 ;	../STM8S_StdPeriph_Driver/src/stm8s_i2c_ClearFlag.c: 84: }
      00001F 81               [ 4]   79 	ret
                                     80 	.area CODE
                                     81 	.area CONST
                                     82 	.area CONST
      000000                         83 ___str_0:
      000000 2E 2E 2F 53 54 4D 38    84 	.ascii "../STM8S_StdPeriph_Driver/src/stm8s_i2c_ClearFlag.c"
             53 5F 53 74 64 50 65
             72 69 70 68 5F 44 72
             69 76 65 72 2F 73 72
             63 2F 73 74 6D 38 73
             5F 69 32 63 5F 43 6C
             65 61 72 46 6C 61 67
             2E 63
      000033 00                      85 	.db 0x00
                                     86 	.area CODE
                                     87 	.area INITIALIZER
                                     88 	.area CABS (ABS)
