                                      1 ;--------------------------------------------------------
                                      2 ; File Created by SDCC : free open source ISO C Compiler 
                                      3 ; Version 4.4.0 #14620 (Linux)
                                      4 ;--------------------------------------------------------
                                      5 	.module stm8s_awu_IdleModeEnable
                                      6 	.optsdcc -mstm8
                                      7 	
                                      8 ;--------------------------------------------------------
                                      9 ; Public variables in this module
                                     10 ;--------------------------------------------------------
                                     11 	.globl _AWU_IdleModeEnable
                                     12 ;--------------------------------------------------------
                                     13 ; ram data
                                     14 ;--------------------------------------------------------
                                     15 	.area DATA
                                     16 ;--------------------------------------------------------
                                     17 ; ram data
                                     18 ;--------------------------------------------------------
                                     19 	.area INITIALIZED
                                     20 ;--------------------------------------------------------
                                     21 ; absolute external ram data
                                     22 ;--------------------------------------------------------
                                     23 	.area DABS (ABS)
                                     24 
                                     25 ; default segment ordering for linker
                                     26 	.area HOME
                                     27 	.area GSINIT
                                     28 	.area GSFINAL
                                     29 	.area CONST
                                     30 	.area INITIALIZER
                                     31 	.area CODE
                                     32 
                                     33 ;--------------------------------------------------------
                                     34 ; global & static initialisations
                                     35 ;--------------------------------------------------------
                                     36 	.area HOME
                                     37 	.area GSINIT
                                     38 	.area GSFINAL
                                     39 	.area GSINIT
                                     40 ;--------------------------------------------------------
                                     41 ; Home
                                     42 ;--------------------------------------------------------
                                     43 	.area HOME
                                     44 	.area HOME
                                     45 ;--------------------------------------------------------
                                     46 ; code
                                     47 ;--------------------------------------------------------
                                     48 	.area CODE
                                     49 ;	../STM8S_StdPeriph_Driver/src/stm8s_awu_IdleModeEnable.c: 47: void AWU_IdleModeEnable(void)
                                     50 ;	-----------------------------------------
                                     51 ;	 function AWU_IdleModeEnable
                                     52 ;	-----------------------------------------
      000000                         53 _AWU_IdleModeEnable:
                                     54 ;	../STM8S_StdPeriph_Driver/src/stm8s_awu_IdleModeEnable.c: 50: AWU->CSR &= (uint8_t)(~AWU_CSR_AWUEN);
      000000 72 19 50 F0      [ 1]   55 	bres	0x50f0, #4
                                     56 ;	../STM8S_StdPeriph_Driver/src/stm8s_awu_IdleModeEnable.c: 53: AWU->TBR = (uint8_t)(~AWU_TBR_AWUTB);
      000004 35 F0 50 F2      [ 1]   57 	mov	0x50f2+0, #0xf0
                                     58 ;	../STM8S_StdPeriph_Driver/src/stm8s_awu_IdleModeEnable.c: 54: }
      000008 81               [ 4]   59 	ret
                                     60 	.area CODE
                                     61 	.area CONST
                                     62 	.area INITIALIZER
                                     63 	.area CABS (ABS)
