                                      1 ;--------------------------------------------------------
                                      2 ; File Created by SDCC : free open source ISO C Compiler 
                                      3 ; Version 4.4.0 #14620 (Linux)
                                      4 ;--------------------------------------------------------
                                      5 	.module stm8s_tim1_SelectSlaveMode
                                      6 	.optsdcc -mstm8
                                      7 	
                                      8 ;--------------------------------------------------------
                                      9 ; Public variables in this module
                                     10 ;--------------------------------------------------------
                                     11 	.globl _assert_failed
                                     12 	.globl _TIM1_SelectSlaveMode
                                     13 ;--------------------------------------------------------
                                     14 ; ram data
                                     15 ;--------------------------------------------------------
                                     16 	.area DATA
                                     17 ;--------------------------------------------------------
                                     18 ; ram data
                                     19 ;--------------------------------------------------------
                                     20 	.area INITIALIZED
                                     21 ;--------------------------------------------------------
                                     22 ; absolute external ram data
                                     23 ;--------------------------------------------------------
                                     24 	.area DABS (ABS)
                                     25 
                                     26 ; default segment ordering for linker
                                     27 	.area HOME
                                     28 	.area GSINIT
                                     29 	.area GSFINAL
                                     30 	.area CONST
                                     31 	.area INITIALIZER
                                     32 	.area CODE
                                     33 
                                     34 ;--------------------------------------------------------
                                     35 ; global & static initialisations
                                     36 ;--------------------------------------------------------
                                     37 	.area HOME
                                     38 	.area GSINIT
                                     39 	.area GSFINAL
                                     40 	.area GSINIT
                                     41 ;--------------------------------------------------------
                                     42 ; Home
                                     43 ;--------------------------------------------------------
                                     44 	.area HOME
                                     45 	.area HOME
                                     46 ;--------------------------------------------------------
                                     47 ; code
                                     48 ;--------------------------------------------------------
                                     49 	.area CODE
                                     50 ;	../STM8S_StdPeriph_Driver/src/stm8s_tim1_SelectSlaveMode.c: 52: void TIM1_SelectSlaveMode(TIM1_SlaveMode_TypeDef TIM1_SlaveMode)
                                     51 ;	-----------------------------------------
                                     52 ;	 function TIM1_SelectSlaveMode
                                     53 ;	-----------------------------------------
      000000                         54 _TIM1_SelectSlaveMode:
      000000 88               [ 1]   55 	push	a
                                     56 ;	../STM8S_StdPeriph_Driver/src/stm8s_tim1_SelectSlaveMode.c: 55: assert_param(IS_TIM1_SLAVE_MODE_OK(TIM1_SlaveMode));
      000001 6B 01            [ 1]   57 	ld	(0x01, sp), a
      000003 A1 04            [ 1]   58 	cp	a, #0x04
      000005 27 1E            [ 1]   59 	jreq	00104$
      000007 7B 01            [ 1]   60 	ld	a, (0x01, sp)
      000009 A1 05            [ 1]   61 	cp	a, #0x05
      00000B 27 18            [ 1]   62 	jreq	00104$
      00000D 7B 01            [ 1]   63 	ld	a, (0x01, sp)
      00000F A1 06            [ 1]   64 	cp	a, #0x06
      000011 27 12            [ 1]   65 	jreq	00104$
      000013 7B 01            [ 1]   66 	ld	a, (0x01, sp)
      000015 A1 07            [ 1]   67 	cp	a, #0x07
      000017 27 0C            [ 1]   68 	jreq	00104$
      000019 4B 37            [ 1]   69 	push	#0x37
      00001B 5F               [ 1]   70 	clrw	x
      00001C 89               [ 2]   71 	pushw	x
      00001D 4B 00            [ 1]   72 	push	#0x00
      00001F AEr00r00         [ 2]   73 	ldw	x, #(___str_0+0)
      000022 CDr00r00         [ 4]   74 	call	_assert_failed
      000025                         75 00104$:
                                     76 ;	../STM8S_StdPeriph_Driver/src/stm8s_tim1_SelectSlaveMode.c: 58: TIM1->SMCR = (uint8_t)((uint8_t)(TIM1->SMCR & (uint8_t)(~TIM1_SMCR_SMS)) |
      000025 C6 52 52         [ 1]   77 	ld	a, 0x5252
      000028 A4 F8            [ 1]   78 	and	a, #0xf8
                                     79 ;	../STM8S_StdPeriph_Driver/src/stm8s_tim1_SelectSlaveMode.c: 59: (uint8_t)TIM1_SlaveMode);
      00002A 1A 01            [ 1]   80 	or	a, (0x01, sp)
      00002C C7 52 52         [ 1]   81 	ld	0x5252, a
                                     82 ;	../STM8S_StdPeriph_Driver/src/stm8s_tim1_SelectSlaveMode.c: 60: }
      00002F 84               [ 1]   83 	pop	a
      000030 81               [ 4]   84 	ret
                                     85 	.area CODE
                                     86 	.area CONST
                                     87 	.area CONST
      000000                         88 ___str_0:
      000000 2E 2E 2F 53 54 4D 38    89 	.ascii "../STM8S_StdPeriph_Driver/src/stm8s_tim1_SelectSlaveMode.c"
             53 5F 53 74 64 50 65
             72 69 70 68 5F 44 72
             69 76 65 72 2F 73 72
             63 2F 73 74 6D 38 73
             5F 74 69 6D 31 5F 53
             65 6C 65 63 74 53 6C
             61 76 65 4D 6F 64 65
             2E 63
      00003A 00                      90 	.db 0x00
                                     91 	.area CODE
                                     92 	.area INITIALIZER
                                     93 	.area CABS (ABS)
