                                      1 ;--------------------------------------------------------
                                      2 ; File Created by SDCC : free open source ISO C Compiler 
                                      3 ; Version 4.4.0 #14620 (Linux)
                                      4 ;--------------------------------------------------------
                                      5 	.module stm8s_spi_ResetCRC
                                      6 	.optsdcc -mstm8
                                      7 	
                                      8 ;--------------------------------------------------------
                                      9 ; Public variables in this module
                                     10 ;--------------------------------------------------------
                                     11 	.globl _SPI_CalculateCRCCmd
                                     12 	.globl _SPI_Cmd
                                     13 	.globl _SPI_ResetCRC
                                     14 ;--------------------------------------------------------
                                     15 ; ram data
                                     16 ;--------------------------------------------------------
                                     17 	.area DATA
                                     18 ;--------------------------------------------------------
                                     19 ; ram data
                                     20 ;--------------------------------------------------------
                                     21 	.area INITIALIZED
                                     22 ;--------------------------------------------------------
                                     23 ; absolute external ram data
                                     24 ;--------------------------------------------------------
                                     25 	.area DABS (ABS)
                                     26 
                                     27 ; default segment ordering for linker
                                     28 	.area HOME
                                     29 	.area GSINIT
                                     30 	.area GSFINAL
                                     31 	.area CONST
                                     32 	.area INITIALIZER
                                     33 	.area CODE
                                     34 
                                     35 ;--------------------------------------------------------
                                     36 ; global & static initialisations
                                     37 ;--------------------------------------------------------
                                     38 	.area HOME
                                     39 	.area GSINIT
                                     40 	.area GSFINAL
                                     41 	.area GSINIT
                                     42 ;--------------------------------------------------------
                                     43 ; Home
                                     44 ;--------------------------------------------------------
                                     45 	.area HOME
                                     46 	.area HOME
                                     47 ;--------------------------------------------------------
                                     48 ; code
                                     49 ;--------------------------------------------------------
                                     50 	.area CODE
                                     51 ;	../STM8S_StdPeriph_Driver/src/stm8s_spi_ResetCRC.c: 46: void SPI_ResetCRC(void)
                                     52 ;	-----------------------------------------
                                     53 ;	 function SPI_ResetCRC
                                     54 ;	-----------------------------------------
      000000                         55 _SPI_ResetCRC:
                                     56 ;	../STM8S_StdPeriph_Driver/src/stm8s_spi_ResetCRC.c: 50: SPI_CalculateCRCCmd(ENABLE);
      000000 A6 01            [ 1]   57 	ld	a, #0x01
      000002 CDr00r00         [ 4]   58 	call	_SPI_CalculateCRCCmd
                                     59 ;	../STM8S_StdPeriph_Driver/src/stm8s_spi_ResetCRC.c: 53: SPI_Cmd(ENABLE);
      000005 A6 01            [ 1]   60 	ld	a, #0x01
                                     61 ;	../STM8S_StdPeriph_Driver/src/stm8s_spi_ResetCRC.c: 54: }
      000007 CCr00r00         [ 2]   62 	jp	_SPI_Cmd
                                     63 	.area CODE
                                     64 	.area CONST
                                     65 	.area INITIALIZER
                                     66 	.area CABS (ABS)
