                                      1 ;--------------------------------------------------------
                                      2 ; File Created by SDCC : free open source ISO C Compiler 
                                      3 ; Version 4.4.0 #14620 (Linux)
                                      4 ;--------------------------------------------------------
                                      5 	.module stm8s_flash_GetBootSize
                                      6 	.optsdcc -mstm8
                                      7 	
                                      8 ;--------------------------------------------------------
                                      9 ; Public variables in this module
                                     10 ;--------------------------------------------------------
                                     11 	.globl _FLASH_GetBootSize
                                     12 ;--------------------------------------------------------
                                     13 ; ram data
                                     14 ;--------------------------------------------------------
                                     15 	.area DATA
                                     16 ;--------------------------------------------------------
                                     17 ; ram data
                                     18 ;--------------------------------------------------------
                                     19 	.area INITIALIZED
                                     20 ;--------------------------------------------------------
                                     21 ; absolute external ram data
                                     22 ;--------------------------------------------------------
                                     23 	.area DABS (ABS)
                                     24 
                                     25 ; default segment ordering for linker
                                     26 	.area HOME
                                     27 	.area GSINIT
                                     28 	.area GSFINAL
                                     29 	.area CONST
                                     30 	.area INITIALIZER
                                     31 	.area CODE
                                     32 
                                     33 ;--------------------------------------------------------
                                     34 ; global & static initialisations
                                     35 ;--------------------------------------------------------
                                     36 	.area HOME
                                     37 	.area GSINIT
                                     38 	.area GSFINAL
                                     39 	.area GSINIT
                                     40 ;--------------------------------------------------------
                                     41 ; Home
                                     42 ;--------------------------------------------------------
                                     43 	.area HOME
                                     44 	.area HOME
                                     45 ;--------------------------------------------------------
                                     46 ; code
                                     47 ;--------------------------------------------------------
                                     48 	.area CODE
                                     49 ;	../STM8S_StdPeriph_Driver/src/stm8s_flash_GetBootSize.c: 47: uint32_t FLASH_GetBootSize(void)
                                     50 ;	-----------------------------------------
                                     51 ;	 function FLASH_GetBootSize
                                     52 ;	-----------------------------------------
      000000                         53 _FLASH_GetBootSize:
                                     54 ;	../STM8S_StdPeriph_Driver/src/stm8s_flash_GetBootSize.c: 52: temp = (uint32_t)((uint32_t)FLASH->FPR * (uint32_t)512);
      000000 C6 50 5D         [ 1]   55 	ld	a, 0x505d
      000003 90 5F            [ 1]   56 	clrw	y
      000005 90 5E            [ 1]   57 	swapw	y
      000007 95               [ 1]   58 	ld	xh, a
      000008 4F               [ 1]   59 	clr	a
      000009 97               [ 1]   60 	ld	xl, a
      00000A 58               [ 2]   61 	sllw	x
      00000B 90 59            [ 2]   62 	rlcw	y
                                     63 ;	../STM8S_StdPeriph_Driver/src/stm8s_flash_GetBootSize.c: 55: if(FLASH->FPR == 0xFF)
      00000D C6 50 5D         [ 1]   64 	ld	a, 0x505d
      000010 4C               [ 1]   65 	inc	a
      000011 27 01            [ 1]   66 	jreq	00114$
      000013 81               [ 4]   67 	ret
      000014                         68 00114$:
                                     69 ;	../STM8S_StdPeriph_Driver/src/stm8s_flash_GetBootSize.c: 57: temp += 512;
      000014 1C 02 00         [ 2]   70 	addw	x, #0x0200
      000017 90 9F            [ 1]   71 	ld	a, yl
      000019 A9 00            [ 1]   72 	adc	a, #0x00
      00001B 90 97            [ 1]   73 	ld	yl, a
      00001D 4F               [ 1]   74 	clr	a
      00001E A9 00            [ 1]   75 	adc	a, #0x00
      000020 90 95            [ 1]   76 	ld	yh, a
                                     77 ;	../STM8S_StdPeriph_Driver/src/stm8s_flash_GetBootSize.c: 61: return(temp);
                                     78 ;	../STM8S_StdPeriph_Driver/src/stm8s_flash_GetBootSize.c: 62: }
      000022 81               [ 4]   79 	ret
                                     80 	.area CODE
                                     81 	.area CONST
                                     82 	.area INITIALIZER
                                     83 	.area CABS (ABS)
