                                      1 ;--------------------------------------------------------
                                      2 ; File Created by SDCC : free open source ISO C Compiler 
                                      3 ; Version 4.4.0 #14620 (Linux)
                                      4 ;--------------------------------------------------------
                                      5 	.module stm8s_tim3_ForcedOC2Config
                                      6 	.optsdcc -mstm8
                                      7 	
                                      8 ;--------------------------------------------------------
                                      9 ; Public variables in this module
                                     10 ;--------------------------------------------------------
                                     11 	.globl _assert_failed
                                     12 	.globl _TIM3_ForcedOC2Config
                                     13 ;--------------------------------------------------------
                                     14 ; ram data
                                     15 ;--------------------------------------------------------
                                     16 	.area DATA
                                     17 ;--------------------------------------------------------
                                     18 ; ram data
                                     19 ;--------------------------------------------------------
                                     20 	.area INITIALIZED
                                     21 ;--------------------------------------------------------
                                     22 ; absolute external ram data
                                     23 ;--------------------------------------------------------
                                     24 	.area DABS (ABS)
                                     25 
                                     26 ; default segment ordering for linker
                                     27 	.area HOME
                                     28 	.area GSINIT
                                     29 	.area GSFINAL
                                     30 	.area CONST
                                     31 	.area INITIALIZER
                                     32 	.area CODE
                                     33 
                                     34 ;--------------------------------------------------------
                                     35 ; global & static initialisations
                                     36 ;--------------------------------------------------------
                                     37 	.area HOME
                                     38 	.area GSINIT
                                     39 	.area GSFINAL
                                     40 	.area GSINIT
                                     41 ;--------------------------------------------------------
                                     42 ; Home
                                     43 ;--------------------------------------------------------
                                     44 	.area HOME
                                     45 	.area HOME
                                     46 ;--------------------------------------------------------
                                     47 ; code
                                     48 ;--------------------------------------------------------
                                     49 	.area CODE
                                     50 ;	../STM8S_StdPeriph_Driver/src/stm8s_tim3_ForcedOC2Config.c: 51: void TIM3_ForcedOC2Config(TIM3_ForcedAction_TypeDef TIM3_ForcedAction)
                                     51 ;	-----------------------------------------
                                     52 ;	 function TIM3_ForcedOC2Config
                                     53 ;	-----------------------------------------
      000000                         54 _TIM3_ForcedOC2Config:
      000000 88               [ 1]   55 	push	a
                                     56 ;	../STM8S_StdPeriph_Driver/src/stm8s_tim3_ForcedOC2Config.c: 54: assert_param(IS_TIM3_FORCED_ACTION_OK(TIM3_ForcedAction));
      000001 6B 01            [ 1]   57 	ld	(0x01, sp), a
      000003 A1 50            [ 1]   58 	cp	a, #0x50
      000005 27 12            [ 1]   59 	jreq	00104$
      000007 7B 01            [ 1]   60 	ld	a, (0x01, sp)
      000009 A1 40            [ 1]   61 	cp	a, #0x40
      00000B 27 0C            [ 1]   62 	jreq	00104$
      00000D 4B 36            [ 1]   63 	push	#0x36
      00000F 5F               [ 1]   64 	clrw	x
      000010 89               [ 2]   65 	pushw	x
      000011 4B 00            [ 1]   66 	push	#0x00
      000013 AEr00r00         [ 2]   67 	ldw	x, #(___str_0+0)
      000016 CDr00r00         [ 4]   68 	call	_assert_failed
      000019                         69 00104$:
                                     70 ;	../STM8S_StdPeriph_Driver/src/stm8s_tim3_ForcedOC2Config.c: 57: TIM3->CCMR2 =  (uint8_t)((uint8_t)(TIM3->CCMR2 & (uint8_t)(~TIM3_CCMR_OCM)) | (uint8_t)TIM3_ForcedAction);
      000019 C6 53 26         [ 1]   71 	ld	a, 0x5326
      00001C A4 8F            [ 1]   72 	and	a, #0x8f
      00001E 1A 01            [ 1]   73 	or	a, (0x01, sp)
      000020 C7 53 26         [ 1]   74 	ld	0x5326, a
                                     75 ;	../STM8S_StdPeriph_Driver/src/stm8s_tim3_ForcedOC2Config.c: 58: }
      000023 84               [ 1]   76 	pop	a
      000024 81               [ 4]   77 	ret
                                     78 	.area CODE
                                     79 	.area CONST
                                     80 	.area CONST
      000000                         81 ___str_0:
      000000 2E 2E 2F 53 54 4D 38    82 	.ascii "../STM8S_StdPeriph_Driver/src/stm8s_tim3_ForcedOC2Config.c"
             53 5F 53 74 64 50 65
             72 69 70 68 5F 44 72
             69 76 65 72 2F 73 72
             63 2F 73 74 6D 38 73
             5F 74 69 6D 33 5F 46
             6F 72 63 65 64 4F 43
             32 43 6F 6E 66 69 67
             2E 63
      00003A 00                      83 	.db 0x00
                                     84 	.area CODE
                                     85 	.area INITIALIZER
                                     86 	.area CABS (ABS)
