                                      1 ;--------------------------------------------------------
                                      2 ; File Created by SDCC : free open source ISO C Compiler 
                                      3 ; Version 4.4.0 #14620 (Linux)
                                      4 ;--------------------------------------------------------
                                      5 	.module stm8s_tim1_TimeBaseInit
                                      6 	.optsdcc -mstm8
                                      7 	
                                      8 ;--------------------------------------------------------
                                      9 ; Public variables in this module
                                     10 ;--------------------------------------------------------
                                     11 	.globl _assert_failed
                                     12 	.globl _TIM1_TimeBaseInit
                                     13 ;--------------------------------------------------------
                                     14 ; ram data
                                     15 ;--------------------------------------------------------
                                     16 	.area DATA
                                     17 ;--------------------------------------------------------
                                     18 ; ram data
                                     19 ;--------------------------------------------------------
                                     20 	.area INITIALIZED
                                     21 ;--------------------------------------------------------
                                     22 ; absolute external ram data
                                     23 ;--------------------------------------------------------
                                     24 	.area DABS (ABS)
                                     25 
                                     26 ; default segment ordering for linker
                                     27 	.area HOME
                                     28 	.area GSINIT
                                     29 	.area GSFINAL
                                     30 	.area CONST
                                     31 	.area INITIALIZER
                                     32 	.area CODE
                                     33 
                                     34 ;--------------------------------------------------------
                                     35 ; global & static initialisations
                                     36 ;--------------------------------------------------------
                                     37 	.area HOME
                                     38 	.area GSINIT
                                     39 	.area GSFINAL
                                     40 	.area GSINIT
                                     41 ;--------------------------------------------------------
                                     42 ; Home
                                     43 ;--------------------------------------------------------
                                     44 	.area HOME
                                     45 	.area HOME
                                     46 ;--------------------------------------------------------
                                     47 ; code
                                     48 ;--------------------------------------------------------
                                     49 	.area CODE
                                     50 ;	../STM8S_StdPeriph_Driver/src/stm8s_tim1_TimeBaseInit.c: 50: void TIM1_TimeBaseInit(uint16_t TIM1_Prescaler,
                                     51 ;	-----------------------------------------
                                     52 ;	 function TIM1_TimeBaseInit
                                     53 ;	-----------------------------------------
      000000                         54 _TIM1_TimeBaseInit:
      000000 88               [ 1]   55 	push	a
                                     56 ;	../STM8S_StdPeriph_Driver/src/stm8s_tim1_TimeBaseInit.c: 56: assert_param(IS_TIM1_COUNTER_MODE_OK(TIM1_CounterMode));
      000001 6B 01            [ 1]   57 	ld	(0x01, sp), a
      000003 27 28            [ 1]   58 	jreq	00104$
      000005 7B 01            [ 1]   59 	ld	a, (0x01, sp)
      000007 A1 10            [ 1]   60 	cp	a, #0x10
      000009 27 22            [ 1]   61 	jreq	00104$
      00000B 7B 01            [ 1]   62 	ld	a, (0x01, sp)
      00000D A1 20            [ 1]   63 	cp	a, #0x20
      00000F 27 1C            [ 1]   64 	jreq	00104$
      000011 7B 01            [ 1]   65 	ld	a, (0x01, sp)
      000013 A1 40            [ 1]   66 	cp	a, #0x40
      000015 27 16            [ 1]   67 	jreq	00104$
      000017 7B 01            [ 1]   68 	ld	a, (0x01, sp)
      000019 A1 60            [ 1]   69 	cp	a, #0x60
      00001B 27 10            [ 1]   70 	jreq	00104$
      00001D 89               [ 2]   71 	pushw	x
      00001E 4B 38            [ 1]   72 	push	#0x38
      000020 4B 00            [ 1]   73 	push	#0x00
      000022 4B 00            [ 1]   74 	push	#0x00
      000024 4B 00            [ 1]   75 	push	#0x00
      000026 AEr00r00         [ 2]   76 	ldw	x, #(___str_0+0)
      000029 CDr00r00         [ 4]   77 	call	_assert_failed
      00002C 85               [ 2]   78 	popw	x
      00002D                         79 00104$:
                                     80 ;	../STM8S_StdPeriph_Driver/src/stm8s_tim1_TimeBaseInit.c: 59: TIM1->ARRH = (uint8_t)(TIM1_Period >> 8);
      00002D 7B 04            [ 1]   81 	ld	a, (0x04, sp)
      00002F C7 52 62         [ 1]   82 	ld	0x5262, a
                                     83 ;	../STM8S_StdPeriph_Driver/src/stm8s_tim1_TimeBaseInit.c: 60: TIM1->ARRL = (uint8_t)(TIM1_Period);
      000032 7B 05            [ 1]   84 	ld	a, (0x05, sp)
      000034 C7 52 63         [ 1]   85 	ld	0x5263, a
                                     86 ;	../STM8S_StdPeriph_Driver/src/stm8s_tim1_TimeBaseInit.c: 63: TIM1->PSCRH = (uint8_t)(TIM1_Prescaler >> 8);
      000037 9E               [ 1]   87 	ld	a, xh
      000038 C7 52 60         [ 1]   88 	ld	0x5260, a
                                     89 ;	../STM8S_StdPeriph_Driver/src/stm8s_tim1_TimeBaseInit.c: 64: TIM1->PSCRL = (uint8_t)(TIM1_Prescaler);
      00003B 9F               [ 1]   90 	ld	a, xl
      00003C C7 52 61         [ 1]   91 	ld	0x5261, a
                                     92 ;	../STM8S_StdPeriph_Driver/src/stm8s_tim1_TimeBaseInit.c: 67: TIM1->CR1 = (uint8_t)((uint8_t)(TIM1->CR1 & (uint8_t)(~(TIM1_CR1_CMS | TIM1_CR1_DIR)))
      00003F C6 52 50         [ 1]   93 	ld	a, 0x5250
      000042 A4 8F            [ 1]   94 	and	a, #0x8f
                                     95 ;	../STM8S_StdPeriph_Driver/src/stm8s_tim1_TimeBaseInit.c: 68: | (uint8_t)(TIM1_CounterMode));
      000044 1A 01            [ 1]   96 	or	a, (0x01, sp)
      000046 C7 52 50         [ 1]   97 	ld	0x5250, a
                                     98 ;	../STM8S_StdPeriph_Driver/src/stm8s_tim1_TimeBaseInit.c: 71: TIM1->RCR = TIM1_RepetitionCounter;
      000049 AE 52 64         [ 2]   99 	ldw	x, #0x5264
      00004C 7B 06            [ 1]  100 	ld	a, (0x06, sp)
      00004E F7               [ 1]  101 	ld	(x), a
                                    102 ;	../STM8S_StdPeriph_Driver/src/stm8s_tim1_TimeBaseInit.c: 72: }
      00004F 1E 02            [ 2]  103 	ldw	x, (2, sp)
      000051 5B 06            [ 2]  104 	addw	sp, #6
      000053 FC               [ 2]  105 	jp	(x)
                                    106 	.area CODE
                                    107 	.area CONST
                                    108 	.area CONST
      000000                        109 ___str_0:
      000000 2E 2E 2F 53 54 4D 38   110 	.ascii "../STM8S_StdPeriph_Driver/src/stm8s_tim1_TimeBaseInit.c"
             53 5F 53 74 64 50 65
             72 69 70 68 5F 44 72
             69 76 65 72 2F 73 72
             63 2F 73 74 6D 38 73
             5F 74 69 6D 31 5F 54
             69 6D 65 42 61 73 65
             49 6E 69 74 2E 63
      000037 00                     111 	.db 0x00
                                    112 	.area CODE
                                    113 	.area INITIALIZER
                                    114 	.area CABS (ABS)
