                                      1 ;--------------------------------------------------------
                                      2 ; File Created by SDCC : free open source ISO C Compiler 
                                      3 ; Version 4.4.0 #14620 (Linux)
                                      4 ;--------------------------------------------------------
                                      5 	.module stm8s_tim1_PrescalerConfig
                                      6 	.optsdcc -mstm8
                                      7 	
                                      8 ;--------------------------------------------------------
                                      9 ; Public variables in this module
                                     10 ;--------------------------------------------------------
                                     11 	.globl _assert_failed
                                     12 	.globl _TIM1_PrescalerConfig
                                     13 ;--------------------------------------------------------
                                     14 ; ram data
                                     15 ;--------------------------------------------------------
                                     16 	.area DATA
                                     17 ;--------------------------------------------------------
                                     18 ; ram data
                                     19 ;--------------------------------------------------------
                                     20 	.area INITIALIZED
                                     21 ;--------------------------------------------------------
                                     22 ; absolute external ram data
                                     23 ;--------------------------------------------------------
                                     24 	.area DABS (ABS)
                                     25 
                                     26 ; default segment ordering for linker
                                     27 	.area HOME
                                     28 	.area GSINIT
                                     29 	.area GSFINAL
                                     30 	.area CONST
                                     31 	.area INITIALIZER
                                     32 	.area CODE
                                     33 
                                     34 ;--------------------------------------------------------
                                     35 ; global & static initialisations
                                     36 ;--------------------------------------------------------
                                     37 	.area HOME
                                     38 	.area GSINIT
                                     39 	.area GSFINAL
                                     40 	.area GSINIT
                                     41 ;--------------------------------------------------------
                                     42 ; Home
                                     43 ;--------------------------------------------------------
                                     44 	.area HOME
                                     45 	.area HOME
                                     46 ;--------------------------------------------------------
                                     47 ; code
                                     48 ;--------------------------------------------------------
                                     49 	.area CODE
                                     50 ;	../STM8S_StdPeriph_Driver/src/stm8s_tim1_PrescalerConfig.c: 52: void TIM1_PrescalerConfig(uint16_t Prescaler,
                                     51 ;	-----------------------------------------
                                     52 ;	 function TIM1_PrescalerConfig
                                     53 ;	-----------------------------------------
      000000                         54 _TIM1_PrescalerConfig:
      000000 88               [ 1]   55 	push	a
                                     56 ;	../STM8S_StdPeriph_Driver/src/stm8s_tim1_PrescalerConfig.c: 56: assert_param(IS_TIM1_PRESCALER_RELOAD_OK(TIM1_PSCReloadMode));
      000001 6B 01            [ 1]   57 	ld	(0x01, sp), a
      000003 27 14            [ 1]   58 	jreq	00104$
      000005 0D 01            [ 1]   59 	tnz	(0x01, sp)
      000007 26 10            [ 1]   60 	jrne	00104$
      000009 89               [ 2]   61 	pushw	x
      00000A 4B 38            [ 1]   62 	push	#0x38
      00000C 4B 00            [ 1]   63 	push	#0x00
      00000E 4B 00            [ 1]   64 	push	#0x00
      000010 4B 00            [ 1]   65 	push	#0x00
      000012 AEr00r00         [ 2]   66 	ldw	x, #(___str_0+0)
      000015 CDr00r00         [ 4]   67 	call	_assert_failed
      000018 85               [ 2]   68 	popw	x
      000019                         69 00104$:
                                     70 ;	../STM8S_StdPeriph_Driver/src/stm8s_tim1_PrescalerConfig.c: 59: TIM1->PSCRH = (uint8_t)(Prescaler >> 8);
      000019 9E               [ 1]   71 	ld	a, xh
      00001A C7 52 60         [ 1]   72 	ld	0x5260, a
                                     73 ;	../STM8S_StdPeriph_Driver/src/stm8s_tim1_PrescalerConfig.c: 60: TIM1->PSCRL = (uint8_t)(Prescaler);
      00001D 9F               [ 1]   74 	ld	a, xl
      00001E C7 52 61         [ 1]   75 	ld	0x5261, a
                                     76 ;	../STM8S_StdPeriph_Driver/src/stm8s_tim1_PrescalerConfig.c: 63: TIM1->EGR = (uint8_t)TIM1_PSCReloadMode;
      000021 7B 01            [ 1]   77 	ld	a, (0x01, sp)
      000023 C7 52 57         [ 1]   78 	ld	0x5257, a
                                     79 ;	../STM8S_StdPeriph_Driver/src/stm8s_tim1_PrescalerConfig.c: 64: }
      000026 84               [ 1]   80 	pop	a
      000027 81               [ 4]   81 	ret
                                     82 	.area CODE
                                     83 	.area CONST
                                     84 	.area CONST
      000000                         85 ___str_0:
      000000 2E 2E 2F 53 54 4D 38    86 	.ascii "../STM8S_StdPeriph_Driver/src/stm8s_tim1_PrescalerConfig.c"
             53 5F 53 74 64 50 65
             72 69 70 68 5F 44 72
             69 76 65 72 2F 73 72
             63 2F 73 74 6D 38 73
             5F 74 69 6D 31 5F 50
             72 65 73 63 61 6C 65
             72 43 6F 6E 66 69 67
             2E 63
      00003A 00                      87 	.db 0x00
                                     88 	.area CODE
                                     89 	.area INITIALIZER
                                     90 	.area CABS (ABS)
