                                      1 ;--------------------------------------------------------
                                      2 ; File Created by SDCC : free open source ISO C Compiler 
                                      3 ; Version 4.4.0 #14620 (Linux)
                                      4 ;--------------------------------------------------------
                                      5 	.module stm8s_tim1_SelectInputTrigger
                                      6 	.optsdcc -mstm8
                                      7 	
                                      8 ;--------------------------------------------------------
                                      9 ; Public variables in this module
                                     10 ;--------------------------------------------------------
                                     11 	.globl _assert_failed
                                     12 	.globl _TIM1_SelectInputTrigger
                                     13 ;--------------------------------------------------------
                                     14 ; ram data
                                     15 ;--------------------------------------------------------
                                     16 	.area DATA
                                     17 ;--------------------------------------------------------
                                     18 ; ram data
                                     19 ;--------------------------------------------------------
                                     20 	.area INITIALIZED
                                     21 ;--------------------------------------------------------
                                     22 ; absolute external ram data
                                     23 ;--------------------------------------------------------
                                     24 	.area DABS (ABS)
                                     25 
                                     26 ; default segment ordering for linker
                                     27 	.area HOME
                                     28 	.area GSINIT
                                     29 	.area GSFINAL
                                     30 	.area CONST
                                     31 	.area INITIALIZER
                                     32 	.area CODE
                                     33 
                                     34 ;--------------------------------------------------------
                                     35 ; global & static initialisations
                                     36 ;--------------------------------------------------------
                                     37 	.area HOME
                                     38 	.area GSINIT
                                     39 	.area GSFINAL
                                     40 	.area GSINIT
                                     41 ;--------------------------------------------------------
                                     42 ; Home
                                     43 ;--------------------------------------------------------
                                     44 	.area HOME
                                     45 	.area HOME
                                     46 ;--------------------------------------------------------
                                     47 ; code
                                     48 ;--------------------------------------------------------
                                     49 	.area CODE
                                     50 ;	../STM8S_StdPeriph_Driver/src/stm8s_tim1_SelectInputTrigger.c: 52: void TIM1_SelectInputTrigger(TIM1_TS_TypeDef TIM1_InputTriggerSource)
                                     51 ;	-----------------------------------------
                                     52 ;	 function TIM1_SelectInputTrigger
                                     53 ;	-----------------------------------------
      000000                         54 _TIM1_SelectInputTrigger:
      000000 88               [ 1]   55 	push	a
                                     56 ;	../STM8S_StdPeriph_Driver/src/stm8s_tim1_SelectInputTrigger.c: 55: assert_param(IS_TIM1_TRIGGER_SELECTION_OK(TIM1_InputTriggerSource));
      000001 A1 40            [ 1]   57 	cp	a, #0x40
      000003 27 21            [ 1]   58 	jreq	00104$
      000005 A1 50            [ 1]   59 	cp	a, #0x50
      000007 27 1D            [ 1]   60 	jreq	00104$
      000009 A1 60            [ 1]   61 	cp	a, #0x60
      00000B 27 19            [ 1]   62 	jreq	00104$
      00000D A1 70            [ 1]   63 	cp	a, #0x70
      00000F 27 15            [ 1]   64 	jreq	00104$
      000011 A1 30            [ 1]   65 	cp	a, #0x30
      000013 27 11            [ 1]   66 	jreq	00104$
      000015 4D               [ 1]   67 	tnz	a
      000016 27 0E            [ 1]   68 	jreq	00104$
      000018 88               [ 1]   69 	push	a
      000019 4B 37            [ 1]   70 	push	#0x37
      00001B 5F               [ 1]   71 	clrw	x
      00001C 89               [ 2]   72 	pushw	x
      00001D 4B 00            [ 1]   73 	push	#0x00
      00001F AEr00r00         [ 2]   74 	ldw	x, #(___str_0+0)
      000022 CDr00r00         [ 4]   75 	call	_assert_failed
      000025 84               [ 1]   76 	pop	a
      000026                         77 00104$:
                                     78 ;	../STM8S_StdPeriph_Driver/src/stm8s_tim1_SelectInputTrigger.c: 58: TIM1->SMCR = (uint8_t)((uint8_t)(TIM1->SMCR & (uint8_t)(~TIM1_SMCR_TS)) | (uint8_t)TIM1_InputTriggerSource);
      000026 AE 52 52         [ 2]   79 	ldw	x, #0x5252
      000029 88               [ 1]   80 	push	a
      00002A F6               [ 1]   81 	ld	a, (x)
      00002B A4 8F            [ 1]   82 	and	a, #0x8f
      00002D 6B 02            [ 1]   83 	ld	(0x02, sp), a
      00002F 84               [ 1]   84 	pop	a
      000030 1A 01            [ 1]   85 	or	a, (0x01, sp)
      000032 C7 52 52         [ 1]   86 	ld	0x5252, a
                                     87 ;	../STM8S_StdPeriph_Driver/src/stm8s_tim1_SelectInputTrigger.c: 59: }
      000035 84               [ 1]   88 	pop	a
      000036 81               [ 4]   89 	ret
                                     90 	.area CODE
                                     91 	.area CONST
                                     92 	.area CONST
      000000                         93 ___str_0:
      000000 2E 2E 2F 53 54 4D 38    94 	.ascii "../STM8S_StdPeriph_Driver/src/stm8s_tim1_SelectInputTrigger."
             53 5F 53 74 64 50 65
             72 69 70 68 5F 44 72
             69 76 65 72 2F 73 72
             63 2F 73 74 6D 38 73
             5F 74 69 6D 31 5F 53
             65 6C 65 63 74 49 6E
             70 75 74 54 72 69 67
             67 65 72 2E
      00003C 63                      95 	.ascii "c"
      00003D 00                      96 	.db 0x00
                                     97 	.area CODE
                                     98 	.area INITIALIZER
                                     99 	.area CABS (ABS)
