                                      1 ;--------------------------------------------------------
                                      2 ; File Created by SDCC : free open source ISO C Compiler 
                                      3 ; Version 4.4.0 #14620 (Linux)
                                      4 ;--------------------------------------------------------
                                      5 	.module stm8s_uart2_SendData9
                                      6 	.optsdcc -mstm8
                                      7 	
                                      8 ;--------------------------------------------------------
                                      9 ; Public variables in this module
                                     10 ;--------------------------------------------------------
                                     11 	.globl _UART2_SendData9
                                     12 ;--------------------------------------------------------
                                     13 ; ram data
                                     14 ;--------------------------------------------------------
                                     15 	.area DATA
                                     16 ;--------------------------------------------------------
                                     17 ; ram data
                                     18 ;--------------------------------------------------------
                                     19 	.area INITIALIZED
                                     20 ;--------------------------------------------------------
                                     21 ; absolute external ram data
                                     22 ;--------------------------------------------------------
                                     23 	.area DABS (ABS)
                                     24 
                                     25 ; default segment ordering for linker
                                     26 	.area HOME
                                     27 	.area GSINIT
                                     28 	.area GSFINAL
                                     29 	.area CONST
                                     30 	.area INITIALIZER
                                     31 	.area CODE
                                     32 
                                     33 ;--------------------------------------------------------
                                     34 ; global & static initialisations
                                     35 ;--------------------------------------------------------
                                     36 	.area HOME
                                     37 	.area GSINIT
                                     38 	.area GSFINAL
                                     39 	.area GSINIT
                                     40 ;--------------------------------------------------------
                                     41 ; Home
                                     42 ;--------------------------------------------------------
                                     43 	.area HOME
                                     44 	.area HOME
                                     45 ;--------------------------------------------------------
                                     46 ; code
                                     47 ;--------------------------------------------------------
                                     48 	.area CODE
                                     49 ;	../STM8S_StdPeriph_Driver/src/stm8s_uart2_SendData9.c: 46: void UART2_SendData9(uint16_t Data)
                                     50 ;	-----------------------------------------
                                     51 ;	 function UART2_SendData9
                                     52 ;	-----------------------------------------
      000000                         53 _UART2_SendData9:
      000000 88               [ 1]   54 	push	a
      000001 51               [ 1]   55 	exgw	x, y
                                     56 ;	../STM8S_StdPeriph_Driver/src/stm8s_uart2_SendData9.c: 49: UART2->CR1 &= ((uint8_t)~UART2_CR1_T8);                  
      000002 72 1D 52 44      [ 1]   57 	bres	0x5244, #6
                                     58 ;	../STM8S_StdPeriph_Driver/src/stm8s_uart2_SendData9.c: 52: UART2->CR1 |= (uint8_t)(((uint8_t)(Data >> 2)) & UART2_CR1_T8); 
      000006 C6 52 44         [ 1]   59 	ld	a, 0x5244
      000009 6B 01            [ 1]   60 	ld	(0x01, sp), a
      00000B 93               [ 1]   61 	ldw	x, y
      00000C 54               [ 2]   62 	srlw	x
      00000D 54               [ 2]   63 	srlw	x
      00000E 9F               [ 1]   64 	ld	a, xl
      00000F A4 40            [ 1]   65 	and	a, #0x40
      000011 1A 01            [ 1]   66 	or	a, (0x01, sp)
      000013 C7 52 44         [ 1]   67 	ld	0x5244, a
                                     68 ;	../STM8S_StdPeriph_Driver/src/stm8s_uart2_SendData9.c: 55: UART2->DR   = (uint8_t)(Data);                    
      000016 90 9F            [ 1]   69 	ld	a, yl
      000018 C7 52 41         [ 1]   70 	ld	0x5241, a
                                     71 ;	../STM8S_StdPeriph_Driver/src/stm8s_uart2_SendData9.c: 56: }
      00001B 84               [ 1]   72 	pop	a
      00001C 81               [ 4]   73 	ret
                                     74 	.area CODE
                                     75 	.area CONST
                                     76 	.area INITIALIZER
                                     77 	.area CABS (ABS)
