                                      1 ;--------------------------------------------------------
                                      2 ; File Created by SDCC : free open source ISO C Compiler 
                                      3 ; Version 4.4.0 #14620 (Linux)
                                      4 ;--------------------------------------------------------
                                      5 	.module stm8s_clk_AdjustHSICalibrationValue
                                      6 	.optsdcc -mstm8
                                      7 	
                                      8 ;--------------------------------------------------------
                                      9 ; Public variables in this module
                                     10 ;--------------------------------------------------------
                                     11 	.globl _assert_failed
                                     12 	.globl _CLK_AdjustHSICalibrationValue
                                     13 ;--------------------------------------------------------
                                     14 ; ram data
                                     15 ;--------------------------------------------------------
                                     16 	.area DATA
                                     17 ;--------------------------------------------------------
                                     18 ; ram data
                                     19 ;--------------------------------------------------------
                                     20 	.area INITIALIZED
                                     21 ;--------------------------------------------------------
                                     22 ; absolute external ram data
                                     23 ;--------------------------------------------------------
                                     24 	.area DABS (ABS)
                                     25 
                                     26 ; default segment ordering for linker
                                     27 	.area HOME
                                     28 	.area GSINIT
                                     29 	.area GSFINAL
                                     30 	.area CONST
                                     31 	.area INITIALIZER
                                     32 	.area CODE
                                     33 
                                     34 ;--------------------------------------------------------
                                     35 ; global & static initialisations
                                     36 ;--------------------------------------------------------
                                     37 	.area HOME
                                     38 	.area GSINIT
                                     39 	.area GSFINAL
                                     40 	.area GSINIT
                                     41 ;--------------------------------------------------------
                                     42 ; Home
                                     43 ;--------------------------------------------------------
                                     44 	.area HOME
                                     45 	.area HOME
                                     46 ;--------------------------------------------------------
                                     47 ; code
                                     48 ;--------------------------------------------------------
                                     49 	.area CODE
                                     50 ;	../STM8S_StdPeriph_Driver/src/stm8s_clk_AdjustHSICalibrationValue.c: 49: void CLK_AdjustHSICalibrationValue(CLK_HSITrimValue_TypeDef CLK_HSICalibrationValue)
                                     51 ;	-----------------------------------------
                                     52 ;	 function CLK_AdjustHSICalibrationValue
                                     53 ;	-----------------------------------------
      000000                         54 _CLK_AdjustHSICalibrationValue:
      000000 88               [ 1]   55 	push	a
                                     56 ;	../STM8S_StdPeriph_Driver/src/stm8s_clk_AdjustHSICalibrationValue.c: 52: assert_param(IS_CLK_HSITRIMVALUE_OK(CLK_HSICalibrationValue));
      000001 4D               [ 1]   57 	tnz	a
      000002 27 2A            [ 1]   58 	jreq	00104$
      000004 A1 01            [ 1]   59 	cp	a, #0x01
      000006 27 26            [ 1]   60 	jreq	00104$
      000008 A1 02            [ 1]   61 	cp	a, #0x02
      00000A 27 22            [ 1]   62 	jreq	00104$
      00000C A1 03            [ 1]   63 	cp	a, #0x03
      00000E 27 1E            [ 1]   64 	jreq	00104$
      000010 A1 04            [ 1]   65 	cp	a, #0x04
      000012 27 1A            [ 1]   66 	jreq	00104$
      000014 A1 05            [ 1]   67 	cp	a, #0x05
      000016 27 16            [ 1]   68 	jreq	00104$
      000018 A1 06            [ 1]   69 	cp	a, #0x06
      00001A 27 12            [ 1]   70 	jreq	00104$
      00001C A1 07            [ 1]   71 	cp	a, #0x07
      00001E 27 0E            [ 1]   72 	jreq	00104$
      000020 88               [ 1]   73 	push	a
      000021 4B 34            [ 1]   74 	push	#0x34
      000023 5F               [ 1]   75 	clrw	x
      000024 89               [ 2]   76 	pushw	x
      000025 4B 00            [ 1]   77 	push	#0x00
      000027 AEr00r00         [ 2]   78 	ldw	x, #(___str_0+0)
      00002A CDr00r00         [ 4]   79 	call	_assert_failed
      00002D 84               [ 1]   80 	pop	a
      00002E                         81 00104$:
                                     82 ;	../STM8S_StdPeriph_Driver/src/stm8s_clk_AdjustHSICalibrationValue.c: 55: CLK->HSITRIMR = (uint8_t)( (uint8_t)(CLK->HSITRIMR & (uint8_t)(~CLK_HSITRIMR_HSITRIM))|((uint8_t)CLK_HSICalibrationValue));
      00002E AE 50 CC         [ 2]   83 	ldw	x, #0x50cc
      000031 88               [ 1]   84 	push	a
      000032 F6               [ 1]   85 	ld	a, (x)
      000033 A4 F8            [ 1]   86 	and	a, #0xf8
      000035 6B 02            [ 1]   87 	ld	(0x02, sp), a
      000037 84               [ 1]   88 	pop	a
      000038 1A 01            [ 1]   89 	or	a, (0x01, sp)
      00003A C7 50 CC         [ 1]   90 	ld	0x50cc, a
                                     91 ;	../STM8S_StdPeriph_Driver/src/stm8s_clk_AdjustHSICalibrationValue.c: 56: }
      00003D 84               [ 1]   92 	pop	a
      00003E 81               [ 4]   93 	ret
                                     94 	.area CODE
                                     95 	.area CONST
                                     96 	.area CONST
      000000                         97 ___str_0:
      000000 2E 2E 2F 53 54 4D 38    98 	.ascii "../STM8S_StdPeriph_Driver/src/stm8s_clk_AdjustHSICalibration"
             53 5F 53 74 64 50 65
             72 69 70 68 5F 44 72
             69 76 65 72 2F 73 72
             63 2F 73 74 6D 38 73
             5F 63 6C 6B 5F 41 64
             6A 75 73 74 48 53 49
             43 61 6C 69 62 72 61
             74 69 6F 6E
      00003C 56 61 6C 75 65 2E 63    99 	.ascii "Value.c"
      000043 00                     100 	.db 0x00
                                    101 	.area CODE
                                    102 	.area INITIALIZER
                                    103 	.area CABS (ABS)
