                                      1 ;--------------------------------------------------------
                                      2 ; File Created by SDCC : free open source ISO C Compiler 
                                      3 ; Version 4.4.0 #14620 (Linux)
                                      4 ;--------------------------------------------------------
                                      5 	.module stm8s_wwdg_Init
                                      6 	.optsdcc -mstm8
                                      7 	
                                      8 ;--------------------------------------------------------
                                      9 ; Public variables in this module
                                     10 ;--------------------------------------------------------
                                     11 	.globl _assert_failed
                                     12 	.globl _WWDG_Init
                                     13 ;--------------------------------------------------------
                                     14 ; ram data
                                     15 ;--------------------------------------------------------
                                     16 	.area DATA
                                     17 ;--------------------------------------------------------
                                     18 ; ram data
                                     19 ;--------------------------------------------------------
                                     20 	.area INITIALIZED
                                     21 ;--------------------------------------------------------
                                     22 ; absolute external ram data
                                     23 ;--------------------------------------------------------
                                     24 	.area DABS (ABS)
                                     25 
                                     26 ; default segment ordering for linker
                                     27 	.area HOME
                                     28 	.area GSINIT
                                     29 	.area GSFINAL
                                     30 	.area CONST
                                     31 	.area INITIALIZER
                                     32 	.area CODE
                                     33 
                                     34 ;--------------------------------------------------------
                                     35 ; global & static initialisations
                                     36 ;--------------------------------------------------------
                                     37 	.area HOME
                                     38 	.area GSINIT
                                     39 	.area GSFINAL
                                     40 	.area GSINIT
                                     41 ;--------------------------------------------------------
                                     42 ; Home
                                     43 ;--------------------------------------------------------
                                     44 	.area HOME
                                     45 	.area HOME
                                     46 ;--------------------------------------------------------
                                     47 ; code
                                     48 ;--------------------------------------------------------
                                     49 	.area CODE
                                     50 ;	../STM8S_StdPeriph_Driver/src/stm8s_wwdg_Init.c: 50: void WWDG_Init(uint8_t Counter, uint8_t WindowValue)
                                     51 ;	-----------------------------------------
                                     52 ;	 function WWDG_Init
                                     53 ;	-----------------------------------------
      000000                         54 _WWDG_Init:
      000000 88               [ 1]   55 	push	a
      000001 6B 01            [ 1]   56 	ld	(0x01, sp), a
                                     57 ;	../STM8S_StdPeriph_Driver/src/stm8s_wwdg_Init.c: 53: assert_param(IS_WWDG_WINDOWLIMITVALUE_OK(WindowValue));
      000003 7B 04            [ 1]   58 	ld	a, (0x04, sp)
      000005 A1 7F            [ 1]   59 	cp	a, #0x7f
      000007 23 0C            [ 2]   60 	jrule	00104$
      000009 4B 35            [ 1]   61 	push	#0x35
      00000B 5F               [ 1]   62 	clrw	x
      00000C 89               [ 2]   63 	pushw	x
      00000D 4B 00            [ 1]   64 	push	#0x00
      00000F AEr00r00         [ 2]   65 	ldw	x, #(___str_0+0)
      000012 CDr00r00         [ 4]   66 	call	_assert_failed
      000015                         67 00104$:
                                     68 ;	../STM8S_StdPeriph_Driver/src/stm8s_wwdg_Init.c: 55: WWDG->WR = WWDG_WR_RESET_VALUE;
      000015 35 7F 50 D2      [ 1]   69 	mov	0x50d2+0, #0x7f
                                     70 ;	../STM8S_StdPeriph_Driver/src/stm8s_wwdg_Init.c: 56: WWDG->CR = (uint8_t)((uint8_t)(WWDG_CR_WDGA | WWDG_CR_T6) | (uint8_t)Counter);
      000019 7B 01            [ 1]   71 	ld	a, (0x01, sp)
      00001B AA C0            [ 1]   72 	or	a, #0xc0
      00001D C7 50 D1         [ 1]   73 	ld	0x50d1, a
                                     74 ;	../STM8S_StdPeriph_Driver/src/stm8s_wwdg_Init.c: 57: WWDG->WR = (uint8_t)((uint8_t)(~WWDG_CR_WDGA) & (uint8_t)(WWDG_CR_T6 | WindowValue));
      000020 7B 04            [ 1]   75 	ld	a, (0x04, sp)
      000022 AA 40            [ 1]   76 	or	a, #0x40
      000024 A4 7F            [ 1]   77 	and	a, #0x7f
      000026 C7 50 D2         [ 1]   78 	ld	0x50d2, a
                                     79 ;	../STM8S_StdPeriph_Driver/src/stm8s_wwdg_Init.c: 58: }
      000029 84               [ 1]   80 	pop	a
      00002A 85               [ 2]   81 	popw	x
      00002B 84               [ 1]   82 	pop	a
      00002C FC               [ 2]   83 	jp	(x)
                                     84 	.area CODE
                                     85 	.area CONST
                                     86 	.area CONST
      000000                         87 ___str_0:
      000000 2E 2E 2F 53 54 4D 38    88 	.ascii "../STM8S_StdPeriph_Driver/src/stm8s_wwdg_Init.c"
             53 5F 53 74 64 50 65
             72 69 70 68 5F 44 72
             69 76 65 72 2F 73 72
             63 2F 73 74 6D 38 73
             5F 77 77 64 67 5F 49
             6E 69 74 2E 63
      00002F 00                      89 	.db 0x00
                                     90 	.area CODE
                                     91 	.area INITIALIZER
                                     92 	.area CABS (ABS)
