                                      1 ;--------------------------------------------------------
                                      2 ; File Created by SDCC : free open source ISO C Compiler 
                                      3 ; Version 4.4.0 #14620 (Linux)
                                      4 ;--------------------------------------------------------
                                      5 	.module stm8s_itc_GetCPUCC
                                      6 	.optsdcc -mstm8
                                      7 	
                                      8 ;--------------------------------------------------------
                                      9 ; Public variables in this module
                                     10 ;--------------------------------------------------------
                                     11 	.globl _ITC_GetCPUCC
                                     12 ;--------------------------------------------------------
                                     13 ; ram data
                                     14 ;--------------------------------------------------------
                                     15 	.area DATA
                                     16 ;--------------------------------------------------------
                                     17 ; ram data
                                     18 ;--------------------------------------------------------
                                     19 	.area INITIALIZED
                                     20 ;--------------------------------------------------------
                                     21 ; absolute external ram data
                                     22 ;--------------------------------------------------------
                                     23 	.area DABS (ABS)
                                     24 
                                     25 ; default segment ordering for linker
                                     26 	.area HOME
                                     27 	.area GSINIT
                                     28 	.area GSFINAL
                                     29 	.area CONST
                                     30 	.area INITIALIZER
                                     31 	.area CODE
                                     32 
                                     33 ;--------------------------------------------------------
                                     34 ; global & static initialisations
                                     35 ;--------------------------------------------------------
                                     36 	.area HOME
                                     37 	.area GSINIT
                                     38 	.area GSFINAL
                                     39 	.area GSINIT
                                     40 ;--------------------------------------------------------
                                     41 ; Home
                                     42 ;--------------------------------------------------------
                                     43 	.area HOME
                                     44 	.area HOME
                                     45 ;--------------------------------------------------------
                                     46 ; code
                                     47 ;--------------------------------------------------------
                                     48 	.area CODE
                                     49 ;	../STM8S_StdPeriph_Driver/src/stm8s_itc_GetCPUCC.c: 46: uint8_t ITC_GetCPUCC(void)
                                     50 ;	-----------------------------------------
                                     51 ;	 function ITC_GetCPUCC
                                     52 ;	-----------------------------------------
      000000                         53 _ITC_GetCPUCC:
                                     54 ;	../STM8S_StdPeriph_Driver/src/stm8s_itc_GetCPUCC.c: 55: __asm__("push cc");
      000000 8A               [ 1]   55 	push	cc
                                     56 ;	../STM8S_StdPeriph_Driver/src/stm8s_itc_GetCPUCC.c: 56: __asm__("pop a");
      000001 84               [ 1]   57 	pop	a
                                     58 ;	../STM8S_StdPeriph_Driver/src/stm8s_itc_GetCPUCC.c: 61: }
      000002 81               [ 4]   59 	ret
                                     60 	.area CODE
                                     61 	.area CONST
                                     62 	.area INITIALIZER
                                     63 	.area CABS (ABS)
