                                      1 ;--------------------------------------------------------
                                      2 ; File Created by SDCC : free open source ISO C Compiler 
                                      3 ; Version 4.4.0 #14620 (Linux)
                                      4 ;--------------------------------------------------------
                                      5 	.module stm8s_tim1_ClearFlag
                                      6 	.optsdcc -mstm8
                                      7 	
                                      8 ;--------------------------------------------------------
                                      9 ; Public variables in this module
                                     10 ;--------------------------------------------------------
                                     11 	.globl _assert_failed
                                     12 	.globl _TIM1_ClearFlag
                                     13 ;--------------------------------------------------------
                                     14 ; ram data
                                     15 ;--------------------------------------------------------
                                     16 	.area DATA
                                     17 ;--------------------------------------------------------
                                     18 ; ram data
                                     19 ;--------------------------------------------------------
                                     20 	.area INITIALIZED
                                     21 ;--------------------------------------------------------
                                     22 ; absolute external ram data
                                     23 ;--------------------------------------------------------
                                     24 	.area DABS (ABS)
                                     25 
                                     26 ; default segment ordering for linker
                                     27 	.area HOME
                                     28 	.area GSINIT
                                     29 	.area GSFINAL
                                     30 	.area CONST
                                     31 	.area INITIALIZER
                                     32 	.area CODE
                                     33 
                                     34 ;--------------------------------------------------------
                                     35 ; global & static initialisations
                                     36 ;--------------------------------------------------------
                                     37 	.area HOME
                                     38 	.area GSINIT
                                     39 	.area GSFINAL
                                     40 	.area GSINIT
                                     41 ;--------------------------------------------------------
                                     42 ; Home
                                     43 ;--------------------------------------------------------
                                     44 	.area HOME
                                     45 	.area HOME
                                     46 ;--------------------------------------------------------
                                     47 ; code
                                     48 ;--------------------------------------------------------
                                     49 	.area CODE
                                     50 ;	../STM8S_StdPeriph_Driver/src/stm8s_tim1_ClearFlag.c: 60: void TIM1_ClearFlag(TIM1_FLAG_TypeDef TIM1_FLAG)
                                     51 ;	-----------------------------------------
                                     52 ;	 function TIM1_ClearFlag
                                     53 ;	-----------------------------------------
      000000                         54 _TIM1_ClearFlag:
      000000 89               [ 2]   55 	pushw	x
                                     56 ;	../STM8S_StdPeriph_Driver/src/stm8s_tim1_ClearFlag.c: 63: assert_param(IS_TIM1_CLEAR_FLAG_OK(TIM1_FLAG));
      000001 1F 01            [ 2]   57 	ldw	(0x01, sp), x
      000003 7B 01            [ 1]   58 	ld	a, (0x01, sp)
      000005 A5 E1            [ 1]   59 	bcp	a, #0xe1
      000007 26 03            [ 1]   60 	jrne	00103$
      000009 5D               [ 2]   61 	tnzw	x
      00000A 26 10            [ 1]   62 	jrne	00104$
      00000C                         63 00103$:
      00000C 89               [ 2]   64 	pushw	x
      00000D 4B 3F            [ 1]   65 	push	#0x3f
      00000F 4B 00            [ 1]   66 	push	#0x00
      000011 4B 00            [ 1]   67 	push	#0x00
      000013 4B 00            [ 1]   68 	push	#0x00
      000015 AEr00r00         [ 2]   69 	ldw	x, #(___str_0+0)
      000018 CDr00r00         [ 4]   70 	call	_assert_failed
      00001B 85               [ 2]   71 	popw	x
      00001C                         72 00104$:
                                     73 ;	../STM8S_StdPeriph_Driver/src/stm8s_tim1_ClearFlag.c: 66: TIM1->SR1 = (uint8_t)(~(uint8_t)(TIM1_FLAG));
      00001C 9F               [ 1]   74 	ld	a, xl
      00001D 43               [ 1]   75 	cpl	a
      00001E C7 52 55         [ 1]   76 	ld	0x5255, a
                                     77 ;	../STM8S_StdPeriph_Driver/src/stm8s_tim1_ClearFlag.c: 67: TIM1->SR2 = (uint8_t)((uint8_t)(~((uint8_t)((uint16_t)TIM1_FLAG >> 8))) & 
      000021 7B 01            [ 1]   78 	ld	a, (0x01, sp)
      000023 43               [ 1]   79 	cpl	a
      000024 A4 1E            [ 1]   80 	and	a, #0x1e
      000026 C7 52 56         [ 1]   81 	ld	0x5256, a
                                     82 ;	../STM8S_StdPeriph_Driver/src/stm8s_tim1_ClearFlag.c: 69: }
      000029 85               [ 2]   83 	popw	x
      00002A 81               [ 4]   84 	ret
                                     85 	.area CODE
                                     86 	.area CONST
                                     87 	.area CONST
      000000                         88 ___str_0:
      000000 2E 2E 2F 53 54 4D 38    89 	.ascii "../STM8S_StdPeriph_Driver/src/stm8s_tim1_ClearFlag.c"
             53 5F 53 74 64 50 65
             72 69 70 68 5F 44 72
             69 76 65 72 2F 73 72
             63 2F 73 74 6D 38 73
             5F 74 69 6D 31 5F 43
             6C 65 61 72 46 6C 61
             67 2E 63
      000034 00                      90 	.db 0x00
                                     91 	.area CODE
                                     92 	.area INITIALIZER
                                     93 	.area CABS (ABS)
