                                      1 ;--------------------------------------------------------
                                      2 ; File Created by SDCC : free open source ISO C Compiler 
                                      3 ; Version 4.4.0 #14620 (Linux)
                                      4 ;--------------------------------------------------------
                                      5 	.module stm8s_tim2_SelectOCxM
                                      6 	.optsdcc -mstm8
                                      7 	
                                      8 ;--------------------------------------------------------
                                      9 ; Public variables in this module
                                     10 ;--------------------------------------------------------
                                     11 	.globl _assert_failed
                                     12 	.globl _TIM2_SelectOCxM
                                     13 ;--------------------------------------------------------
                                     14 ; ram data
                                     15 ;--------------------------------------------------------
                                     16 	.area DATA
                                     17 ;--------------------------------------------------------
                                     18 ; ram data
                                     19 ;--------------------------------------------------------
                                     20 	.area INITIALIZED
                                     21 ;--------------------------------------------------------
                                     22 ; absolute external ram data
                                     23 ;--------------------------------------------------------
                                     24 	.area DABS (ABS)
                                     25 
                                     26 ; default segment ordering for linker
                                     27 	.area HOME
                                     28 	.area GSINIT
                                     29 	.area GSFINAL
                                     30 	.area CONST
                                     31 	.area INITIALIZER
                                     32 	.area CODE
                                     33 
                                     34 ;--------------------------------------------------------
                                     35 ; global & static initialisations
                                     36 ;--------------------------------------------------------
                                     37 	.area HOME
                                     38 	.area GSINIT
                                     39 	.area GSFINAL
                                     40 	.area GSINIT
                                     41 ;--------------------------------------------------------
                                     42 ; Home
                                     43 ;--------------------------------------------------------
                                     44 	.area HOME
                                     45 	.area HOME
                                     46 ;--------------------------------------------------------
                                     47 ; code
                                     48 ;--------------------------------------------------------
                                     49 	.area CODE
                                     50 ;	../STM8S_StdPeriph_Driver/src/stm8s_tim2_SelectOCxM.c: 62: void TIM2_SelectOCxM(TIM2_Channel_TypeDef TIM2_Channel, TIM2_OCMode_TypeDef TIM2_OCMode)
                                     51 ;	-----------------------------------------
                                     52 ;	 function TIM2_SelectOCxM
                                     53 ;	-----------------------------------------
      000000                         54 _TIM2_SelectOCxM:
      000000 89               [ 2]   55 	pushw	x
                                     56 ;	../STM8S_StdPeriph_Driver/src/stm8s_tim2_SelectOCxM.c: 65: assert_param(IS_TIM2_CHANNEL_OK(TIM2_Channel));
      000001 6B 02            [ 1]   57 	ld	(0x02, sp), a
      000003 4A               [ 1]   58 	dec	a
      000004 26 05            [ 1]   59 	jrne	00232$
      000006 A6 01            [ 1]   60 	ld	a, #0x01
      000008 6B 01            [ 1]   61 	ld	(0x01, sp), a
      00000A C5                      62 	.byte 0xc5
      00000B                         63 00232$:
      00000B 0F 01            [ 1]   64 	clr	(0x01, sp)
      00000D                         65 00233$:
      00000D 0D 02            [ 1]   66 	tnz	(0x02, sp)
      00000F 27 16            [ 1]   67 	jreq	00110$
      000011 0D 01            [ 1]   68 	tnz	(0x01, sp)
      000013 26 12            [ 1]   69 	jrne	00110$
      000015 7B 02            [ 1]   70 	ld	a, (0x02, sp)
      000017 A1 02            [ 1]   71 	cp	a, #0x02
      000019 27 0C            [ 1]   72 	jreq	00110$
      00001B 4B 41            [ 1]   73 	push	#0x41
      00001D 5F               [ 1]   74 	clrw	x
      00001E 89               [ 2]   75 	pushw	x
      00001F 4B 00            [ 1]   76 	push	#0x00
      000021 AEr00r00         [ 2]   77 	ldw	x, #(___str_0+0)
      000024 CDr00r00         [ 4]   78 	call	_assert_failed
      000027                         79 00110$:
                                     80 ;	../STM8S_StdPeriph_Driver/src/stm8s_tim2_SelectOCxM.c: 66: assert_param(IS_TIM2_OCM_OK(TIM2_OCMode));
      000027 0D 05            [ 1]   81 	tnz	(0x05, sp)
      000029 27 36            [ 1]   82 	jreq	00118$
      00002B 7B 05            [ 1]   83 	ld	a, (0x05, sp)
      00002D A1 10            [ 1]   84 	cp	a, #0x10
      00002F 27 30            [ 1]   85 	jreq	00118$
      000031 7B 05            [ 1]   86 	ld	a, (0x05, sp)
      000033 A1 20            [ 1]   87 	cp	a, #0x20
      000035 27 2A            [ 1]   88 	jreq	00118$
      000037 7B 05            [ 1]   89 	ld	a, (0x05, sp)
      000039 A1 30            [ 1]   90 	cp	a, #0x30
      00003B 27 24            [ 1]   91 	jreq	00118$
      00003D 7B 05            [ 1]   92 	ld	a, (0x05, sp)
      00003F A1 60            [ 1]   93 	cp	a, #0x60
      000041 27 1E            [ 1]   94 	jreq	00118$
      000043 7B 05            [ 1]   95 	ld	a, (0x05, sp)
      000045 A1 70            [ 1]   96 	cp	a, #0x70
      000047 27 18            [ 1]   97 	jreq	00118$
      000049 7B 05            [ 1]   98 	ld	a, (0x05, sp)
      00004B A1 50            [ 1]   99 	cp	a, #0x50
      00004D 27 12            [ 1]  100 	jreq	00118$
      00004F 7B 05            [ 1]  101 	ld	a, (0x05, sp)
      000051 A1 40            [ 1]  102 	cp	a, #0x40
      000053 27 0C            [ 1]  103 	jreq	00118$
      000055 4B 42            [ 1]  104 	push	#0x42
      000057 5F               [ 1]  105 	clrw	x
      000058 89               [ 2]  106 	pushw	x
      000059 4B 00            [ 1]  107 	push	#0x00
      00005B AEr00r00         [ 2]  108 	ldw	x, #(___str_0+0)
      00005E CDr00r00         [ 4]  109 	call	_assert_failed
      000061                        110 00118$:
                                    111 ;	../STM8S_StdPeriph_Driver/src/stm8s_tim2_SelectOCxM.c: 68: if (TIM2_Channel == TIM2_CHANNEL_1)
      000061 0D 02            [ 1]  112 	tnz	(0x02, sp)
      000063 26 10            [ 1]  113 	jrne	00105$
                                    114 ;	../STM8S_StdPeriph_Driver/src/stm8s_tim2_SelectOCxM.c: 71: TIM2->CCER1 &= (uint8_t)(~TIM2_CCER1_CC1E);
      000065 72 11 53 08      [ 1]  115 	bres	0x5308, #0
                                    116 ;	../STM8S_StdPeriph_Driver/src/stm8s_tim2_SelectOCxM.c: 74: TIM2->CCMR1 = (uint8_t)((uint8_t)(TIM2->CCMR1 & (uint8_t)(~TIM2_CCMR_OCM))
      000069 C6 53 05         [ 1]  117 	ld	a, 0x5305
      00006C A4 8F            [ 1]  118 	and	a, #0x8f
                                    119 ;	../STM8S_StdPeriph_Driver/src/stm8s_tim2_SelectOCxM.c: 75: | (uint8_t)TIM2_OCMode);
      00006E 1A 05            [ 1]  120 	or	a, (0x05, sp)
      000070 C7 53 05         [ 1]  121 	ld	0x5305, a
      000073 20 22            [ 2]  122 	jra	00107$
      000075                        123 00105$:
                                    124 ;	../STM8S_StdPeriph_Driver/src/stm8s_tim2_SelectOCxM.c: 77: else if (TIM2_Channel == TIM2_CHANNEL_2)
      000075 7B 01            [ 1]  125 	ld	a, (0x01, sp)
      000077 27 10            [ 1]  126 	jreq	00102$
                                    127 ;	../STM8S_StdPeriph_Driver/src/stm8s_tim2_SelectOCxM.c: 80: TIM2->CCER1 &= (uint8_t)(~TIM2_CCER1_CC2E);
      000079 72 19 53 08      [ 1]  128 	bres	0x5308, #4
                                    129 ;	../STM8S_StdPeriph_Driver/src/stm8s_tim2_SelectOCxM.c: 83: TIM2->CCMR2 = (uint8_t)((uint8_t)(TIM2->CCMR2 & (uint8_t)(~TIM2_CCMR_OCM))
      00007D C6 53 06         [ 1]  130 	ld	a, 0x5306
      000080 A4 8F            [ 1]  131 	and	a, #0x8f
                                    132 ;	../STM8S_StdPeriph_Driver/src/stm8s_tim2_SelectOCxM.c: 84: | (uint8_t)TIM2_OCMode);
      000082 1A 05            [ 1]  133 	or	a, (0x05, sp)
      000084 C7 53 06         [ 1]  134 	ld	0x5306, a
      000087 20 0E            [ 2]  135 	jra	00107$
      000089                        136 00102$:
                                    137 ;	../STM8S_StdPeriph_Driver/src/stm8s_tim2_SelectOCxM.c: 89: TIM2->CCER2 &= (uint8_t)(~TIM2_CCER2_CC3E);
      000089 72 11 53 09      [ 1]  138 	bres	0x5309, #0
                                    139 ;	../STM8S_StdPeriph_Driver/src/stm8s_tim2_SelectOCxM.c: 92: TIM2->CCMR3 = (uint8_t)((uint8_t)(TIM2->CCMR3 & (uint8_t)(~TIM2_CCMR_OCM))
      00008D C6 53 07         [ 1]  140 	ld	a, 0x5307
      000090 A4 8F            [ 1]  141 	and	a, #0x8f
                                    142 ;	../STM8S_StdPeriph_Driver/src/stm8s_tim2_SelectOCxM.c: 93: | (uint8_t)TIM2_OCMode);
      000092 1A 05            [ 1]  143 	or	a, (0x05, sp)
      000094 C7 53 07         [ 1]  144 	ld	0x5307, a
      000097                        145 00107$:
                                    146 ;	../STM8S_StdPeriph_Driver/src/stm8s_tim2_SelectOCxM.c: 95: }
      000097 85               [ 2]  147 	popw	x
      000098 85               [ 2]  148 	popw	x
      000099 84               [ 1]  149 	pop	a
      00009A FC               [ 2]  150 	jp	(x)
                                    151 	.area CODE
                                    152 	.area CONST
                                    153 	.area CONST
      000000                        154 ___str_0:
      000000 2E 2E 2F 53 54 4D 38   155 	.ascii "../STM8S_StdPeriph_Driver/src/stm8s_tim2_SelectOCxM.c"
             53 5F 53 74 64 50 65
             72 69 70 68 5F 44 72
             69 76 65 72 2F 73 72
             63 2F 73 74 6D 38 73
             5F 74 69 6D 32 5F 53
             65 6C 65 63 74 4F 43
             78 4D 2E 63
      000035 00                     156 	.db 0x00
                                    157 	.area CODE
                                    158 	.area INITIALIZER
                                    159 	.area CABS (ABS)
