                                      1 ;--------------------------------------------------------
                                      2 ; File Created by SDCC : free open source ISO C Compiler 
                                      3 ; Version 4.4.0 #14620 (Linux)
                                      4 ;--------------------------------------------------------
                                      5 	.module stm8s_tim1_OC4Init
                                      6 	.optsdcc -mstm8
                                      7 	
                                      8 ;--------------------------------------------------------
                                      9 ; Public variables in this module
                                     10 ;--------------------------------------------------------
                                     11 	.globl _assert_failed
                                     12 	.globl _TIM1_OC4Init
                                     13 ;--------------------------------------------------------
                                     14 ; ram data
                                     15 ;--------------------------------------------------------
                                     16 	.area DATA
                                     17 ;--------------------------------------------------------
                                     18 ; ram data
                                     19 ;--------------------------------------------------------
                                     20 	.area INITIALIZED
                                     21 ;--------------------------------------------------------
                                     22 ; absolute external ram data
                                     23 ;--------------------------------------------------------
                                     24 	.area DABS (ABS)
                                     25 
                                     26 ; default segment ordering for linker
                                     27 	.area HOME
                                     28 	.area GSINIT
                                     29 	.area GSFINAL
                                     30 	.area CONST
                                     31 	.area INITIALIZER
                                     32 	.area CODE
                                     33 
                                     34 ;--------------------------------------------------------
                                     35 ; global & static initialisations
                                     36 ;--------------------------------------------------------
                                     37 	.area HOME
                                     38 	.area GSINIT
                                     39 	.area GSFINAL
                                     40 	.area GSINIT
                                     41 ;--------------------------------------------------------
                                     42 ; Home
                                     43 ;--------------------------------------------------------
                                     44 	.area HOME
                                     45 	.area HOME
                                     46 ;--------------------------------------------------------
                                     47 ; code
                                     48 ;--------------------------------------------------------
                                     49 	.area CODE
                                     50 ;	../STM8S_StdPeriph_Driver/src/stm8s_tim1_OC4Init.c: 55: void TIM1_OC4Init(TIM1_OCMode_TypeDef TIM1_OCMode,
                                     51 ;	-----------------------------------------
                                     52 ;	 function TIM1_OC4Init
                                     53 ;	-----------------------------------------
      000000                         54 _TIM1_OC4Init:
      000000 52 03            [ 2]   55 	sub	sp, #3
                                     56 ;	../STM8S_StdPeriph_Driver/src/stm8s_tim1_OC4Init.c: 62: assert_param(IS_TIM1_OC_MODE_OK(TIM1_OCMode));
      000002 6B 03            [ 1]   57 	ld	(0x03, sp), a
      000004 27 2A            [ 1]   58 	jreq	00107$
      000006 7B 03            [ 1]   59 	ld	a, (0x03, sp)
      000008 A1 10            [ 1]   60 	cp	a, #0x10
      00000A 27 24            [ 1]   61 	jreq	00107$
      00000C 7B 03            [ 1]   62 	ld	a, (0x03, sp)
      00000E A1 20            [ 1]   63 	cp	a, #0x20
      000010 27 1E            [ 1]   64 	jreq	00107$
      000012 7B 03            [ 1]   65 	ld	a, (0x03, sp)
      000014 A1 30            [ 1]   66 	cp	a, #0x30
      000016 27 18            [ 1]   67 	jreq	00107$
      000018 7B 03            [ 1]   68 	ld	a, (0x03, sp)
      00001A A1 60            [ 1]   69 	cp	a, #0x60
      00001C 27 12            [ 1]   70 	jreq	00107$
      00001E 7B 03            [ 1]   71 	ld	a, (0x03, sp)
      000020 A1 70            [ 1]   72 	cp	a, #0x70
      000022 27 0C            [ 1]   73 	jreq	00107$
      000024 4B 3E            [ 1]   74 	push	#0x3e
      000026 5F               [ 1]   75 	clrw	x
      000027 89               [ 2]   76 	pushw	x
      000028 4B 00            [ 1]   77 	push	#0x00
      00002A AEr00r00         [ 2]   78 	ldw	x, #(___str_0+0)
      00002D CDr00r00         [ 4]   79 	call	_assert_failed
      000030                         80 00107$:
                                     81 ;	../STM8S_StdPeriph_Driver/src/stm8s_tim1_OC4Init.c: 63: assert_param(IS_TIM1_OUTPUT_STATE_OK(TIM1_OutputState));
      000030 0D 06            [ 1]   82 	tnz	(0x06, sp)
      000032 27 12            [ 1]   83 	jreq	00124$
      000034 7B 06            [ 1]   84 	ld	a, (0x06, sp)
      000036 A1 11            [ 1]   85 	cp	a, #0x11
      000038 27 0C            [ 1]   86 	jreq	00124$
      00003A 4B 3F            [ 1]   87 	push	#0x3f
      00003C 5F               [ 1]   88 	clrw	x
      00003D 89               [ 2]   89 	pushw	x
      00003E 4B 00            [ 1]   90 	push	#0x00
      000040 AEr00r00         [ 2]   91 	ldw	x, #(___str_0+0)
      000043 CDr00r00         [ 4]   92 	call	_assert_failed
      000046                         93 00124$:
                                     94 ;	../STM8S_StdPeriph_Driver/src/stm8s_tim1_OC4Init.c: 64: assert_param(IS_TIM1_OC_POLARITY_OK(TIM1_OCPolarity));
      000046 0D 09            [ 1]   95 	tnz	(0x09, sp)
      000048 27 12            [ 1]   96 	jreq	00129$
      00004A 7B 09            [ 1]   97 	ld	a, (0x09, sp)
      00004C A1 22            [ 1]   98 	cp	a, #0x22
      00004E 27 0C            [ 1]   99 	jreq	00129$
      000050 4B 40            [ 1]  100 	push	#0x40
      000052 5F               [ 1]  101 	clrw	x
      000053 89               [ 2]  102 	pushw	x
      000054 4B 00            [ 1]  103 	push	#0x00
      000056 AEr00r00         [ 2]  104 	ldw	x, #(___str_0+0)
      000059 CDr00r00         [ 4]  105 	call	_assert_failed
      00005C                        106 00129$:
                                    107 ;	../STM8S_StdPeriph_Driver/src/stm8s_tim1_OC4Init.c: 65: assert_param(IS_TIM1_OCIDLE_STATE_OK(TIM1_OCIdleState));
      00005C 7B 0A            [ 1]  108 	ld	a, (0x0a, sp)
      00005E A1 55            [ 1]  109 	cp	a, #0x55
      000060 27 10            [ 1]  110 	jreq	00134$
      000062 0D 0A            [ 1]  111 	tnz	(0x0a, sp)
      000064 27 0C            [ 1]  112 	jreq	00134$
      000066 4B 41            [ 1]  113 	push	#0x41
      000068 5F               [ 1]  114 	clrw	x
      000069 89               [ 2]  115 	pushw	x
      00006A 4B 00            [ 1]  116 	push	#0x00
      00006C AEr00r00         [ 2]  117 	ldw	x, #(___str_0+0)
      00006F CDr00r00         [ 4]  118 	call	_assert_failed
      000072                        119 00134$:
                                    120 ;	../STM8S_StdPeriph_Driver/src/stm8s_tim1_OC4Init.c: 68: TIM1->CCER2 &= (uint8_t)(~(TIM1_CCER2_CC4E | TIM1_CCER2_CC4P));
      000072 C6 52 5D         [ 1]  121 	ld	a, 0x525d
      000075 A4 CF            [ 1]  122 	and	a, #0xcf
      000077 C7 52 5D         [ 1]  123 	ld	0x525d, a
                                    124 ;	../STM8S_StdPeriph_Driver/src/stm8s_tim1_OC4Init.c: 70: TIM1->CCER2 |= (uint8_t)((uint8_t)(TIM1_OutputState & TIM1_CCER2_CC4E ) |  
      00007A C6 52 5D         [ 1]  125 	ld	a, 0x525d
      00007D 6B 01            [ 1]  126 	ld	(0x01, sp), a
      00007F 7B 06            [ 1]  127 	ld	a, (0x06, sp)
      000081 A4 10            [ 1]  128 	and	a, #0x10
      000083 6B 02            [ 1]  129 	ld	(0x02, sp), a
                                    130 ;	../STM8S_StdPeriph_Driver/src/stm8s_tim1_OC4Init.c: 71: (uint8_t)(TIM1_OCPolarity  & TIM1_CCER2_CC4P ));
      000085 7B 09            [ 1]  131 	ld	a, (0x09, sp)
      000087 A4 20            [ 1]  132 	and	a, #0x20
      000089 1A 02            [ 1]  133 	or	a, (0x02, sp)
      00008B 1A 01            [ 1]  134 	or	a, (0x01, sp)
      00008D C7 52 5D         [ 1]  135 	ld	0x525d, a
                                    136 ;	../STM8S_StdPeriph_Driver/src/stm8s_tim1_OC4Init.c: 74: TIM1->CCMR4 = (uint8_t)((uint8_t)(TIM1->CCMR4 & (uint8_t)(~TIM1_CCMR_OCM)) | 
      000090 C6 52 5B         [ 1]  137 	ld	a, 0x525b
      000093 A4 8F            [ 1]  138 	and	a, #0x8f
      000095 1A 03            [ 1]  139 	or	a, (0x03, sp)
      000097 C7 52 5B         [ 1]  140 	ld	0x525b, a
                                    141 ;	../STM8S_StdPeriph_Driver/src/stm8s_tim1_OC4Init.c: 80: TIM1->OISR |= (uint8_t)(~TIM1_CCER2_CC4P);
      00009A C6 52 6F         [ 1]  142 	ld	a, 0x526f
                                    143 ;	../STM8S_StdPeriph_Driver/src/stm8s_tim1_OC4Init.c: 78: if (TIM1_OCIdleState != TIM1_OCIDLESTATE_RESET)
      00009D 0D 0A            [ 1]  144 	tnz	(0x0a, sp)
      00009F 27 07            [ 1]  145 	jreq	00102$
                                    146 ;	../STM8S_StdPeriph_Driver/src/stm8s_tim1_OC4Init.c: 80: TIM1->OISR |= (uint8_t)(~TIM1_CCER2_CC4P);
      0000A1 AA DF            [ 1]  147 	or	a, #0xdf
      0000A3 C7 52 6F         [ 1]  148 	ld	0x526f, a
      0000A6 20 05            [ 2]  149 	jra	00103$
      0000A8                        150 00102$:
                                    151 ;	../STM8S_StdPeriph_Driver/src/stm8s_tim1_OC4Init.c: 84: TIM1->OISR &= (uint8_t)(~TIM1_OISR_OIS4);
      0000A8 A4 BF            [ 1]  152 	and	a, #0xbf
      0000AA C7 52 6F         [ 1]  153 	ld	0x526f, a
      0000AD                        154 00103$:
                                    155 ;	../STM8S_StdPeriph_Driver/src/stm8s_tim1_OC4Init.c: 88: TIM1->CCR4H = (uint8_t)(TIM1_Pulse >> 8);
      0000AD 7B 07            [ 1]  156 	ld	a, (0x07, sp)
      0000AF C7 52 6B         [ 1]  157 	ld	0x526b, a
                                    158 ;	../STM8S_StdPeriph_Driver/src/stm8s_tim1_OC4Init.c: 89: TIM1->CCR4L = (uint8_t)(TIM1_Pulse);
      0000B2 7B 08            [ 1]  159 	ld	a, (0x08, sp)
      0000B4 C7 52 6C         [ 1]  160 	ld	0x526c, a
                                    161 ;	../STM8S_StdPeriph_Driver/src/stm8s_tim1_OC4Init.c: 90: }
      0000B7 1E 04            [ 2]  162 	ldw	x, (4, sp)
      0000B9 5B 0A            [ 2]  163 	addw	sp, #10
      0000BB FC               [ 2]  164 	jp	(x)
                                    165 	.area CODE
                                    166 	.area CONST
                                    167 	.area CONST
      000000                        168 ___str_0:
      000000 2E 2E 2F 53 54 4D 38   169 	.ascii "../STM8S_StdPeriph_Driver/src/stm8s_tim1_OC4Init.c"
             53 5F 53 74 64 50 65
             72 69 70 68 5F 44 72
             69 76 65 72 2F 73 72
             63 2F 73 74 6D 38 73
             5F 74 69 6D 31 5F 4F
             43 34 49 6E 69 74 2E
             63
      000032 00                     170 	.db 0x00
                                    171 	.area CODE
                                    172 	.area INITIALIZER
                                    173 	.area CABS (ABS)
