                                      1 ;--------------------------------------------------------
                                      2 ; File Created by SDCC : free open source ISO C Compiler 
                                      3 ; Version 4.4.0 #14620 (Linux)
                                      4 ;--------------------------------------------------------
                                      5 	.module stm8s_exti_SetTLISensitivity
                                      6 	.optsdcc -mstm8
                                      7 	
                                      8 ;--------------------------------------------------------
                                      9 ; Public variables in this module
                                     10 ;--------------------------------------------------------
                                     11 	.globl _assert_failed
                                     12 	.globl _EXTI_SetTLISensitivity
                                     13 ;--------------------------------------------------------
                                     14 ; ram data
                                     15 ;--------------------------------------------------------
                                     16 	.area DATA
                                     17 ;--------------------------------------------------------
                                     18 ; ram data
                                     19 ;--------------------------------------------------------
                                     20 	.area INITIALIZED
                                     21 ;--------------------------------------------------------
                                     22 ; absolute external ram data
                                     23 ;--------------------------------------------------------
                                     24 	.area DABS (ABS)
                                     25 
                                     26 ; default segment ordering for linker
                                     27 	.area HOME
                                     28 	.area GSINIT
                                     29 	.area GSFINAL
                                     30 	.area CONST
                                     31 	.area INITIALIZER
                                     32 	.area CODE
                                     33 
                                     34 ;--------------------------------------------------------
                                     35 ; global & static initialisations
                                     36 ;--------------------------------------------------------
                                     37 	.area HOME
                                     38 	.area GSINIT
                                     39 	.area GSFINAL
                                     40 	.area GSINIT
                                     41 ;--------------------------------------------------------
                                     42 ; Home
                                     43 ;--------------------------------------------------------
                                     44 	.area HOME
                                     45 	.area HOME
                                     46 ;--------------------------------------------------------
                                     47 ; code
                                     48 ;--------------------------------------------------------
                                     49 	.area CODE
                                     50 ;	../STM8S_StdPeriph_Driver/src/stm8s_exti_SetTLISensitivity.c: 48: void EXTI_SetTLISensitivity(EXTI_TLISensitivity_TypeDef SensitivityValue)
                                     51 ;	-----------------------------------------
                                     52 ;	 function EXTI_SetTLISensitivity
                                     53 ;	-----------------------------------------
      000000                         54 _EXTI_SetTLISensitivity:
      000000 88               [ 1]   55 	push	a
                                     56 ;	../STM8S_StdPeriph_Driver/src/stm8s_exti_SetTLISensitivity.c: 51: assert_param(IS_EXTI_TLISENSITIVITY_OK(SensitivityValue));
      000001 6B 01            [ 1]   57 	ld	(0x01, sp), a
      000003 27 12            [ 1]   58 	jreq	00104$
      000005 7B 01            [ 1]   59 	ld	a, (0x01, sp)
      000007 A1 04            [ 1]   60 	cp	a, #0x04
      000009 27 0C            [ 1]   61 	jreq	00104$
      00000B 4B 33            [ 1]   62 	push	#0x33
      00000D 5F               [ 1]   63 	clrw	x
      00000E 89               [ 2]   64 	pushw	x
      00000F 4B 00            [ 1]   65 	push	#0x00
      000011 AEr00r00         [ 2]   66 	ldw	x, #(___str_0+0)
      000014 CDr00r00         [ 4]   67 	call	_assert_failed
      000017                         68 00104$:
                                     69 ;	../STM8S_StdPeriph_Driver/src/stm8s_exti_SetTLISensitivity.c: 54: EXTI->CR2 &= (uint8_t)(~EXTI_CR2_TLIS);
      000017 C6 50 A1         [ 1]   70 	ld	a, 0x50a1
      00001A A4 FB            [ 1]   71 	and	a, #0xfb
      00001C C7 50 A1         [ 1]   72 	ld	0x50a1, a
                                     73 ;	../STM8S_StdPeriph_Driver/src/stm8s_exti_SetTLISensitivity.c: 55: EXTI->CR2 |= (uint8_t)(SensitivityValue);
      00001F C6 50 A1         [ 1]   74 	ld	a, 0x50a1
      000022 1A 01            [ 1]   75 	or	a, (0x01, sp)
      000024 C7 50 A1         [ 1]   76 	ld	0x50a1, a
                                     77 ;	../STM8S_StdPeriph_Driver/src/stm8s_exti_SetTLISensitivity.c: 56: }
      000027 84               [ 1]   78 	pop	a
      000028 81               [ 4]   79 	ret
                                     80 	.area CODE
                                     81 	.area CONST
                                     82 	.area CONST
      000000                         83 ___str_0:
      000000 2E 2E 2F 53 54 4D 38    84 	.ascii "../STM8S_StdPeriph_Driver/src/stm8s_exti_SetTLISensitivity.c"
             53 5F 53 74 64 50 65
             72 69 70 68 5F 44 72
             69 76 65 72 2F 73 72
             63 2F 73 74 6D 38 73
             5F 65 78 74 69 5F 53
             65 74 54 4C 49 53 65
             6E 73 69 74 69 76 69
             74 79 2E 63
      00003C 00                      85 	.db 0x00
                                     86 	.area CODE
                                     87 	.area INITIALIZER
                                     88 	.area CABS (ABS)
