                                      1 ;--------------------------------------------------------
                                      2 ; File Created by SDCC : free open source ISO C Compiler 
                                      3 ; Version 4.4.0 #14620 (Linux)
                                      4 ;--------------------------------------------------------
                                      5 	.module stm8s_adc1_GetAWDChannelStatus
                                      6 	.optsdcc -mstm8
                                      7 	
                                      8 ;--------------------------------------------------------
                                      9 ; Public variables in this module
                                     10 ;--------------------------------------------------------
                                     11 	.globl _assert_failed
                                     12 	.globl _ADC1_GetAWDChannelStatus
                                     13 ;--------------------------------------------------------
                                     14 ; ram data
                                     15 ;--------------------------------------------------------
                                     16 	.area DATA
                                     17 ;--------------------------------------------------------
                                     18 ; ram data
                                     19 ;--------------------------------------------------------
                                     20 	.area INITIALIZED
                                     21 ;--------------------------------------------------------
                                     22 ; absolute external ram data
                                     23 ;--------------------------------------------------------
                                     24 	.area DABS (ABS)
                                     25 
                                     26 ; default segment ordering for linker
                                     27 	.area HOME
                                     28 	.area GSINIT
                                     29 	.area GSFINAL
                                     30 	.area CONST
                                     31 	.area INITIALIZER
                                     32 	.area CODE
                                     33 
                                     34 ;--------------------------------------------------------
                                     35 ; global & static initialisations
                                     36 ;--------------------------------------------------------
                                     37 	.area HOME
                                     38 	.area GSINIT
                                     39 	.area GSFINAL
                                     40 	.area GSINIT
                                     41 ;--------------------------------------------------------
                                     42 ; Home
                                     43 ;--------------------------------------------------------
                                     44 	.area HOME
                                     45 	.area HOME
                                     46 ;--------------------------------------------------------
                                     47 ; code
                                     48 ;--------------------------------------------------------
                                     49 	.area CODE
                                     50 ;	../STM8S_StdPeriph_Driver/src/stm8s_adc1_GetAWDChannelStatus.c: 47: FlagStatus ADC1_GetAWDChannelStatus(ADC1_Channel_TypeDef Channel)
                                     51 ;	-----------------------------------------
                                     52 ;	 function ADC1_GetAWDChannelStatus
                                     53 ;	-----------------------------------------
      000000                         54 _ADC1_GetAWDChannelStatus:
      000000 88               [ 1]   55 	push	a
                                     56 ;	../STM8S_StdPeriph_Driver/src/stm8s_adc1_GetAWDChannelStatus.c: 52: assert_param(IS_ADC1_CHANNEL_OK(Channel));
      000001 4D               [ 1]   57 	tnz	a
      000002 27 36            [ 1]   58 	jreq	00107$
      000004 A1 01            [ 1]   59 	cp	a, #0x01
      000006 27 32            [ 1]   60 	jreq	00107$
      000008 A1 02            [ 1]   61 	cp	a, #0x02
      00000A 27 2E            [ 1]   62 	jreq	00107$
      00000C A1 03            [ 1]   63 	cp	a, #0x03
      00000E 27 2A            [ 1]   64 	jreq	00107$
      000010 A1 04            [ 1]   65 	cp	a, #0x04
      000012 27 26            [ 1]   66 	jreq	00107$
      000014 A1 05            [ 1]   67 	cp	a, #0x05
      000016 27 22            [ 1]   68 	jreq	00107$
      000018 A1 06            [ 1]   69 	cp	a, #0x06
      00001A 27 1E            [ 1]   70 	jreq	00107$
      00001C A1 07            [ 1]   71 	cp	a, #0x07
      00001E 27 1A            [ 1]   72 	jreq	00107$
      000020 A1 08            [ 1]   73 	cp	a, #0x08
      000022 27 16            [ 1]   74 	jreq	00107$
      000024 A1 0C            [ 1]   75 	cp	a, #0x0c
      000026 27 12            [ 1]   76 	jreq	00107$
      000028 A1 09            [ 1]   77 	cp	a, #0x09
      00002A 27 0E            [ 1]   78 	jreq	00107$
      00002C 88               [ 1]   79 	push	a
      00002D 4B 34            [ 1]   80 	push	#0x34
      00002F 5F               [ 1]   81 	clrw	x
      000030 89               [ 2]   82 	pushw	x
      000031 4B 00            [ 1]   83 	push	#0x00
      000033 AEr00r00         [ 2]   84 	ldw	x, #(___str_0+0)
      000036 CDr00r00         [ 4]   85 	call	_assert_failed
      000039 84               [ 1]   86 	pop	a
      00003A                         87 00107$:
                                     88 ;	../STM8S_StdPeriph_Driver/src/stm8s_adc1_GetAWDChannelStatus.c: 54: if (Channel < (uint8_t)8)
      00003A A1 08            [ 1]   89 	cp	a, #0x08
      00003C 24 18            [ 1]   90 	jrnc	00102$
                                     91 ;	../STM8S_StdPeriph_Driver/src/stm8s_adc1_GetAWDChannelStatus.c: 56: status = (uint8_t)(ADC1->AWSRL & (uint8_t)((uint8_t)1 << Channel));
      00003E AE 54 0D         [ 2]   92 	ldw	x, #0x540d
      000041 88               [ 1]   93 	push	a
      000042 F6               [ 1]   94 	ld	a, (x)
      000043 97               [ 1]   95 	ld	xl, a
      000044 A6 01            [ 1]   96 	ld	a, #0x01
      000046 6B 02            [ 1]   97 	ld	(0x02, sp), a
      000048 84               [ 1]   98 	pop	a
      000049 4D               [ 1]   99 	tnz	a
      00004A 27 05            [ 1]  100 	jreq	00255$
      00004C                        101 00254$:
      00004C 08 01            [ 1]  102 	sll	(0x01, sp)
      00004E 4A               [ 1]  103 	dec	a
      00004F 26 FB            [ 1]  104 	jrne	00254$
      000051                        105 00255$:
      000051 9F               [ 1]  106 	ld	a, xl
      000052 14 01            [ 1]  107 	and	a, (0x01, sp)
      000054 20 1A            [ 2]  108 	jra	00103$
      000056                        109 00102$:
                                    110 ;	../STM8S_StdPeriph_Driver/src/stm8s_adc1_GetAWDChannelStatus.c: 60: status = (uint8_t)(ADC1->AWSRH & (uint8_t)((uint8_t)1 << (Channel - (uint8_t)8)));
      000056 AE 54 0C         [ 2]  111 	ldw	x, #0x540c
      000059 88               [ 1]  112 	push	a
      00005A F6               [ 1]  113 	ld	a, (x)
      00005B 6B 02            [ 1]  114 	ld	(0x02, sp), a
      00005D 84               [ 1]  115 	pop	a
      00005E A0 08            [ 1]  116 	sub	a, #0x08
      000060 97               [ 1]  117 	ld	xl, a
      000061 A6 01            [ 1]  118 	ld	a, #0x01
      000063 88               [ 1]  119 	push	a
      000064 9F               [ 1]  120 	ld	a, xl
      000065 4D               [ 1]  121 	tnz	a
      000066 27 05            [ 1]  122 	jreq	00257$
      000068                        123 00256$:
      000068 08 01            [ 1]  124 	sll	(1, sp)
      00006A 4A               [ 1]  125 	dec	a
      00006B 26 FB            [ 1]  126 	jrne	00256$
      00006D                        127 00257$:
      00006D 84               [ 1]  128 	pop	a
      00006E 14 01            [ 1]  129 	and	a, (0x01, sp)
      000070                        130 00103$:
                                    131 ;	../STM8S_StdPeriph_Driver/src/stm8s_adc1_GetAWDChannelStatus.c: 63: return ((FlagStatus)status);
      000070 40               [ 1]  132 	neg	a
      000071 4F               [ 1]  133 	clr	a
      000072 49               [ 1]  134 	rlc	a
                                    135 ;	../STM8S_StdPeriph_Driver/src/stm8s_adc1_GetAWDChannelStatus.c: 64: }
      000073 5B 01            [ 2]  136 	addw	sp, #1
      000075 81               [ 4]  137 	ret
                                    138 	.area CODE
                                    139 	.area CONST
                                    140 	.area CONST
      000000                        141 ___str_0:
      000000 2E 2E 2F 53 54 4D 38   142 	.ascii "../STM8S_StdPeriph_Driver/src/stm8s_adc1_GetAWDChannelStatus"
             53 5F 53 74 64 50 65
             72 69 70 68 5F 44 72
             69 76 65 72 2F 73 72
             63 2F 73 74 6D 38 73
             5F 61 64 63 31 5F 47
             65 74 41 57 44 43 68
             61 6E 6E 65 6C 53 74
             61 74 75 73
      00003C 2E 63                  143 	.ascii ".c"
      00003E 00                     144 	.db 0x00
                                    145 	.area CODE
                                    146 	.area INITIALIZER
                                    147 	.area CABS (ABS)
