                                      1 ;--------------------------------------------------------
                                      2 ; File Created by SDCC : free open source ISO C Compiler 
                                      3 ; Version 4.4.0 #14620 (Linux)
                                      4 ;--------------------------------------------------------
                                      5 	.module stm8s_clk_DeInit
                                      6 	.optsdcc -mstm8
                                      7 	
                                      8 ;--------------------------------------------------------
                                      9 ; Public variables in this module
                                     10 ;--------------------------------------------------------
                                     11 	.globl _CLK_DeInit
                                     12 ;--------------------------------------------------------
                                     13 ; ram data
                                     14 ;--------------------------------------------------------
                                     15 	.area DATA
                                     16 ;--------------------------------------------------------
                                     17 ; ram data
                                     18 ;--------------------------------------------------------
                                     19 	.area INITIALIZED
                                     20 ;--------------------------------------------------------
                                     21 ; absolute external ram data
                                     22 ;--------------------------------------------------------
                                     23 	.area DABS (ABS)
                                     24 
                                     25 ; default segment ordering for linker
                                     26 	.area HOME
                                     27 	.area GSINIT
                                     28 	.area GSFINAL
                                     29 	.area CONST
                                     30 	.area INITIALIZER
                                     31 	.area CODE
                                     32 
                                     33 ;--------------------------------------------------------
                                     34 ; global & static initialisations
                                     35 ;--------------------------------------------------------
                                     36 	.area HOME
                                     37 	.area GSINIT
                                     38 	.area GSFINAL
                                     39 	.area GSINIT
                                     40 ;--------------------------------------------------------
                                     41 ; Home
                                     42 ;--------------------------------------------------------
                                     43 	.area HOME
                                     44 	.area HOME
                                     45 ;--------------------------------------------------------
                                     46 ; code
                                     47 ;--------------------------------------------------------
                                     48 	.area CODE
                                     49 ;	../STM8S_StdPeriph_Driver/src/stm8s_clk_DeInit.c: 53: void CLK_DeInit(void)
                                     50 ;	-----------------------------------------
                                     51 ;	 function CLK_DeInit
                                     52 ;	-----------------------------------------
      000000                         53 _CLK_DeInit:
                                     54 ;	../STM8S_StdPeriph_Driver/src/stm8s_clk_DeInit.c: 55: CLK->ICKR = CLK_ICKR_RESET_VALUE;
      000000 35 01 50 C0      [ 1]   55 	mov	0x50c0+0, #0x01
                                     56 ;	../STM8S_StdPeriph_Driver/src/stm8s_clk_DeInit.c: 56: CLK->ECKR = CLK_ECKR_RESET_VALUE;
      000004 35 00 50 C1      [ 1]   57 	mov	0x50c1+0, #0x00
                                     58 ;	../STM8S_StdPeriph_Driver/src/stm8s_clk_DeInit.c: 57: CLK->SWR  = CLK_SWR_RESET_VALUE;
      000008 35 E1 50 C4      [ 1]   59 	mov	0x50c4+0, #0xe1
                                     60 ;	../STM8S_StdPeriph_Driver/src/stm8s_clk_DeInit.c: 58: CLK->SWCR = CLK_SWCR_RESET_VALUE;
      00000C 35 00 50 C5      [ 1]   61 	mov	0x50c5+0, #0x00
                                     62 ;	../STM8S_StdPeriph_Driver/src/stm8s_clk_DeInit.c: 59: CLK->CKDIVR = CLK_CKDIVR_RESET_VALUE;
      000010 35 18 50 C6      [ 1]   63 	mov	0x50c6+0, #0x18
                                     64 ;	../STM8S_StdPeriph_Driver/src/stm8s_clk_DeInit.c: 60: CLK->PCKENR1 = CLK_PCKENR1_RESET_VALUE;
      000014 35 FF 50 C7      [ 1]   65 	mov	0x50c7+0, #0xff
                                     66 ;	../STM8S_StdPeriph_Driver/src/stm8s_clk_DeInit.c: 61: CLK->PCKENR2 = CLK_PCKENR2_RESET_VALUE;
      000018 35 FF 50 CA      [ 1]   67 	mov	0x50ca+0, #0xff
                                     68 ;	../STM8S_StdPeriph_Driver/src/stm8s_clk_DeInit.c: 62: CLK->CSSR = CLK_CSSR_RESET_VALUE;
      00001C 35 00 50 C8      [ 1]   69 	mov	0x50c8+0, #0x00
                                     70 ;	../STM8S_StdPeriph_Driver/src/stm8s_clk_DeInit.c: 63: CLK->CCOR = CLK_CCOR_RESET_VALUE;
      000020 35 00 50 C9      [ 1]   71 	mov	0x50c9+0, #0x00
                                     72 ;	../STM8S_StdPeriph_Driver/src/stm8s_clk_DeInit.c: 64: while ((CLK->CCOR & CLK_CCOR_CCOEN)!= 0)
      000024                         73 00101$:
      000024 72 00 50 C9 FB   [ 2]   74 	btjt	0x50c9, #0, 00101$
                                     75 ;	../STM8S_StdPeriph_Driver/src/stm8s_clk_DeInit.c: 66: CLK->CCOR = CLK_CCOR_RESET_VALUE;
      000029 35 00 50 C9      [ 1]   76 	mov	0x50c9+0, #0x00
                                     77 ;	../STM8S_StdPeriph_Driver/src/stm8s_clk_DeInit.c: 67: CLK->HSITRIMR = CLK_HSITRIMR_RESET_VALUE;
      00002D 35 00 50 CC      [ 1]   78 	mov	0x50cc+0, #0x00
                                     79 ;	../STM8S_StdPeriph_Driver/src/stm8s_clk_DeInit.c: 68: CLK->SWIMCCR = CLK_SWIMCCR_RESET_VALUE;
      000031 35 00 50 CD      [ 1]   80 	mov	0x50cd+0, #0x00
                                     81 ;	../STM8S_StdPeriph_Driver/src/stm8s_clk_DeInit.c: 69: }
      000035 81               [ 4]   82 	ret
                                     83 	.area CODE
                                     84 	.area CONST
                                     85 	.area INITIALIZER
                                     86 	.area CABS (ABS)
