                                      1 ;--------------------------------------------------------
                                      2 ; File Created by SDCC : free open source ISO C Compiler 
                                      3 ; Version 4.4.0 #14620 (Linux)
                                      4 ;--------------------------------------------------------
                                      5 	.module stm8s_tim1_SelectOutputTrigger
                                      6 	.optsdcc -mstm8
                                      7 	
                                      8 ;--------------------------------------------------------
                                      9 ; Public variables in this module
                                     10 ;--------------------------------------------------------
                                     11 	.globl _assert_failed
                                     12 	.globl _TIM1_SelectOutputTrigger
                                     13 ;--------------------------------------------------------
                                     14 ; ram data
                                     15 ;--------------------------------------------------------
                                     16 	.area DATA
                                     17 ;--------------------------------------------------------
                                     18 ; ram data
                                     19 ;--------------------------------------------------------
                                     20 	.area INITIALIZED
                                     21 ;--------------------------------------------------------
                                     22 ; absolute external ram data
                                     23 ;--------------------------------------------------------
                                     24 	.area DABS (ABS)
                                     25 
                                     26 ; default segment ordering for linker
                                     27 	.area HOME
                                     28 	.area GSINIT
                                     29 	.area GSFINAL
                                     30 	.area CONST
                                     31 	.area INITIALIZER
                                     32 	.area CODE
                                     33 
                                     34 ;--------------------------------------------------------
                                     35 ; global & static initialisations
                                     36 ;--------------------------------------------------------
                                     37 	.area HOME
                                     38 	.area GSINIT
                                     39 	.area GSFINAL
                                     40 	.area GSINIT
                                     41 ;--------------------------------------------------------
                                     42 ; Home
                                     43 ;--------------------------------------------------------
                                     44 	.area HOME
                                     45 	.area HOME
                                     46 ;--------------------------------------------------------
                                     47 ; code
                                     48 ;--------------------------------------------------------
                                     49 	.area CODE
                                     50 ;	../STM8S_StdPeriph_Driver/src/stm8s_tim1_SelectOutputTrigger.c: 55: void TIM1_SelectOutputTrigger(TIM1_TRGOSource_TypeDef TIM1_TRGOSource)
                                     51 ;	-----------------------------------------
                                     52 ;	 function TIM1_SelectOutputTrigger
                                     53 ;	-----------------------------------------
      000000                         54 _TIM1_SelectOutputTrigger:
      000000 88               [ 1]   55 	push	a
                                     56 ;	../STM8S_StdPeriph_Driver/src/stm8s_tim1_SelectOutputTrigger.c: 58: assert_param(IS_TIM1_TRGO_SOURCE_OK(TIM1_TRGOSource));
      000001 4D               [ 1]   57 	tnz	a
      000002 27 26            [ 1]   58 	jreq	00104$
      000004 A1 10            [ 1]   59 	cp	a, #0x10
      000006 27 22            [ 1]   60 	jreq	00104$
      000008 A1 20            [ 1]   61 	cp	a, #0x20
      00000A 27 1E            [ 1]   62 	jreq	00104$
      00000C A1 30            [ 1]   63 	cp	a, #0x30
      00000E 27 1A            [ 1]   64 	jreq	00104$
      000010 A1 40            [ 1]   65 	cp	a, #0x40
      000012 27 16            [ 1]   66 	jreq	00104$
      000014 A1 50            [ 1]   67 	cp	a, #0x50
      000016 27 12            [ 1]   68 	jreq	00104$
      000018 A1 60            [ 1]   69 	cp	a, #0x60
      00001A 27 0E            [ 1]   70 	jreq	00104$
      00001C 88               [ 1]   71 	push	a
      00001D 4B 3A            [ 1]   72 	push	#0x3a
      00001F 5F               [ 1]   73 	clrw	x
      000020 89               [ 2]   74 	pushw	x
      000021 4B 00            [ 1]   75 	push	#0x00
      000023 AEr00r00         [ 2]   76 	ldw	x, #(___str_0+0)
      000026 CDr00r00         [ 4]   77 	call	_assert_failed
      000029 84               [ 1]   78 	pop	a
      00002A                         79 00104$:
                                     80 ;	../STM8S_StdPeriph_Driver/src/stm8s_tim1_SelectOutputTrigger.c: 61: TIM1->CR2 = (uint8_t)((uint8_t)(TIM1->CR2 & (uint8_t)(~TIM1_CR2_MMS)) | 
      00002A AE 52 51         [ 2]   81 	ldw	x, #0x5251
      00002D 88               [ 1]   82 	push	a
      00002E F6               [ 1]   83 	ld	a, (x)
      00002F A4 8F            [ 1]   84 	and	a, #0x8f
      000031 6B 02            [ 1]   85 	ld	(0x02, sp), a
      000033 84               [ 1]   86 	pop	a
                                     87 ;	../STM8S_StdPeriph_Driver/src/stm8s_tim1_SelectOutputTrigger.c: 62: (uint8_t) TIM1_TRGOSource);
      000034 1A 01            [ 1]   88 	or	a, (0x01, sp)
      000036 C7 52 51         [ 1]   89 	ld	0x5251, a
                                     90 ;	../STM8S_StdPeriph_Driver/src/stm8s_tim1_SelectOutputTrigger.c: 63: }
      000039 84               [ 1]   91 	pop	a
      00003A 81               [ 4]   92 	ret
                                     93 	.area CODE
                                     94 	.area CONST
                                     95 	.area CONST
      000000                         96 ___str_0:
      000000 2E 2E 2F 53 54 4D 38    97 	.ascii "../STM8S_StdPeriph_Driver/src/stm8s_tim1_SelectOutputTrigger"
             53 5F 53 74 64 50 65
             72 69 70 68 5F 44 72
             69 76 65 72 2F 73 72
             63 2F 73 74 6D 38 73
             5F 74 69 6D 31 5F 53
             65 6C 65 63 74 4F 75
             74 70 75 74 54 72 69
             67 67 65 72
      00003C 2E 63                   98 	.ascii ".c"
      00003E 00                      99 	.db 0x00
                                    100 	.area CODE
                                    101 	.area INITIALIZER
                                    102 	.area CABS (ABS)
