                                      1 ;--------------------------------------------------------
                                      2 ; File Created by SDCC : free open source ISO C Compiler 
                                      3 ; Version 4.4.0 #14620 (Linux)
                                      4 ;--------------------------------------------------------
                                      5 	.module stm8s_uart2_ClearFlag
                                      6 	.optsdcc -mstm8
                                      7 	
                                      8 ;--------------------------------------------------------
                                      9 ; Public variables in this module
                                     10 ;--------------------------------------------------------
                                     11 	.globl _assert_failed
                                     12 	.globl _UART2_ClearFlag
                                     13 ;--------------------------------------------------------
                                     14 ; ram data
                                     15 ;--------------------------------------------------------
                                     16 	.area DATA
                                     17 ;--------------------------------------------------------
                                     18 ; ram data
                                     19 ;--------------------------------------------------------
                                     20 	.area INITIALIZED
                                     21 ;--------------------------------------------------------
                                     22 ; absolute external ram data
                                     23 ;--------------------------------------------------------
                                     24 	.area DABS (ABS)
                                     25 
                                     26 ; default segment ordering for linker
                                     27 	.area HOME
                                     28 	.area GSINIT
                                     29 	.area GSFINAL
                                     30 	.area CONST
                                     31 	.area INITIALIZER
                                     32 	.area CODE
                                     33 
                                     34 ;--------------------------------------------------------
                                     35 ; global & static initialisations
                                     36 ;--------------------------------------------------------
                                     37 	.area HOME
                                     38 	.area GSINIT
                                     39 	.area GSFINAL
                                     40 	.area GSINIT
                                     41 ;--------------------------------------------------------
                                     42 ; Home
                                     43 ;--------------------------------------------------------
                                     44 	.area HOME
                                     45 	.area HOME
                                     46 ;--------------------------------------------------------
                                     47 ; code
                                     48 ;--------------------------------------------------------
                                     49 	.area CODE
                                     50 ;	../STM8S_StdPeriph_Driver/src/stm8s_uart2_ClearFlag.c: 69: void UART2_ClearFlag(UART2_Flag_TypeDef UART2_FLAG)
                                     51 ;	-----------------------------------------
                                     52 ;	 function UART2_ClearFlag
                                     53 ;	-----------------------------------------
      000000                         54 _UART2_ClearFlag:
      000000 52 03            [ 2]   55 	sub	sp, #3
                                     56 ;	../STM8S_StdPeriph_Driver/src/stm8s_uart2_ClearFlag.c: 71: assert_param(IS_UART2_CLEAR_FLAG_OK(UART2_FLAG));
      000002 A3 00 20         [ 2]   57 	cpw	x, #0x0020
      000005 26 05            [ 1]   58 	jrne	00173$
      000007 A6 01            [ 1]   59 	ld	a, #0x01
      000009 6B 01            [ 1]   60 	ld	(0x01, sp), a
      00000B C5                      61 	.byte 0xc5
      00000C                         62 00173$:
      00000C 0F 01            [ 1]   63 	clr	(0x01, sp)
      00000E                         64 00174$:
      00000E A3 03 02         [ 2]   65 	cpw	x, #0x0302
      000011 26 05            [ 1]   66 	jrne	00176$
      000013 A6 01            [ 1]   67 	ld	a, #0x01
      000015 6B 02            [ 1]   68 	ld	(0x02, sp), a
      000017 C5                      69 	.byte 0xc5
      000018                         70 00176$:
      000018 0F 02            [ 1]   71 	clr	(0x02, sp)
      00001A                         72 00177$:
      00001A A3 02 10         [ 2]   73 	cpw	x, #0x0210
      00001D 26 05            [ 1]   74 	jrne	00179$
      00001F A6 01            [ 1]   75 	ld	a, #0x01
      000021 6B 03            [ 1]   76 	ld	(0x03, sp), a
      000023 C5                      77 	.byte 0xc5
      000024                         78 00179$:
      000024 0F 03            [ 1]   79 	clr	(0x03, sp)
      000026                         80 00180$:
      000026 0D 01            [ 1]   81 	tnz	(0x01, sp)
      000028 26 19            [ 1]   82 	jrne	00113$
      00002A 0D 02            [ 1]   83 	tnz	(0x02, sp)
      00002C 26 15            [ 1]   84 	jrne	00113$
      00002E A3 03 01         [ 2]   85 	cpw	x, #0x0301
      000031 27 10            [ 1]   86 	jreq	00113$
      000033 0D 03            [ 1]   87 	tnz	(0x03, sp)
      000035 26 0C            [ 1]   88 	jrne	00113$
      000037 4B 47            [ 1]   89 	push	#0x47
      000039 5F               [ 1]   90 	clrw	x
      00003A 89               [ 2]   91 	pushw	x
      00003B 4B 00            [ 1]   92 	push	#0x00
      00003D AEr00r00         [ 2]   93 	ldw	x, #(___str_0+0)
      000040 CDr00r00         [ 4]   94 	call	_assert_failed
      000043                         95 00113$:
                                     96 ;	../STM8S_StdPeriph_Driver/src/stm8s_uart2_ClearFlag.c: 74: if (UART2_FLAG == UART2_FLAG_RXNE)
      000043 7B 01            [ 1]   97 	ld	a, (0x01, sp)
      000045 27 06            [ 1]   98 	jreq	00108$
                                     99 ;	../STM8S_StdPeriph_Driver/src/stm8s_uart2_ClearFlag.c: 76: UART2->SR = (uint8_t)~(UART2_SR_RXNE);
      000047 35 DF 52 40      [ 1]  100 	mov	0x5240+0, #0xdf
      00004B 20 20            [ 2]  101 	jra	00110$
      00004D                        102 00108$:
                                    103 ;	../STM8S_StdPeriph_Driver/src/stm8s_uart2_ClearFlag.c: 79: else if (UART2_FLAG == UART2_FLAG_LBDF)
      00004D 7B 03            [ 1]  104 	ld	a, (0x03, sp)
      00004F 27 06            [ 1]  105 	jreq	00105$
                                    106 ;	../STM8S_StdPeriph_Driver/src/stm8s_uart2_ClearFlag.c: 81: UART2->CR4 &= (uint8_t)(~UART2_CR4_LBDF);
      000051 72 19 52 47      [ 1]  107 	bres	0x5247, #4
      000055 20 16            [ 2]  108 	jra	00110$
      000057                        109 00105$:
                                    110 ;	../STM8S_StdPeriph_Driver/src/stm8s_uart2_ClearFlag.c: 86: UART2->CR6 &= (uint8_t)(~UART2_CR6_LHDF);
      000057 C6 52 49         [ 1]  111 	ld	a, 0x5249
      00005A 97               [ 1]  112 	ld	xl, a
                                    113 ;	../STM8S_StdPeriph_Driver/src/stm8s_uart2_ClearFlag.c: 84: else if (UART2_FLAG == UART2_FLAG_LHDF)
      00005B 7B 02            [ 1]  114 	ld	a, (0x02, sp)
      00005D 27 08            [ 1]  115 	jreq	00102$
                                    116 ;	../STM8S_StdPeriph_Driver/src/stm8s_uart2_ClearFlag.c: 86: UART2->CR6 &= (uint8_t)(~UART2_CR6_LHDF);
      00005F 9F               [ 1]  117 	ld	a, xl
      000060 A4 FD            [ 1]  118 	and	a, #0xfd
      000062 C7 52 49         [ 1]  119 	ld	0x5249, a
      000065 20 06            [ 2]  120 	jra	00110$
      000067                        121 00102$:
                                    122 ;	../STM8S_StdPeriph_Driver/src/stm8s_uart2_ClearFlag.c: 91: UART2->CR6 &= (uint8_t)(~UART2_CR6_LSF);
      000067 9F               [ 1]  123 	ld	a, xl
      000068 A4 FE            [ 1]  124 	and	a, #0xfe
      00006A C7 52 49         [ 1]  125 	ld	0x5249, a
      00006D                        126 00110$:
                                    127 ;	../STM8S_StdPeriph_Driver/src/stm8s_uart2_ClearFlag.c: 93: }
      00006D 5B 03            [ 2]  128 	addw	sp, #3
      00006F 81               [ 4]  129 	ret
                                    130 	.area CODE
                                    131 	.area CONST
                                    132 	.area CONST
      000000                        133 ___str_0:
      000000 2E 2E 2F 53 54 4D 38   134 	.ascii "../STM8S_StdPeriph_Driver/src/stm8s_uart2_ClearFlag.c"
             53 5F 53 74 64 50 65
             72 69 70 68 5F 44 72
             69 76 65 72 2F 73 72
             63 2F 73 74 6D 38 73
             5F 75 61 72 74 32 5F
             43 6C 65 61 72 46 6C
             61 67 2E 63
      000035 00                     135 	.db 0x00
                                    136 	.area CODE
                                    137 	.area INITIALIZER
                                    138 	.area CABS (ABS)
