                                      1 ;--------------------------------------------------------
                                      2 ; File Created by SDCC : free open source ISO C Compiler 
                                      3 ; Version 4.4.0 #14620 (Linux)
                                      4 ;--------------------------------------------------------
                                      5 	.module stm8s_tim4_TimeBaseInit
                                      6 	.optsdcc -mstm8
                                      7 	
                                      8 ;--------------------------------------------------------
                                      9 ; Public variables in this module
                                     10 ;--------------------------------------------------------
                                     11 	.globl _assert_failed
                                     12 	.globl _TIM4_TimeBaseInit
                                     13 ;--------------------------------------------------------
                                     14 ; ram data
                                     15 ;--------------------------------------------------------
                                     16 	.area DATA
                                     17 ;--------------------------------------------------------
                                     18 ; ram data
                                     19 ;--------------------------------------------------------
                                     20 	.area INITIALIZED
                                     21 ;--------------------------------------------------------
                                     22 ; absolute external ram data
                                     23 ;--------------------------------------------------------
                                     24 	.area DABS (ABS)
                                     25 
                                     26 ; default segment ordering for linker
                                     27 	.area HOME
                                     28 	.area GSINIT
                                     29 	.area GSFINAL
                                     30 	.area CONST
                                     31 	.area INITIALIZER
                                     32 	.area CODE
                                     33 
                                     34 ;--------------------------------------------------------
                                     35 ; global & static initialisations
                                     36 ;--------------------------------------------------------
                                     37 	.area HOME
                                     38 	.area GSINIT
                                     39 	.area GSFINAL
                                     40 	.area GSINIT
                                     41 ;--------------------------------------------------------
                                     42 ; Home
                                     43 ;--------------------------------------------------------
                                     44 	.area HOME
                                     45 	.area HOME
                                     46 ;--------------------------------------------------------
                                     47 ; code
                                     48 ;--------------------------------------------------------
                                     49 	.area CODE
                                     50 ;	../STM8S_StdPeriph_Driver/src/stm8s_tim4_TimeBaseInit.c: 47: void TIM4_TimeBaseInit(TIM4_Prescaler_TypeDef TIM4_Prescaler, uint8_t TIM4_Period)
                                     51 ;	-----------------------------------------
                                     52 ;	 function TIM4_TimeBaseInit
                                     53 ;	-----------------------------------------
      000000                         54 _TIM4_TimeBaseInit:
                                     55 ;	../STM8S_StdPeriph_Driver/src/stm8s_tim4_TimeBaseInit.c: 50: assert_param(IS_TIM4_PRESCALER_OK(TIM4_Prescaler));
      000000 4D               [ 1]   56 	tnz	a
      000001 27 2A            [ 1]   57 	jreq	00104$
      000003 A1 01            [ 1]   58 	cp	a, #0x01
      000005 27 26            [ 1]   59 	jreq	00104$
      000007 A1 02            [ 1]   60 	cp	a, #0x02
      000009 27 22            [ 1]   61 	jreq	00104$
      00000B A1 03            [ 1]   62 	cp	a, #0x03
      00000D 27 1E            [ 1]   63 	jreq	00104$
      00000F A1 04            [ 1]   64 	cp	a, #0x04
      000011 27 1A            [ 1]   65 	jreq	00104$
      000013 A1 05            [ 1]   66 	cp	a, #0x05
      000015 27 16            [ 1]   67 	jreq	00104$
      000017 A1 06            [ 1]   68 	cp	a, #0x06
      000019 27 12            [ 1]   69 	jreq	00104$
      00001B A1 07            [ 1]   70 	cp	a, #0x07
      00001D 27 0E            [ 1]   71 	jreq	00104$
      00001F 88               [ 1]   72 	push	a
      000020 4B 32            [ 1]   73 	push	#0x32
      000022 5F               [ 1]   74 	clrw	x
      000023 89               [ 2]   75 	pushw	x
      000024 4B 00            [ 1]   76 	push	#0x00
      000026 AEr00r00         [ 2]   77 	ldw	x, #(___str_0+0)
      000029 CDr00r00         [ 4]   78 	call	_assert_failed
      00002C 84               [ 1]   79 	pop	a
      00002D                         80 00104$:
                                     81 ;	../STM8S_StdPeriph_Driver/src/stm8s_tim4_TimeBaseInit.c: 52: TIM4->PSCR = (uint8_t)(TIM4_Prescaler);
      00002D C7 53 45         [ 1]   82 	ld	0x5345, a
                                     83 ;	../STM8S_StdPeriph_Driver/src/stm8s_tim4_TimeBaseInit.c: 54: TIM4->ARR = (uint8_t)(TIM4_Period);
      000030 AE 53 46         [ 2]   84 	ldw	x, #0x5346
      000033 7B 03            [ 1]   85 	ld	a, (0x03, sp)
      000035 F7               [ 1]   86 	ld	(x), a
                                     87 ;	../STM8S_StdPeriph_Driver/src/stm8s_tim4_TimeBaseInit.c: 55: }
      000036 85               [ 2]   88 	popw	x
      000037 84               [ 1]   89 	pop	a
      000038 FC               [ 2]   90 	jp	(x)
                                     91 	.area CODE
                                     92 	.area CONST
                                     93 	.area CONST
      000000                         94 ___str_0:
      000000 2E 2E 2F 53 54 4D 38    95 	.ascii "../STM8S_StdPeriph_Driver/src/stm8s_tim4_TimeBaseInit.c"
             53 5F 53 74 64 50 65
             72 69 70 68 5F 44 72
             69 76 65 72 2F 73 72
             63 2F 73 74 6D 38 73
             5F 74 69 6D 34 5F 54
             69 6D 65 42 61 73 65
             49 6E 69 74 2E 63
      000037 00                      96 	.db 0x00
                                     97 	.area CODE
                                     98 	.area INITIALIZER
                                     99 	.area CABS (ABS)
