                                      1 ;--------------------------------------------------------
                                      2 ; File Created by SDCC : free open source ISO C Compiler 
                                      3 ; Version 4.4.0 #14620 (Linux)
                                      4 ;--------------------------------------------------------
                                      5 	.module stm8s_adc1_PrescalerConfig
                                      6 	.optsdcc -mstm8
                                      7 	
                                      8 ;--------------------------------------------------------
                                      9 ; Public variables in this module
                                     10 ;--------------------------------------------------------
                                     11 	.globl _assert_failed
                                     12 	.globl _ADC1_PrescalerConfig
                                     13 ;--------------------------------------------------------
                                     14 ; ram data
                                     15 ;--------------------------------------------------------
                                     16 	.area DATA
                                     17 ;--------------------------------------------------------
                                     18 ; ram data
                                     19 ;--------------------------------------------------------
                                     20 	.area INITIALIZED
                                     21 ;--------------------------------------------------------
                                     22 ; absolute external ram data
                                     23 ;--------------------------------------------------------
                                     24 	.area DABS (ABS)
                                     25 
                                     26 ; default segment ordering for linker
                                     27 	.area HOME
                                     28 	.area GSINIT
                                     29 	.area GSFINAL
                                     30 	.area CONST
                                     31 	.area INITIALIZER
                                     32 	.area CODE
                                     33 
                                     34 ;--------------------------------------------------------
                                     35 ; global & static initialisations
                                     36 ;--------------------------------------------------------
                                     37 	.area HOME
                                     38 	.area GSINIT
                                     39 	.area GSFINAL
                                     40 	.area GSINIT
                                     41 ;--------------------------------------------------------
                                     42 ; Home
                                     43 ;--------------------------------------------------------
                                     44 	.area HOME
                                     45 	.area HOME
                                     46 ;--------------------------------------------------------
                                     47 ; code
                                     48 ;--------------------------------------------------------
                                     49 	.area CODE
                                     50 ;	../STM8S_StdPeriph_Driver/src/stm8s_adc1_PrescalerConfig.c: 47: void ADC1_PrescalerConfig(ADC1_PresSel_TypeDef ADC1_Prescaler)
                                     51 ;	-----------------------------------------
                                     52 ;	 function ADC1_PrescalerConfig
                                     53 ;	-----------------------------------------
      000000                         54 _ADC1_PrescalerConfig:
      000000 88               [ 1]   55 	push	a
                                     56 ;	../STM8S_StdPeriph_Driver/src/stm8s_adc1_PrescalerConfig.c: 50: assert_param(IS_ADC1_PRESSEL_OK(ADC1_Prescaler));
      000001 6B 01            [ 1]   57 	ld	(0x01, sp), a
      000003 27 36            [ 1]   58 	jreq	00104$
      000005 7B 01            [ 1]   59 	ld	a, (0x01, sp)
      000007 A1 10            [ 1]   60 	cp	a, #0x10
      000009 27 30            [ 1]   61 	jreq	00104$
      00000B 7B 01            [ 1]   62 	ld	a, (0x01, sp)
      00000D A1 20            [ 1]   63 	cp	a, #0x20
      00000F 27 2A            [ 1]   64 	jreq	00104$
      000011 7B 01            [ 1]   65 	ld	a, (0x01, sp)
      000013 A1 30            [ 1]   66 	cp	a, #0x30
      000015 27 24            [ 1]   67 	jreq	00104$
      000017 7B 01            [ 1]   68 	ld	a, (0x01, sp)
      000019 A1 40            [ 1]   69 	cp	a, #0x40
      00001B 27 1E            [ 1]   70 	jreq	00104$
      00001D 7B 01            [ 1]   71 	ld	a, (0x01, sp)
      00001F A1 50            [ 1]   72 	cp	a, #0x50
      000021 27 18            [ 1]   73 	jreq	00104$
      000023 7B 01            [ 1]   74 	ld	a, (0x01, sp)
      000025 A1 60            [ 1]   75 	cp	a, #0x60
      000027 27 12            [ 1]   76 	jreq	00104$
      000029 7B 01            [ 1]   77 	ld	a, (0x01, sp)
      00002B A1 70            [ 1]   78 	cp	a, #0x70
      00002D 27 0C            [ 1]   79 	jreq	00104$
      00002F 4B 32            [ 1]   80 	push	#0x32
      000031 5F               [ 1]   81 	clrw	x
      000032 89               [ 2]   82 	pushw	x
      000033 4B 00            [ 1]   83 	push	#0x00
      000035 AEr00r00         [ 2]   84 	ldw	x, #(___str_0+0)
      000038 CDr00r00         [ 4]   85 	call	_assert_failed
      00003B                         86 00104$:
                                     87 ;	../STM8S_StdPeriph_Driver/src/stm8s_adc1_PrescalerConfig.c: 53: ADC1->CR1 &= (uint8_t)(~ADC1_CR1_SPSEL);
      00003B C6 54 01         [ 1]   88 	ld	a, 0x5401
      00003E A4 8F            [ 1]   89 	and	a, #0x8f
      000040 C7 54 01         [ 1]   90 	ld	0x5401, a
                                     91 ;	../STM8S_StdPeriph_Driver/src/stm8s_adc1_PrescalerConfig.c: 55: ADC1->CR1 |= (uint8_t)(ADC1_Prescaler);
      000043 C6 54 01         [ 1]   92 	ld	a, 0x5401
      000046 1A 01            [ 1]   93 	or	a, (0x01, sp)
      000048 C7 54 01         [ 1]   94 	ld	0x5401, a
                                     95 ;	../STM8S_StdPeriph_Driver/src/stm8s_adc1_PrescalerConfig.c: 56: }
      00004B 84               [ 1]   96 	pop	a
      00004C 81               [ 4]   97 	ret
                                     98 	.area CODE
                                     99 	.area CONST
                                    100 	.area CONST
      000000                        101 ___str_0:
      000000 2E 2E 2F 53 54 4D 38   102 	.ascii "../STM8S_StdPeriph_Driver/src/stm8s_adc1_PrescalerConfig.c"
             53 5F 53 74 64 50 65
             72 69 70 68 5F 44 72
             69 76 65 72 2F 73 72
             63 2F 73 74 6D 38 73
             5F 61 64 63 31 5F 50
             72 65 73 63 61 6C 65
             72 43 6F 6E 66 69 67
             2E 63
      00003A 00                     103 	.db 0x00
                                    104 	.area CODE
                                    105 	.area INITIALIZER
                                    106 	.area CABS (ABS)
