                                      1 ;--------------------------------------------------------
                                      2 ; File Created by SDCC : free open source ISO C Compiler 
                                      3 ; Version 4.4.0 #14620 (Linux)
                                      4 ;--------------------------------------------------------
                                      5 	.module stm8s_gpio_WriteLow
                                      6 	.optsdcc -mstm8
                                      7 	
                                      8 ;--------------------------------------------------------
                                      9 ; Public variables in this module
                                     10 ;--------------------------------------------------------
                                     11 	.globl _GPIO_WriteLow
                                     12 ;--------------------------------------------------------
                                     13 ; ram data
                                     14 ;--------------------------------------------------------
                                     15 	.area DATA
                                     16 ;--------------------------------------------------------
                                     17 ; ram data
                                     18 ;--------------------------------------------------------
                                     19 	.area INITIALIZED
                                     20 ;--------------------------------------------------------
                                     21 ; absolute external ram data
                                     22 ;--------------------------------------------------------
                                     23 	.area DABS (ABS)
                                     24 
                                     25 ; default segment ordering for linker
                                     26 	.area HOME
                                     27 	.area GSINIT
                                     28 	.area GSFINAL
                                     29 	.area CONST
                                     30 	.area INITIALIZER
                                     31 	.area CODE
                                     32 
                                     33 ;--------------------------------------------------------
                                     34 ; global & static initialisations
                                     35 ;--------------------------------------------------------
                                     36 	.area HOME
                                     37 	.area GSINIT
                                     38 	.area GSFINAL
                                     39 	.area GSINIT
                                     40 ;--------------------------------------------------------
                                     41 ; Home
                                     42 ;--------------------------------------------------------
                                     43 	.area HOME
                                     44 	.area HOME
                                     45 ;--------------------------------------------------------
                                     46 ; code
                                     47 ;--------------------------------------------------------
                                     48 	.area CODE
                                     49 ;	../STM8S_StdPeriph_Driver/src/stm8s_gpio_WriteLow.c: 49: void GPIO_WriteLow(GPIO_TypeDef* GPIOx, GPIO_Pin_TypeDef PortPins)
                                     50 ;	-----------------------------------------
                                     51 ;	 function GPIO_WriteLow
                                     52 ;	-----------------------------------------
      000000                         53 _GPIO_WriteLow:
      000000 88               [ 1]   54 	push	a
                                     55 ;	../STM8S_StdPeriph_Driver/src/stm8s_gpio_WriteLow.c: 51: GPIOx->ODR &= (uint8_t)(~PortPins);
      000001 88               [ 1]   56 	push	a
      000002 F6               [ 1]   57 	ld	a, (x)
      000003 6B 02            [ 1]   58 	ld	(0x02, sp), a
      000005 84               [ 1]   59 	pop	a
      000006 43               [ 1]   60 	cpl	a
      000007 14 01            [ 1]   61 	and	a, (0x01, sp)
      000009 F7               [ 1]   62 	ld	(x), a
                                     63 ;	../STM8S_StdPeriph_Driver/src/stm8s_gpio_WriteLow.c: 52: }
      00000A 84               [ 1]   64 	pop	a
      00000B 81               [ 4]   65 	ret
                                     66 	.area CODE
                                     67 	.area CONST
                                     68 	.area INITIALIZER
                                     69 	.area CABS (ABS)
