                                      1 ;--------------------------------------------------------
                                      2 ; File Created by SDCC : free open source ISO C Compiler 
                                      3 ; Version 4.4.0 #14620 (Linux)
                                      4 ;--------------------------------------------------------
                                      5 	.module stm8s_rst_ClearFlag
                                      6 	.optsdcc -mstm8
                                      7 	
                                      8 ;--------------------------------------------------------
                                      9 ; Public variables in this module
                                     10 ;--------------------------------------------------------
                                     11 	.globl _assert_failed
                                     12 	.globl _RST_ClearFlag
                                     13 ;--------------------------------------------------------
                                     14 ; ram data
                                     15 ;--------------------------------------------------------
                                     16 	.area DATA
                                     17 ;--------------------------------------------------------
                                     18 ; ram data
                                     19 ;--------------------------------------------------------
                                     20 	.area INITIALIZED
                                     21 ;--------------------------------------------------------
                                     22 ; absolute external ram data
                                     23 ;--------------------------------------------------------
                                     24 	.area DABS (ABS)
                                     25 
                                     26 ; default segment ordering for linker
                                     27 	.area HOME
                                     28 	.area GSINIT
                                     29 	.area GSFINAL
                                     30 	.area CONST
                                     31 	.area INITIALIZER
                                     32 	.area CODE
                                     33 
                                     34 ;--------------------------------------------------------
                                     35 ; global & static initialisations
                                     36 ;--------------------------------------------------------
                                     37 	.area HOME
                                     38 	.area GSINIT
                                     39 	.area GSFINAL
                                     40 	.area GSINIT
                                     41 ;--------------------------------------------------------
                                     42 ; Home
                                     43 ;--------------------------------------------------------
                                     44 	.area HOME
                                     45 	.area HOME
                                     46 ;--------------------------------------------------------
                                     47 ; code
                                     48 ;--------------------------------------------------------
                                     49 	.area CODE
                                     50 ;	../STM8S_StdPeriph_Driver/src/stm8s_rst_ClearFlag.c: 47: void RST_ClearFlag(RST_Flag_TypeDef RST_Flag)
                                     51 ;	-----------------------------------------
                                     52 ;	 function RST_ClearFlag
                                     53 ;	-----------------------------------------
      000000                         54 _RST_ClearFlag:
                                     55 ;	../STM8S_StdPeriph_Driver/src/stm8s_rst_ClearFlag.c: 50: assert_param(IS_RST_FLAG_OK(RST_Flag));
      000000 A1 10            [ 1]   56 	cp	a, #0x10
      000002 27 1E            [ 1]   57 	jreq	00104$
      000004 A1 08            [ 1]   58 	cp	a, #0x08
      000006 27 1A            [ 1]   59 	jreq	00104$
      000008 A1 04            [ 1]   60 	cp	a, #0x04
      00000A 27 16            [ 1]   61 	jreq	00104$
      00000C A1 02            [ 1]   62 	cp	a, #0x02
      00000E 27 12            [ 1]   63 	jreq	00104$
      000010 A1 01            [ 1]   64 	cp	a, #0x01
      000012 27 0E            [ 1]   65 	jreq	00104$
      000014 88               [ 1]   66 	push	a
      000015 4B 32            [ 1]   67 	push	#0x32
      000017 5F               [ 1]   68 	clrw	x
      000018 89               [ 2]   69 	pushw	x
      000019 4B 00            [ 1]   70 	push	#0x00
      00001B AEr00r00         [ 2]   71 	ldw	x, #(___str_0+0)
      00001E CDr00r00         [ 4]   72 	call	_assert_failed
      000021 84               [ 1]   73 	pop	a
      000022                         74 00104$:
                                     75 ;	../STM8S_StdPeriph_Driver/src/stm8s_rst_ClearFlag.c: 52: RST->SR = (uint8_t)RST_Flag;
      000022 C7 50 B3         [ 1]   76 	ld	0x50b3, a
                                     77 ;	../STM8S_StdPeriph_Driver/src/stm8s_rst_ClearFlag.c: 53: }
      000025 81               [ 4]   78 	ret
                                     79 	.area CODE
                                     80 	.area CONST
                                     81 	.area CONST
      000000                         82 ___str_0:
      000000 2E 2E 2F 53 54 4D 38    83 	.ascii "../STM8S_StdPeriph_Driver/src/stm8s_rst_ClearFlag.c"
             53 5F 53 74 64 50 65
             72 69 70 68 5F 44 72
             69 76 65 72 2F 73 72
             63 2F 73 74 6D 38 73
             5F 72 73 74 5F 43 6C
             65 61 72 46 6C 61 67
             2E 63
      000033 00                      84 	.db 0x00
                                     85 	.area CODE
                                     86 	.area INITIALIZER
                                     87 	.area CABS (ABS)
