                                      1 ;--------------------------------------------------------
                                      2 ; File Created by SDCC : free open source ISO C Compiler 
                                      3 ; Version 4.4.0 #14620 (Linux)
                                      4 ;--------------------------------------------------------
                                      5 	.module stm8s_tim4_GetFlagStatus
                                      6 	.optsdcc -mstm8
                                      7 	
                                      8 ;--------------------------------------------------------
                                      9 ; Public variables in this module
                                     10 ;--------------------------------------------------------
                                     11 	.globl _assert_failed
                                     12 	.globl _TIM4_GetFlagStatus
                                     13 ;--------------------------------------------------------
                                     14 ; ram data
                                     15 ;--------------------------------------------------------
                                     16 	.area DATA
                                     17 ;--------------------------------------------------------
                                     18 ; ram data
                                     19 ;--------------------------------------------------------
                                     20 	.area INITIALIZED
                                     21 ;--------------------------------------------------------
                                     22 ; absolute external ram data
                                     23 ;--------------------------------------------------------
                                     24 	.area DABS (ABS)
                                     25 
                                     26 ; default segment ordering for linker
                                     27 	.area HOME
                                     28 	.area GSINIT
                                     29 	.area GSFINAL
                                     30 	.area CONST
                                     31 	.area INITIALIZER
                                     32 	.area CODE
                                     33 
                                     34 ;--------------------------------------------------------
                                     35 ; global & static initialisations
                                     36 ;--------------------------------------------------------
                                     37 	.area HOME
                                     38 	.area GSINIT
                                     39 	.area GSFINAL
                                     40 	.area GSINIT
                                     41 ;--------------------------------------------------------
                                     42 ; Home
                                     43 ;--------------------------------------------------------
                                     44 	.area HOME
                                     45 	.area HOME
                                     46 ;--------------------------------------------------------
                                     47 ; code
                                     48 ;--------------------------------------------------------
                                     49 	.area CODE
                                     50 ;	../STM8S_StdPeriph_Driver/src/stm8s_tim4_GetFlagStatus.c: 48: FlagStatus TIM4_GetFlagStatus(TIM4_FLAG_TypeDef TIM4_FLAG)
                                     51 ;	-----------------------------------------
                                     52 ;	 function TIM4_GetFlagStatus
                                     53 ;	-----------------------------------------
      000000                         54 _TIM4_GetFlagStatus:
      000000 89               [ 2]   55 	pushw	x
                                     56 ;	../STM8S_StdPeriph_Driver/src/stm8s_tim4_GetFlagStatus.c: 53: assert_param(IS_TIM4_GET_FLAG_OK(TIM4_FLAG));
      000001 6B 02            [ 1]   57 	ld	(0x02, sp), a
      000003 26 0C            [ 1]   58 	jrne	00107$
      000005 4B 35            [ 1]   59 	push	#0x35
      000007 5F               [ 1]   60 	clrw	x
      000008 89               [ 2]   61 	pushw	x
      000009 4B 00            [ 1]   62 	push	#0x00
      00000B AEr00r00         [ 2]   63 	ldw	x, #(___str_0+0)
      00000E CDr00r00         [ 4]   64 	call	_assert_failed
      000011                         65 00107$:
                                     66 ;	../STM8S_StdPeriph_Driver/src/stm8s_tim4_GetFlagStatus.c: 55: if ((TIM4->SR1 & (uint8_t)TIM4_FLAG)  != 0)
      000011 C6 53 42         [ 1]   67 	ld	a, 0x5342
      000014 6B 01            [ 1]   68 	ld	(0x01, sp), a
      000016 7B 02            [ 1]   69 	ld	a, (0x02, sp)
      000018 14 01            [ 1]   70 	and	a, (0x01, sp)
      00001A 27 03            [ 1]   71 	jreq	00102$
                                     72 ;	../STM8S_StdPeriph_Driver/src/stm8s_tim4_GetFlagStatus.c: 57: bitstatus = SET;
      00001C A6 01            [ 1]   73 	ld	a, #0x01
                                     74 ;	../STM8S_StdPeriph_Driver/src/stm8s_tim4_GetFlagStatus.c: 61: bitstatus = RESET;
      00001E 21                      75 	.byte 0x21
      00001F                         76 00102$:
      00001F 4F               [ 1]   77 	clr	a
      000020                         78 00103$:
                                     79 ;	../STM8S_StdPeriph_Driver/src/stm8s_tim4_GetFlagStatus.c: 63: return ((FlagStatus)bitstatus);
                                     80 ;	../STM8S_StdPeriph_Driver/src/stm8s_tim4_GetFlagStatus.c: 64: }
      000020 85               [ 2]   81 	popw	x
      000021 81               [ 4]   82 	ret
                                     83 	.area CODE
                                     84 	.area CONST
                                     85 	.area CONST
      000000                         86 ___str_0:
      000000 2E 2E 2F 53 54 4D 38    87 	.ascii "../STM8S_StdPeriph_Driver/src/stm8s_tim4_GetFlagStatus.c"
             53 5F 53 74 64 50 65
             72 69 70 68 5F 44 72
             69 76 65 72 2F 73 72
             63 2F 73 74 6D 38 73
             5F 74 69 6D 34 5F 47
             65 74 46 6C 61 67 53
             74 61 74 75 73 2E 63
      000038 00                      88 	.db 0x00
                                     89 	.area CODE
                                     90 	.area INITIALIZER
                                     91 	.area CABS (ABS)
