                                      1 ;--------------------------------------------------------
                                      2 ; File Created by SDCC : free open source ISO C Compiler 
                                      3 ; Version 4.4.0 #14620 (Linux)
                                      4 ;--------------------------------------------------------
                                      5 	.module stm8s_iwdg_SetPrescaler
                                      6 	.optsdcc -mstm8
                                      7 	
                                      8 ;--------------------------------------------------------
                                      9 ; Public variables in this module
                                     10 ;--------------------------------------------------------
                                     11 	.globl _assert_failed
                                     12 	.globl _IWDG_SetPrescaler
                                     13 ;--------------------------------------------------------
                                     14 ; ram data
                                     15 ;--------------------------------------------------------
                                     16 	.area DATA
                                     17 ;--------------------------------------------------------
                                     18 ; ram data
                                     19 ;--------------------------------------------------------
                                     20 	.area INITIALIZED
                                     21 ;--------------------------------------------------------
                                     22 ; absolute external ram data
                                     23 ;--------------------------------------------------------
                                     24 	.area DABS (ABS)
                                     25 
                                     26 ; default segment ordering for linker
                                     27 	.area HOME
                                     28 	.area GSINIT
                                     29 	.area GSFINAL
                                     30 	.area CONST
                                     31 	.area INITIALIZER
                                     32 	.area CODE
                                     33 
                                     34 ;--------------------------------------------------------
                                     35 ; global & static initialisations
                                     36 ;--------------------------------------------------------
                                     37 	.area HOME
                                     38 	.area GSINIT
                                     39 	.area GSFINAL
                                     40 	.area GSINIT
                                     41 ;--------------------------------------------------------
                                     42 ; Home
                                     43 ;--------------------------------------------------------
                                     44 	.area HOME
                                     45 	.area HOME
                                     46 ;--------------------------------------------------------
                                     47 ; code
                                     48 ;--------------------------------------------------------
                                     49 	.area CODE
                                     50 ;	../STM8S_StdPeriph_Driver/src/stm8s_iwdg_SetPrescaler.c: 48: void IWDG_SetPrescaler(IWDG_Prescaler_TypeDef IWDG_Prescaler)
                                     51 ;	-----------------------------------------
                                     52 ;	 function IWDG_SetPrescaler
                                     53 ;	-----------------------------------------
      000000                         54 _IWDG_SetPrescaler:
                                     55 ;	../STM8S_StdPeriph_Driver/src/stm8s_iwdg_SetPrescaler.c: 51: assert_param(IS_IWDG_PRESCALER_OK(IWDG_Prescaler));
      000000 4D               [ 1]   56 	tnz	a
      000001 27 26            [ 1]   57 	jreq	00104$
      000003 A1 01            [ 1]   58 	cp	a, #0x01
      000005 27 22            [ 1]   59 	jreq	00104$
      000007 A1 02            [ 1]   60 	cp	a, #0x02
      000009 27 1E            [ 1]   61 	jreq	00104$
      00000B A1 03            [ 1]   62 	cp	a, #0x03
      00000D 27 1A            [ 1]   63 	jreq	00104$
      00000F A1 04            [ 1]   64 	cp	a, #0x04
      000011 27 16            [ 1]   65 	jreq	00104$
      000013 A1 05            [ 1]   66 	cp	a, #0x05
      000015 27 12            [ 1]   67 	jreq	00104$
      000017 A1 06            [ 1]   68 	cp	a, #0x06
      000019 27 0E            [ 1]   69 	jreq	00104$
      00001B 88               [ 1]   70 	push	a
      00001C 4B 33            [ 1]   71 	push	#0x33
      00001E 5F               [ 1]   72 	clrw	x
      00001F 89               [ 2]   73 	pushw	x
      000020 4B 00            [ 1]   74 	push	#0x00
      000022 AEr00r00         [ 2]   75 	ldw	x, #(___str_0+0)
      000025 CDr00r00         [ 4]   76 	call	_assert_failed
      000028 84               [ 1]   77 	pop	a
      000029                         78 00104$:
                                     79 ;	../STM8S_StdPeriph_Driver/src/stm8s_iwdg_SetPrescaler.c: 53: IWDG->PR = (uint8_t)IWDG_Prescaler;
      000029 C7 50 E1         [ 1]   80 	ld	0x50e1, a
                                     81 ;	../STM8S_StdPeriph_Driver/src/stm8s_iwdg_SetPrescaler.c: 54: }
      00002C 81               [ 4]   82 	ret
                                     83 	.area CODE
                                     84 	.area CONST
                                     85 	.area CONST
      000000                         86 ___str_0:
      000000 2E 2E 2F 53 54 4D 38    87 	.ascii "../STM8S_StdPeriph_Driver/src/stm8s_iwdg_SetPrescaler.c"
             53 5F 53 74 64 50 65
             72 69 70 68 5F 44 72
             69 76 65 72 2F 73 72
             63 2F 73 74 6D 38 73
             5F 69 77 64 67 5F 53
             65 74 50 72 65 73 63
             61 6C 65 72 2E 63
      000037 00                      88 	.db 0x00
                                     89 	.area CODE
                                     90 	.area INITIALIZER
                                     91 	.area CABS (ABS)
