                                      1 ;--------------------------------------------------------
                                      2 ; File Created by SDCC : free open source ISO C Compiler 
                                      3 ; Version 4.4.0 #14620 (Linux)
                                      4 ;--------------------------------------------------------
                                      5 	.module stm8s_adc1_SetLowThreshold
                                      6 	.optsdcc -mstm8
                                      7 	
                                      8 ;--------------------------------------------------------
                                      9 ; Public variables in this module
                                     10 ;--------------------------------------------------------
                                     11 	.globl _ADC1_SetLowThreshold
                                     12 ;--------------------------------------------------------
                                     13 ; ram data
                                     14 ;--------------------------------------------------------
                                     15 	.area DATA
                                     16 ;--------------------------------------------------------
                                     17 ; ram data
                                     18 ;--------------------------------------------------------
                                     19 	.area INITIALIZED
                                     20 ;--------------------------------------------------------
                                     21 ; absolute external ram data
                                     22 ;--------------------------------------------------------
                                     23 	.area DABS (ABS)
                                     24 
                                     25 ; default segment ordering for linker
                                     26 	.area HOME
                                     27 	.area GSINIT
                                     28 	.area GSFINAL
                                     29 	.area CONST
                                     30 	.area INITIALIZER
                                     31 	.area CODE
                                     32 
                                     33 ;--------------------------------------------------------
                                     34 ; global & static initialisations
                                     35 ;--------------------------------------------------------
                                     36 	.area HOME
                                     37 	.area GSINIT
                                     38 	.area GSFINAL
                                     39 	.area GSINIT
                                     40 ;--------------------------------------------------------
                                     41 ; Home
                                     42 ;--------------------------------------------------------
                                     43 	.area HOME
                                     44 	.area HOME
                                     45 ;--------------------------------------------------------
                                     46 ; code
                                     47 ;--------------------------------------------------------
                                     48 	.area CODE
                                     49 ;	../STM8S_StdPeriph_Driver/src/stm8s_adc1_SetLowThreshold.c: 47: void ADC1_SetLowThreshold(uint16_t Threshold)
                                     50 ;	-----------------------------------------
                                     51 ;	 function ADC1_SetLowThreshold
                                     52 ;	-----------------------------------------
      000000                         53 _ADC1_SetLowThreshold:
                                     54 ;	../STM8S_StdPeriph_Driver/src/stm8s_adc1_SetLowThreshold.c: 49: ADC1->LTRL = (uint8_t)Threshold;
      000000 9F               [ 1]   55 	ld	a, xl
      000001 C7 54 0B         [ 1]   56 	ld	0x540b, a
                                     57 ;	../STM8S_StdPeriph_Driver/src/stm8s_adc1_SetLowThreshold.c: 50: ADC1->LTRH = (uint8_t)(Threshold >> (uint8_t)2);
      000004 54               [ 2]   58 	srlw	x
      000005 54               [ 2]   59 	srlw	x
      000006 9F               [ 1]   60 	ld	a, xl
      000007 C7 54 0A         [ 1]   61 	ld	0x540a, a
                                     62 ;	../STM8S_StdPeriph_Driver/src/stm8s_adc1_SetLowThreshold.c: 51: }
      00000A 81               [ 4]   63 	ret
                                     64 	.area CODE
                                     65 	.area CONST
                                     66 	.area INITIALIZER
                                     67 	.area CABS (ABS)
