                                      1 ;--------------------------------------------------------
                                      2 ; File Created by SDCC : free open source ISO C Compiler 
                                      3 ; Version 4.4.0 #14620 (Linux)
                                      4 ;--------------------------------------------------------
                                      5 	.module stm8s_flash_ProgramWord
                                      6 	.optsdcc -mstm8
                                      7 	
                                      8 ;--------------------------------------------------------
                                      9 ; Public variables in this module
                                     10 ;--------------------------------------------------------
                                     11 	.globl _assert_failed
                                     12 	.globl _FLASH_ProgramWord
                                     13 ;--------------------------------------------------------
                                     14 ; ram data
                                     15 ;--------------------------------------------------------
                                     16 	.area DATA
                                     17 ;--------------------------------------------------------
                                     18 ; ram data
                                     19 ;--------------------------------------------------------
                                     20 	.area INITIALIZED
                                     21 ;--------------------------------------------------------
                                     22 ; absolute external ram data
                                     23 ;--------------------------------------------------------
                                     24 	.area DABS (ABS)
                                     25 
                                     26 ; default segment ordering for linker
                                     27 	.area HOME
                                     28 	.area GSINIT
                                     29 	.area GSFINAL
                                     30 	.area CONST
                                     31 	.area INITIALIZER
                                     32 	.area CODE
                                     33 
                                     34 ;--------------------------------------------------------
                                     35 ; global & static initialisations
                                     36 ;--------------------------------------------------------
                                     37 	.area HOME
                                     38 	.area GSINIT
                                     39 	.area GSFINAL
                                     40 	.area GSINIT
                                     41 ;--------------------------------------------------------
                                     42 ; Home
                                     43 ;--------------------------------------------------------
                                     44 	.area HOME
                                     45 	.area HOME
                                     46 ;--------------------------------------------------------
                                     47 ; code
                                     48 ;--------------------------------------------------------
                                     49 	.area CODE
                                     50 ;	../STM8S_StdPeriph_Driver/src/stm8s_flash_ProgramWord.c: 50: void FLASH_ProgramWord(uint32_t Address, uint32_t Data)
                                     51 ;	-----------------------------------------
                                     52 ;	 function FLASH_ProgramWord
                                     53 ;	-----------------------------------------
      000000                         54 _FLASH_ProgramWord:
      000000 89               [ 2]   55 	pushw	x
                                     56 ;	../STM8S_StdPeriph_Driver/src/stm8s_flash_ProgramWord.c: 53: assert_param(IS_FLASH_ADDRESS_OK(Address));
      000001 1E 07            [ 2]   57 	ldw	x, (0x07, sp)
      000003 A3 80 00         [ 2]   58 	cpw	x, #0x8000
      000006 7B 06            [ 1]   59 	ld	a, (0x06, sp)
      000008 A2 00            [ 1]   60 	sbc	a, #0x00
      00000A 7B 05            [ 1]   61 	ld	a, (0x05, sp)
      00000C A2 00            [ 1]   62 	sbc	a, #0x00
      00000E 25 04            [ 1]   63 	jrc	00110$
      000010 1E 05            [ 2]   64 	ldw	x, (0x05, sp)
      000012 27 28            [ 1]   65 	jreq	00104$
      000014                         66 00110$:
      000014 1E 07            [ 2]   67 	ldw	x, (0x07, sp)
      000016 A3 40 00         [ 2]   68 	cpw	x, #0x4000
      000019 7B 06            [ 1]   69 	ld	a, (0x06, sp)
      00001B A2 00            [ 1]   70 	sbc	a, #0x00
      00001D 7B 05            [ 1]   71 	ld	a, (0x05, sp)
      00001F A2 00            [ 1]   72 	sbc	a, #0x00
      000021 25 0D            [ 1]   73 	jrc	00103$
      000023 AE 43 FF         [ 2]   74 	ldw	x, #0x43ff
      000026 13 07            [ 2]   75 	cpw	x, (0x07, sp)
      000028 4F               [ 1]   76 	clr	a
      000029 12 06            [ 1]   77 	sbc	a, (0x06, sp)
      00002B 4F               [ 1]   78 	clr	a
      00002C 12 05            [ 1]   79 	sbc	a, (0x05, sp)
      00002E 24 0C            [ 1]   80 	jrnc	00104$
      000030                         81 00103$:
      000030 4B 35            [ 1]   82 	push	#0x35
      000032 5F               [ 1]   83 	clrw	x
      000033 89               [ 2]   84 	pushw	x
      000034 4B 00            [ 1]   85 	push	#0x00
      000036 AEr00r00         [ 2]   86 	ldw	x, #(___str_0+0)
      000039 CDr00r00         [ 4]   87 	call	_assert_failed
      00003C                         88 00104$:
                                     89 ;	../STM8S_StdPeriph_Driver/src/stm8s_flash_ProgramWord.c: 56: FLASH->CR2 |= FLASH_CR2_WPRG;
      00003C 72 1C 50 5B      [ 1]   90 	bset	0x505b, #6
                                     91 ;	../STM8S_StdPeriph_Driver/src/stm8s_flash_ProgramWord.c: 57: FLASH->NCR2 &= (uint8_t)(~FLASH_NCR2_NWPRG);
      000040 72 1D 50 5C      [ 1]   92 	bres	0x505c, #6
                                     93 ;	../STM8S_StdPeriph_Driver/src/stm8s_flash_ProgramWord.c: 62: *((PointerAttr uint8_t*)(MemoryAddressCast)Address)       = *((uint8_t*)(&Data));
      000044 16 07            [ 2]   94 	ldw	y, (0x07, sp)
      000046 7B 09            [ 1]   95 	ld	a, (9, sp)
      000048 90 F7            [ 1]   96 	ld	(y), a
                                     97 ;	../STM8S_StdPeriph_Driver/src/stm8s_flash_ProgramWord.c: 64: *(((PointerAttr uint8_t*)(MemoryAddressCast)Address) + 1) = *((uint8_t*)(&Data)+1); 
      00004A 93               [ 1]   98 	ldw	x, y
      00004B 5C               [ 1]   99 	incw	x
      00004C 1F 01            [ 2]  100 	ldw	(0x01, sp), x
      00004E 96               [ 1]  101 	ldw	x, sp
      00004F 1C 00 09         [ 2]  102 	addw	x, #9
      000052 E6 01            [ 1]  103 	ld	a, (0x1, x)
      000054 1E 01            [ 2]  104 	ldw	x, (0x01, sp)
      000056 F7               [ 1]  105 	ld	(x), a
                                    106 ;	../STM8S_StdPeriph_Driver/src/stm8s_flash_ProgramWord.c: 66: *(((PointerAttr uint8_t*)(MemoryAddressCast)Address) + 2) = *((uint8_t*)(&Data)+2); 
      000057 93               [ 1]  107 	ldw	x, y
      000058 5C               [ 1]  108 	incw	x
      000059 5C               [ 1]  109 	incw	x
      00005A 1F 01            [ 2]  110 	ldw	(0x01, sp), x
      00005C 96               [ 1]  111 	ldw	x, sp
      00005D 1C 00 09         [ 2]  112 	addw	x, #9
      000060 E6 02            [ 1]  113 	ld	a, (0x2, x)
      000062 1E 01            [ 2]  114 	ldw	x, (0x01, sp)
      000064 F7               [ 1]  115 	ld	(x), a
                                    116 ;	../STM8S_StdPeriph_Driver/src/stm8s_flash_ProgramWord.c: 68: *(((PointerAttr uint8_t*)(MemoryAddressCast)Address) + 3) = *((uint8_t*)(&Data)+3); 
      000065 72 A9 00 03      [ 2]  117 	addw	y, #0x0003
      000069 96               [ 1]  118 	ldw	x, sp
      00006A 1C 00 09         [ 2]  119 	addw	x, #9
      00006D E6 03            [ 1]  120 	ld	a, (0x3, x)
      00006F 90 F7            [ 1]  121 	ld	(y), a
                                    122 ;	../STM8S_StdPeriph_Driver/src/stm8s_flash_ProgramWord.c: 75: }
      000071 1E 03            [ 2]  123 	ldw	x, (3, sp)
      000073 5B 0C            [ 2]  124 	addw	sp, #12
      000075 FC               [ 2]  125 	jp	(x)
                                    126 	.area CODE
                                    127 	.area CONST
                                    128 	.area CONST
      000000                        129 ___str_0:
      000000 2E 2E 2F 53 54 4D 38   130 	.ascii "../STM8S_StdPeriph_Driver/src/stm8s_flash_ProgramWord.c"
             53 5F 53 74 64 50 65
             72 69 70 68 5F 44 72
             69 76 65 72 2F 73 72
             63 2F 73 74 6D 38 73
             5F 66 6C 61 73 68 5F
             50 72 6F 67 72 61 6D
             57 6F 72 64 2E 63
      000037 00                     131 	.db 0x00
                                    132 	.area CODE
                                    133 	.area INITIALIZER
                                    134 	.area CABS (ABS)
