                                      1 ;--------------------------------------------------------
                                      2 ; File Created by SDCC : free open source ISO C Compiler 
                                      3 ; Version 4.4.0 #14620 (Linux)
                                      4 ;--------------------------------------------------------
                                      5 	.module stm8s_adc1_GetConversionValue
                                      6 	.optsdcc -mstm8
                                      7 	
                                      8 ;--------------------------------------------------------
                                      9 ; Public variables in this module
                                     10 ;--------------------------------------------------------
                                     11 	.globl _ADC1_GetConversionValue
                                     12 ;--------------------------------------------------------
                                     13 ; ram data
                                     14 ;--------------------------------------------------------
                                     15 	.area DATA
                                     16 ;--------------------------------------------------------
                                     17 ; ram data
                                     18 ;--------------------------------------------------------
                                     19 	.area INITIALIZED
                                     20 ;--------------------------------------------------------
                                     21 ; absolute external ram data
                                     22 ;--------------------------------------------------------
                                     23 	.area DABS (ABS)
                                     24 
                                     25 ; default segment ordering for linker
                                     26 	.area HOME
                                     27 	.area GSINIT
                                     28 	.area GSFINAL
                                     29 	.area CONST
                                     30 	.area INITIALIZER
                                     31 	.area CODE
                                     32 
                                     33 ;--------------------------------------------------------
                                     34 ; global & static initialisations
                                     35 ;--------------------------------------------------------
                                     36 	.area HOME
                                     37 	.area GSINIT
                                     38 	.area GSFINAL
                                     39 	.area GSINIT
                                     40 ;--------------------------------------------------------
                                     41 ; Home
                                     42 ;--------------------------------------------------------
                                     43 	.area HOME
                                     44 	.area HOME
                                     45 ;--------------------------------------------------------
                                     46 ; code
                                     47 ;--------------------------------------------------------
                                     48 	.area CODE
                                     49 ;	../STM8S_StdPeriph_Driver/src/stm8s_adc1_GetConversionValue.c: 48: uint16_t ADC1_GetConversionValue(void)
                                     50 ;	-----------------------------------------
                                     51 ;	 function ADC1_GetConversionValue
                                     52 ;	-----------------------------------------
      000000                         53 _ADC1_GetConversionValue:
      000000 52 04            [ 2]   54 	sub	sp, #4
                                     55 ;	../STM8S_StdPeriph_Driver/src/stm8s_adc1_GetConversionValue.c: 53: if ((ADC1->CR2 & ADC1_CR2_ALIGN) != 0) /* Right alignment */
      000002 72 07 54 02 10   [ 2]   56 	btjf	0x5402, #3, 00102$
                                     57 ;	../STM8S_StdPeriph_Driver/src/stm8s_adc1_GetConversionValue.c: 56: templ = ADC1->DRL;
      000007 C6 54 05         [ 1]   58 	ld	a, 0x5405
      00000A 97               [ 1]   59 	ld	xl, a
                                     60 ;	../STM8S_StdPeriph_Driver/src/stm8s_adc1_GetConversionValue.c: 58: temph = ADC1->DRH;
      00000B C6 54 04         [ 1]   61 	ld	a, 0x5404
      00000E 95               [ 1]   62 	ld	xh, a
                                     63 ;	../STM8S_StdPeriph_Driver/src/stm8s_adc1_GetConversionValue.c: 60: temph = (uint16_t)(templ | (uint16_t)(temph << (uint8_t)8));
      00000F 4F               [ 1]   64 	clr	a
      000010 89               [ 2]   65 	pushw	x
      000011 1A 02            [ 1]   66 	or	a, (2, sp)
      000013 85               [ 2]   67 	popw	x
      000014 97               [ 1]   68 	ld	xl, a
      000015 20 1E            [ 2]   69 	jra	00103$
      000017                         70 00102$:
                                     71 ;	../STM8S_StdPeriph_Driver/src/stm8s_adc1_GetConversionValue.c: 65: temph = ADC1->DRH;
      000017 C6 54 04         [ 1]   72 	ld	a, 0x5404
      00001A 90 5F            [ 1]   73 	clrw	y
      00001C 90 97            [ 1]   74 	ld	yl, a
                                     75 ;	../STM8S_StdPeriph_Driver/src/stm8s_adc1_GetConversionValue.c: 67: templ = ADC1->DRL;
      00001E C6 54 05         [ 1]   76 	ld	a, 0x5405
                                     77 ;	../STM8S_StdPeriph_Driver/src/stm8s_adc1_GetConversionValue.c: 69: temph = (uint16_t)((uint16_t)((uint16_t)templ << 6) | (uint16_t)((uint16_t)temph << 8));
      000021 5F               [ 1]   78 	clrw	x
      000022 97               [ 1]   79 	ld	xl, a
      000023 58               [ 2]   80 	sllw	x
      000024 58               [ 2]   81 	sllw	x
      000025 58               [ 2]   82 	sllw	x
      000026 58               [ 2]   83 	sllw	x
      000027 58               [ 2]   84 	sllw	x
      000028 58               [ 2]   85 	sllw	x
      000029 1F 01            [ 2]   86 	ldw	(0x01, sp), x
      00002B 90 9F            [ 1]   87 	ld	a, yl
      00002D 0F 04            [ 1]   88 	clr	(0x04, sp)
      00002F 1A 01            [ 1]   89 	or	a, (0x01, sp)
      000031 95               [ 1]   90 	ld	xh, a
      000032 7B 02            [ 1]   91 	ld	a, (0x02, sp)
      000034 97               [ 1]   92 	ld	xl, a
      000035                         93 00103$:
                                     94 ;	../STM8S_StdPeriph_Driver/src/stm8s_adc1_GetConversionValue.c: 72: return ((uint16_t)temph);
                                     95 ;	../STM8S_StdPeriph_Driver/src/stm8s_adc1_GetConversionValue.c: 73: }
      000035 5B 04            [ 2]   96 	addw	sp, #4
      000037 81               [ 4]   97 	ret
                                     98 	.area CODE
                                     99 	.area CONST
                                    100 	.area INITIALIZER
                                    101 	.area CABS (ABS)
