                                      1 ;--------------------------------------------------------
                                      2 ; File Created by SDCC : free open source ISO C Compiler 
                                      3 ; Version 4.4.0 #14620 (Linux)
                                      4 ;--------------------------------------------------------
                                      5 	.module stm8s_tim4_PrescalerConfig
                                      6 	.optsdcc -mstm8
                                      7 	
                                      8 ;--------------------------------------------------------
                                      9 ; Public variables in this module
                                     10 ;--------------------------------------------------------
                                     11 	.globl _assert_failed
                                     12 	.globl _TIM4_PrescalerConfig
                                     13 ;--------------------------------------------------------
                                     14 ; ram data
                                     15 ;--------------------------------------------------------
                                     16 	.area DATA
                                     17 ;--------------------------------------------------------
                                     18 ; ram data
                                     19 ;--------------------------------------------------------
                                     20 	.area INITIALIZED
                                     21 ;--------------------------------------------------------
                                     22 ; absolute external ram data
                                     23 ;--------------------------------------------------------
                                     24 	.area DABS (ABS)
                                     25 
                                     26 ; default segment ordering for linker
                                     27 	.area HOME
                                     28 	.area GSINIT
                                     29 	.area GSFINAL
                                     30 	.area CONST
                                     31 	.area INITIALIZER
                                     32 	.area CODE
                                     33 
                                     34 ;--------------------------------------------------------
                                     35 ; global & static initialisations
                                     36 ;--------------------------------------------------------
                                     37 	.area HOME
                                     38 	.area GSINIT
                                     39 	.area GSFINAL
                                     40 	.area GSINIT
                                     41 ;--------------------------------------------------------
                                     42 ; Home
                                     43 ;--------------------------------------------------------
                                     44 	.area HOME
                                     45 	.area HOME
                                     46 ;--------------------------------------------------------
                                     47 ; code
                                     48 ;--------------------------------------------------------
                                     49 	.area CODE
                                     50 ;	../STM8S_StdPeriph_Driver/src/stm8s_tim4_PrescalerConfig.c: 61: void TIM4_PrescalerConfig(TIM4_Prescaler_TypeDef Prescaler, TIM4_PSCReloadMode_TypeDef TIM4_PSCReloadMode)
                                     51 ;	-----------------------------------------
                                     52 ;	 function TIM4_PrescalerConfig
                                     53 ;	-----------------------------------------
      000000                         54 _TIM4_PrescalerConfig:
                                     55 ;	../STM8S_StdPeriph_Driver/src/stm8s_tim4_PrescalerConfig.c: 64: assert_param(IS_TIM4_PRESCALER_RELOAD_OK(TIM4_PSCReloadMode));
      000000 0D 03            [ 1]   56 	tnz	(0x03, sp)
      000002 27 12            [ 1]   57 	jreq	00104$
      000004 0D 03            [ 1]   58 	tnz	(0x03, sp)
      000006 26 0E            [ 1]   59 	jrne	00104$
      000008 88               [ 1]   60 	push	a
      000009 4B 40            [ 1]   61 	push	#0x40
      00000B 5F               [ 1]   62 	clrw	x
      00000C 89               [ 2]   63 	pushw	x
      00000D 4B 00            [ 1]   64 	push	#0x00
      00000F AEr00r00         [ 2]   65 	ldw	x, #(___str_0+0)
      000012 CDr00r00         [ 4]   66 	call	_assert_failed
      000015 84               [ 1]   67 	pop	a
      000016                         68 00104$:
                                     69 ;	../STM8S_StdPeriph_Driver/src/stm8s_tim4_PrescalerConfig.c: 65: assert_param(IS_TIM4_PRESCALER_OK(Prescaler));
      000016 4D               [ 1]   70 	tnz	a
      000017 27 2A            [ 1]   71 	jreq	00109$
      000019 A1 01            [ 1]   72 	cp	a, #0x01
      00001B 27 26            [ 1]   73 	jreq	00109$
      00001D A1 02            [ 1]   74 	cp	a, #0x02
      00001F 27 22            [ 1]   75 	jreq	00109$
      000021 A1 03            [ 1]   76 	cp	a, #0x03
      000023 27 1E            [ 1]   77 	jreq	00109$
      000025 A1 04            [ 1]   78 	cp	a, #0x04
      000027 27 1A            [ 1]   79 	jreq	00109$
      000029 A1 05            [ 1]   80 	cp	a, #0x05
      00002B 27 16            [ 1]   81 	jreq	00109$
      00002D A1 06            [ 1]   82 	cp	a, #0x06
      00002F 27 12            [ 1]   83 	jreq	00109$
      000031 A1 07            [ 1]   84 	cp	a, #0x07
      000033 27 0E            [ 1]   85 	jreq	00109$
      000035 88               [ 1]   86 	push	a
      000036 4B 41            [ 1]   87 	push	#0x41
      000038 5F               [ 1]   88 	clrw	x
      000039 89               [ 2]   89 	pushw	x
      00003A 4B 00            [ 1]   90 	push	#0x00
      00003C AEr00r00         [ 2]   91 	ldw	x, #(___str_0+0)
      00003F CDr00r00         [ 4]   92 	call	_assert_failed
      000042 84               [ 1]   93 	pop	a
      000043                         94 00109$:
                                     95 ;	../STM8S_StdPeriph_Driver/src/stm8s_tim4_PrescalerConfig.c: 68: TIM4->PSCR = (uint8_t)Prescaler;
      000043 C7 53 45         [ 1]   96 	ld	0x5345, a
                                     97 ;	../STM8S_StdPeriph_Driver/src/stm8s_tim4_PrescalerConfig.c: 71: TIM4->EGR = (uint8_t)TIM4_PSCReloadMode;
      000046 7B 03            [ 1]   98 	ld	a, (0x03, sp)
      000048 C7 53 43         [ 1]   99 	ld	0x5343, a
                                    100 ;	../STM8S_StdPeriph_Driver/src/stm8s_tim4_PrescalerConfig.c: 72: }
      00004B 85               [ 2]  101 	popw	x
      00004C 84               [ 1]  102 	pop	a
      00004D FC               [ 2]  103 	jp	(x)
                                    104 	.area CODE
                                    105 	.area CONST
                                    106 	.area CONST
      000000                        107 ___str_0:
      000000 2E 2E 2F 53 54 4D 38   108 	.ascii "../STM8S_StdPeriph_Driver/src/stm8s_tim4_PrescalerConfig.c"
             53 5F 53 74 64 50 65
             72 69 70 68 5F 44 72
             69 76 65 72 2F 73 72
             63 2F 73 74 6D 38 73
             5F 74 69 6D 34 5F 50
             72 65 73 63 61 6C 65
             72 43 6F 6E 66 69 67
             2E 63
      00003A 00                     109 	.db 0x00
                                    110 	.area CODE
                                    111 	.area INITIALIZER
                                    112 	.area CABS (ABS)
