                                      1 ;--------------------------------------------------------
                                      2 ; File Created by SDCC : free open source ISO C Compiler 
                                      3 ; Version 4.4.0 #14620 (Linux)
                                      4 ;--------------------------------------------------------
                                      5 	.module stm8s_clk_GetClockFreq
                                      6 	.optsdcc -mstm8
                                      7 	
                                      8 ;--------------------------------------------------------
                                      9 ; Public variables in this module
                                     10 ;--------------------------------------------------------
                                     11 	.globl _CLK_GetClockFreq
                                     12 ;--------------------------------------------------------
                                     13 ; ram data
                                     14 ;--------------------------------------------------------
                                     15 	.area DATA
                                     16 ;--------------------------------------------------------
                                     17 ; ram data
                                     18 ;--------------------------------------------------------
                                     19 	.area INITIALIZED
                                     20 ;--------------------------------------------------------
                                     21 ; absolute external ram data
                                     22 ;--------------------------------------------------------
                                     23 	.area DABS (ABS)
                                     24 
                                     25 ; default segment ordering for linker
                                     26 	.area HOME
                                     27 	.area GSINIT
                                     28 	.area GSFINAL
                                     29 	.area CONST
                                     30 	.area INITIALIZER
                                     31 	.area CODE
                                     32 
                                     33 ;--------------------------------------------------------
                                     34 ; global & static initialisations
                                     35 ;--------------------------------------------------------
                                     36 	.area HOME
                                     37 	.area GSINIT
                                     38 	.area GSFINAL
                                     39 	.area GSINIT
                                     40 ;--------------------------------------------------------
                                     41 ; Home
                                     42 ;--------------------------------------------------------
                                     43 	.area HOME
                                     44 	.area HOME
                                     45 ;--------------------------------------------------------
                                     46 ; code
                                     47 ;--------------------------------------------------------
                                     48 	.area CODE
                                     49 ;	../STM8S_StdPeriph_Driver/src/stm8s_clk_GetClockFreq.c: 47: uint32_t CLK_GetClockFreq(void)
                                     50 ;	-----------------------------------------
                                     51 ;	 function CLK_GetClockFreq
                                     52 ;	-----------------------------------------
      000000                         53 _CLK_GetClockFreq:
      000000 52 04            [ 2]   54 	sub	sp, #4
                                     55 ;	../STM8S_StdPeriph_Driver/src/stm8s_clk_GetClockFreq.c: 54: clocksource = (CLK_Source_TypeDef)CLK->CMSR;
      000002 C6 50 C3         [ 1]   56 	ld	a, 0x50c3
                                     57 ;	../STM8S_StdPeriph_Driver/src/stm8s_clk_GetClockFreq.c: 56: if (clocksource == CLK_SOURCE_HSI)
      000005 6B 04            [ 1]   58 	ld	(0x04, sp), a
      000007 A1 E1            [ 1]   59 	cp	a, #0xe1
      000009 26 23            [ 1]   60 	jrne	00105$
                                     61 ;	../STM8S_StdPeriph_Driver/src/stm8s_clk_GetClockFreq.c: 58: tmp = (uint8_t)(CLK->CKDIVR & CLK_CKDIVR_HSIDIV);
      00000B C6 50 C6         [ 1]   62 	ld	a, 0x50c6
      00000E A4 18            [ 1]   63 	and	a, #0x18
                                     64 ;	../STM8S_StdPeriph_Driver/src/stm8s_clk_GetClockFreq.c: 59: tmp = (uint8_t)(tmp >> 3);
      000010 44               [ 1]   65 	srl	a
      000011 44               [ 1]   66 	srl	a
      000012 44               [ 1]   67 	srl	a
                                     68 ;	../STM8S_StdPeriph_Driver/src/stm8s_clk_GetClockFreq.c: 60: presc = HSIDivFactor[tmp];
      000013 5F               [ 1]   69 	clrw	x
      000014 97               [ 1]   70 	ld	xl, a
      000015 D6u00u00         [ 1]   71 	ld	a, (_HSIDivFactor+0, x)
                                     72 ;	../STM8S_StdPeriph_Driver/src/stm8s_clk_GetClockFreq.c: 61: clockfrequency = HSI_VALUE / presc;
      000018 5F               [ 1]   73 	clrw	x
      000019 0F 01            [ 1]   74 	clr	(0x01, sp)
      00001B 88               [ 1]   75 	push	a
      00001C 89               [ 2]   76 	pushw	x
      00001D 4F               [ 1]   77 	clr	a
      00001E 88               [ 1]   78 	push	a
      00001F 4B 00            [ 1]   79 	push	#0x00
      000021 4B 24            [ 1]   80 	push	#0x24
      000023 4B F4            [ 1]   81 	push	#0xf4
      000025 4B 00            [ 1]   82 	push	#0x00
      000027 CDr00r00         [ 4]   83 	call	__divulong
      00002A 5B 08            [ 2]   84 	addw	sp, #8
      00002C 20 16            [ 2]   85 	jra	00106$
      00002E                         86 00105$:
                                     87 ;	../STM8S_StdPeriph_Driver/src/stm8s_clk_GetClockFreq.c: 63: else if ( clocksource == CLK_SOURCE_LSI)
      00002E 7B 04            [ 1]   88 	ld	a, (0x04, sp)
      000030 A1 D2            [ 1]   89 	cp	a, #0xd2
      000032 26 09            [ 1]   90 	jrne	00102$
                                     91 ;	../STM8S_StdPeriph_Driver/src/stm8s_clk_GetClockFreq.c: 65: clockfrequency = LSI_VALUE;
      000034 AE F4 00         [ 2]   92 	ldw	x, #0xf400
      000037 90 AE 00 01      [ 2]   93 	ldw	y, #0x0001
      00003B 20 07            [ 2]   94 	jra	00106$
      00003D                         95 00102$:
                                     96 ;	../STM8S_StdPeriph_Driver/src/stm8s_clk_GetClockFreq.c: 69: clockfrequency = HSE_VALUE;
      00003D AE 24 00         [ 2]   97 	ldw	x, #0x2400
      000040 90 AE 00 F4      [ 2]   98 	ldw	y, #0x00f4
      000044                         99 00106$:
                                    100 ;	../STM8S_StdPeriph_Driver/src/stm8s_clk_GetClockFreq.c: 72: return((uint32_t)clockfrequency);
                                    101 ;	../STM8S_StdPeriph_Driver/src/stm8s_clk_GetClockFreq.c: 73: }
      000044 5B 04            [ 2]  102 	addw	sp, #4
      000046 81               [ 4]  103 	ret
                                    104 	.area CODE
                                    105 	.area CONST
                                    106 	.area INITIALIZER
                                    107 	.area CABS (ABS)
