                                      1 ;--------------------------------------------------------
                                      2 ; File Created by SDCC : free open source ISO C Compiler 
                                      3 ; Version 4.4.0 #14620 (Linux)
                                      4 ;--------------------------------------------------------
                                      5 	.module stm8s_uart2_SetAddress
                                      6 	.optsdcc -mstm8
                                      7 	
                                      8 ;--------------------------------------------------------
                                      9 ; Public variables in this module
                                     10 ;--------------------------------------------------------
                                     11 	.globl _assert_failed
                                     12 	.globl _UART2_SetAddress
                                     13 ;--------------------------------------------------------
                                     14 ; ram data
                                     15 ;--------------------------------------------------------
                                     16 	.area DATA
                                     17 ;--------------------------------------------------------
                                     18 ; ram data
                                     19 ;--------------------------------------------------------
                                     20 	.area INITIALIZED
                                     21 ;--------------------------------------------------------
                                     22 ; absolute external ram data
                                     23 ;--------------------------------------------------------
                                     24 	.area DABS (ABS)
                                     25 
                                     26 ; default segment ordering for linker
                                     27 	.area HOME
                                     28 	.area GSINIT
                                     29 	.area GSFINAL
                                     30 	.area CONST
                                     31 	.area INITIALIZER
                                     32 	.area CODE
                                     33 
                                     34 ;--------------------------------------------------------
                                     35 ; global & static initialisations
                                     36 ;--------------------------------------------------------
                                     37 	.area HOME
                                     38 	.area GSINIT
                                     39 	.area GSFINAL
                                     40 	.area GSINIT
                                     41 ;--------------------------------------------------------
                                     42 ; Home
                                     43 ;--------------------------------------------------------
                                     44 	.area HOME
                                     45 	.area HOME
                                     46 ;--------------------------------------------------------
                                     47 ; code
                                     48 ;--------------------------------------------------------
                                     49 	.area CODE
                                     50 ;	../STM8S_StdPeriph_Driver/src/stm8s_uart2_SetAddress.c: 46: void UART2_SetAddress(uint8_t UART2_Address)
                                     51 ;	-----------------------------------------
                                     52 ;	 function UART2_SetAddress
                                     53 ;	-----------------------------------------
      000000                         54 _UART2_SetAddress:
      000000 88               [ 1]   55 	push	a
                                     56 ;	../STM8S_StdPeriph_Driver/src/stm8s_uart2_SetAddress.c: 49: assert_param(IS_UART2_ADDRESS_OK(UART2_Address));
      000001 6B 01            [ 1]   57 	ld	(0x01, sp), a
      000003 A1 10            [ 1]   58 	cp	a, #0x10
      000005 25 0C            [ 1]   59 	jrc	00104$
      000007 4B 31            [ 1]   60 	push	#0x31
      000009 5F               [ 1]   61 	clrw	x
      00000A 89               [ 2]   62 	pushw	x
      00000B 4B 00            [ 1]   63 	push	#0x00
      00000D AEr00r00         [ 2]   64 	ldw	x, #(___str_0+0)
      000010 CDr00r00         [ 4]   65 	call	_assert_failed
      000013                         66 00104$:
                                     67 ;	../STM8S_StdPeriph_Driver/src/stm8s_uart2_SetAddress.c: 52: UART2->CR4 &= ((uint8_t)~UART2_CR4_ADD);
      000013 C6 52 47         [ 1]   68 	ld	a, 0x5247
      000016 A4 F0            [ 1]   69 	and	a, #0xf0
      000018 C7 52 47         [ 1]   70 	ld	0x5247, a
                                     71 ;	../STM8S_StdPeriph_Driver/src/stm8s_uart2_SetAddress.c: 54: UART2->CR4 |= UART2_Address;
      00001B C6 52 47         [ 1]   72 	ld	a, 0x5247
      00001E 1A 01            [ 1]   73 	or	a, (0x01, sp)
      000020 C7 52 47         [ 1]   74 	ld	0x5247, a
                                     75 ;	../STM8S_StdPeriph_Driver/src/stm8s_uart2_SetAddress.c: 55: }
      000023 84               [ 1]   76 	pop	a
      000024 81               [ 4]   77 	ret
                                     78 	.area CODE
                                     79 	.area CONST
                                     80 	.area CONST
      000000                         81 ___str_0:
      000000 2E 2E 2F 53 54 4D 38    82 	.ascii "../STM8S_StdPeriph_Driver/src/stm8s_uart2_SetAddress.c"
             53 5F 53 74 64 50 65
             72 69 70 68 5F 44 72
             69 76 65 72 2F 73 72
             63 2F 73 74 6D 38 73
             5F 75 61 72 74 32 5F
             53 65 74 41 64 64 72
             65 73 73 2E 63
      000036 00                      83 	.db 0x00
                                     84 	.area CODE
                                     85 	.area INITIALIZER
                                     86 	.area CABS (ABS)
