                                      1 ;--------------------------------------------------------
                                      2 ; File Created by SDCC : free open source ISO C Compiler 
                                      3 ; Version 4.4.0 #14620 (Linux)
                                      4 ;--------------------------------------------------------
                                      5 	.module stm8s_exti_GetExtIntSensitivity
                                      6 	.optsdcc -mstm8
                                      7 	
                                      8 ;--------------------------------------------------------
                                      9 ; Public variables in this module
                                     10 ;--------------------------------------------------------
                                     11 	.globl _assert_failed
                                     12 	.globl _EXTI_GetExtIntSensitivity
                                     13 ;--------------------------------------------------------
                                     14 ; ram data
                                     15 ;--------------------------------------------------------
                                     16 	.area DATA
                                     17 ;--------------------------------------------------------
                                     18 ; ram data
                                     19 ;--------------------------------------------------------
                                     20 	.area INITIALIZED
                                     21 ;--------------------------------------------------------
                                     22 ; absolute external ram data
                                     23 ;--------------------------------------------------------
                                     24 	.area DABS (ABS)
                                     25 
                                     26 ; default segment ordering for linker
                                     27 	.area HOME
                                     28 	.area GSINIT
                                     29 	.area GSFINAL
                                     30 	.area CONST
                                     31 	.area INITIALIZER
                                     32 	.area CODE
                                     33 
                                     34 ;--------------------------------------------------------
                                     35 ; global & static initialisations
                                     36 ;--------------------------------------------------------
                                     37 	.area HOME
                                     38 	.area GSINIT
                                     39 	.area GSFINAL
                                     40 	.area GSINIT
                                     41 ;--------------------------------------------------------
                                     42 ; Home
                                     43 ;--------------------------------------------------------
                                     44 	.area HOME
                                     45 	.area HOME
                                     46 ;--------------------------------------------------------
                                     47 ; code
                                     48 ;--------------------------------------------------------
                                     49 	.area CODE
                                     50 ;	../STM8S_StdPeriph_Driver/src/stm8s_exti_GetExtIntSensitivity.c: 46: EXTI_Sensitivity_TypeDef EXTI_GetExtIntSensitivity(EXTI_Port_TypeDef Port)
                                     51 ;	-----------------------------------------
                                     52 ;	 function EXTI_GetExtIntSensitivity
                                     53 ;	-----------------------------------------
      000000                         54 _EXTI_GetExtIntSensitivity:
      000000 88               [ 1]   55 	push	a
                                     56 ;	../STM8S_StdPeriph_Driver/src/stm8s_exti_GetExtIntSensitivity.c: 48: uint8_t value = 0;
      000001 0F 01            [ 1]   57 	clr	(0x01, sp)
                                     58 ;	../STM8S_StdPeriph_Driver/src/stm8s_exti_GetExtIntSensitivity.c: 51: assert_param(IS_EXTI_PORT_OK(Port));
      000003 4D               [ 1]   59 	tnz	a
      000004 27 1E            [ 1]   60 	jreq	00111$
      000006 A1 01            [ 1]   61 	cp	a, #0x01
      000008 27 1A            [ 1]   62 	jreq	00111$
      00000A A1 02            [ 1]   63 	cp	a, #0x02
      00000C 27 16            [ 1]   64 	jreq	00111$
      00000E A1 03            [ 1]   65 	cp	a, #0x03
      000010 27 12            [ 1]   66 	jreq	00111$
      000012 A1 04            [ 1]   67 	cp	a, #0x04
      000014 27 0E            [ 1]   68 	jreq	00111$
      000016 88               [ 1]   69 	push	a
      000017 4B 33            [ 1]   70 	push	#0x33
      000019 5F               [ 1]   71 	clrw	x
      00001A 89               [ 2]   72 	pushw	x
      00001B 4B 00            [ 1]   73 	push	#0x00
      00001D AEr00r00         [ 2]   74 	ldw	x, #(___str_0+0)
      000020 CDr00r00         [ 4]   75 	call	_assert_failed
      000023 84               [ 1]   76 	pop	a
      000024                         77 00111$:
                                     78 ;	../STM8S_StdPeriph_Driver/src/stm8s_exti_GetExtIntSensitivity.c: 53: switch (Port)
      000024 A1 04            [ 1]   79 	cp	a, #0x04
      000026 22 46            [ 1]   80 	jrugt	00107$
      000028 5F               [ 1]   81 	clrw	x
      000029 97               [ 1]   82 	ld	xl, a
      00002A 58               [ 2]   83 	sllw	x
      00002B DEu00u2F         [ 2]   84 	ldw	x, (#00180$, x)
      00002E FC               [ 2]   85 	jp	(x)
      00002F                         86 00180$:
      00002Fr00r39                   87 	.dw	#00101$
      000031r00r42                   88 	.dw	#00102$
      000033r00r4D                   89 	.dw	#00103$
      000035r00r59                   90 	.dw	#00104$
      000037r00r67                   91 	.dw	#00105$
                                     92 ;	../STM8S_StdPeriph_Driver/src/stm8s_exti_GetExtIntSensitivity.c: 55: case EXTI_PORT_GPIOA:
      000039                         93 00101$:
                                     94 ;	../STM8S_StdPeriph_Driver/src/stm8s_exti_GetExtIntSensitivity.c: 56: value = (uint8_t)(EXTI->CR1 & EXTI_CR1_PAIS);
      000039 C6 50 A0         [ 1]   95 	ld	a, 0x50a0
      00003C A4 03            [ 1]   96 	and	a, #0x03
      00003E 6B 01            [ 1]   97 	ld	(0x01, sp), a
                                     98 ;	../STM8S_StdPeriph_Driver/src/stm8s_exti_GetExtIntSensitivity.c: 57: break;
      000040 20 2C            [ 2]   99 	jra	00107$
                                    100 ;	../STM8S_StdPeriph_Driver/src/stm8s_exti_GetExtIntSensitivity.c: 58: case EXTI_PORT_GPIOB:
      000042                        101 00102$:
                                    102 ;	../STM8S_StdPeriph_Driver/src/stm8s_exti_GetExtIntSensitivity.c: 59: value = (uint8_t)((uint8_t)(EXTI->CR1 & EXTI_CR1_PBIS) >> 2);
      000042 C6 50 A0         [ 1]  103 	ld	a, 0x50a0
      000045 A4 0C            [ 1]  104 	and	a, #0x0c
      000047 44               [ 1]  105 	srl	a
      000048 44               [ 1]  106 	srl	a
      000049 6B 01            [ 1]  107 	ld	(0x01, sp), a
                                    108 ;	../STM8S_StdPeriph_Driver/src/stm8s_exti_GetExtIntSensitivity.c: 60: break;
      00004B 20 21            [ 2]  109 	jra	00107$
                                    110 ;	../STM8S_StdPeriph_Driver/src/stm8s_exti_GetExtIntSensitivity.c: 61: case EXTI_PORT_GPIOC:
      00004D                        111 00103$:
                                    112 ;	../STM8S_StdPeriph_Driver/src/stm8s_exti_GetExtIntSensitivity.c: 62: value = (uint8_t)((uint8_t)(EXTI->CR1 & EXTI_CR1_PCIS) >> 4);
      00004D C6 50 A0         [ 1]  113 	ld	a, 0x50a0
      000050 A4 30            [ 1]  114 	and	a, #0x30
      000052 4E               [ 1]  115 	swap	a
      000053 A4 0F            [ 1]  116 	and	a, #0x0f
      000055 6B 01            [ 1]  117 	ld	(0x01, sp), a
                                    118 ;	../STM8S_StdPeriph_Driver/src/stm8s_exti_GetExtIntSensitivity.c: 63: break;
      000057 20 15            [ 2]  119 	jra	00107$
                                    120 ;	../STM8S_StdPeriph_Driver/src/stm8s_exti_GetExtIntSensitivity.c: 64: case EXTI_PORT_GPIOD:
      000059                        121 00104$:
                                    122 ;	../STM8S_StdPeriph_Driver/src/stm8s_exti_GetExtIntSensitivity.c: 65: value = (uint8_t)((uint8_t)(EXTI->CR1 & EXTI_CR1_PDIS) >> 6);
      000059 C6 50 A0         [ 1]  123 	ld	a, 0x50a0
      00005C A4 C0            [ 1]  124 	and	a, #0xc0
      00005E 4E               [ 1]  125 	swap	a
      00005F A4 0F            [ 1]  126 	and	a, #0x0f
      000061 44               [ 1]  127 	srl	a
      000062 44               [ 1]  128 	srl	a
      000063 6B 01            [ 1]  129 	ld	(0x01, sp), a
                                    130 ;	../STM8S_StdPeriph_Driver/src/stm8s_exti_GetExtIntSensitivity.c: 66: break;
      000065 20 07            [ 2]  131 	jra	00107$
                                    132 ;	../STM8S_StdPeriph_Driver/src/stm8s_exti_GetExtIntSensitivity.c: 67: case EXTI_PORT_GPIOE:
      000067                        133 00105$:
                                    134 ;	../STM8S_StdPeriph_Driver/src/stm8s_exti_GetExtIntSensitivity.c: 68: value = (uint8_t)(EXTI->CR2 & EXTI_CR2_PEIS);
      000067 C6 50 A1         [ 1]  135 	ld	a, 0x50a1
      00006A A4 03            [ 1]  136 	and	a, #0x03
      00006C 6B 01            [ 1]  137 	ld	(0x01, sp), a
                                    138 ;	../STM8S_StdPeriph_Driver/src/stm8s_exti_GetExtIntSensitivity.c: 72: }
      00006E                        139 00107$:
                                    140 ;	../STM8S_StdPeriph_Driver/src/stm8s_exti_GetExtIntSensitivity.c: 74: return((EXTI_Sensitivity_TypeDef)value);
      00006E 7B 01            [ 1]  141 	ld	a, (0x01, sp)
                                    142 ;	../STM8S_StdPeriph_Driver/src/stm8s_exti_GetExtIntSensitivity.c: 75: }
      000070 5B 01            [ 2]  143 	addw	sp, #1
      000072 81               [ 4]  144 	ret
                                    145 	.area CODE
                                    146 	.area CONST
                                    147 	.area CONST
      000000                        148 ___str_0:
      000000 2E 2E 2F 53 54 4D 38   149 	.ascii "../STM8S_StdPeriph_Driver/src/stm8s_exti_GetExtIntSensitivit"
             53 5F 53 74 64 50 65
             72 69 70 68 5F 44 72
             69 76 65 72 2F 73 72
             63 2F 73 74 6D 38 73
             5F 65 78 74 69 5F 47
             65 74 45 78 74 49 6E
             74 53 65 6E 73 69 74
             69 76 69 74
      00003C 79 2E 63               150 	.ascii "y.c"
      00003F 00                     151 	.db 0x00
                                    152 	.area CODE
                                    153 	.area INITIALIZER
                                    154 	.area CABS (ABS)
