                                      1 ;--------------------------------------------------------
                                      2 ; File Created by SDCC : free open source ISO C Compiler 
                                      3 ; Version 4.4.0 #14620 (Linux)
                                      4 ;--------------------------------------------------------
                                      5 	.module stm8s_tim3_GetITStatus
                                      6 	.optsdcc -mstm8
                                      7 	
                                      8 ;--------------------------------------------------------
                                      9 ; Public variables in this module
                                     10 ;--------------------------------------------------------
                                     11 	.globl _assert_failed
                                     12 	.globl _TIM3_GetITStatus
                                     13 ;--------------------------------------------------------
                                     14 ; ram data
                                     15 ;--------------------------------------------------------
                                     16 	.area DATA
                                     17 ;--------------------------------------------------------
                                     18 ; ram data
                                     19 ;--------------------------------------------------------
                                     20 	.area INITIALIZED
                                     21 ;--------------------------------------------------------
                                     22 ; absolute external ram data
                                     23 ;--------------------------------------------------------
                                     24 	.area DABS (ABS)
                                     25 
                                     26 ; default segment ordering for linker
                                     27 	.area HOME
                                     28 	.area GSINIT
                                     29 	.area GSFINAL
                                     30 	.area CONST
                                     31 	.area INITIALIZER
                                     32 	.area CODE
                                     33 
                                     34 ;--------------------------------------------------------
                                     35 ; global & static initialisations
                                     36 ;--------------------------------------------------------
                                     37 	.area HOME
                                     38 	.area GSINIT
                                     39 	.area GSFINAL
                                     40 	.area GSINIT
                                     41 ;--------------------------------------------------------
                                     42 ; Home
                                     43 ;--------------------------------------------------------
                                     44 	.area HOME
                                     45 	.area HOME
                                     46 ;--------------------------------------------------------
                                     47 ; code
                                     48 ;--------------------------------------------------------
                                     49 	.area CODE
                                     50 ;	../STM8S_StdPeriph_Driver/src/stm8s_tim3_GetITStatus.c: 51: ITStatus TIM3_GetITStatus(TIM3_IT_TypeDef TIM3_IT)
                                     51 ;	-----------------------------------------
                                     52 ;	 function TIM3_GetITStatus
                                     53 ;	-----------------------------------------
      000000                         54 _TIM3_GetITStatus:
      000000 89               [ 2]   55 	pushw	x
                                     56 ;	../STM8S_StdPeriph_Driver/src/stm8s_tim3_GetITStatus.c: 57: assert_param(IS_TIM3_GET_IT_OK(TIM3_IT));
      000001 6B 02            [ 1]   57 	ld	(0x02, sp), a
      000003 4A               [ 1]   58 	dec	a
      000004 27 18            [ 1]   59 	jreq	00108$
      000006 7B 02            [ 1]   60 	ld	a, (0x02, sp)
      000008 A1 02            [ 1]   61 	cp	a, #0x02
      00000A 27 12            [ 1]   62 	jreq	00108$
      00000C 7B 02            [ 1]   63 	ld	a, (0x02, sp)
      00000E A1 04            [ 1]   64 	cp	a, #0x04
      000010 27 0C            [ 1]   65 	jreq	00108$
      000012 4B 39            [ 1]   66 	push	#0x39
      000014 5F               [ 1]   67 	clrw	x
      000015 89               [ 2]   68 	pushw	x
      000016 4B 00            [ 1]   69 	push	#0x00
      000018 AEr00r00         [ 2]   70 	ldw	x, #(___str_0+0)
      00001B CDr00r00         [ 4]   71 	call	_assert_failed
      00001E                         72 00108$:
                                     73 ;	../STM8S_StdPeriph_Driver/src/stm8s_tim3_GetITStatus.c: 59: TIM3_itStatus = (uint8_t)(TIM3->SR1 & TIM3_IT);
      00001E C6 53 22         [ 1]   74 	ld	a, 0x5322
      000021 14 02            [ 1]   75 	and	a, (0x02, sp)
      000023 6B 01            [ 1]   76 	ld	(0x01, sp), a
                                     77 ;	../STM8S_StdPeriph_Driver/src/stm8s_tim3_GetITStatus.c: 61: TIM3_itEnable = (uint8_t)(TIM3->IER & TIM3_IT);
      000025 C6 53 21         [ 1]   78 	ld	a, 0x5321
      000028 14 02            [ 1]   79 	and	a, (0x02, sp)
                                     80 ;	../STM8S_StdPeriph_Driver/src/stm8s_tim3_GetITStatus.c: 63: if ((TIM3_itStatus != (uint8_t)RESET ) && (TIM3_itEnable != (uint8_t)RESET ))
      00002A 0D 01            [ 1]   81 	tnz	(0x01, sp)
      00002C 27 06            [ 1]   82 	jreq	00102$
      00002E 4D               [ 1]   83 	tnz	a
      00002F 27 03            [ 1]   84 	jreq	00102$
                                     85 ;	../STM8S_StdPeriph_Driver/src/stm8s_tim3_GetITStatus.c: 65: bitstatus = SET;
      000031 A6 01            [ 1]   86 	ld	a, #0x01
                                     87 ;	../STM8S_StdPeriph_Driver/src/stm8s_tim3_GetITStatus.c: 69: bitstatus = RESET;
      000033 21                      88 	.byte 0x21
      000034                         89 00102$:
      000034 4F               [ 1]   90 	clr	a
      000035                         91 00103$:
                                     92 ;	../STM8S_StdPeriph_Driver/src/stm8s_tim3_GetITStatus.c: 71: return (ITStatus)(bitstatus);
                                     93 ;	../STM8S_StdPeriph_Driver/src/stm8s_tim3_GetITStatus.c: 72: }
      000035 85               [ 2]   94 	popw	x
      000036 81               [ 4]   95 	ret
                                     96 	.area CODE
                                     97 	.area CONST
                                     98 	.area CONST
      000000                         99 ___str_0:
      000000 2E 2E 2F 53 54 4D 38   100 	.ascii "../STM8S_StdPeriph_Driver/src/stm8s_tim3_GetITStatus.c"
             53 5F 53 74 64 50 65
             72 69 70 68 5F 44 72
             69 76 65 72 2F 73 72
             63 2F 73 74 6D 38 73
             5F 74 69 6D 33 5F 47
             65 74 49 54 53 74 61
             74 75 73 2E 63
      000036 00                     101 	.db 0x00
                                    102 	.area CODE
                                    103 	.area INITIALIZER
                                    104 	.area CABS (ABS)
