                                      1 ;--------------------------------------------------------
                                      2 ; File Created by SDCC : free open source ISO C Compiler 
                                      3 ; Version 4.4.0 #14620 (Linux)
                                      4 ;--------------------------------------------------------
                                      5 	.module stm8s_tim4_GenerateEvent
                                      6 	.optsdcc -mstm8
                                      7 	
                                      8 ;--------------------------------------------------------
                                      9 ; Public variables in this module
                                     10 ;--------------------------------------------------------
                                     11 	.globl _assert_failed
                                     12 	.globl _TIM4_GenerateEvent
                                     13 ;--------------------------------------------------------
                                     14 ; ram data
                                     15 ;--------------------------------------------------------
                                     16 	.area DATA
                                     17 ;--------------------------------------------------------
                                     18 ; ram data
                                     19 ;--------------------------------------------------------
                                     20 	.area INITIALIZED
                                     21 ;--------------------------------------------------------
                                     22 ; absolute external ram data
                                     23 ;--------------------------------------------------------
                                     24 	.area DABS (ABS)
                                     25 
                                     26 ; default segment ordering for linker
                                     27 	.area HOME
                                     28 	.area GSINIT
                                     29 	.area GSFINAL
                                     30 	.area CONST
                                     31 	.area INITIALIZER
                                     32 	.area CODE
                                     33 
                                     34 ;--------------------------------------------------------
                                     35 ; global & static initialisations
                                     36 ;--------------------------------------------------------
                                     37 	.area HOME
                                     38 	.area GSINIT
                                     39 	.area GSFINAL
                                     40 	.area GSINIT
                                     41 ;--------------------------------------------------------
                                     42 ; Home
                                     43 ;--------------------------------------------------------
                                     44 	.area HOME
                                     45 	.area HOME
                                     46 ;--------------------------------------------------------
                                     47 ; code
                                     48 ;--------------------------------------------------------
                                     49 	.area CODE
                                     50 ;	../STM8S_StdPeriph_Driver/src/stm8s_tim4_GenerateEvent.c: 48: void TIM4_GenerateEvent(TIM4_EventSource_TypeDef TIM4_EventSource)
                                     51 ;	-----------------------------------------
                                     52 ;	 function TIM4_GenerateEvent
                                     53 ;	-----------------------------------------
      000000                         54 _TIM4_GenerateEvent:
                                     55 ;	../STM8S_StdPeriph_Driver/src/stm8s_tim4_GenerateEvent.c: 51: assert_param(IS_TIM4_EVENT_SOURCE_OK(TIM4_EventSource));
      000000 4D               [ 1]   56 	tnz	a
      000001 26 0E            [ 1]   57 	jrne	00104$
      000003 88               [ 1]   58 	push	a
      000004 4B 33            [ 1]   59 	push	#0x33
      000006 5F               [ 1]   60 	clrw	x
      000007 89               [ 2]   61 	pushw	x
      000008 4B 00            [ 1]   62 	push	#0x00
      00000A AEr00r00         [ 2]   63 	ldw	x, #(___str_0+0)
      00000D CDr00r00         [ 4]   64 	call	_assert_failed
      000010 84               [ 1]   65 	pop	a
      000011                         66 00104$:
                                     67 ;	../STM8S_StdPeriph_Driver/src/stm8s_tim4_GenerateEvent.c: 54: TIM4->EGR = (uint8_t)(TIM4_EventSource);
      000011 C7 53 43         [ 1]   68 	ld	0x5343, a
                                     69 ;	../STM8S_StdPeriph_Driver/src/stm8s_tim4_GenerateEvent.c: 55: }
      000014 81               [ 4]   70 	ret
                                     71 	.area CODE
                                     72 	.area CONST
                                     73 	.area CONST
      000000                         74 ___str_0:
      000000 2E 2E 2F 53 54 4D 38    75 	.ascii "../STM8S_StdPeriph_Driver/src/stm8s_tim4_GenerateEvent.c"
             53 5F 53 74 64 50 65
             72 69 70 68 5F 44 72
             69 76 65 72 2F 73 72
             63 2F 73 74 6D 38 73
             5F 74 69 6D 34 5F 47
             65 6E 65 72 61 74 65
             45 76 65 6E 74 2E 63
      000038 00                      76 	.db 0x00
                                     77 	.area CODE
                                     78 	.area INITIALIZER
                                     79 	.area CABS (ABS)
