                                      1 ;--------------------------------------------------------
                                      2 ; File Created by SDCC : free open source ISO C Compiler 
                                      3 ; Version 4.4.0 #14620 (Linux)
                                      4 ;--------------------------------------------------------
                                      5 	.module stm8s_awu_GetFlagStatus
                                      6 	.optsdcc -mstm8
                                      7 	
                                      8 ;--------------------------------------------------------
                                      9 ; Public variables in this module
                                     10 ;--------------------------------------------------------
                                     11 	.globl _AWU_GetFlagStatus
                                     12 ;--------------------------------------------------------
                                     13 ; ram data
                                     14 ;--------------------------------------------------------
                                     15 	.area DATA
                                     16 ;--------------------------------------------------------
                                     17 ; ram data
                                     18 ;--------------------------------------------------------
                                     19 	.area INITIALIZED
                                     20 ;--------------------------------------------------------
                                     21 ; absolute external ram data
                                     22 ;--------------------------------------------------------
                                     23 	.area DABS (ABS)
                                     24 
                                     25 ; default segment ordering for linker
                                     26 	.area HOME
                                     27 	.area GSINIT
                                     28 	.area GSFINAL
                                     29 	.area CONST
                                     30 	.area INITIALIZER
                                     31 	.area CODE
                                     32 
                                     33 ;--------------------------------------------------------
                                     34 ; global & static initialisations
                                     35 ;--------------------------------------------------------
                                     36 	.area HOME
                                     37 	.area GSINIT
                                     38 	.area GSFINAL
                                     39 	.area GSINIT
                                     40 ;--------------------------------------------------------
                                     41 ; Home
                                     42 ;--------------------------------------------------------
                                     43 	.area HOME
                                     44 	.area HOME
                                     45 ;--------------------------------------------------------
                                     46 ; code
                                     47 ;--------------------------------------------------------
                                     48 	.area CODE
                                     49 ;	../STM8S_StdPeriph_Driver/src/stm8s_awu_GetFlagStatus.c: 48: FlagStatus AWU_GetFlagStatus(void)
                                     50 ;	-----------------------------------------
                                     51 ;	 function AWU_GetFlagStatus
                                     52 ;	-----------------------------------------
      000000                         53 _AWU_GetFlagStatus:
                                     54 ;	../STM8S_StdPeriph_Driver/src/stm8s_awu_GetFlagStatus.c: 50: return((FlagStatus)(((uint8_t)(AWU->CSR & AWU_CSR_AWUF) == (uint8_t)0x00) ? RESET : SET));
      000000 C6 50 F0         [ 1]   55 	ld	a, 0x50f0
      000003 A4 20            [ 1]   56 	and	a, #0x20
      000005 A0 01            [ 1]   57 	sub	a, #0x01
      000007 4F               [ 1]   58 	clr	a
      000008 8C               [ 1]   59 	ccf
      000009 49               [ 1]   60 	rlc	a
                                     61 ;	../STM8S_StdPeriph_Driver/src/stm8s_awu_GetFlagStatus.c: 51: }
      00000A 81               [ 4]   62 	ret
                                     63 	.area CODE
                                     64 	.area CONST
                                     65 	.area INITIALIZER
                                     66 	.area CABS (ABS)
