                                      1 ;--------------------------------------------------------
                                      2 ; File Created by SDCC : free open source ISO C Compiler 
                                      3 ; Version 4.4.0 #14620 (Linux)
                                      4 ;--------------------------------------------------------
                                      5 	.module stm8s_tim1_TIxExternalClockConfig
                                      6 	.optsdcc -mstm8
                                      7 	
                                      8 ;--------------------------------------------------------
                                      9 ; Public variables in this module
                                     10 ;--------------------------------------------------------
                                     11 	.globl _TIM1_TI2_Config
                                     12 	.globl _TIM1_TI1_Config
                                     13 	.globl _TIM1_SelectInputTrigger
                                     14 	.globl _assert_failed
                                     15 	.globl _TIM1_TIxExternalClockConfig
                                     16 ;--------------------------------------------------------
                                     17 ; ram data
                                     18 ;--------------------------------------------------------
                                     19 	.area DATA
                                     20 ;--------------------------------------------------------
                                     21 ; ram data
                                     22 ;--------------------------------------------------------
                                     23 	.area INITIALIZED
                                     24 ;--------------------------------------------------------
                                     25 ; absolute external ram data
                                     26 ;--------------------------------------------------------
                                     27 	.area DABS (ABS)
                                     28 
                                     29 ; default segment ordering for linker
                                     30 	.area HOME
                                     31 	.area GSINIT
                                     32 	.area GSFINAL
                                     33 	.area CONST
                                     34 	.area INITIALIZER
                                     35 	.area CODE
                                     36 
                                     37 ;--------------------------------------------------------
                                     38 ; global & static initialisations
                                     39 ;--------------------------------------------------------
                                     40 	.area HOME
                                     41 	.area GSINIT
                                     42 	.area GSFINAL
                                     43 	.area GSINIT
                                     44 ;--------------------------------------------------------
                                     45 ; Home
                                     46 ;--------------------------------------------------------
                                     47 	.area HOME
                                     48 	.area HOME
                                     49 ;--------------------------------------------------------
                                     50 ; code
                                     51 ;--------------------------------------------------------
                                     52 	.area CODE
                                     53 ;	../STM8S_StdPeriph_Driver/src/stm8s_tim1_TIxExternalClockConfig.c: 57: void TIM1_TIxExternalClockConfig(TIM1_TIxExternalCLK1Source_TypeDef TIM1_TIxExternalCLKSource,
                                     54 ;	-----------------------------------------
                                     55 ;	 function TIM1_TIxExternalClockConfig
                                     56 ;	-----------------------------------------
      000000                         57 _TIM1_TIxExternalClockConfig:
      000000 89               [ 2]   58 	pushw	x
                                     59 ;	../STM8S_StdPeriph_Driver/src/stm8s_tim1_TIxExternalClockConfig.c: 62: assert_param(IS_TIM1_TIXCLK_SOURCE_OK(TIM1_TIxExternalCLKSource));
      000001 6B 02            [ 1]   60 	ld	(0x02, sp), a
      000003 A0 60            [ 1]   61 	sub	a, #0x60
      000005 26 04            [ 1]   62 	jrne	00171$
      000007 4C               [ 1]   63 	inc	a
      000008 6B 01            [ 1]   64 	ld	(0x01, sp), a
      00000A C5                      65 	.byte 0xc5
      00000B                         66 00171$:
      00000B 0F 01            [ 1]   67 	clr	(0x01, sp)
      00000D                         68 00172$:
      00000D 7B 02            [ 1]   69 	ld	a, (0x02, sp)
      00000F A1 40            [ 1]   70 	cp	a, #0x40
      000011 27 16            [ 1]   71 	jreq	00107$
      000013 0D 01            [ 1]   72 	tnz	(0x01, sp)
      000015 26 12            [ 1]   73 	jrne	00107$
      000017 7B 02            [ 1]   74 	ld	a, (0x02, sp)
      000019 A1 50            [ 1]   75 	cp	a, #0x50
      00001B 27 0C            [ 1]   76 	jreq	00107$
      00001D 4B 3E            [ 1]   77 	push	#0x3e
      00001F 5F               [ 1]   78 	clrw	x
      000020 89               [ 2]   79 	pushw	x
      000021 4B 00            [ 1]   80 	push	#0x00
      000023 AEr00r00         [ 2]   81 	ldw	x, #(___str_0+0)
      000026 CDr00r00         [ 4]   82 	call	_assert_failed
      000029                         83 00107$:
                                     84 ;	../STM8S_StdPeriph_Driver/src/stm8s_tim1_TIxExternalClockConfig.c: 63: assert_param(IS_TIM1_IC_POLARITY_OK(TIM1_ICPolarity));
      000029 0D 05            [ 1]   85 	tnz	(0x05, sp)
      00002B 27 10            [ 1]   86 	jreq	00115$
      00002D 0D 05            [ 1]   87 	tnz	(0x05, sp)
      00002F 26 0C            [ 1]   88 	jrne	00115$
      000031 4B 3F            [ 1]   89 	push	#0x3f
      000033 5F               [ 1]   90 	clrw	x
      000034 89               [ 2]   91 	pushw	x
      000035 4B 00            [ 1]   92 	push	#0x00
      000037 AEr00r00         [ 2]   93 	ldw	x, #(___str_0+0)
      00003A CDr00r00         [ 4]   94 	call	_assert_failed
      00003D                         95 00115$:
                                     96 ;	../STM8S_StdPeriph_Driver/src/stm8s_tim1_TIxExternalClockConfig.c: 64: assert_param(IS_TIM1_IC_FILTER_OK(ICFilter));
      00003D 7B 06            [ 1]   97 	ld	a, (0x06, sp)
      00003F A1 0F            [ 1]   98 	cp	a, #0x0f
      000041 23 0C            [ 2]   99 	jrule	00120$
      000043 4B 40            [ 1]  100 	push	#0x40
      000045 5F               [ 1]  101 	clrw	x
      000046 89               [ 2]  102 	pushw	x
      000047 4B 00            [ 1]  103 	push	#0x00
      000049 AEr00r00         [ 2]  104 	ldw	x, #(___str_0+0)
      00004C CDr00r00         [ 4]  105 	call	_assert_failed
      00004F                        106 00120$:
                                    107 ;	../STM8S_StdPeriph_Driver/src/stm8s_tim1_TIxExternalClockConfig.c: 69: TIM1_TI2_Config((uint8_t)TIM1_ICPolarity, (uint8_t)TIM1_ICSELECTION_DIRECTTI, (uint8_t)ICFilter);
      00004F 7B 05            [ 1]  108 	ld	a, (0x05, sp)
      000051 97               [ 1]  109 	ld	xl, a
                                    110 ;	../STM8S_StdPeriph_Driver/src/stm8s_tim1_TIxExternalClockConfig.c: 67: if (TIM1_TIxExternalCLKSource == TIM1_TIXEXTERNALCLK1SOURCE_TI2)
      000052 7B 01            [ 1]  111 	ld	a, (0x01, sp)
      000054 27 0B            [ 1]  112 	jreq	00102$
                                    113 ;	../STM8S_StdPeriph_Driver/src/stm8s_tim1_TIxExternalClockConfig.c: 69: TIM1_TI2_Config((uint8_t)TIM1_ICPolarity, (uint8_t)TIM1_ICSELECTION_DIRECTTI, (uint8_t)ICFilter);
      000056 7B 06            [ 1]  114 	ld	a, (0x06, sp)
      000058 88               [ 1]  115 	push	a
      000059 4B 01            [ 1]  116 	push	#0x01
      00005B 9F               [ 1]  117 	ld	a, xl
      00005C CDr00r00         [ 4]  118 	call	_TIM1_TI2_Config
      00005F 20 09            [ 2]  119 	jra	00103$
      000061                        120 00102$:
                                    121 ;	../STM8S_StdPeriph_Driver/src/stm8s_tim1_TIxExternalClockConfig.c: 73: TIM1_TI1_Config((uint8_t)TIM1_ICPolarity, (uint8_t)TIM1_ICSELECTION_DIRECTTI, (uint8_t)ICFilter);
      000061 7B 06            [ 1]  122 	ld	a, (0x06, sp)
      000063 88               [ 1]  123 	push	a
      000064 4B 01            [ 1]  124 	push	#0x01
      000066 9F               [ 1]  125 	ld	a, xl
      000067 CDr00r00         [ 4]  126 	call	_TIM1_TI1_Config
      00006A                        127 00103$:
                                    128 ;	../STM8S_StdPeriph_Driver/src/stm8s_tim1_TIxExternalClockConfig.c: 77: TIM1_SelectInputTrigger((TIM1_TS_TypeDef)TIM1_TIxExternalCLKSource);
      00006A 7B 02            [ 1]  129 	ld	a, (0x02, sp)
      00006C CDr00r00         [ 4]  130 	call	_TIM1_SelectInputTrigger
                                    131 ;	../STM8S_StdPeriph_Driver/src/stm8s_tim1_TIxExternalClockConfig.c: 80: TIM1->SMCR |= (uint8_t)(TIM1_SLAVEMODE_EXTERNAL1);
      00006F C6 52 52         [ 1]  132 	ld	a, 0x5252
      000072 AA 07            [ 1]  133 	or	a, #0x07
      000074 C7 52 52         [ 1]  134 	ld	0x5252, a
                                    135 ;	../STM8S_StdPeriph_Driver/src/stm8s_tim1_TIxExternalClockConfig.c: 81: }
      000077 1E 03            [ 2]  136 	ldw	x, (3, sp)
      000079 5B 06            [ 2]  137 	addw	sp, #6
      00007B FC               [ 2]  138 	jp	(x)
                                    139 	.area CODE
                                    140 	.area CONST
                                    141 	.area CONST
      000000                        142 ___str_0:
      000000 2E 2E 2F 53 54 4D 38   143 	.ascii "../STM8S_StdPeriph_Driver/src/stm8s_tim1_TIxExternalClockCon"
             53 5F 53 74 64 50 65
             72 69 70 68 5F 44 72
             69 76 65 72 2F 73 72
             63 2F 73 74 6D 38 73
             5F 74 69 6D 31 5F 54
             49 78 45 78 74 65 72
             6E 61 6C 43 6C 6F 63
             6B 43 6F 6E
      00003C 66 69 67 2E 63         144 	.ascii "fig.c"
      000041 00                     145 	.db 0x00
                                    146 	.area CODE
                                    147 	.area INITIALIZER
                                    148 	.area CABS (ABS)
