                                      1 ;--------------------------------------------------------
                                      2 ; File Created by SDCC : free open source ISO C Compiler 
                                      3 ; Version 4.4.0 #14620 (Linux)
                                      4 ;--------------------------------------------------------
                                      5 	.module stm8s_i2c_DeInit
                                      6 	.optsdcc -mstm8
                                      7 	
                                      8 ;--------------------------------------------------------
                                      9 ; Public variables in this module
                                     10 ;--------------------------------------------------------
                                     11 	.globl _I2C_DeInit
                                     12 ;--------------------------------------------------------
                                     13 ; ram data
                                     14 ;--------------------------------------------------------
                                     15 	.area DATA
                                     16 ;--------------------------------------------------------
                                     17 ; ram data
                                     18 ;--------------------------------------------------------
                                     19 	.area INITIALIZED
                                     20 ;--------------------------------------------------------
                                     21 ; absolute external ram data
                                     22 ;--------------------------------------------------------
                                     23 	.area DABS (ABS)
                                     24 
                                     25 ; default segment ordering for linker
                                     26 	.area HOME
                                     27 	.area GSINIT
                                     28 	.area GSFINAL
                                     29 	.area CONST
                                     30 	.area INITIALIZER
                                     31 	.area CODE
                                     32 
                                     33 ;--------------------------------------------------------
                                     34 ; global & static initialisations
                                     35 ;--------------------------------------------------------
                                     36 	.area HOME
                                     37 	.area GSINIT
                                     38 	.area GSFINAL
                                     39 	.area GSINIT
                                     40 ;--------------------------------------------------------
                                     41 ; Home
                                     42 ;--------------------------------------------------------
                                     43 	.area HOME
                                     44 	.area HOME
                                     45 ;--------------------------------------------------------
                                     46 ; code
                                     47 ;--------------------------------------------------------
                                     48 	.area CODE
                                     49 ;	../STM8S_StdPeriph_Driver/src/stm8s_i2c_DeInit.c: 47: void I2C_DeInit(void)
                                     50 ;	-----------------------------------------
                                     51 ;	 function I2C_DeInit
                                     52 ;	-----------------------------------------
      000000                         53 _I2C_DeInit:
                                     54 ;	../STM8S_StdPeriph_Driver/src/stm8s_i2c_DeInit.c: 49: I2C->CR1 = I2C_CR1_RESET_VALUE;
      000000 35 00 52 10      [ 1]   55 	mov	0x5210+0, #0x00
                                     56 ;	../STM8S_StdPeriph_Driver/src/stm8s_i2c_DeInit.c: 50: I2C->CR2 = I2C_CR2_RESET_VALUE;
      000004 35 00 52 11      [ 1]   57 	mov	0x5211+0, #0x00
                                     58 ;	../STM8S_StdPeriph_Driver/src/stm8s_i2c_DeInit.c: 51: I2C->FREQR = I2C_FREQR_RESET_VALUE;
      000008 35 00 52 12      [ 1]   59 	mov	0x5212+0, #0x00
                                     60 ;	../STM8S_StdPeriph_Driver/src/stm8s_i2c_DeInit.c: 52: I2C->OARL = I2C_OARL_RESET_VALUE;
      00000C 35 00 52 13      [ 1]   61 	mov	0x5213+0, #0x00
                                     62 ;	../STM8S_StdPeriph_Driver/src/stm8s_i2c_DeInit.c: 53: I2C->OARH = I2C_OARH_RESET_VALUE;
      000010 35 00 52 14      [ 1]   63 	mov	0x5214+0, #0x00
                                     64 ;	../STM8S_StdPeriph_Driver/src/stm8s_i2c_DeInit.c: 54: I2C->ITR = I2C_ITR_RESET_VALUE;
      000014 35 00 52 1A      [ 1]   65 	mov	0x521a+0, #0x00
                                     66 ;	../STM8S_StdPeriph_Driver/src/stm8s_i2c_DeInit.c: 55: I2C->CCRL = I2C_CCRL_RESET_VALUE;
      000018 35 00 52 1B      [ 1]   67 	mov	0x521b+0, #0x00
                                     68 ;	../STM8S_StdPeriph_Driver/src/stm8s_i2c_DeInit.c: 56: I2C->CCRH = I2C_CCRH_RESET_VALUE;
      00001C 35 00 52 1C      [ 1]   69 	mov	0x521c+0, #0x00
                                     70 ;	../STM8S_StdPeriph_Driver/src/stm8s_i2c_DeInit.c: 57: I2C->TRISER = I2C_TRISER_RESET_VALUE;
      000020 35 02 52 1D      [ 1]   71 	mov	0x521d+0, #0x02
                                     72 ;	../STM8S_StdPeriph_Driver/src/stm8s_i2c_DeInit.c: 58: }
      000024 81               [ 4]   73 	ret
                                     74 	.area CODE
                                     75 	.area CONST
                                     76 	.area INITIALIZER
                                     77 	.area CABS (ABS)
