                                      1 ;--------------------------------------------------------
                                      2 ; File Created by SDCC : free open source ISO C Compiler 
                                      3 ; Version 4.4.0 #14620 (Linux)
                                      4 ;--------------------------------------------------------
                                      5 	.module stm8s_tim4_ITConfig
                                      6 	.optsdcc -mstm8
                                      7 	
                                      8 ;--------------------------------------------------------
                                      9 ; Public variables in this module
                                     10 ;--------------------------------------------------------
                                     11 	.globl _assert_failed
                                     12 	.globl _TIM4_ITConfig
                                     13 ;--------------------------------------------------------
                                     14 ; ram data
                                     15 ;--------------------------------------------------------
                                     16 	.area DATA
                                     17 ;--------------------------------------------------------
                                     18 ; ram data
                                     19 ;--------------------------------------------------------
                                     20 	.area INITIALIZED
                                     21 ;--------------------------------------------------------
                                     22 ; absolute external ram data
                                     23 ;--------------------------------------------------------
                                     24 	.area DABS (ABS)
                                     25 
                                     26 ; default segment ordering for linker
                                     27 	.area HOME
                                     28 	.area GSINIT
                                     29 	.area GSFINAL
                                     30 	.area CONST
                                     31 	.area INITIALIZER
                                     32 	.area CODE
                                     33 
                                     34 ;--------------------------------------------------------
                                     35 ; global & static initialisations
                                     36 ;--------------------------------------------------------
                                     37 	.area HOME
                                     38 	.area GSINIT
                                     39 	.area GSFINAL
                                     40 	.area GSINIT
                                     41 ;--------------------------------------------------------
                                     42 ; Home
                                     43 ;--------------------------------------------------------
                                     44 	.area HOME
                                     45 	.area HOME
                                     46 ;--------------------------------------------------------
                                     47 ; code
                                     48 ;--------------------------------------------------------
                                     49 	.area CODE
                                     50 ;	../STM8S_StdPeriph_Driver/src/stm8s_tim4_ITConfig.c: 51: void TIM4_ITConfig(TIM4_IT_TypeDef TIM4_IT, FunctionalState NewState)
                                     51 ;	-----------------------------------------
                                     52 ;	 function TIM4_ITConfig
                                     53 ;	-----------------------------------------
      000000                         54 _TIM4_ITConfig:
      000000 89               [ 2]   55 	pushw	x
                                     56 ;	../STM8S_StdPeriph_Driver/src/stm8s_tim4_ITConfig.c: 54: assert_param(IS_TIM4_IT_OK(TIM4_IT));
      000001 6B 02            [ 1]   57 	ld	(0x02, sp), a
      000003 26 0C            [ 1]   58 	jrne	00107$
      000005 4B 36            [ 1]   59 	push	#0x36
      000007 5F               [ 1]   60 	clrw	x
      000008 89               [ 2]   61 	pushw	x
      000009 4B 00            [ 1]   62 	push	#0x00
      00000B AEr00r00         [ 2]   63 	ldw	x, #(___str_0+0)
      00000E CDr00r00         [ 4]   64 	call	_assert_failed
      000011                         65 00107$:
                                     66 ;	../STM8S_StdPeriph_Driver/src/stm8s_tim4_ITConfig.c: 55: assert_param(IS_FUNCTIONALSTATE_OK(NewState));
      000011 0D 05            [ 1]   67 	tnz	(0x05, sp)
      000013 27 10            [ 1]   68 	jreq	00109$
      000015 0D 05            [ 1]   69 	tnz	(0x05, sp)
      000017 26 0C            [ 1]   70 	jrne	00109$
      000019 4B 37            [ 1]   71 	push	#0x37
      00001B 5F               [ 1]   72 	clrw	x
      00001C 89               [ 2]   73 	pushw	x
      00001D 4B 00            [ 1]   74 	push	#0x00
      00001F AEr00r00         [ 2]   75 	ldw	x, #(___str_0+0)
      000022 CDr00r00         [ 4]   76 	call	_assert_failed
      000025                         77 00109$:
                                     78 ;	../STM8S_StdPeriph_Driver/src/stm8s_tim4_ITConfig.c: 60: TIM4->IER |= (uint8_t)TIM4_IT;
      000025 C6 53 41         [ 1]   79 	ld	a, 0x5341
      000028 6B 01            [ 1]   80 	ld	(0x01, sp), a
                                     81 ;	../STM8S_StdPeriph_Driver/src/stm8s_tim4_ITConfig.c: 57: if (NewState != DISABLE)
      00002A 0D 05            [ 1]   82 	tnz	(0x05, sp)
      00002C 27 09            [ 1]   83 	jreq	00102$
                                     84 ;	../STM8S_StdPeriph_Driver/src/stm8s_tim4_ITConfig.c: 60: TIM4->IER |= (uint8_t)TIM4_IT;
      00002E 7B 02            [ 1]   85 	ld	a, (0x02, sp)
      000030 1A 01            [ 1]   86 	or	a, (0x01, sp)
      000032 C7 53 41         [ 1]   87 	ld	0x5341, a
      000035 20 08            [ 2]   88 	jra	00104$
      000037                         89 00102$:
                                     90 ;	../STM8S_StdPeriph_Driver/src/stm8s_tim4_ITConfig.c: 65: TIM4->IER &= (uint8_t)(~TIM4_IT);
      000037 7B 02            [ 1]   91 	ld	a, (0x02, sp)
      000039 43               [ 1]   92 	cpl	a
      00003A 14 01            [ 1]   93 	and	a, (0x01, sp)
      00003C C7 53 41         [ 1]   94 	ld	0x5341, a
      00003F                         95 00104$:
                                     96 ;	../STM8S_StdPeriph_Driver/src/stm8s_tim4_ITConfig.c: 67: }
      00003F 85               [ 2]   97 	popw	x
      000040 85               [ 2]   98 	popw	x
      000041 84               [ 1]   99 	pop	a
      000042 FC               [ 2]  100 	jp	(x)
                                    101 	.area CODE
                                    102 	.area CONST
                                    103 	.area CONST
      000000                        104 ___str_0:
      000000 2E 2E 2F 53 54 4D 38   105 	.ascii "../STM8S_StdPeriph_Driver/src/stm8s_tim4_ITConfig.c"
             53 5F 53 74 64 50 65
             72 69 70 68 5F 44 72
             69 76 65 72 2F 73 72
             63 2F 73 74 6D 38 73
             5F 74 69 6D 34 5F 49
             54 43 6F 6E 66 69 67
             2E 63
      000033 00                     106 	.db 0x00
                                    107 	.area CODE
                                    108 	.area INITIALIZER
                                    109 	.area CABS (ABS)
