                                      1 ;--------------------------------------------------------
                                      2 ; File Created by SDCC : free open source ISO C Compiler 
                                      3 ; Version 4.4.0 #14620 (Linux)
                                      4 ;--------------------------------------------------------
                                      5 	.module stm8s_iwdg_WriteAccessCmd
                                      6 	.optsdcc -mstm8
                                      7 	
                                      8 ;--------------------------------------------------------
                                      9 ; Public variables in this module
                                     10 ;--------------------------------------------------------
                                     11 	.globl _assert_failed
                                     12 	.globl _IWDG_WriteAccessCmd
                                     13 ;--------------------------------------------------------
                                     14 ; ram data
                                     15 ;--------------------------------------------------------
                                     16 	.area DATA
                                     17 ;--------------------------------------------------------
                                     18 ; ram data
                                     19 ;--------------------------------------------------------
                                     20 	.area INITIALIZED
                                     21 ;--------------------------------------------------------
                                     22 ; absolute external ram data
                                     23 ;--------------------------------------------------------
                                     24 	.area DABS (ABS)
                                     25 
                                     26 ; default segment ordering for linker
                                     27 	.area HOME
                                     28 	.area GSINIT
                                     29 	.area GSFINAL
                                     30 	.area CONST
                                     31 	.area INITIALIZER
                                     32 	.area CODE
                                     33 
                                     34 ;--------------------------------------------------------
                                     35 ; global & static initialisations
                                     36 ;--------------------------------------------------------
                                     37 	.area HOME
                                     38 	.area GSINIT
                                     39 	.area GSFINAL
                                     40 	.area GSINIT
                                     41 ;--------------------------------------------------------
                                     42 ; Home
                                     43 ;--------------------------------------------------------
                                     44 	.area HOME
                                     45 	.area HOME
                                     46 ;--------------------------------------------------------
                                     47 ; code
                                     48 ;--------------------------------------------------------
                                     49 	.area CODE
                                     50 ;	../STM8S_StdPeriph_Driver/src/stm8s_iwdg_WriteAccessCmd.c: 47: void IWDG_WriteAccessCmd(IWDG_WriteAccess_TypeDef IWDG_WriteAccess)
                                     51 ;	-----------------------------------------
                                     52 ;	 function IWDG_WriteAccessCmd
                                     53 ;	-----------------------------------------
      000000                         54 _IWDG_WriteAccessCmd:
                                     55 ;	../STM8S_StdPeriph_Driver/src/stm8s_iwdg_WriteAccessCmd.c: 50: assert_param(IS_IWDG_WRITEACCESS_MODE_OK(IWDG_WriteAccess));
      000000 A1 55            [ 1]   56 	cp	a, #0x55
      000002 27 11            [ 1]   57 	jreq	00104$
      000004 4D               [ 1]   58 	tnz	a
      000005 27 0E            [ 1]   59 	jreq	00104$
      000007 88               [ 1]   60 	push	a
      000008 4B 32            [ 1]   61 	push	#0x32
      00000A 5F               [ 1]   62 	clrw	x
      00000B 89               [ 2]   63 	pushw	x
      00000C 4B 00            [ 1]   64 	push	#0x00
      00000E AEr00r00         [ 2]   65 	ldw	x, #(___str_0+0)
      000011 CDr00r00         [ 4]   66 	call	_assert_failed
      000014 84               [ 1]   67 	pop	a
      000015                         68 00104$:
                                     69 ;	../STM8S_StdPeriph_Driver/src/stm8s_iwdg_WriteAccessCmd.c: 52: IWDG->KR = (uint8_t)IWDG_WriteAccess; /* Write Access */
      000015 C7 50 E0         [ 1]   70 	ld	0x50e0, a
                                     71 ;	../STM8S_StdPeriph_Driver/src/stm8s_iwdg_WriteAccessCmd.c: 53: }
      000018 81               [ 4]   72 	ret
                                     73 	.area CODE
                                     74 	.area CONST
                                     75 	.area CONST
      000000                         76 ___str_0:
      000000 2E 2E 2F 53 54 4D 38    77 	.ascii "../STM8S_StdPeriph_Driver/src/stm8s_iwdg_WriteAccessCmd.c"
             53 5F 53 74 64 50 65
             72 69 70 68 5F 44 72
             69 76 65 72 2F 73 72
             63 2F 73 74 6D 38 73
             5F 69 77 64 67 5F 57
             72 69 74 65 41 63 63
             65 73 73 43 6D 64 2E
             63
      000039 00                      78 	.db 0x00
                                     79 	.area CODE
                                     80 	.area INITIALIZER
                                     81 	.area CABS (ABS)
