                                      1 ;--------------------------------------------------------
                                      2 ; File Created by SDCC : free open source ISO C Compiler 
                                      3 ; Version 4.4.0 #14620 (Linux)
                                      4 ;--------------------------------------------------------
                                      5 	.module stm8s_flash_SetProgrammingTime
                                      6 	.optsdcc -mstm8
                                      7 	
                                      8 ;--------------------------------------------------------
                                      9 ; Public variables in this module
                                     10 ;--------------------------------------------------------
                                     11 	.globl _assert_failed
                                     12 	.globl _FLASH_SetProgrammingTime
                                     13 ;--------------------------------------------------------
                                     14 ; ram data
                                     15 ;--------------------------------------------------------
                                     16 	.area DATA
                                     17 ;--------------------------------------------------------
                                     18 ; ram data
                                     19 ;--------------------------------------------------------
                                     20 	.area INITIALIZED
                                     21 ;--------------------------------------------------------
                                     22 ; absolute external ram data
                                     23 ;--------------------------------------------------------
                                     24 	.area DABS (ABS)
                                     25 
                                     26 ; default segment ordering for linker
                                     27 	.area HOME
                                     28 	.area GSINIT
                                     29 	.area GSFINAL
                                     30 	.area CONST
                                     31 	.area INITIALIZER
                                     32 	.area CODE
                                     33 
                                     34 ;--------------------------------------------------------
                                     35 ; global & static initialisations
                                     36 ;--------------------------------------------------------
                                     37 	.area HOME
                                     38 	.area GSINIT
                                     39 	.area GSFINAL
                                     40 	.area GSINIT
                                     41 ;--------------------------------------------------------
                                     42 ; Home
                                     43 ;--------------------------------------------------------
                                     44 	.area HOME
                                     45 	.area HOME
                                     46 ;--------------------------------------------------------
                                     47 ; code
                                     48 ;--------------------------------------------------------
                                     49 	.area CODE
                                     50 ;	../STM8S_StdPeriph_Driver/src/stm8s_flash_SetProgrammingTime.c: 48: void FLASH_SetProgrammingTime(FLASH_ProgramTime_TypeDef FLASH_ProgTime)
                                     51 ;	-----------------------------------------
                                     52 ;	 function FLASH_SetProgrammingTime
                                     53 ;	-----------------------------------------
      000000                         54 _FLASH_SetProgrammingTime:
      000000 89               [ 2]   55 	pushw	x
                                     56 ;	../STM8S_StdPeriph_Driver/src/stm8s_flash_SetProgrammingTime.c: 51: assert_param(IS_FLASH_PROGRAM_TIME_OK(FLASH_ProgTime));
      000001 6B 02            [ 1]   57 	ld	(0x02, sp), a
      000003 27 10            [ 1]   58 	jreq	00104$
      000005 0D 02            [ 1]   59 	tnz	(0x02, sp)
      000007 26 0C            [ 1]   60 	jrne	00104$
      000009 4B 33            [ 1]   61 	push	#0x33
      00000B 5F               [ 1]   62 	clrw	x
      00000C 89               [ 2]   63 	pushw	x
      00000D 4B 00            [ 1]   64 	push	#0x00
      00000F AEr00r00         [ 2]   65 	ldw	x, #(___str_0+0)
      000012 CDr00r00         [ 4]   66 	call	_assert_failed
      000015                         67 00104$:
                                     68 ;	../STM8S_StdPeriph_Driver/src/stm8s_flash_SetProgrammingTime.c: 53: FLASH->CR1 &= (uint8_t)(~FLASH_CR1_FIX);
      000015 C6 50 5A         [ 1]   69 	ld	a, 0x505a
      000018 A4 FE            [ 1]   70 	and	a, #0xfe
      00001A C7 50 5A         [ 1]   71 	ld	0x505a, a
                                     72 ;	../STM8S_StdPeriph_Driver/src/stm8s_flash_SetProgrammingTime.c: 54: FLASH->CR1 |= (uint8_t)FLASH_ProgTime;
      00001D C6 50 5A         [ 1]   73 	ld	a, 0x505a
      000020 6B 01            [ 1]   74 	ld	(0x01, sp), a
      000022 7B 02            [ 1]   75 	ld	a, (0x02, sp)
      000024 1A 01            [ 1]   76 	or	a, (0x01, sp)
      000026 C7 50 5A         [ 1]   77 	ld	0x505a, a
                                     78 ;	../STM8S_StdPeriph_Driver/src/stm8s_flash_SetProgrammingTime.c: 55: }
      000029 85               [ 2]   79 	popw	x
      00002A 81               [ 4]   80 	ret
                                     81 	.area CODE
                                     82 	.area CONST
                                     83 	.area CONST
      000000                         84 ___str_0:
      000000 2E 2E 2F 53 54 4D 38    85 	.ascii "../STM8S_StdPeriph_Driver/src/stm8s_flash_SetProgrammingTime"
             53 5F 53 74 64 50 65
             72 69 70 68 5F 44 72
             69 76 65 72 2F 73 72
             63 2F 73 74 6D 38 73
             5F 66 6C 61 73 68 5F
             53 65 74 50 72 6F 67
             72 61 6D 6D 69 6E 67
             54 69 6D 65
      00003C 2E 63                   86 	.ascii ".c"
      00003E 00                      87 	.db 0x00
                                     88 	.area CODE
                                     89 	.area INITIALIZER
                                     90 	.area CABS (ABS)
