                                      1 ;--------------------------------------------------------
                                      2 ; File Created by SDCC : free open source ISO C Compiler 
                                      3 ; Version 4.4.0 #14620 (Linux)
                                      4 ;--------------------------------------------------------
                                      5 	.module stm8s_tim3_OC2Init
                                      6 	.optsdcc -mstm8
                                      7 	
                                      8 ;--------------------------------------------------------
                                      9 ; Public variables in this module
                                     10 ;--------------------------------------------------------
                                     11 	.globl _assert_failed
                                     12 	.globl _TIM3_OC2Init
                                     13 ;--------------------------------------------------------
                                     14 ; ram data
                                     15 ;--------------------------------------------------------
                                     16 	.area DATA
                                     17 ;--------------------------------------------------------
                                     18 ; ram data
                                     19 ;--------------------------------------------------------
                                     20 	.area INITIALIZED
                                     21 ;--------------------------------------------------------
                                     22 ; absolute external ram data
                                     23 ;--------------------------------------------------------
                                     24 	.area DABS (ABS)
                                     25 
                                     26 ; default segment ordering for linker
                                     27 	.area HOME
                                     28 	.area GSINIT
                                     29 	.area GSFINAL
                                     30 	.area CONST
                                     31 	.area INITIALIZER
                                     32 	.area CODE
                                     33 
                                     34 ;--------------------------------------------------------
                                     35 ; global & static initialisations
                                     36 ;--------------------------------------------------------
                                     37 	.area HOME
                                     38 	.area GSINIT
                                     39 	.area GSFINAL
                                     40 	.area GSINIT
                                     41 ;--------------------------------------------------------
                                     42 ; Home
                                     43 ;--------------------------------------------------------
                                     44 	.area HOME
                                     45 	.area HOME
                                     46 ;--------------------------------------------------------
                                     47 ; code
                                     48 ;--------------------------------------------------------
                                     49 	.area CODE
                                     50 ;	../STM8S_StdPeriph_Driver/src/stm8s_tim3_OC2Init.c: 50: void TIM3_OC2Init(TIM3_OCMode_TypeDef TIM3_OCMode,
                                     51 ;	-----------------------------------------
                                     52 ;	 function TIM3_OC2Init
                                     53 ;	-----------------------------------------
      000000                         54 _TIM3_OC2Init:
      000000 52 03            [ 2]   55 	sub	sp, #3
                                     56 ;	../STM8S_StdPeriph_Driver/src/stm8s_tim3_OC2Init.c: 56: assert_param(IS_TIM3_OC_MODE_OK(TIM3_OCMode));
      000002 6B 03            [ 1]   57 	ld	(0x03, sp), a
      000004 27 2A            [ 1]   58 	jreq	00104$
      000006 7B 03            [ 1]   59 	ld	a, (0x03, sp)
      000008 A1 10            [ 1]   60 	cp	a, #0x10
      00000A 27 24            [ 1]   61 	jreq	00104$
      00000C 7B 03            [ 1]   62 	ld	a, (0x03, sp)
      00000E A1 20            [ 1]   63 	cp	a, #0x20
      000010 27 1E            [ 1]   64 	jreq	00104$
      000012 7B 03            [ 1]   65 	ld	a, (0x03, sp)
      000014 A1 30            [ 1]   66 	cp	a, #0x30
      000016 27 18            [ 1]   67 	jreq	00104$
      000018 7B 03            [ 1]   68 	ld	a, (0x03, sp)
      00001A A1 60            [ 1]   69 	cp	a, #0x60
      00001C 27 12            [ 1]   70 	jreq	00104$
      00001E 7B 03            [ 1]   71 	ld	a, (0x03, sp)
      000020 A1 70            [ 1]   72 	cp	a, #0x70
      000022 27 0C            [ 1]   73 	jreq	00104$
      000024 4B 38            [ 1]   74 	push	#0x38
      000026 5F               [ 1]   75 	clrw	x
      000027 89               [ 2]   76 	pushw	x
      000028 4B 00            [ 1]   77 	push	#0x00
      00002A AEr00r00         [ 2]   78 	ldw	x, #(___str_0+0)
      00002D CDr00r00         [ 4]   79 	call	_assert_failed
      000030                         80 00104$:
                                     81 ;	../STM8S_StdPeriph_Driver/src/stm8s_tim3_OC2Init.c: 57: assert_param(IS_TIM3_OUTPUT_STATE_OK(TIM3_OutputState));
      000030 0D 06            [ 1]   82 	tnz	(0x06, sp)
      000032 27 12            [ 1]   83 	jreq	00121$
      000034 7B 06            [ 1]   84 	ld	a, (0x06, sp)
      000036 A1 11            [ 1]   85 	cp	a, #0x11
      000038 27 0C            [ 1]   86 	jreq	00121$
      00003A 4B 39            [ 1]   87 	push	#0x39
      00003C 5F               [ 1]   88 	clrw	x
      00003D 89               [ 2]   89 	pushw	x
      00003E 4B 00            [ 1]   90 	push	#0x00
      000040 AEr00r00         [ 2]   91 	ldw	x, #(___str_0+0)
      000043 CDr00r00         [ 4]   92 	call	_assert_failed
      000046                         93 00121$:
                                     94 ;	../STM8S_StdPeriph_Driver/src/stm8s_tim3_OC2Init.c: 58: assert_param(IS_TIM3_OC_POLARITY_OK(TIM3_OCPolarity));
      000046 0D 09            [ 1]   95 	tnz	(0x09, sp)
      000048 27 12            [ 1]   96 	jreq	00126$
      00004A 7B 09            [ 1]   97 	ld	a, (0x09, sp)
      00004C A1 22            [ 1]   98 	cp	a, #0x22
      00004E 27 0C            [ 1]   99 	jreq	00126$
      000050 4B 3A            [ 1]  100 	push	#0x3a
      000052 5F               [ 1]  101 	clrw	x
      000053 89               [ 2]  102 	pushw	x
      000054 4B 00            [ 1]  103 	push	#0x00
      000056 AEr00r00         [ 2]  104 	ldw	x, #(___str_0+0)
      000059 CDr00r00         [ 4]  105 	call	_assert_failed
      00005C                        106 00126$:
                                    107 ;	../STM8S_StdPeriph_Driver/src/stm8s_tim3_OC2Init.c: 62: TIM3->CCER1 &= (uint8_t)(~( TIM3_CCER1_CC2E |  TIM3_CCER1_CC2P ));
      00005C C6 53 27         [ 1]  108 	ld	a, 0x5327
      00005F A4 CF            [ 1]  109 	and	a, #0xcf
      000061 C7 53 27         [ 1]  110 	ld	0x5327, a
                                    111 ;	../STM8S_StdPeriph_Driver/src/stm8s_tim3_OC2Init.c: 64: TIM3->CCER1 |= (uint8_t)((uint8_t)(TIM3_OutputState  & TIM3_CCER1_CC2E   ) | (uint8_t)(TIM3_OCPolarity   & TIM3_CCER1_CC2P ));
      000064 C6 53 27         [ 1]  112 	ld	a, 0x5327
      000067 6B 01            [ 1]  113 	ld	(0x01, sp), a
      000069 7B 06            [ 1]  114 	ld	a, (0x06, sp)
      00006B A4 10            [ 1]  115 	and	a, #0x10
      00006D 6B 02            [ 1]  116 	ld	(0x02, sp), a
      00006F 7B 09            [ 1]  117 	ld	a, (0x09, sp)
      000071 A4 20            [ 1]  118 	and	a, #0x20
      000073 1A 02            [ 1]  119 	or	a, (0x02, sp)
      000075 1A 01            [ 1]  120 	or	a, (0x01, sp)
      000077 C7 53 27         [ 1]  121 	ld	0x5327, a
                                    122 ;	../STM8S_StdPeriph_Driver/src/stm8s_tim3_OC2Init.c: 68: TIM3->CCMR2 = (uint8_t)((uint8_t)(TIM3->CCMR2 & (uint8_t)(~TIM3_CCMR_OCM)) | (uint8_t)TIM3_OCMode);
      00007A C6 53 26         [ 1]  123 	ld	a, 0x5326
      00007D A4 8F            [ 1]  124 	and	a, #0x8f
      00007F 1A 03            [ 1]  125 	or	a, (0x03, sp)
      000081 C7 53 26         [ 1]  126 	ld	0x5326, a
                                    127 ;	../STM8S_StdPeriph_Driver/src/stm8s_tim3_OC2Init.c: 72: TIM3->CCR2H = (uint8_t)(TIM3_Pulse >> 8);
      000084 7B 07            [ 1]  128 	ld	a, (0x07, sp)
      000086 C7 53 2F         [ 1]  129 	ld	0x532f, a
                                    130 ;	../STM8S_StdPeriph_Driver/src/stm8s_tim3_OC2Init.c: 73: TIM3->CCR2L = (uint8_t)(TIM3_Pulse);
      000089 7B 08            [ 1]  131 	ld	a, (0x08, sp)
      00008B C7 53 30         [ 1]  132 	ld	0x5330, a
                                    133 ;	../STM8S_StdPeriph_Driver/src/stm8s_tim3_OC2Init.c: 74: }
      00008E 1E 04            [ 2]  134 	ldw	x, (4, sp)
      000090 5B 09            [ 2]  135 	addw	sp, #9
      000092 FC               [ 2]  136 	jp	(x)
                                    137 	.area CODE
                                    138 	.area CONST
                                    139 	.area CONST
      000000                        140 ___str_0:
      000000 2E 2E 2F 53 54 4D 38   141 	.ascii "../STM8S_StdPeriph_Driver/src/stm8s_tim3_OC2Init.c"
             53 5F 53 74 64 50 65
             72 69 70 68 5F 44 72
             69 76 65 72 2F 73 72
             63 2F 73 74 6D 38 73
             5F 74 69 6D 33 5F 4F
             43 32 49 6E 69 74 2E
             63
      000032 00                     142 	.db 0x00
                                    143 	.area CODE
                                    144 	.area INITIALIZER
                                    145 	.area CABS (ABS)
