                                      1 ;--------------------------------------------------------
                                      2 ; File Created by SDCC : free open source ISO C Compiler 
                                      3 ; Version 4.4.0 #14620 (Linux)
                                      4 ;--------------------------------------------------------
                                      5 	.module stm8s_tim3_PrescalerConfig
                                      6 	.optsdcc -mstm8
                                      7 	
                                      8 ;--------------------------------------------------------
                                      9 ; Public variables in this module
                                     10 ;--------------------------------------------------------
                                     11 	.globl _assert_failed
                                     12 	.globl _TIM3_PrescalerConfig
                                     13 ;--------------------------------------------------------
                                     14 ; ram data
                                     15 ;--------------------------------------------------------
                                     16 	.area DATA
                                     17 ;--------------------------------------------------------
                                     18 ; ram data
                                     19 ;--------------------------------------------------------
                                     20 	.area INITIALIZED
                                     21 ;--------------------------------------------------------
                                     22 ; absolute external ram data
                                     23 ;--------------------------------------------------------
                                     24 	.area DABS (ABS)
                                     25 
                                     26 ; default segment ordering for linker
                                     27 	.area HOME
                                     28 	.area GSINIT
                                     29 	.area GSFINAL
                                     30 	.area CONST
                                     31 	.area INITIALIZER
                                     32 	.area CODE
                                     33 
                                     34 ;--------------------------------------------------------
                                     35 ; global & static initialisations
                                     36 ;--------------------------------------------------------
                                     37 	.area HOME
                                     38 	.area GSINIT
                                     39 	.area GSFINAL
                                     40 	.area GSINIT
                                     41 ;--------------------------------------------------------
                                     42 ; Home
                                     43 ;--------------------------------------------------------
                                     44 	.area HOME
                                     45 	.area HOME
                                     46 ;--------------------------------------------------------
                                     47 ; code
                                     48 ;--------------------------------------------------------
                                     49 	.area CODE
                                     50 ;	../STM8S_StdPeriph_Driver/src/stm8s_tim3_PrescalerConfig.c: 70: void TIM3_PrescalerConfig(TIM3_Prescaler_TypeDef Prescaler,
                                     51 ;	-----------------------------------------
                                     52 ;	 function TIM3_PrescalerConfig
                                     53 ;	-----------------------------------------
      000000                         54 _TIM3_PrescalerConfig:
                                     55 ;	../STM8S_StdPeriph_Driver/src/stm8s_tim3_PrescalerConfig.c: 74: assert_param(IS_TIM3_PRESCALER_RELOAD_OK(TIM3_PSCReloadMode));
      000000 0D 03            [ 1]   56 	tnz	(0x03, sp)
      000002 27 12            [ 1]   57 	jreq	00104$
      000004 0D 03            [ 1]   58 	tnz	(0x03, sp)
      000006 26 0E            [ 1]   59 	jrne	00104$
      000008 88               [ 1]   60 	push	a
      000009 4B 4A            [ 1]   61 	push	#0x4a
      00000B 5F               [ 1]   62 	clrw	x
      00000C 89               [ 2]   63 	pushw	x
      00000D 4B 00            [ 1]   64 	push	#0x00
      00000F AEr00r00         [ 2]   65 	ldw	x, #(___str_0+0)
      000012 CDr00r00         [ 4]   66 	call	_assert_failed
      000015 84               [ 1]   67 	pop	a
      000016                         68 00104$:
                                     69 ;	../STM8S_StdPeriph_Driver/src/stm8s_tim3_PrescalerConfig.c: 75: assert_param(IS_TIM3_PRESCALER_OK(Prescaler));
      000016 4D               [ 1]   70 	tnz	a
      000017 27 4A            [ 1]   71 	jreq	00109$
      000019 A1 01            [ 1]   72 	cp	a, #0x01
      00001B 27 46            [ 1]   73 	jreq	00109$
      00001D A1 02            [ 1]   74 	cp	a, #0x02
      00001F 27 42            [ 1]   75 	jreq	00109$
      000021 A1 03            [ 1]   76 	cp	a, #0x03
      000023 27 3E            [ 1]   77 	jreq	00109$
      000025 A1 04            [ 1]   78 	cp	a, #0x04
      000027 27 3A            [ 1]   79 	jreq	00109$
      000029 A1 05            [ 1]   80 	cp	a, #0x05
      00002B 27 36            [ 1]   81 	jreq	00109$
      00002D A1 06            [ 1]   82 	cp	a, #0x06
      00002F 27 32            [ 1]   83 	jreq	00109$
      000031 A1 07            [ 1]   84 	cp	a, #0x07
      000033 27 2E            [ 1]   85 	jreq	00109$
      000035 A1 08            [ 1]   86 	cp	a, #0x08
      000037 27 2A            [ 1]   87 	jreq	00109$
      000039 A1 09            [ 1]   88 	cp	a, #0x09
      00003B 27 26            [ 1]   89 	jreq	00109$
      00003D A1 0A            [ 1]   90 	cp	a, #0x0a
      00003F 27 22            [ 1]   91 	jreq	00109$
      000041 A1 0B            [ 1]   92 	cp	a, #0x0b
      000043 27 1E            [ 1]   93 	jreq	00109$
      000045 A1 0C            [ 1]   94 	cp	a, #0x0c
      000047 27 1A            [ 1]   95 	jreq	00109$
      000049 A1 0D            [ 1]   96 	cp	a, #0x0d
      00004B 27 16            [ 1]   97 	jreq	00109$
      00004D A1 0E            [ 1]   98 	cp	a, #0x0e
      00004F 27 12            [ 1]   99 	jreq	00109$
      000051 A1 0F            [ 1]  100 	cp	a, #0x0f
      000053 27 0E            [ 1]  101 	jreq	00109$
      000055 88               [ 1]  102 	push	a
      000056 4B 4B            [ 1]  103 	push	#0x4b
      000058 5F               [ 1]  104 	clrw	x
      000059 89               [ 2]  105 	pushw	x
      00005A 4B 00            [ 1]  106 	push	#0x00
      00005C AEr00r00         [ 2]  107 	ldw	x, #(___str_0+0)
      00005F CDr00r00         [ 4]  108 	call	_assert_failed
      000062 84               [ 1]  109 	pop	a
      000063                        110 00109$:
                                    111 ;	../STM8S_StdPeriph_Driver/src/stm8s_tim3_PrescalerConfig.c: 78: TIM3->PSCR = (uint8_t)Prescaler;
      000063 C7 53 2A         [ 1]  112 	ld	0x532a, a
                                    113 ;	../STM8S_StdPeriph_Driver/src/stm8s_tim3_PrescalerConfig.c: 81: TIM3->EGR = (uint8_t)TIM3_PSCReloadMode;
      000066 7B 03            [ 1]  114 	ld	a, (0x03, sp)
      000068 C7 53 24         [ 1]  115 	ld	0x5324, a
                                    116 ;	../STM8S_StdPeriph_Driver/src/stm8s_tim3_PrescalerConfig.c: 82: }
      00006B 85               [ 2]  117 	popw	x
      00006C 84               [ 1]  118 	pop	a
      00006D FC               [ 2]  119 	jp	(x)
                                    120 	.area CODE
                                    121 	.area CONST
                                    122 	.area CONST
      000000                        123 ___str_0:
      000000 2E 2E 2F 53 54 4D 38   124 	.ascii "../STM8S_StdPeriph_Driver/src/stm8s_tim3_PrescalerConfig.c"
             53 5F 53 74 64 50 65
             72 69 70 68 5F 44 72
             69 76 65 72 2F 73 72
             63 2F 73 74 6D 38 73
             5F 74 69 6D 33 5F 50
             72 65 73 63 61 6C 65
             72 43 6F 6E 66 69 67
             2E 63
      00003A 00                     125 	.db 0x00
                                    126 	.area CODE
                                    127 	.area INITIALIZER
                                    128 	.area CABS (ABS)
