                                      1 ;--------------------------------------------------------
                                      2 ; File Created by SDCC : free open source ISO C Compiler 
                                      3 ; Version 4.4.0 #14620 (Linux)
                                      4 ;--------------------------------------------------------
                                      5 	.module stm8s_i2c_Send7bitAddress
                                      6 	.optsdcc -mstm8
                                      7 	
                                      8 ;--------------------------------------------------------
                                      9 ; Public variables in this module
                                     10 ;--------------------------------------------------------
                                     11 	.globl _assert_failed
                                     12 	.globl _I2C_Send7bitAddress
                                     13 ;--------------------------------------------------------
                                     14 ; ram data
                                     15 ;--------------------------------------------------------
                                     16 	.area DATA
                                     17 ;--------------------------------------------------------
                                     18 ; ram data
                                     19 ;--------------------------------------------------------
                                     20 	.area INITIALIZED
                                     21 ;--------------------------------------------------------
                                     22 ; absolute external ram data
                                     23 ;--------------------------------------------------------
                                     24 	.area DABS (ABS)
                                     25 
                                     26 ; default segment ordering for linker
                                     27 	.area HOME
                                     28 	.area GSINIT
                                     29 	.area GSFINAL
                                     30 	.area CONST
                                     31 	.area INITIALIZER
                                     32 	.area CODE
                                     33 
                                     34 ;--------------------------------------------------------
                                     35 ; global & static initialisations
                                     36 ;--------------------------------------------------------
                                     37 	.area HOME
                                     38 	.area GSINIT
                                     39 	.area GSFINAL
                                     40 	.area GSINIT
                                     41 ;--------------------------------------------------------
                                     42 ; Home
                                     43 ;--------------------------------------------------------
                                     44 	.area HOME
                                     45 	.area HOME
                                     46 ;--------------------------------------------------------
                                     47 ; code
                                     48 ;--------------------------------------------------------
                                     49 	.area CODE
                                     50 ;	../STM8S_StdPeriph_Driver/src/stm8s_i2c_Send7bitAddress.c: 49: void I2C_Send7bitAddress(uint8_t Address, I2C_Direction_TypeDef Direction)
                                     51 ;	-----------------------------------------
                                     52 ;	 function I2C_Send7bitAddress
                                     53 ;	-----------------------------------------
      000000                         54 _I2C_Send7bitAddress:
      000000 88               [ 1]   55 	push	a
                                     56 ;	../STM8S_StdPeriph_Driver/src/stm8s_i2c_Send7bitAddress.c: 52: assert_param(IS_I2C_ADDRESS_OK(Address));
      000001 A5 01            [ 1]   57 	bcp	a, #0x01
      000003 27 0E            [ 1]   58 	jreq	00104$
      000005 88               [ 1]   59 	push	a
      000006 4B 34            [ 1]   60 	push	#0x34
      000008 5F               [ 1]   61 	clrw	x
      000009 89               [ 2]   62 	pushw	x
      00000A 4B 00            [ 1]   63 	push	#0x00
      00000C AEr00r00         [ 2]   64 	ldw	x, #(___str_0+0)
      00000F CDr00r00         [ 4]   65 	call	_assert_failed
      000012 84               [ 1]   66 	pop	a
      000013                         67 00104$:
                                     68 ;	../STM8S_StdPeriph_Driver/src/stm8s_i2c_Send7bitAddress.c: 53: assert_param(IS_I2C_DIRECTION_OK(Direction));
      000013 0D 04            [ 1]   69 	tnz	(0x04, sp)
      000015 27 12            [ 1]   70 	jreq	00106$
      000017 0D 04            [ 1]   71 	tnz	(0x04, sp)
      000019 26 0E            [ 1]   72 	jrne	00106$
      00001B 88               [ 1]   73 	push	a
      00001C 4B 35            [ 1]   74 	push	#0x35
      00001E 5F               [ 1]   75 	clrw	x
      00001F 89               [ 2]   76 	pushw	x
      000020 4B 00            [ 1]   77 	push	#0x00
      000022 AEr00r00         [ 2]   78 	ldw	x, #(___str_0+0)
      000025 CDr00r00         [ 4]   79 	call	_assert_failed
      000028 84               [ 1]   80 	pop	a
      000029                         81 00106$:
                                     82 ;	../STM8S_StdPeriph_Driver/src/stm8s_i2c_Send7bitAddress.c: 56: Address &= (uint8_t)0xFE;
      000029 A4 FE            [ 1]   83 	and	a, #0xfe
      00002B 6B 01            [ 1]   84 	ld	(0x01, sp), a
                                     85 ;	../STM8S_StdPeriph_Driver/src/stm8s_i2c_Send7bitAddress.c: 59: I2C->DR = (uint8_t)(Address | (uint8_t)Direction);
      00002D 7B 04            [ 1]   86 	ld	a, (0x04, sp)
      00002F 1A 01            [ 1]   87 	or	a, (0x01, sp)
      000031 C7 52 16         [ 1]   88 	ld	0x5216, a
                                     89 ;	../STM8S_StdPeriph_Driver/src/stm8s_i2c_Send7bitAddress.c: 60: }
      000034 84               [ 1]   90 	pop	a
      000035 85               [ 2]   91 	popw	x
      000036 84               [ 1]   92 	pop	a
      000037 FC               [ 2]   93 	jp	(x)
                                     94 	.area CODE
                                     95 	.area CONST
                                     96 	.area CONST
      000000                         97 ___str_0:
      000000 2E 2E 2F 53 54 4D 38    98 	.ascii "../STM8S_StdPeriph_Driver/src/stm8s_i2c_Send7bitAddress.c"
             53 5F 53 74 64 50 65
             72 69 70 68 5F 44 72
             69 76 65 72 2F 73 72
             63 2F 73 74 6D 38 73
             5F 69 32 63 5F 53 65
             6E 64 37 62 69 74 41
             64 64 72 65 73 73 2E
             63
      000039 00                      99 	.db 0x00
                                    100 	.area CODE
                                    101 	.area INITIALIZER
                                    102 	.area CABS (ABS)
