                                      1 ;--------------------------------------------------------
                                      2 ; File Created by SDCC : free open source ISO C Compiler 
                                      3 ; Version 4.4.0 #14620 (Linux)
                                      4 ;--------------------------------------------------------
                                      5 	.module stm8s_tim2_DeInit
                                      6 	.optsdcc -mstm8
                                      7 	
                                      8 ;--------------------------------------------------------
                                      9 ; Public variables in this module
                                     10 ;--------------------------------------------------------
                                     11 	.globl _TIM2_DeInit
                                     12 ;--------------------------------------------------------
                                     13 ; ram data
                                     14 ;--------------------------------------------------------
                                     15 	.area DATA
                                     16 ;--------------------------------------------------------
                                     17 ; ram data
                                     18 ;--------------------------------------------------------
                                     19 	.area INITIALIZED
                                     20 ;--------------------------------------------------------
                                     21 ; absolute external ram data
                                     22 ;--------------------------------------------------------
                                     23 	.area DABS (ABS)
                                     24 
                                     25 ; default segment ordering for linker
                                     26 	.area HOME
                                     27 	.area GSINIT
                                     28 	.area GSFINAL
                                     29 	.area CONST
                                     30 	.area INITIALIZER
                                     31 	.area CODE
                                     32 
                                     33 ;--------------------------------------------------------
                                     34 ; global & static initialisations
                                     35 ;--------------------------------------------------------
                                     36 	.area HOME
                                     37 	.area GSINIT
                                     38 	.area GSFINAL
                                     39 	.area GSINIT
                                     40 ;--------------------------------------------------------
                                     41 ; Home
                                     42 ;--------------------------------------------------------
                                     43 	.area HOME
                                     44 	.area HOME
                                     45 ;--------------------------------------------------------
                                     46 ; code
                                     47 ;--------------------------------------------------------
                                     48 	.area CODE
                                     49 ;	../STM8S_StdPeriph_Driver/src/stm8s_tim2_DeInit.c: 47: void TIM2_DeInit(void)
                                     50 ;	-----------------------------------------
                                     51 ;	 function TIM2_DeInit
                                     52 ;	-----------------------------------------
      000000                         53 _TIM2_DeInit:
                                     54 ;	../STM8S_StdPeriph_Driver/src/stm8s_tim2_DeInit.c: 49: TIM2->CR1 = (uint8_t)TIM2_CR1_RESET_VALUE;
      000000 35 00 53 00      [ 1]   55 	mov	0x5300+0, #0x00
                                     56 ;	../STM8S_StdPeriph_Driver/src/stm8s_tim2_DeInit.c: 50: TIM2->IER = (uint8_t)TIM2_IER_RESET_VALUE;
      000004 35 00 53 01      [ 1]   57 	mov	0x5301+0, #0x00
                                     58 ;	../STM8S_StdPeriph_Driver/src/stm8s_tim2_DeInit.c: 51: TIM2->SR2 = (uint8_t)TIM2_SR2_RESET_VALUE;
      000008 35 00 53 03      [ 1]   59 	mov	0x5303+0, #0x00
                                     60 ;	../STM8S_StdPeriph_Driver/src/stm8s_tim2_DeInit.c: 54: TIM2->CCER1 = (uint8_t)TIM2_CCER1_RESET_VALUE;
      00000C 35 00 53 08      [ 1]   61 	mov	0x5308+0, #0x00
                                     62 ;	../STM8S_StdPeriph_Driver/src/stm8s_tim2_DeInit.c: 55: TIM2->CCER2 = (uint8_t)TIM2_CCER2_RESET_VALUE;
      000010 35 00 53 09      [ 1]   63 	mov	0x5309+0, #0x00
                                     64 ;	../STM8S_StdPeriph_Driver/src/stm8s_tim2_DeInit.c: 59: TIM2->CCER1 = (uint8_t)TIM2_CCER1_RESET_VALUE;
      000014 35 00 53 08      [ 1]   65 	mov	0x5308+0, #0x00
                                     66 ;	../STM8S_StdPeriph_Driver/src/stm8s_tim2_DeInit.c: 60: TIM2->CCER2 = (uint8_t)TIM2_CCER2_RESET_VALUE;
      000018 35 00 53 09      [ 1]   67 	mov	0x5309+0, #0x00
                                     68 ;	../STM8S_StdPeriph_Driver/src/stm8s_tim2_DeInit.c: 61: TIM2->CCMR1 = (uint8_t)TIM2_CCMR1_RESET_VALUE;
      00001C 35 00 53 05      [ 1]   69 	mov	0x5305+0, #0x00
                                     70 ;	../STM8S_StdPeriph_Driver/src/stm8s_tim2_DeInit.c: 62: TIM2->CCMR2 = (uint8_t)TIM2_CCMR2_RESET_VALUE;
      000020 35 00 53 06      [ 1]   71 	mov	0x5306+0, #0x00
                                     72 ;	../STM8S_StdPeriph_Driver/src/stm8s_tim2_DeInit.c: 63: TIM2->CCMR3 = (uint8_t)TIM2_CCMR3_RESET_VALUE;
      000024 35 00 53 07      [ 1]   73 	mov	0x5307+0, #0x00
                                     74 ;	../STM8S_StdPeriph_Driver/src/stm8s_tim2_DeInit.c: 64: TIM2->CNTRH = (uint8_t)TIM2_CNTRH_RESET_VALUE;
      000028 35 00 53 0A      [ 1]   75 	mov	0x530a+0, #0x00
                                     76 ;	../STM8S_StdPeriph_Driver/src/stm8s_tim2_DeInit.c: 65: TIM2->CNTRL = (uint8_t)TIM2_CNTRL_RESET_VALUE;
      00002C 35 00 53 0B      [ 1]   77 	mov	0x530b+0, #0x00
                                     78 ;	../STM8S_StdPeriph_Driver/src/stm8s_tim2_DeInit.c: 66: TIM2->PSCR = (uint8_t)TIM2_PSCR_RESET_VALUE;
      000030 35 00 53 0C      [ 1]   79 	mov	0x530c+0, #0x00
                                     80 ;	../STM8S_StdPeriph_Driver/src/stm8s_tim2_DeInit.c: 67: TIM2->ARRH  = (uint8_t)TIM2_ARRH_RESET_VALUE;
      000034 35 FF 53 0D      [ 1]   81 	mov	0x530d+0, #0xff
                                     82 ;	../STM8S_StdPeriph_Driver/src/stm8s_tim2_DeInit.c: 68: TIM2->ARRL  = (uint8_t)TIM2_ARRL_RESET_VALUE;
      000038 35 FF 53 0E      [ 1]   83 	mov	0x530e+0, #0xff
                                     84 ;	../STM8S_StdPeriph_Driver/src/stm8s_tim2_DeInit.c: 69: TIM2->CCR1H = (uint8_t)TIM2_CCR1H_RESET_VALUE;
      00003C 35 00 53 0F      [ 1]   85 	mov	0x530f+0, #0x00
                                     86 ;	../STM8S_StdPeriph_Driver/src/stm8s_tim2_DeInit.c: 70: TIM2->CCR1L = (uint8_t)TIM2_CCR1L_RESET_VALUE;
      000040 35 00 53 10      [ 1]   87 	mov	0x5310+0, #0x00
                                     88 ;	../STM8S_StdPeriph_Driver/src/stm8s_tim2_DeInit.c: 71: TIM2->CCR2H = (uint8_t)TIM2_CCR2H_RESET_VALUE;
      000044 35 00 53 11      [ 1]   89 	mov	0x5311+0, #0x00
                                     90 ;	../STM8S_StdPeriph_Driver/src/stm8s_tim2_DeInit.c: 72: TIM2->CCR2L = (uint8_t)TIM2_CCR2L_RESET_VALUE;
      000048 35 00 53 12      [ 1]   91 	mov	0x5312+0, #0x00
                                     92 ;	../STM8S_StdPeriph_Driver/src/stm8s_tim2_DeInit.c: 73: TIM2->CCR3H = (uint8_t)TIM2_CCR3H_RESET_VALUE;
      00004C 35 00 53 13      [ 1]   93 	mov	0x5313+0, #0x00
                                     94 ;	../STM8S_StdPeriph_Driver/src/stm8s_tim2_DeInit.c: 74: TIM2->CCR3L = (uint8_t)TIM2_CCR3L_RESET_VALUE;
      000050 35 00 53 14      [ 1]   95 	mov	0x5314+0, #0x00
                                     96 ;	../STM8S_StdPeriph_Driver/src/stm8s_tim2_DeInit.c: 75: TIM2->SR1 = (uint8_t)TIM2_SR1_RESET_VALUE;
      000054 35 00 53 02      [ 1]   97 	mov	0x5302+0, #0x00
                                     98 ;	../STM8S_StdPeriph_Driver/src/stm8s_tim2_DeInit.c: 76: }
      000058 81               [ 4]   99 	ret
                                    100 	.area CODE
                                    101 	.area CONST
                                    102 	.area INITIALIZER
                                    103 	.area CABS (ABS)
