                                      1 ;--------------------------------------------------------
                                      2 ; File Created by SDCC : free open source ISO C Compiler 
                                      3 ; Version 4.4.0 #14620 (Linux)
                                      4 ;--------------------------------------------------------
                                      5 	.module stm8s_uart2_DeInit
                                      6 	.optsdcc -mstm8
                                      7 	
                                      8 ;--------------------------------------------------------
                                      9 ; Public variables in this module
                                     10 ;--------------------------------------------------------
                                     11 	.globl _UART2_DeInit
                                     12 ;--------------------------------------------------------
                                     13 ; ram data
                                     14 ;--------------------------------------------------------
                                     15 	.area DATA
                                     16 ;--------------------------------------------------------
                                     17 ; ram data
                                     18 ;--------------------------------------------------------
                                     19 	.area INITIALIZED
                                     20 ;--------------------------------------------------------
                                     21 ; absolute external ram data
                                     22 ;--------------------------------------------------------
                                     23 	.area DABS (ABS)
                                     24 
                                     25 ; default segment ordering for linker
                                     26 	.area HOME
                                     27 	.area GSINIT
                                     28 	.area GSFINAL
                                     29 	.area CONST
                                     30 	.area INITIALIZER
                                     31 	.area CODE
                                     32 
                                     33 ;--------------------------------------------------------
                                     34 ; global & static initialisations
                                     35 ;--------------------------------------------------------
                                     36 	.area HOME
                                     37 	.area GSINIT
                                     38 	.area GSFINAL
                                     39 	.area GSINIT
                                     40 ;--------------------------------------------------------
                                     41 ; Home
                                     42 ;--------------------------------------------------------
                                     43 	.area HOME
                                     44 	.area HOME
                                     45 ;--------------------------------------------------------
                                     46 ; code
                                     47 ;--------------------------------------------------------
                                     48 	.area CODE
                                     49 ;	../STM8S_StdPeriph_Driver/src/stm8s_uart2_DeInit.c: 47: void UART2_DeInit(void)
                                     50 ;	-----------------------------------------
                                     51 ;	 function UART2_DeInit
                                     52 ;	-----------------------------------------
      000000                         53 _UART2_DeInit:
                                     54 ;	../STM8S_StdPeriph_Driver/src/stm8s_uart2_DeInit.c: 51: (void) UART2->SR;
      000000 C6 52 40         [ 1]   55 	ld	a, 0x5240
                                     56 ;	../STM8S_StdPeriph_Driver/src/stm8s_uart2_DeInit.c: 52: (void)UART2->DR;
      000003 C6 52 41         [ 1]   57 	ld	a, 0x5241
                                     58 ;	../STM8S_StdPeriph_Driver/src/stm8s_uart2_DeInit.c: 54: UART2->BRR2 = UART2_BRR2_RESET_VALUE;  /*  Set UART2_BRR2 to reset value 0x00 */
      000006 35 00 52 43      [ 1]   59 	mov	0x5243+0, #0x00
                                     60 ;	../STM8S_StdPeriph_Driver/src/stm8s_uart2_DeInit.c: 55: UART2->BRR1 = UART2_BRR1_RESET_VALUE;  /*  Set UART2_BRR1 to reset value 0x00 */
      00000A 35 00 52 42      [ 1]   61 	mov	0x5242+0, #0x00
                                     62 ;	../STM8S_StdPeriph_Driver/src/stm8s_uart2_DeInit.c: 57: UART2->CR1 = UART2_CR1_RESET_VALUE; /*  Set UART2_CR1 to reset value 0x00  */
      00000E 35 00 52 44      [ 1]   63 	mov	0x5244+0, #0x00
                                     64 ;	../STM8S_StdPeriph_Driver/src/stm8s_uart2_DeInit.c: 58: UART2->CR2 = UART2_CR2_RESET_VALUE; /*  Set UART2_CR2 to reset value 0x00  */
      000012 35 00 52 45      [ 1]   65 	mov	0x5245+0, #0x00
                                     66 ;	../STM8S_StdPeriph_Driver/src/stm8s_uart2_DeInit.c: 59: UART2->CR3 = UART2_CR3_RESET_VALUE; /*  Set UART2_CR3 to reset value 0x00  */
      000016 35 00 52 46      [ 1]   67 	mov	0x5246+0, #0x00
                                     68 ;	../STM8S_StdPeriph_Driver/src/stm8s_uart2_DeInit.c: 60: UART2->CR4 = UART2_CR4_RESET_VALUE; /*  Set UART2_CR4 to reset value 0x00  */
      00001A 35 00 52 47      [ 1]   69 	mov	0x5247+0, #0x00
                                     70 ;	../STM8S_StdPeriph_Driver/src/stm8s_uart2_DeInit.c: 61: UART2->CR5 = UART2_CR5_RESET_VALUE; /*  Set UART2_CR5 to reset value 0x00  */
      00001E 35 00 52 48      [ 1]   71 	mov	0x5248+0, #0x00
                                     72 ;	../STM8S_StdPeriph_Driver/src/stm8s_uart2_DeInit.c: 62: UART2->CR6 = UART2_CR6_RESET_VALUE; /*  Set UART2_CR6 to reset value 0x00  */
      000022 35 00 52 49      [ 1]   73 	mov	0x5249+0, #0x00
                                     74 ;	../STM8S_StdPeriph_Driver/src/stm8s_uart2_DeInit.c: 63: }
      000026 81               [ 4]   75 	ret
                                     76 	.area CODE
                                     77 	.area CONST
                                     78 	.area INITIALIZER
                                     79 	.area CABS (ABS)
