                                      1 ;--------------------------------------------------------
                                      2 ; File Created by SDCC : free open source ISO C Compiler 
                                      3 ; Version 4.4.0 #14620 (Linux)
                                      4 ;--------------------------------------------------------
                                      5 	.module stm8s_tim3_ClearITPendingBit
                                      6 	.optsdcc -mstm8
                                      7 	
                                      8 ;--------------------------------------------------------
                                      9 ; Public variables in this module
                                     10 ;--------------------------------------------------------
                                     11 	.globl _assert_failed
                                     12 	.globl _TIM3_ClearITPendingBit
                                     13 ;--------------------------------------------------------
                                     14 ; ram data
                                     15 ;--------------------------------------------------------
                                     16 	.area DATA
                                     17 ;--------------------------------------------------------
                                     18 ; ram data
                                     19 ;--------------------------------------------------------
                                     20 	.area INITIALIZED
                                     21 ;--------------------------------------------------------
                                     22 ; absolute external ram data
                                     23 ;--------------------------------------------------------
                                     24 	.area DABS (ABS)
                                     25 
                                     26 ; default segment ordering for linker
                                     27 	.area HOME
                                     28 	.area GSINIT
                                     29 	.area GSFINAL
                                     30 	.area CONST
                                     31 	.area INITIALIZER
                                     32 	.area CODE
                                     33 
                                     34 ;--------------------------------------------------------
                                     35 ; global & static initialisations
                                     36 ;--------------------------------------------------------
                                     37 	.area HOME
                                     38 	.area GSINIT
                                     39 	.area GSFINAL
                                     40 	.area GSINIT
                                     41 ;--------------------------------------------------------
                                     42 ; Home
                                     43 ;--------------------------------------------------------
                                     44 	.area HOME
                                     45 	.area HOME
                                     46 ;--------------------------------------------------------
                                     47 ; code
                                     48 ;--------------------------------------------------------
                                     49 	.area CODE
                                     50 ;	../STM8S_StdPeriph_Driver/src/stm8s_tim3_ClearITPendingBit.c: 51: void TIM3_ClearITPendingBit(TIM3_IT_TypeDef TIM3_IT)
                                     51 ;	-----------------------------------------
                                     52 ;	 function TIM3_ClearITPendingBit
                                     53 ;	-----------------------------------------
      000000                         54 _TIM3_ClearITPendingBit:
                                     55 ;	../STM8S_StdPeriph_Driver/src/stm8s_tim3_ClearITPendingBit.c: 54: assert_param(IS_TIM3_IT_OK(TIM3_IT));
      000000 4D               [ 1]   56 	tnz	a
      000001 27 04            [ 1]   57 	jreq	00103$
      000003 A1 07            [ 1]   58 	cp	a, #0x07
      000005 23 0E            [ 2]   59 	jrule	00104$
      000007                         60 00103$:
      000007 88               [ 1]   61 	push	a
      000008 4B 36            [ 1]   62 	push	#0x36
      00000A 5F               [ 1]   63 	clrw	x
      00000B 89               [ 2]   64 	pushw	x
      00000C 4B 00            [ 1]   65 	push	#0x00
      00000E AEr00r00         [ 2]   66 	ldw	x, #(___str_0+0)
      000011 CDr00r00         [ 4]   67 	call	_assert_failed
      000014 84               [ 1]   68 	pop	a
      000015                         69 00104$:
                                     70 ;	../STM8S_StdPeriph_Driver/src/stm8s_tim3_ClearITPendingBit.c: 57: TIM3->SR1 = (uint8_t)(~TIM3_IT);
      000015 43               [ 1]   71 	cpl	a
      000016 C7 53 22         [ 1]   72 	ld	0x5322, a
                                     73 ;	../STM8S_StdPeriph_Driver/src/stm8s_tim3_ClearITPendingBit.c: 58: }
      000019 81               [ 4]   74 	ret
                                     75 	.area CODE
                                     76 	.area CONST
                                     77 	.area CONST
      000000                         78 ___str_0:
      000000 2E 2E 2F 53 54 4D 38    79 	.ascii "../STM8S_StdPeriph_Driver/src/stm8s_tim3_ClearITPendingBit.c"
             53 5F 53 74 64 50 65
             72 69 70 68 5F 44 72
             69 76 65 72 2F 73 72
             63 2F 73 74 6D 38 73
             5F 74 69 6D 33 5F 43
             6C 65 61 72 49 54 50
             65 6E 64 69 6E 67 42
             69 74 2E 63
      00003C 00                      80 	.db 0x00
                                     81 	.area CODE
                                     82 	.area INITIALIZER
                                     83 	.area CABS (ABS)
