                                      1 ;--------------------------------------------------------
                                      2 ; File Created by SDCC : free open source ISO C Compiler 
                                      3 ; Version 4.4.0 #14620 (Linux)
                                      4 ;--------------------------------------------------------
                                      5 	.module stm8s_i2c_GetFlagStatus
                                      6 	.optsdcc -mstm8
                                      7 	
                                      8 ;--------------------------------------------------------
                                      9 ; Public variables in this module
                                     10 ;--------------------------------------------------------
                                     11 	.globl _assert_failed
                                     12 	.globl _I2C_GetFlagStatus
                                     13 ;--------------------------------------------------------
                                     14 ; ram data
                                     15 ;--------------------------------------------------------
                                     16 	.area DATA
                                     17 ;--------------------------------------------------------
                                     18 ; ram data
                                     19 ;--------------------------------------------------------
                                     20 	.area INITIALIZED
                                     21 ;--------------------------------------------------------
                                     22 ; absolute external ram data
                                     23 ;--------------------------------------------------------
                                     24 	.area DABS (ABS)
                                     25 
                                     26 ; default segment ordering for linker
                                     27 	.area HOME
                                     28 	.area GSINIT
                                     29 	.area GSFINAL
                                     30 	.area CONST
                                     31 	.area INITIALIZER
                                     32 	.area CODE
                                     33 
                                     34 ;--------------------------------------------------------
                                     35 ; global & static initialisations
                                     36 ;--------------------------------------------------------
                                     37 	.area HOME
                                     38 	.area GSINIT
                                     39 	.area GSFINAL
                                     40 	.area GSINIT
                                     41 ;--------------------------------------------------------
                                     42 ; Home
                                     43 ;--------------------------------------------------------
                                     44 	.area HOME
                                     45 	.area HOME
                                     46 ;--------------------------------------------------------
                                     47 ; code
                                     48 ;--------------------------------------------------------
                                     49 	.area CODE
                                     50 ;	../STM8S_StdPeriph_Driver/src/stm8s_i2c_GetFlagStatus.c: 65: FlagStatus I2C_GetFlagStatus(I2C_Flag_TypeDef I2C_Flag)
                                     51 ;	-----------------------------------------
                                     52 ;	 function I2C_GetFlagStatus
                                     53 ;	-----------------------------------------
      000000                         54 _I2C_GetFlagStatus:
      000000 52 03            [ 2]   55 	sub	sp, #3
      000002 1F 02            [ 2]   56 	ldw	(0x02, sp), x
                                     57 ;	../STM8S_StdPeriph_Driver/src/stm8s_i2c_GetFlagStatus.c: 67: uint8_t tempreg = 0;
      000004 0F 01            [ 1]   58 	clr	(0x01, sp)
                                     59 ;	../STM8S_StdPeriph_Driver/src/stm8s_i2c_GetFlagStatus.c: 72: assert_param(IS_I2C_FLAG_OK(I2C_Flag));
      000006 1E 02            [ 2]   60 	ldw	x, (0x02, sp)
      000008 A3 01 80         [ 2]   61 	cpw	x, #0x0180
      00000B 27 5B            [ 1]   62 	jreq	00112$
      00000D A3 01 40         [ 2]   63 	cpw	x, #0x0140
      000010 27 56            [ 1]   64 	jreq	00112$
      000012 A3 01 10         [ 2]   65 	cpw	x, #0x0110
      000015 27 51            [ 1]   66 	jreq	00112$
      000017 A3 01 08         [ 2]   67 	cpw	x, #0x0108
      00001A 27 4C            [ 1]   68 	jreq	00112$
      00001C A3 01 04         [ 2]   69 	cpw	x, #0x0104
      00001F 27 47            [ 1]   70 	jreq	00112$
      000021 A3 01 02         [ 2]   71 	cpw	x, #0x0102
      000024 27 42            [ 1]   72 	jreq	00112$
      000026 A3 01 01         [ 2]   73 	cpw	x, #0x0101
      000029 27 3D            [ 1]   74 	jreq	00112$
      00002B A3 02 20         [ 2]   75 	cpw	x, #0x0220
      00002E 27 38            [ 1]   76 	jreq	00112$
      000030 A3 02 08         [ 2]   77 	cpw	x, #0x0208
      000033 27 33            [ 1]   78 	jreq	00112$
      000035 A3 02 04         [ 2]   79 	cpw	x, #0x0204
      000038 27 2E            [ 1]   80 	jreq	00112$
      00003A A3 02 02         [ 2]   81 	cpw	x, #0x0202
      00003D 27 29            [ 1]   82 	jreq	00112$
      00003F A3 02 01         [ 2]   83 	cpw	x, #0x0201
      000042 27 24            [ 1]   84 	jreq	00112$
      000044 A3 03 10         [ 2]   85 	cpw	x, #0x0310
      000047 27 1F            [ 1]   86 	jreq	00112$
      000049 A3 03 04         [ 2]   87 	cpw	x, #0x0304
      00004C 27 1A            [ 1]   88 	jreq	00112$
      00004E A3 03 02         [ 2]   89 	cpw	x, #0x0302
      000051 27 15            [ 1]   90 	jreq	00112$
      000053 A3 03 01         [ 2]   91 	cpw	x, #0x0301
      000056 27 10            [ 1]   92 	jreq	00112$
      000058 89               [ 2]   93 	pushw	x
      000059 4B 48            [ 1]   94 	push	#0x48
      00005B 4B 00            [ 1]   95 	push	#0x00
      00005D 4B 00            [ 1]   96 	push	#0x00
      00005F 4B 00            [ 1]   97 	push	#0x00
      000061 AEr00r00         [ 2]   98 	ldw	x, #(___str_0+0)
      000064 CDr00r00         [ 4]   99 	call	_assert_failed
      000067 85               [ 2]  100 	popw	x
      000068                        101 00112$:
                                    102 ;	../STM8S_StdPeriph_Driver/src/stm8s_i2c_GetFlagStatus.c: 75: regindex = (uint8_t)((uint16_t)I2C_Flag >> 8);
      000068 9E               [ 1]  103 	ld	a, xh
                                    104 ;	../STM8S_StdPeriph_Driver/src/stm8s_i2c_GetFlagStatus.c: 77: switch (regindex)
      000069 A1 01            [ 1]  105 	cp	a, #0x01
      00006B 27 0A            [ 1]  106 	jreq	00101$
      00006D A1 02            [ 1]  107 	cp	a, #0x02
      00006F 27 0D            [ 1]  108 	jreq	00102$
      000071 A1 03            [ 1]  109 	cp	a, #0x03
      000073 27 10            [ 1]  110 	jreq	00103$
      000075 20 13            [ 2]  111 	jra	00105$
                                    112 ;	../STM8S_StdPeriph_Driver/src/stm8s_i2c_GetFlagStatus.c: 80: case 0x01:
      000077                        113 00101$:
                                    114 ;	../STM8S_StdPeriph_Driver/src/stm8s_i2c_GetFlagStatus.c: 81: tempreg = (uint8_t)I2C->SR1;
      000077 C6 52 17         [ 1]  115 	ld	a, 0x5217
      00007A 6B 01            [ 1]  116 	ld	(0x01, sp), a
                                    117 ;	../STM8S_StdPeriph_Driver/src/stm8s_i2c_GetFlagStatus.c: 82: break;
      00007C 20 0C            [ 2]  118 	jra	00105$
                                    119 ;	../STM8S_StdPeriph_Driver/src/stm8s_i2c_GetFlagStatus.c: 85: case 0x02:
      00007E                        120 00102$:
                                    121 ;	../STM8S_StdPeriph_Driver/src/stm8s_i2c_GetFlagStatus.c: 86: tempreg = (uint8_t)I2C->SR2;
      00007E C6 52 18         [ 1]  122 	ld	a, 0x5218
      000081 6B 01            [ 1]  123 	ld	(0x01, sp), a
                                    124 ;	../STM8S_StdPeriph_Driver/src/stm8s_i2c_GetFlagStatus.c: 87: break;
      000083 20 05            [ 2]  125 	jra	00105$
                                    126 ;	../STM8S_StdPeriph_Driver/src/stm8s_i2c_GetFlagStatus.c: 90: case 0x03:
      000085                        127 00103$:
                                    128 ;	../STM8S_StdPeriph_Driver/src/stm8s_i2c_GetFlagStatus.c: 91: tempreg = (uint8_t)I2C->SR3;
      000085 C6 52 19         [ 1]  129 	ld	a, 0x5219
      000088 6B 01            [ 1]  130 	ld	(0x01, sp), a
                                    131 ;	../STM8S_StdPeriph_Driver/src/stm8s_i2c_GetFlagStatus.c: 96: }
      00008A                        132 00105$:
                                    133 ;	../STM8S_StdPeriph_Driver/src/stm8s_i2c_GetFlagStatus.c: 99: if ((tempreg & (uint8_t)I2C_Flag ) != 0)
      00008A 7B 03            [ 1]  134 	ld	a, (0x03, sp)
      00008C 14 01            [ 1]  135 	and	a, (0x01, sp)
      00008E 27 03            [ 1]  136 	jreq	00107$
                                    137 ;	../STM8S_StdPeriph_Driver/src/stm8s_i2c_GetFlagStatus.c: 102: bitstatus = SET;
      000090 A6 01            [ 1]  138 	ld	a, #0x01
                                    139 ;	../STM8S_StdPeriph_Driver/src/stm8s_i2c_GetFlagStatus.c: 107: bitstatus = RESET;
      000092 21                     140 	.byte 0x21
      000093                        141 00107$:
      000093 4F               [ 1]  142 	clr	a
      000094                        143 00108$:
                                    144 ;	../STM8S_StdPeriph_Driver/src/stm8s_i2c_GetFlagStatus.c: 110: return bitstatus;
                                    145 ;	../STM8S_StdPeriph_Driver/src/stm8s_i2c_GetFlagStatus.c: 111: }
      000094 5B 03            [ 2]  146 	addw	sp, #3
      000096 81               [ 4]  147 	ret
                                    148 	.area CODE
                                    149 	.area CONST
                                    150 	.area CONST
      000000                        151 ___str_0:
      000000 2E 2E 2F 53 54 4D 38   152 	.ascii "../STM8S_StdPeriph_Driver/src/stm8s_i2c_GetFlagStatus.c"
             53 5F 53 74 64 50 65
             72 69 70 68 5F 44 72
             69 76 65 72 2F 73 72
             63 2F 73 74 6D 38 73
             5F 69 32 63 5F 47 65
             74 46 6C 61 67 53 74
             61 74 75 73 2E 63
      000037 00                     153 	.db 0x00
                                    154 	.area CODE
                                    155 	.area INITIALIZER
                                    156 	.area CABS (ABS)
