                                      1 ;--------------------------------------------------------
                                      2 ; File Created by SDCC : free open source ISO C Compiler 
                                      3 ; Version 4.4.0 #14620 (Linux)
                                      4 ;--------------------------------------------------------
                                      5 	.module stm8s_gpio_ReadInputPin
                                      6 	.optsdcc -mstm8
                                      7 	
                                      8 ;--------------------------------------------------------
                                      9 ; Public variables in this module
                                     10 ;--------------------------------------------------------
                                     11 	.globl _GPIO_ReadInputPin
                                     12 ;--------------------------------------------------------
                                     13 ; ram data
                                     14 ;--------------------------------------------------------
                                     15 	.area DATA
                                     16 ;--------------------------------------------------------
                                     17 ; ram data
                                     18 ;--------------------------------------------------------
                                     19 	.area INITIALIZED
                                     20 ;--------------------------------------------------------
                                     21 ; absolute external ram data
                                     22 ;--------------------------------------------------------
                                     23 	.area DABS (ABS)
                                     24 
                                     25 ; default segment ordering for linker
                                     26 	.area HOME
                                     27 	.area GSINIT
                                     28 	.area GSFINAL
                                     29 	.area CONST
                                     30 	.area INITIALIZER
                                     31 	.area CODE
                                     32 
                                     33 ;--------------------------------------------------------
                                     34 ; global & static initialisations
                                     35 ;--------------------------------------------------------
                                     36 	.area HOME
                                     37 	.area GSINIT
                                     38 	.area GSFINAL
                                     39 	.area GSINIT
                                     40 ;--------------------------------------------------------
                                     41 ; Home
                                     42 ;--------------------------------------------------------
                                     43 	.area HOME
                                     44 	.area HOME
                                     45 ;--------------------------------------------------------
                                     46 ; code
                                     47 ;--------------------------------------------------------
                                     48 	.area CODE
                                     49 ;	../STM8S_StdPeriph_Driver/src/stm8s_gpio_ReadInputPin.c: 47: BitStatus GPIO_ReadInputPin(GPIO_TypeDef* GPIOx, GPIO_Pin_TypeDef GPIO_Pin)
                                     50 ;	-----------------------------------------
                                     51 ;	 function GPIO_ReadInputPin
                                     52 ;	-----------------------------------------
      000000                         53 _GPIO_ReadInputPin:
      000000 88               [ 1]   54 	push	a
      000001 6B 01            [ 1]   55 	ld	(0x01, sp), a
                                     56 ;	../STM8S_StdPeriph_Driver/src/stm8s_gpio_ReadInputPin.c: 49: return ((BitStatus)(GPIOx->IDR & (uint8_t)GPIO_Pin));
      000003 E6 01            [ 1]   57 	ld	a, (0x1, x)
      000005 14 01            [ 1]   58 	and	a, (0x01, sp)
      000007 40               [ 1]   59 	neg	a
      000008 4F               [ 1]   60 	clr	a
      000009 49               [ 1]   61 	rlc	a
                                     62 ;	../STM8S_StdPeriph_Driver/src/stm8s_gpio_ReadInputPin.c: 50: }
      00000A 5B 01            [ 2]   63 	addw	sp, #1
      00000C 81               [ 4]   64 	ret
                                     65 	.area CODE
                                     66 	.area CONST
                                     67 	.area INITIALIZER
                                     68 	.area CABS (ABS)
