                                      1 ;--------------------------------------------------------
                                      2 ; File Created by SDCC : free open source ISO C Compiler 
                                      3 ; Version 4.4.0 #14620 (Linux)
                                      4 ;--------------------------------------------------------
                                      5 	.module stm8s_rst_GetFlagStatus
                                      6 	.optsdcc -mstm8
                                      7 	
                                      8 ;--------------------------------------------------------
                                      9 ; Public variables in this module
                                     10 ;--------------------------------------------------------
                                     11 	.globl _assert_failed
                                     12 	.globl _RST_GetFlagStatus
                                     13 ;--------------------------------------------------------
                                     14 ; ram data
                                     15 ;--------------------------------------------------------
                                     16 	.area DATA
                                     17 ;--------------------------------------------------------
                                     18 ; ram data
                                     19 ;--------------------------------------------------------
                                     20 	.area INITIALIZED
                                     21 ;--------------------------------------------------------
                                     22 ; absolute external ram data
                                     23 ;--------------------------------------------------------
                                     24 	.area DABS (ABS)
                                     25 
                                     26 ; default segment ordering for linker
                                     27 	.area HOME
                                     28 	.area GSINIT
                                     29 	.area GSFINAL
                                     30 	.area CONST
                                     31 	.area INITIALIZER
                                     32 	.area CODE
                                     33 
                                     34 ;--------------------------------------------------------
                                     35 ; global & static initialisations
                                     36 ;--------------------------------------------------------
                                     37 	.area HOME
                                     38 	.area GSINIT
                                     39 	.area GSFINAL
                                     40 	.area GSINIT
                                     41 ;--------------------------------------------------------
                                     42 ; Home
                                     43 ;--------------------------------------------------------
                                     44 	.area HOME
                                     45 	.area HOME
                                     46 ;--------------------------------------------------------
                                     47 ; code
                                     48 ;--------------------------------------------------------
                                     49 	.area CODE
                                     50 ;	../STM8S_StdPeriph_Driver/src/stm8s_rst_GetFlagStatus.c: 47: FlagStatus RST_GetFlagStatus(RST_Flag_TypeDef RST_Flag)
                                     51 ;	-----------------------------------------
                                     52 ;	 function RST_GetFlagStatus
                                     53 ;	-----------------------------------------
      000000                         54 _RST_GetFlagStatus:
      000000 88               [ 1]   55 	push	a
                                     56 ;	../STM8S_StdPeriph_Driver/src/stm8s_rst_GetFlagStatus.c: 50: assert_param(IS_RST_FLAG_OK(RST_Flag));
      000001 A1 10            [ 1]   57 	cp	a, #0x10
      000003 27 1E            [ 1]   58 	jreq	00104$
      000005 A1 08            [ 1]   59 	cp	a, #0x08
      000007 27 1A            [ 1]   60 	jreq	00104$
      000009 A1 04            [ 1]   61 	cp	a, #0x04
      00000B 27 16            [ 1]   62 	jreq	00104$
      00000D A1 02            [ 1]   63 	cp	a, #0x02
      00000F 27 12            [ 1]   64 	jreq	00104$
      000011 A1 01            [ 1]   65 	cp	a, #0x01
      000013 27 0E            [ 1]   66 	jreq	00104$
      000015 88               [ 1]   67 	push	a
      000016 4B 32            [ 1]   68 	push	#0x32
      000018 5F               [ 1]   69 	clrw	x
      000019 89               [ 2]   70 	pushw	x
      00001A 4B 00            [ 1]   71 	push	#0x00
      00001C AEr00r00         [ 2]   72 	ldw	x, #(___str_0+0)
      00001F CDr00r00         [ 4]   73 	call	_assert_failed
      000022 84               [ 1]   74 	pop	a
      000023                         75 00104$:
                                     76 ;	../STM8S_StdPeriph_Driver/src/stm8s_rst_GetFlagStatus.c: 53: return((FlagStatus)(((uint8_t)(RST->SR & RST_Flag) == (uint8_t)0x00) ? RESET : SET));
      000023 AE 50 B3         [ 2]   77 	ldw	x, #0x50b3
      000026 88               [ 1]   78 	push	a
      000027 F6               [ 1]   79 	ld	a, (x)
      000028 6B 02            [ 1]   80 	ld	(0x02, sp), a
      00002A 84               [ 1]   81 	pop	a
      00002B 14 01            [ 1]   82 	and	a, (0x01, sp)
      00002D A0 01            [ 1]   83 	sub	a, #0x01
      00002F 4F               [ 1]   84 	clr	a
      000030 8C               [ 1]   85 	ccf
      000031 49               [ 1]   86 	rlc	a
                                     87 ;	../STM8S_StdPeriph_Driver/src/stm8s_rst_GetFlagStatus.c: 54: }
      000032 5B 01            [ 2]   88 	addw	sp, #1
      000034 81               [ 4]   89 	ret
                                     90 	.area CODE
                                     91 	.area CONST
                                     92 	.area CONST
      000000                         93 ___str_0:
      000000 2E 2E 2F 53 54 4D 38    94 	.ascii "../STM8S_StdPeriph_Driver/src/stm8s_rst_GetFlagStatus.c"
             53 5F 53 74 64 50 65
             72 69 70 68 5F 44 72
             69 76 65 72 2F 73 72
             63 2F 73 74 6D 38 73
             5F 72 73 74 5F 47 65
             74 46 6C 61 67 53 74
             61 74 75 73 2E 63
      000037 00                      95 	.db 0x00
                                     96 	.area CODE
                                     97 	.area INITIALIZER
                                     98 	.area CABS (ABS)
