                                      1 ;--------------------------------------------------------
                                      2 ; File Created by SDCC : free open source ISO C Compiler 
                                      3 ; Version 4.4.0 #14620 (Linux)
                                      4 ;--------------------------------------------------------
                                      5 	.module stm8s_tim3_DeInit
                                      6 	.optsdcc -mstm8
                                      7 	
                                      8 ;--------------------------------------------------------
                                      9 ; Public variables in this module
                                     10 ;--------------------------------------------------------
                                     11 	.globl _TIM3_DeInit
                                     12 ;--------------------------------------------------------
                                     13 ; ram data
                                     14 ;--------------------------------------------------------
                                     15 	.area DATA
                                     16 ;--------------------------------------------------------
                                     17 ; ram data
                                     18 ;--------------------------------------------------------
                                     19 	.area INITIALIZED
                                     20 ;--------------------------------------------------------
                                     21 ; absolute external ram data
                                     22 ;--------------------------------------------------------
                                     23 	.area DABS (ABS)
                                     24 
                                     25 ; default segment ordering for linker
                                     26 	.area HOME
                                     27 	.area GSINIT
                                     28 	.area GSFINAL
                                     29 	.area CONST
                                     30 	.area INITIALIZER
                                     31 	.area CODE
                                     32 
                                     33 ;--------------------------------------------------------
                                     34 ; global & static initialisations
                                     35 ;--------------------------------------------------------
                                     36 	.area HOME
                                     37 	.area GSINIT
                                     38 	.area GSFINAL
                                     39 	.area GSINIT
                                     40 ;--------------------------------------------------------
                                     41 ; Home
                                     42 ;--------------------------------------------------------
                                     43 	.area HOME
                                     44 	.area HOME
                                     45 ;--------------------------------------------------------
                                     46 ; code
                                     47 ;--------------------------------------------------------
                                     48 	.area CODE
                                     49 ;	../STM8S_StdPeriph_Driver/src/stm8s_tim3_DeInit.c: 47: void TIM3_DeInit(void)
                                     50 ;	-----------------------------------------
                                     51 ;	 function TIM3_DeInit
                                     52 ;	-----------------------------------------
      000000                         53 _TIM3_DeInit:
                                     54 ;	../STM8S_StdPeriph_Driver/src/stm8s_tim3_DeInit.c: 49: TIM3->CR1 = (uint8_t)TIM3_CR1_RESET_VALUE;
      000000 35 00 53 20      [ 1]   55 	mov	0x5320+0, #0x00
                                     56 ;	../STM8S_StdPeriph_Driver/src/stm8s_tim3_DeInit.c: 50: TIM3->IER = (uint8_t)TIM3_IER_RESET_VALUE;
      000004 35 00 53 21      [ 1]   57 	mov	0x5321+0, #0x00
                                     58 ;	../STM8S_StdPeriph_Driver/src/stm8s_tim3_DeInit.c: 51: TIM3->SR2 = (uint8_t)TIM3_SR2_RESET_VALUE;
      000008 35 00 53 23      [ 1]   59 	mov	0x5323+0, #0x00
                                     60 ;	../STM8S_StdPeriph_Driver/src/stm8s_tim3_DeInit.c: 54: TIM3->CCER1 = (uint8_t)TIM3_CCER1_RESET_VALUE;
      00000C 35 00 53 27      [ 1]   61 	mov	0x5327+0, #0x00
                                     62 ;	../STM8S_StdPeriph_Driver/src/stm8s_tim3_DeInit.c: 57: TIM3->CCER1 = (uint8_t)TIM3_CCER1_RESET_VALUE;
      000010 35 00 53 27      [ 1]   63 	mov	0x5327+0, #0x00
                                     64 ;	../STM8S_StdPeriph_Driver/src/stm8s_tim3_DeInit.c: 58: TIM3->CCMR1 = (uint8_t)TIM3_CCMR1_RESET_VALUE;
      000014 35 00 53 25      [ 1]   65 	mov	0x5325+0, #0x00
                                     66 ;	../STM8S_StdPeriph_Driver/src/stm8s_tim3_DeInit.c: 59: TIM3->CCMR2 = (uint8_t)TIM3_CCMR2_RESET_VALUE;
      000018 35 00 53 26      [ 1]   67 	mov	0x5326+0, #0x00
                                     68 ;	../STM8S_StdPeriph_Driver/src/stm8s_tim3_DeInit.c: 60: TIM3->CNTRH = (uint8_t)TIM3_CNTRH_RESET_VALUE;
      00001C 35 00 53 28      [ 1]   69 	mov	0x5328+0, #0x00
                                     70 ;	../STM8S_StdPeriph_Driver/src/stm8s_tim3_DeInit.c: 61: TIM3->CNTRL = (uint8_t)TIM3_CNTRL_RESET_VALUE;
      000020 35 00 53 29      [ 1]   71 	mov	0x5329+0, #0x00
                                     72 ;	../STM8S_StdPeriph_Driver/src/stm8s_tim3_DeInit.c: 62: TIM3->PSCR = (uint8_t)TIM3_PSCR_RESET_VALUE;
      000024 35 00 53 2A      [ 1]   73 	mov	0x532a+0, #0x00
                                     74 ;	../STM8S_StdPeriph_Driver/src/stm8s_tim3_DeInit.c: 63: TIM3->ARRH  = (uint8_t)TIM3_ARRH_RESET_VALUE;
      000028 35 FF 53 2B      [ 1]   75 	mov	0x532b+0, #0xff
                                     76 ;	../STM8S_StdPeriph_Driver/src/stm8s_tim3_DeInit.c: 64: TIM3->ARRL  = (uint8_t)TIM3_ARRL_RESET_VALUE;
      00002C 35 FF 53 2C      [ 1]   77 	mov	0x532c+0, #0xff
                                     78 ;	../STM8S_StdPeriph_Driver/src/stm8s_tim3_DeInit.c: 65: TIM3->CCR1H = (uint8_t)TIM3_CCR1H_RESET_VALUE;
      000030 35 00 53 2D      [ 1]   79 	mov	0x532d+0, #0x00
                                     80 ;	../STM8S_StdPeriph_Driver/src/stm8s_tim3_DeInit.c: 66: TIM3->CCR1L = (uint8_t)TIM3_CCR1L_RESET_VALUE;
      000034 35 00 53 2E      [ 1]   81 	mov	0x532e+0, #0x00
                                     82 ;	../STM8S_StdPeriph_Driver/src/stm8s_tim3_DeInit.c: 67: TIM3->CCR2H = (uint8_t)TIM3_CCR2H_RESET_VALUE;
      000038 35 00 53 2F      [ 1]   83 	mov	0x532f+0, #0x00
                                     84 ;	../STM8S_StdPeriph_Driver/src/stm8s_tim3_DeInit.c: 68: TIM3->CCR2L = (uint8_t)TIM3_CCR2L_RESET_VALUE;
      00003C 35 00 53 30      [ 1]   85 	mov	0x5330+0, #0x00
                                     86 ;	../STM8S_StdPeriph_Driver/src/stm8s_tim3_DeInit.c: 69: TIM3->SR1 = (uint8_t)TIM3_SR1_RESET_VALUE;
      000040 35 00 53 22      [ 1]   87 	mov	0x5322+0, #0x00
                                     88 ;	../STM8S_StdPeriph_Driver/src/stm8s_tim3_DeInit.c: 70: }
      000044 81               [ 4]   89 	ret
                                     90 	.area CODE
                                     91 	.area CONST
                                     92 	.area INITIALIZER
                                     93 	.area CABS (ABS)
