                                      1 ;--------------------------------------------------------
                                      2 ; File Created by SDCC : free open source ISO C Compiler 
                                      3 ; Version 4.4.0 #14620 (Linux)
                                      4 ;--------------------------------------------------------
                                      5 	.module stm8s_flash_ProgramOptionByte
                                      6 	.optsdcc -mstm8
                                      7 	
                                      8 ;--------------------------------------------------------
                                      9 ; Public variables in this module
                                     10 ;--------------------------------------------------------
                                     11 	.globl _FLASH_WaitForLastOperation
                                     12 	.globl _assert_failed
                                     13 	.globl _FLASH_ProgramOptionByte
                                     14 ;--------------------------------------------------------
                                     15 ; ram data
                                     16 ;--------------------------------------------------------
                                     17 	.area DATA
                                     18 ;--------------------------------------------------------
                                     19 ; ram data
                                     20 ;--------------------------------------------------------
                                     21 	.area INITIALIZED
                                     22 ;--------------------------------------------------------
                                     23 ; absolute external ram data
                                     24 ;--------------------------------------------------------
                                     25 	.area DABS (ABS)
                                     26 
                                     27 ; default segment ordering for linker
                                     28 	.area HOME
                                     29 	.area GSINIT
                                     30 	.area GSFINAL
                                     31 	.area CONST
                                     32 	.area INITIALIZER
                                     33 	.area CODE
                                     34 
                                     35 ;--------------------------------------------------------
                                     36 ; global & static initialisations
                                     37 ;--------------------------------------------------------
                                     38 	.area HOME
                                     39 	.area GSINIT
                                     40 	.area GSFINAL
                                     41 	.area GSINIT
                                     42 ;--------------------------------------------------------
                                     43 ; Home
                                     44 ;--------------------------------------------------------
                                     45 	.area HOME
                                     46 	.area HOME
                                     47 ;--------------------------------------------------------
                                     48 ; code
                                     49 ;--------------------------------------------------------
                                     50 	.area CODE
                                     51 ;	../STM8S_StdPeriph_Driver/src/stm8s_flash_ProgramOptionByte.c: 48: void FLASH_ProgramOptionByte(uint16_t Address, uint8_t Data)
                                     52 ;	-----------------------------------------
                                     53 ;	 function FLASH_ProgramOptionByte
                                     54 ;	-----------------------------------------
      000000                         55 _FLASH_ProgramOptionByte:
      000000 52 05            [ 2]   56 	sub	sp, #5
      000002 6B 05            [ 1]   57 	ld	(0x05, sp), a
                                     58 ;	../STM8S_StdPeriph_Driver/src/stm8s_flash_ProgramOptionByte.c: 51: assert_param(IS_OPTION_BYTE_ADDRESS_OK(Address));
      000004 A3 48 00         [ 2]   59 	cpw	x, #0x4800
      000007 25 05            [ 1]   60 	jrc	00106$
      000009 A3 48 7F         [ 2]   61 	cpw	x, #0x487f
      00000C 23 10            [ 2]   62 	jrule	00107$
      00000E                         63 00106$:
      00000E 89               [ 2]   64 	pushw	x
      00000F 4B 33            [ 1]   65 	push	#0x33
      000011 4B 00            [ 1]   66 	push	#0x00
      000013 4B 00            [ 1]   67 	push	#0x00
      000015 4B 00            [ 1]   68 	push	#0x00
      000017 AEr00r00         [ 2]   69 	ldw	x, #(___str_0+0)
      00001A CDr00r00         [ 4]   70 	call	_assert_failed
      00001D 85               [ 2]   71 	popw	x
      00001E                         72 00107$:
                                     73 ;	../STM8S_StdPeriph_Driver/src/stm8s_flash_ProgramOptionByte.c: 54: FLASH->CR2 |= FLASH_CR2_OPT;
      00001E 72 1E 50 5B      [ 1]   74 	bset	0x505b, #7
                                     75 ;	../STM8S_StdPeriph_Driver/src/stm8s_flash_ProgramOptionByte.c: 55: FLASH->NCR2 &= (uint8_t)(~FLASH_NCR2_NOPT);
      000022 72 1F 50 5C      [ 1]   76 	bres	0x505c, #7
                                     77 ;	../STM8S_StdPeriph_Driver/src/stm8s_flash_ProgramOptionByte.c: 58: if(Address == 0x4800)
      000026 1F 01            [ 2]   78 	ldw	(0x01, sp), x
                                     79 ;	../STM8S_StdPeriph_Driver/src/stm8s_flash_ProgramOptionByte.c: 61: *((NEAR uint8_t*)Address) = Data;
      000028 1F 03            [ 2]   80 	ldw	(0x03, sp), x
                                     81 ;	../STM8S_StdPeriph_Driver/src/stm8s_flash_ProgramOptionByte.c: 58: if(Address == 0x4800)
      00002A 1E 01            [ 2]   82 	ldw	x, (0x01, sp)
      00002C A3 48 00         [ 2]   83 	cpw	x, #0x4800
      00002F 26 07            [ 1]   84 	jrne	00102$
                                     85 ;	../STM8S_StdPeriph_Driver/src/stm8s_flash_ProgramOptionByte.c: 61: *((NEAR uint8_t*)Address) = Data;
      000031 1E 03            [ 2]   86 	ldw	x, (0x03, sp)
      000033 7B 05            [ 1]   87 	ld	a, (0x05, sp)
      000035 F7               [ 1]   88 	ld	(x), a
      000036 20 0C            [ 2]   89 	jra	00103$
      000038                         90 00102$:
                                     91 ;	../STM8S_StdPeriph_Driver/src/stm8s_flash_ProgramOptionByte.c: 66: *((NEAR uint8_t*)Address) = Data;
      000038 1E 03            [ 2]   92 	ldw	x, (0x03, sp)
      00003A 7B 05            [ 1]   93 	ld	a, (0x05, sp)
      00003C F7               [ 1]   94 	ld	(x), a
                                     95 ;	../STM8S_StdPeriph_Driver/src/stm8s_flash_ProgramOptionByte.c: 67: *((NEAR uint8_t*)((uint16_t)(Address + 1))) = (uint8_t)(~Data);
      00003D 1E 01            [ 2]   96 	ldw	x, (0x01, sp)
      00003F 5C               [ 1]   97 	incw	x
      000040 7B 05            [ 1]   98 	ld	a, (0x05, sp)
      000042 43               [ 1]   99 	cpl	a
      000043 F7               [ 1]  100 	ld	(x), a
      000044                        101 00103$:
                                    102 ;	../STM8S_StdPeriph_Driver/src/stm8s_flash_ProgramOptionByte.c: 69: FLASH_WaitForLastOperation(FLASH_MEMTYPE_PROG);
      000044 A6 FD            [ 1]  103 	ld	a, #0xfd
      000046 CDr00r00         [ 4]  104 	call	_FLASH_WaitForLastOperation
                                    105 ;	../STM8S_StdPeriph_Driver/src/stm8s_flash_ProgramOptionByte.c: 72: FLASH->CR2 &= (uint8_t)(~FLASH_CR2_OPT);
      000049 72 1F 50 5B      [ 1]  106 	bres	0x505b, #7
                                    107 ;	../STM8S_StdPeriph_Driver/src/stm8s_flash_ProgramOptionByte.c: 73: FLASH->NCR2 |= FLASH_NCR2_NOPT;
      00004D 72 1E 50 5C      [ 1]  108 	bset	0x505c, #7
                                    109 ;	../STM8S_StdPeriph_Driver/src/stm8s_flash_ProgramOptionByte.c: 74: }
      000051 5B 05            [ 2]  110 	addw	sp, #5
      000053 81               [ 4]  111 	ret
                                    112 	.area CODE
                                    113 	.area CONST
                                    114 	.area CONST
      000000                        115 ___str_0:
      000000 2E 2E 2F 53 54 4D 38   116 	.ascii "../STM8S_StdPeriph_Driver/src/stm8s_flash_ProgramOptionByte."
             53 5F 53 74 64 50 65
             72 69 70 68 5F 44 72
             69 76 65 72 2F 73 72
             63 2F 73 74 6D 38 73
             5F 66 6C 61 73 68 5F
             50 72 6F 67 72 61 6D
             4F 70 74 69 6F 6E 42
             79 74 65 2E
      00003C 63                     117 	.ascii "c"
      00003D 00                     118 	.db 0x00
                                    119 	.area CODE
                                    120 	.area INITIALIZER
                                    121 	.area CABS (ABS)
