                                      1 ;--------------------------------------------------------
                                      2 ; File Created by SDCC : free open source ISO C Compiler 
                                      3 ; Version 4.4.0 #14620 (Linux)
                                      4 ;--------------------------------------------------------
                                      5 	.module stm8s_tim1_PWMIConfig
                                      6 	.optsdcc -mstm8
                                      7 	
                                      8 ;--------------------------------------------------------
                                      9 ; Public variables in this module
                                     10 ;--------------------------------------------------------
                                     11 	.globl _TIM1_TI2_Config
                                     12 	.globl _TIM1_TI1_Config
                                     13 	.globl _TIM1_SetIC2Prescaler
                                     14 	.globl _TIM1_SetIC1Prescaler
                                     15 	.globl _assert_failed
                                     16 	.globl _TIM1_PWMIConfig
                                     17 ;--------------------------------------------------------
                                     18 ; ram data
                                     19 ;--------------------------------------------------------
                                     20 	.area DATA
                                     21 ;--------------------------------------------------------
                                     22 ; ram data
                                     23 ;--------------------------------------------------------
                                     24 	.area INITIALIZED
                                     25 ;--------------------------------------------------------
                                     26 ; absolute external ram data
                                     27 ;--------------------------------------------------------
                                     28 	.area DABS (ABS)
                                     29 
                                     30 ; default segment ordering for linker
                                     31 	.area HOME
                                     32 	.area GSINIT
                                     33 	.area GSFINAL
                                     34 	.area CONST
                                     35 	.area INITIALIZER
                                     36 	.area CODE
                                     37 
                                     38 ;--------------------------------------------------------
                                     39 ; global & static initialisations
                                     40 ;--------------------------------------------------------
                                     41 	.area HOME
                                     42 	.area GSINIT
                                     43 	.area GSFINAL
                                     44 	.area GSINIT
                                     45 ;--------------------------------------------------------
                                     46 ; Home
                                     47 ;--------------------------------------------------------
                                     48 	.area HOME
                                     49 	.area HOME
                                     50 ;--------------------------------------------------------
                                     51 ; code
                                     52 ;--------------------------------------------------------
                                     53 	.area CODE
                                     54 ;	../STM8S_StdPeriph_Driver/src/stm8s_tim1_PWMIConfig.c: 56: void TIM1_PWMIConfig(TIM1_Channel_TypeDef TIM1_Channel,
                                     55 ;	-----------------------------------------
                                     56 ;	 function TIM1_PWMIConfig
                                     57 ;	-----------------------------------------
      000000                         58 _TIM1_PWMIConfig:
      000000 52 03            [ 2]   59 	sub	sp, #3
                                     60 ;	../STM8S_StdPeriph_Driver/src/stm8s_tim1_PWMIConfig.c: 66: assert_param(IS_TIM1_PWMI_CHANNEL_OK(TIM1_Channel));
      000002 6B 03            [ 1]   61 	ld	(0x03, sp), a
      000004 27 11            [ 1]   62 	jreq	00113$
      000006 7B 03            [ 1]   63 	ld	a, (0x03, sp)
      000008 4A               [ 1]   64 	dec	a
      000009 27 0C            [ 1]   65 	jreq	00113$
      00000B 4B 42            [ 1]   66 	push	#0x42
      00000D 5F               [ 1]   67 	clrw	x
      00000E 89               [ 2]   68 	pushw	x
      00000F 4B 00            [ 1]   69 	push	#0x00
      000011 AEr00r00         [ 2]   70 	ldw	x, #(___str_0+0)
      000014 CDr00r00         [ 4]   71 	call	_assert_failed
      000017                         72 00113$:
                                     73 ;	../STM8S_StdPeriph_Driver/src/stm8s_tim1_PWMIConfig.c: 67: assert_param(IS_TIM1_IC_POLARITY_OK(TIM1_ICPolarity));
      000017 0D 06            [ 1]   74 	tnz	(0x06, sp)
      000019 27 10            [ 1]   75 	jreq	00118$
      00001B 0D 06            [ 1]   76 	tnz	(0x06, sp)
      00001D 26 0C            [ 1]   77 	jrne	00118$
      00001F 4B 43            [ 1]   78 	push	#0x43
      000021 5F               [ 1]   79 	clrw	x
      000022 89               [ 2]   80 	pushw	x
      000023 4B 00            [ 1]   81 	push	#0x00
      000025 AEr00r00         [ 2]   82 	ldw	x, #(___str_0+0)
      000028 CDr00r00         [ 4]   83 	call	_assert_failed
      00002B                         84 00118$:
                                     85 ;	../STM8S_StdPeriph_Driver/src/stm8s_tim1_PWMIConfig.c: 68: assert_param(IS_TIM1_IC_SELECTION_OK(TIM1_ICSelection));
      00002B 7B 07            [ 1]   86 	ld	a, (0x07, sp)
      00002D 4A               [ 1]   87 	dec	a
      00002E 26 05            [ 1]   88 	jrne	00246$
      000030 A6 01            [ 1]   89 	ld	a, #0x01
      000032 6B 02            [ 1]   90 	ld	(0x02, sp), a
      000034 C5                      91 	.byte 0xc5
      000035                         92 00246$:
      000035 0F 02            [ 1]   93 	clr	(0x02, sp)
      000037                         94 00247$:
      000037 0D 02            [ 1]   95 	tnz	(0x02, sp)
      000039 26 18            [ 1]   96 	jrne	00123$
      00003B 7B 07            [ 1]   97 	ld	a, (0x07, sp)
      00003D A1 02            [ 1]   98 	cp	a, #0x02
      00003F 27 12            [ 1]   99 	jreq	00123$
      000041 7B 07            [ 1]  100 	ld	a, (0x07, sp)
      000043 A1 03            [ 1]  101 	cp	a, #0x03
      000045 27 0C            [ 1]  102 	jreq	00123$
      000047 4B 44            [ 1]  103 	push	#0x44
      000049 5F               [ 1]  104 	clrw	x
      00004A 89               [ 2]  105 	pushw	x
      00004B 4B 00            [ 1]  106 	push	#0x00
      00004D AEr00r00         [ 2]  107 	ldw	x, #(___str_0+0)
      000050 CDr00r00         [ 4]  108 	call	_assert_failed
      000053                        109 00123$:
                                    110 ;	../STM8S_StdPeriph_Driver/src/stm8s_tim1_PWMIConfig.c: 69: assert_param(IS_TIM1_IC_PRESCALER_OK(TIM1_ICPrescaler));
      000053 0D 08            [ 1]  111 	tnz	(0x08, sp)
      000055 27 1E            [ 1]  112 	jreq	00131$
      000057 7B 08            [ 1]  113 	ld	a, (0x08, sp)
      000059 A1 04            [ 1]  114 	cp	a, #0x04
      00005B 27 18            [ 1]  115 	jreq	00131$
      00005D 7B 08            [ 1]  116 	ld	a, (0x08, sp)
      00005F A1 08            [ 1]  117 	cp	a, #0x08
      000061 27 12            [ 1]  118 	jreq	00131$
      000063 7B 08            [ 1]  119 	ld	a, (0x08, sp)
      000065 A1 0C            [ 1]  120 	cp	a, #0x0c
      000067 27 0C            [ 1]  121 	jreq	00131$
      000069 4B 45            [ 1]  122 	push	#0x45
      00006B 5F               [ 1]  123 	clrw	x
      00006C 89               [ 2]  124 	pushw	x
      00006D 4B 00            [ 1]  125 	push	#0x00
      00006F AEr00r00         [ 2]  126 	ldw	x, #(___str_0+0)
      000072 CDr00r00         [ 4]  127 	call	_assert_failed
      000075                        128 00131$:
                                    129 ;	../STM8S_StdPeriph_Driver/src/stm8s_tim1_PWMIConfig.c: 72: if (TIM1_ICPolarity != TIM1_ICPOLARITY_FALLING)
      000075 0D 06            [ 1]  130 	tnz	(0x06, sp)
      000077 26 05            [ 1]  131 	jrne	00102$
                                    132 ;	../STM8S_StdPeriph_Driver/src/stm8s_tim1_PWMIConfig.c: 74: icpolarity = TIM1_ICPOLARITY_FALLING;
      000079 A6 01            [ 1]  133 	ld	a, #0x01
      00007B 6B 01            [ 1]  134 	ld	(0x01, sp), a
                                    135 ;	../STM8S_StdPeriph_Driver/src/stm8s_tim1_PWMIConfig.c: 78: icpolarity = TIM1_ICPOLARITY_RISING;
      00007D C5                     136 	.byte 0xc5
      00007E                        137 00102$:
      00007E 0F 01            [ 1]  138 	clr	(0x01, sp)
      000080                        139 00103$:
                                    140 ;	../STM8S_StdPeriph_Driver/src/stm8s_tim1_PWMIConfig.c: 82: if (TIM1_ICSelection == TIM1_ICSELECTION_DIRECTTI)
      000080 7B 02            [ 1]  141 	ld	a, (0x02, sp)
      000082 27 06            [ 1]  142 	jreq	00105$
                                    143 ;	../STM8S_StdPeriph_Driver/src/stm8s_tim1_PWMIConfig.c: 84: icselection = TIM1_ICSELECTION_INDIRECTTI;
      000084 A6 02            [ 1]  144 	ld	a, #0x02
      000086 6B 02            [ 1]  145 	ld	(0x02, sp), a
      000088 20 04            [ 2]  146 	jra	00106$
      00008A                        147 00105$:
                                    148 ;	../STM8S_StdPeriph_Driver/src/stm8s_tim1_PWMIConfig.c: 88: icselection = TIM1_ICSELECTION_DIRECTTI;
      00008A A6 01            [ 1]  149 	ld	a, #0x01
      00008C 6B 02            [ 1]  150 	ld	(0x02, sp), a
      00008E                        151 00106$:
                                    152 ;	../STM8S_StdPeriph_Driver/src/stm8s_tim1_PWMIConfig.c: 94: TIM1_TI1_Config((uint8_t)TIM1_ICPolarity, (uint8_t)TIM1_ICSelection,
      00008E 7B 06            [ 1]  153 	ld	a, (0x06, sp)
      000090 97               [ 1]  154 	ld	xl, a
                                    155 ;	../STM8S_StdPeriph_Driver/src/stm8s_tim1_PWMIConfig.c: 91: if (TIM1_Channel == TIM1_CHANNEL_1)
      000091 0D 03            [ 1]  156 	tnz	(0x03, sp)
      000093 26 21            [ 1]  157 	jrne	00108$
                                    158 ;	../STM8S_StdPeriph_Driver/src/stm8s_tim1_PWMIConfig.c: 94: TIM1_TI1_Config((uint8_t)TIM1_ICPolarity, (uint8_t)TIM1_ICSelection,
      000095 7B 09            [ 1]  159 	ld	a, (0x09, sp)
      000097 88               [ 1]  160 	push	a
      000098 7B 08            [ 1]  161 	ld	a, (0x08, sp)
      00009A 88               [ 1]  162 	push	a
      00009B 9F               [ 1]  163 	ld	a, xl
      00009C CDr00r00         [ 4]  164 	call	_TIM1_TI1_Config
                                    165 ;	../STM8S_StdPeriph_Driver/src/stm8s_tim1_PWMIConfig.c: 98: TIM1_SetIC1Prescaler(TIM1_ICPrescaler);
      00009F 7B 08            [ 1]  166 	ld	a, (0x08, sp)
      0000A1 CDr00r00         [ 4]  167 	call	_TIM1_SetIC1Prescaler
                                    168 ;	../STM8S_StdPeriph_Driver/src/stm8s_tim1_PWMIConfig.c: 101: TIM1_TI2_Config(icpolarity, icselection, TIM1_ICFilter);
      0000A4 7B 09            [ 1]  169 	ld	a, (0x09, sp)
      0000A6 88               [ 1]  170 	push	a
      0000A7 7B 03            [ 1]  171 	ld	a, (0x03, sp)
      0000A9 88               [ 1]  172 	push	a
      0000AA 7B 03            [ 1]  173 	ld	a, (0x03, sp)
      0000AC CDr00r00         [ 4]  174 	call	_TIM1_TI2_Config
                                    175 ;	../STM8S_StdPeriph_Driver/src/stm8s_tim1_PWMIConfig.c: 104: TIM1_SetIC2Prescaler(TIM1_ICPrescaler);
      0000AF 7B 08            [ 1]  176 	ld	a, (0x08, sp)
      0000B1 CDr00r00         [ 4]  177 	call	_TIM1_SetIC2Prescaler
      0000B4 20 1F            [ 2]  178 	jra	00110$
      0000B6                        179 00108$:
                                    180 ;	../STM8S_StdPeriph_Driver/src/stm8s_tim1_PWMIConfig.c: 109: TIM1_TI2_Config((uint8_t)TIM1_ICPolarity, (uint8_t)TIM1_ICSelection,
      0000B6 7B 09            [ 1]  181 	ld	a, (0x09, sp)
      0000B8 88               [ 1]  182 	push	a
      0000B9 7B 08            [ 1]  183 	ld	a, (0x08, sp)
      0000BB 88               [ 1]  184 	push	a
      0000BC 9F               [ 1]  185 	ld	a, xl
      0000BD CDr00r00         [ 4]  186 	call	_TIM1_TI2_Config
                                    187 ;	../STM8S_StdPeriph_Driver/src/stm8s_tim1_PWMIConfig.c: 113: TIM1_SetIC2Prescaler(TIM1_ICPrescaler);
      0000C0 7B 08            [ 1]  188 	ld	a, (0x08, sp)
      0000C2 CDr00r00         [ 4]  189 	call	_TIM1_SetIC2Prescaler
                                    190 ;	../STM8S_StdPeriph_Driver/src/stm8s_tim1_PWMIConfig.c: 116: TIM1_TI1_Config(icpolarity, icselection, TIM1_ICFilter);
      0000C5 7B 09            [ 1]  191 	ld	a, (0x09, sp)
      0000C7 88               [ 1]  192 	push	a
      0000C8 7B 03            [ 1]  193 	ld	a, (0x03, sp)
      0000CA 88               [ 1]  194 	push	a
      0000CB 7B 03            [ 1]  195 	ld	a, (0x03, sp)
      0000CD CDr00r00         [ 4]  196 	call	_TIM1_TI1_Config
                                    197 ;	../STM8S_StdPeriph_Driver/src/stm8s_tim1_PWMIConfig.c: 119: TIM1_SetIC1Prescaler(TIM1_ICPrescaler);
      0000D0 7B 08            [ 1]  198 	ld	a, (0x08, sp)
      0000D2 CDr00r00         [ 4]  199 	call	_TIM1_SetIC1Prescaler
      0000D5                        200 00110$:
                                    201 ;	../STM8S_StdPeriph_Driver/src/stm8s_tim1_PWMIConfig.c: 121: }
      0000D5 1E 04            [ 2]  202 	ldw	x, (4, sp)
      0000D7 5B 09            [ 2]  203 	addw	sp, #9
      0000D9 FC               [ 2]  204 	jp	(x)
                                    205 	.area CODE
                                    206 	.area CONST
                                    207 	.area CONST
      000000                        208 ___str_0:
      000000 2E 2E 2F 53 54 4D 38   209 	.ascii "../STM8S_StdPeriph_Driver/src/stm8s_tim1_PWMIConfig.c"
             53 5F 53 74 64 50 65
             72 69 70 68 5F 44 72
             69 76 65 72 2F 73 72
             63 2F 73 74 6D 38 73
             5F 74 69 6D 31 5F 50
             57 4D 49 43 6F 6E 66
             69 67 2E 63
      000035 00                     210 	.db 0x00
                                    211 	.area CODE
                                    212 	.area INITIALIZER
                                    213 	.area CABS (ABS)
