                                      1 ;--------------------------------------------------------
                                      2 ; File Created by SDCC : free open source ISO C Compiler 
                                      3 ; Version 4.4.0 #14620 (Linux)
                                      4 ;--------------------------------------------------------
                                      5 	.module stm8s_flash_GetLowPowerMode
                                      6 	.optsdcc -mstm8
                                      7 	
                                      8 ;--------------------------------------------------------
                                      9 ; Public variables in this module
                                     10 ;--------------------------------------------------------
                                     11 	.globl _FLASH_GetLowPowerMode
                                     12 ;--------------------------------------------------------
                                     13 ; ram data
                                     14 ;--------------------------------------------------------
                                     15 	.area DATA
                                     16 ;--------------------------------------------------------
                                     17 ; ram data
                                     18 ;--------------------------------------------------------
                                     19 	.area INITIALIZED
                                     20 ;--------------------------------------------------------
                                     21 ; absolute external ram data
                                     22 ;--------------------------------------------------------
                                     23 	.area DABS (ABS)
                                     24 
                                     25 ; default segment ordering for linker
                                     26 	.area HOME
                                     27 	.area GSINIT
                                     28 	.area GSFINAL
                                     29 	.area CONST
                                     30 	.area INITIALIZER
                                     31 	.area CODE
                                     32 
                                     33 ;--------------------------------------------------------
                                     34 ; global & static initialisations
                                     35 ;--------------------------------------------------------
                                     36 	.area HOME
                                     37 	.area GSINIT
                                     38 	.area GSFINAL
                                     39 	.area GSINIT
                                     40 ;--------------------------------------------------------
                                     41 ; Home
                                     42 ;--------------------------------------------------------
                                     43 	.area HOME
                                     44 	.area HOME
                                     45 ;--------------------------------------------------------
                                     46 ; code
                                     47 ;--------------------------------------------------------
                                     48 	.area CODE
                                     49 ;	../STM8S_StdPeriph_Driver/src/stm8s_flash_GetLowPowerMode.c: 47: FLASH_LPMode_TypeDef FLASH_GetLowPowerMode(void)
                                     50 ;	-----------------------------------------
                                     51 ;	 function FLASH_GetLowPowerMode
                                     52 ;	-----------------------------------------
      000000                         53 _FLASH_GetLowPowerMode:
                                     54 ;	../STM8S_StdPeriph_Driver/src/stm8s_flash_GetLowPowerMode.c: 49: return((FLASH_LPMode_TypeDef)(FLASH->CR1 & (uint8_t)(FLASH_CR1_HALT | FLASH_CR1_AHALT)));
      000000 C6 50 5A         [ 1]   55 	ld	a, 0x505a
      000003 A4 0C            [ 1]   56 	and	a, #0x0c
                                     57 ;	../STM8S_StdPeriph_Driver/src/stm8s_flash_GetLowPowerMode.c: 50: }
      000005 81               [ 4]   58 	ret
                                     59 	.area CODE
                                     60 	.area CONST
                                     61 	.area INITIALIZER
                                     62 	.area CABS (ABS)
