                                      1 ;--------------------------------------------------------
                                      2 ; File Created by SDCC : free open source ISO C Compiler 
                                      3 ; Version 4.4.0 #14620 (Linux)
                                      4 ;--------------------------------------------------------
                                      5 	.module stm8s_clk_CCOConfig
                                      6 	.optsdcc -mstm8
                                      7 	
                                      8 ;--------------------------------------------------------
                                      9 ; Public variables in this module
                                     10 ;--------------------------------------------------------
                                     11 	.globl _assert_failed
                                     12 	.globl _CLK_CCOConfig
                                     13 ;--------------------------------------------------------
                                     14 ; ram data
                                     15 ;--------------------------------------------------------
                                     16 	.area DATA
                                     17 ;--------------------------------------------------------
                                     18 ; ram data
                                     19 ;--------------------------------------------------------
                                     20 	.area INITIALIZED
                                     21 ;--------------------------------------------------------
                                     22 ; absolute external ram data
                                     23 ;--------------------------------------------------------
                                     24 	.area DABS (ABS)
                                     25 
                                     26 ; default segment ordering for linker
                                     27 	.area HOME
                                     28 	.area GSINIT
                                     29 	.area GSFINAL
                                     30 	.area CONST
                                     31 	.area INITIALIZER
                                     32 	.area CODE
                                     33 
                                     34 ;--------------------------------------------------------
                                     35 ; global & static initialisations
                                     36 ;--------------------------------------------------------
                                     37 	.area HOME
                                     38 	.area GSINIT
                                     39 	.area GSFINAL
                                     40 	.area GSINIT
                                     41 ;--------------------------------------------------------
                                     42 ; Home
                                     43 ;--------------------------------------------------------
                                     44 	.area HOME
                                     45 	.area HOME
                                     46 ;--------------------------------------------------------
                                     47 ; code
                                     48 ;--------------------------------------------------------
                                     49 	.area CODE
                                     50 ;	../STM8S_StdPeriph_Driver/src/stm8s_clk_CCOConfig.c: 51: void CLK_CCOConfig(CLK_Output_TypeDef CLK_CCO)
                                     51 ;	-----------------------------------------
                                     52 ;	 function CLK_CCOConfig
                                     53 ;	-----------------------------------------
      000000                         54 _CLK_CCOConfig:
      000000 88               [ 1]   55 	push	a
                                     56 ;	../STM8S_StdPeriph_Driver/src/stm8s_clk_CCOConfig.c: 54: assert_param(IS_CLK_OUTPUT_OK(CLK_CCO));
      000001 4D               [ 1]   57 	tnz	a
      000002 27 3E            [ 1]   58 	jreq	00104$
      000004 A1 04            [ 1]   59 	cp	a, #0x04
      000006 27 3A            [ 1]   60 	jreq	00104$
      000008 A1 02            [ 1]   61 	cp	a, #0x02
      00000A 27 36            [ 1]   62 	jreq	00104$
      00000C A1 08            [ 1]   63 	cp	a, #0x08
      00000E 27 32            [ 1]   64 	jreq	00104$
      000010 A1 0A            [ 1]   65 	cp	a, #0x0a
      000012 27 2E            [ 1]   66 	jreq	00104$
      000014 A1 0C            [ 1]   67 	cp	a, #0x0c
      000016 27 2A            [ 1]   68 	jreq	00104$
      000018 A1 0E            [ 1]   69 	cp	a, #0x0e
      00001A 27 26            [ 1]   70 	jreq	00104$
      00001C A1 10            [ 1]   71 	cp	a, #0x10
      00001E 27 22            [ 1]   72 	jreq	00104$
      000020 A1 12            [ 1]   73 	cp	a, #0x12
      000022 27 1E            [ 1]   74 	jreq	00104$
      000024 A1 14            [ 1]   75 	cp	a, #0x14
      000026 27 1A            [ 1]   76 	jreq	00104$
      000028 A1 16            [ 1]   77 	cp	a, #0x16
      00002A 27 16            [ 1]   78 	jreq	00104$
      00002C A1 18            [ 1]   79 	cp	a, #0x18
      00002E 27 12            [ 1]   80 	jreq	00104$
      000030 A1 1A            [ 1]   81 	cp	a, #0x1a
      000032 27 0E            [ 1]   82 	jreq	00104$
      000034 88               [ 1]   83 	push	a
      000035 4B 36            [ 1]   84 	push	#0x36
      000037 5F               [ 1]   85 	clrw	x
      000038 89               [ 2]   86 	pushw	x
      000039 4B 00            [ 1]   87 	push	#0x00
      00003B AEr00r00         [ 2]   88 	ldw	x, #(___str_0+0)
      00003E CDr00r00         [ 4]   89 	call	_assert_failed
      000041 84               [ 1]   90 	pop	a
      000042                         91 00104$:
                                     92 ;	../STM8S_StdPeriph_Driver/src/stm8s_clk_CCOConfig.c: 57: CLK->CCOR &= (uint8_t)(~CLK_CCOR_CCOSEL);
      000042 AE 50 C9         [ 2]   93 	ldw	x, #0x50c9
      000045 88               [ 1]   94 	push	a
      000046 F6               [ 1]   95 	ld	a, (x)
      000047 A4 E1            [ 1]   96 	and	a, #0xe1
      000049 6B 02            [ 1]   97 	ld	(0x02, sp), a
      00004B 84               [ 1]   98 	pop	a
      00004C AE 50 C9         [ 2]   99 	ldw	x, #0x50c9
      00004F 88               [ 1]  100 	push	a
      000050 7B 02            [ 1]  101 	ld	a, (0x02, sp)
      000052 F7               [ 1]  102 	ld	(x), a
      000053 84               [ 1]  103 	pop	a
                                    104 ;	../STM8S_StdPeriph_Driver/src/stm8s_clk_CCOConfig.c: 60: CLK->CCOR |= (uint8_t)CLK_CCO;
      000054 AE 50 C9         [ 2]  105 	ldw	x, #0x50c9
      000057 88               [ 1]  106 	push	a
      000058 F6               [ 1]  107 	ld	a, (x)
      000059 6B 02            [ 1]  108 	ld	(0x02, sp), a
      00005B 84               [ 1]  109 	pop	a
      00005C 1A 01            [ 1]  110 	or	a, (0x01, sp)
      00005E C7 50 C9         [ 1]  111 	ld	0x50c9, a
                                    112 ;	../STM8S_StdPeriph_Driver/src/stm8s_clk_CCOConfig.c: 63: CLK->CCOR |= CLK_CCOR_CCOEN;
      000061 72 10 50 C9      [ 1]  113 	bset	0x50c9, #0
                                    114 ;	../STM8S_StdPeriph_Driver/src/stm8s_clk_CCOConfig.c: 64: }
      000065 84               [ 1]  115 	pop	a
      000066 81               [ 4]  116 	ret
                                    117 	.area CODE
                                    118 	.area CONST
                                    119 	.area CONST
      000000                        120 ___str_0:
      000000 2E 2E 2F 53 54 4D 38   121 	.ascii "../STM8S_StdPeriph_Driver/src/stm8s_clk_CCOConfig.c"
             53 5F 53 74 64 50 65
             72 69 70 68 5F 44 72
             69 76 65 72 2F 73 72
             63 2F 73 74 6D 38 73
             5F 63 6C 6B 5F 43 43
             4F 43 6F 6E 66 69 67
             2E 63
      000033 00                     122 	.db 0x00
                                    123 	.area CODE
                                    124 	.area INITIALIZER
                                    125 	.area CABS (ABS)
