                                      1 ;--------------------------------------------------------
                                      2 ; File Created by SDCC : free open source ISO C Compiler 
                                      3 ; Version 4.4.0 #14620 (Linux)
                                      4 ;--------------------------------------------------------
                                      5 	.module stm8s_i2c_AcknowledgeConfig
                                      6 	.optsdcc -mstm8
                                      7 	
                                      8 ;--------------------------------------------------------
                                      9 ; Public variables in this module
                                     10 ;--------------------------------------------------------
                                     11 	.globl _assert_failed
                                     12 	.globl _I2C_AcknowledgeConfig
                                     13 ;--------------------------------------------------------
                                     14 ; ram data
                                     15 ;--------------------------------------------------------
                                     16 	.area DATA
                                     17 ;--------------------------------------------------------
                                     18 ; ram data
                                     19 ;--------------------------------------------------------
                                     20 	.area INITIALIZED
                                     21 ;--------------------------------------------------------
                                     22 ; absolute external ram data
                                     23 ;--------------------------------------------------------
                                     24 	.area DABS (ABS)
                                     25 
                                     26 ; default segment ordering for linker
                                     27 	.area HOME
                                     28 	.area GSINIT
                                     29 	.area GSFINAL
                                     30 	.area CONST
                                     31 	.area INITIALIZER
                                     32 	.area CODE
                                     33 
                                     34 ;--------------------------------------------------------
                                     35 ; global & static initialisations
                                     36 ;--------------------------------------------------------
                                     37 	.area HOME
                                     38 	.area GSINIT
                                     39 	.area GSFINAL
                                     40 	.area GSINIT
                                     41 ;--------------------------------------------------------
                                     42 ; Home
                                     43 ;--------------------------------------------------------
                                     44 	.area HOME
                                     45 	.area HOME
                                     46 ;--------------------------------------------------------
                                     47 ; code
                                     48 ;--------------------------------------------------------
                                     49 	.area CODE
                                     50 ;	../STM8S_StdPeriph_Driver/src/stm8s_i2c_AcknowledgeConfig.c: 49: void I2C_AcknowledgeConfig(I2C_Ack_TypeDef Ack)
                                     51 ;	-----------------------------------------
                                     52 ;	 function I2C_AcknowledgeConfig
                                     53 ;	-----------------------------------------
      000000                         54 _I2C_AcknowledgeConfig:
                                     55 ;	../STM8S_StdPeriph_Driver/src/stm8s_i2c_AcknowledgeConfig.c: 52: assert_param(IS_I2C_ACK_OK(Ack));
      000000 97               [ 1]   56 	ld	xl, a
      000001 4A               [ 1]   57 	dec	a
      000002 26 05            [ 1]   58 	jrne	00153$
      000004 A6 01            [ 1]   59 	ld	a, #0x01
      000006 95               [ 1]   60 	ld	xh, a
      000007 20 02            [ 2]   61 	jra	00154$
      000009                         62 00153$:
      000009 4F               [ 1]   63 	clr	a
      00000A 95               [ 1]   64 	ld	xh, a
      00000B                         65 00154$:
      00000B 9F               [ 1]   66 	ld	a, xl
      00000C 4D               [ 1]   67 	tnz	a
      00000D 27 19            [ 1]   68 	jreq	00110$
      00000F 9E               [ 1]   69 	ld	a, xh
      000010 4D               [ 1]   70 	tnz	a
      000011 26 15            [ 1]   71 	jrne	00110$
      000013 9F               [ 1]   72 	ld	a, xl
      000014 A1 02            [ 1]   73 	cp	a, #0x02
      000016 27 10            [ 1]   74 	jreq	00110$
      000018 89               [ 2]   75 	pushw	x
      000019 4B 34            [ 1]   76 	push	#0x34
      00001B 4B 00            [ 1]   77 	push	#0x00
      00001D 4B 00            [ 1]   78 	push	#0x00
      00001F 4B 00            [ 1]   79 	push	#0x00
      000021 AEr00r00         [ 2]   80 	ldw	x, #(___str_0+0)
      000024 CDr00r00         [ 4]   81 	call	_assert_failed
      000027 85               [ 2]   82 	popw	x
      000028                         83 00110$:
                                     84 ;	../STM8S_StdPeriph_Driver/src/stm8s_i2c_AcknowledgeConfig.c: 57: I2C->CR2 &= (uint8_t)(~I2C_CR2_ACK);
      000028 C6 52 11         [ 1]   85 	ld	a, 0x5211
                                     86 ;	../STM8S_StdPeriph_Driver/src/stm8s_i2c_AcknowledgeConfig.c: 54: if (Ack == I2C_ACK_NONE)
      00002B 41               [ 1]   87 	exg	a, xl
      00002C 4D               [ 1]   88 	tnz	a
      00002D 41               [ 1]   89 	exg	a, xl
      00002E 26 06            [ 1]   90 	jrne	00105$
                                     91 ;	../STM8S_StdPeriph_Driver/src/stm8s_i2c_AcknowledgeConfig.c: 57: I2C->CR2 &= (uint8_t)(~I2C_CR2_ACK);
      000030 A4 FB            [ 1]   92 	and	a, #0xfb
      000032 C7 52 11         [ 1]   93 	ld	0x5211, a
      000035 81               [ 4]   94 	ret
      000036                         95 00105$:
                                     96 ;	../STM8S_StdPeriph_Driver/src/stm8s_i2c_AcknowledgeConfig.c: 62: I2C->CR2 |= I2C_CR2_ACK;
      000036 AA 04            [ 1]   97 	or	a, #0x04
      000038 C7 52 11         [ 1]   98 	ld	0x5211, a
                                     99 ;	../STM8S_StdPeriph_Driver/src/stm8s_i2c_AcknowledgeConfig.c: 57: I2C->CR2 &= (uint8_t)(~I2C_CR2_ACK);
      00003B C6 52 11         [ 1]  100 	ld	a, 0x5211
                                    101 ;	../STM8S_StdPeriph_Driver/src/stm8s_i2c_AcknowledgeConfig.c: 64: if (Ack == I2C_ACK_CURR)
      00003E 88               [ 1]  102 	push	a
      00003F 9E               [ 1]  103 	ld	a, xh
      000040 4D               [ 1]  104 	tnz	a
      000041 84               [ 1]  105 	pop	a
      000042 27 06            [ 1]  106 	jreq	00102$
                                    107 ;	../STM8S_StdPeriph_Driver/src/stm8s_i2c_AcknowledgeConfig.c: 67: I2C->CR2 &= (uint8_t)(~I2C_CR2_POS);
      000044 A4 F7            [ 1]  108 	and	a, #0xf7
      000046 C7 52 11         [ 1]  109 	ld	0x5211, a
      000049 81               [ 4]  110 	ret
      00004A                        111 00102$:
                                    112 ;	../STM8S_StdPeriph_Driver/src/stm8s_i2c_AcknowledgeConfig.c: 72: I2C->CR2 |= I2C_CR2_POS;
      00004A AA 08            [ 1]  113 	or	a, #0x08
      00004C C7 52 11         [ 1]  114 	ld	0x5211, a
                                    115 ;	../STM8S_StdPeriph_Driver/src/stm8s_i2c_AcknowledgeConfig.c: 75: }
      00004F 81               [ 4]  116 	ret
                                    117 	.area CODE
                                    118 	.area CONST
                                    119 	.area CONST
      000000                        120 ___str_0:
      000000 2E 2E 2F 53 54 4D 38   121 	.ascii "../STM8S_StdPeriph_Driver/src/stm8s_i2c_AcknowledgeConfig.c"
             53 5F 53 74 64 50 65
             72 69 70 68 5F 44 72
             69 76 65 72 2F 73 72
             63 2F 73 74 6D 38 73
             5F 69 32 63 5F 41 63
             6B 6E 6F 77 6C 65 64
             67 65 43 6F 6E 66 69
             67 2E 63
      00003B 00                     122 	.db 0x00
                                    123 	.area CODE
                                    124 	.area INITIALIZER
                                    125 	.area CABS (ABS)
