                                      1 ;--------------------------------------------------------
                                      2 ; File Created by SDCC : free open source ISO C Compiler 
                                      3 ; Version 4.4.0 #14620 (Linux)
                                      4 ;--------------------------------------------------------
                                      5 	.module stm8s_tim3_GetCapture2
                                      6 	.optsdcc -mstm8
                                      7 	
                                      8 ;--------------------------------------------------------
                                      9 ; Public variables in this module
                                     10 ;--------------------------------------------------------
                                     11 	.globl _TIM3_GetCapture2
                                     12 ;--------------------------------------------------------
                                     13 ; ram data
                                     14 ;--------------------------------------------------------
                                     15 	.area DATA
                                     16 ;--------------------------------------------------------
                                     17 ; ram data
                                     18 ;--------------------------------------------------------
                                     19 	.area INITIALIZED
                                     20 ;--------------------------------------------------------
                                     21 ; absolute external ram data
                                     22 ;--------------------------------------------------------
                                     23 	.area DABS (ABS)
                                     24 
                                     25 ; default segment ordering for linker
                                     26 	.area HOME
                                     27 	.area GSINIT
                                     28 	.area GSFINAL
                                     29 	.area CONST
                                     30 	.area INITIALIZER
                                     31 	.area CODE
                                     32 
                                     33 ;--------------------------------------------------------
                                     34 ; global & static initialisations
                                     35 ;--------------------------------------------------------
                                     36 	.area HOME
                                     37 	.area GSINIT
                                     38 	.area GSFINAL
                                     39 	.area GSINIT
                                     40 ;--------------------------------------------------------
                                     41 ; Home
                                     42 ;--------------------------------------------------------
                                     43 	.area HOME
                                     44 	.area HOME
                                     45 ;--------------------------------------------------------
                                     46 ; code
                                     47 ;--------------------------------------------------------
                                     48 	.area CODE
                                     49 ;	../STM8S_StdPeriph_Driver/src/stm8s_tim3_GetCapture2.c: 47: uint16_t TIM3_GetCapture2(void)
                                     50 ;	-----------------------------------------
                                     51 ;	 function TIM3_GetCapture2
                                     52 ;	-----------------------------------------
      000000                         53 _TIM3_GetCapture2:
      000000 89               [ 2]   54 	pushw	x
                                     55 ;	../STM8S_StdPeriph_Driver/src/stm8s_tim3_GetCapture2.c: 53: tmpccr2h = TIM3->CCR2H;
      000001 C6 53 2F         [ 1]   56 	ld	a, 0x532f
      000004 95               [ 1]   57 	ld	xh, a
                                     58 ;	../STM8S_StdPeriph_Driver/src/stm8s_tim3_GetCapture2.c: 54: tmpccr2l = TIM3->CCR2L;
      000005 C6 53 30         [ 1]   59 	ld	a, 0x5330
                                     60 ;	../STM8S_StdPeriph_Driver/src/stm8s_tim3_GetCapture2.c: 56: tmpccr2 = (uint16_t)(tmpccr2l);
      000008 97               [ 1]   61 	ld	xl, a
                                     62 ;	../STM8S_StdPeriph_Driver/src/stm8s_tim3_GetCapture2.c: 57: tmpccr2 |= (uint16_t)((uint16_t)tmpccr2h << 8);
      000009 0F 02            [ 1]   63 	clr	(0x02, sp)
                                     64 ;	../STM8S_StdPeriph_Driver/src/stm8s_tim3_GetCapture2.c: 59: return (uint16_t)tmpccr2;
                                     65 ;	../STM8S_StdPeriph_Driver/src/stm8s_tim3_GetCapture2.c: 60: }
      00000B 5B 02            [ 2]   66 	addw	sp, #2
      00000D 81               [ 4]   67 	ret
                                     68 	.area CODE
                                     69 	.area CONST
                                     70 	.area INITIALIZER
                                     71 	.area CABS (ABS)
