                                      1 ;--------------------------------------------------------
                                      2 ; File Created by SDCC : free open source ISO C Compiler 
                                      3 ; Version 4.4.0 #14620 (Linux)
                                      4 ;--------------------------------------------------------
                                      5 	.module stm8s_itc_GetSoftIntStatus
                                      6 	.optsdcc -mstm8
                                      7 	
                                      8 ;--------------------------------------------------------
                                      9 ; Public variables in this module
                                     10 ;--------------------------------------------------------
                                     11 	.globl _ITC_GetCPUCC
                                     12 	.globl _ITC_GetSoftIntStatus
                                     13 ;--------------------------------------------------------
                                     14 ; ram data
                                     15 ;--------------------------------------------------------
                                     16 	.area DATA
                                     17 ;--------------------------------------------------------
                                     18 ; ram data
                                     19 ;--------------------------------------------------------
                                     20 	.area INITIALIZED
                                     21 ;--------------------------------------------------------
                                     22 ; absolute external ram data
                                     23 ;--------------------------------------------------------
                                     24 	.area DABS (ABS)
                                     25 
                                     26 ; default segment ordering for linker
                                     27 	.area HOME
                                     28 	.area GSINIT
                                     29 	.area GSFINAL
                                     30 	.area CONST
                                     31 	.area INITIALIZER
                                     32 	.area CODE
                                     33 
                                     34 ;--------------------------------------------------------
                                     35 ; global & static initialisations
                                     36 ;--------------------------------------------------------
                                     37 	.area HOME
                                     38 	.area GSINIT
                                     39 	.area GSFINAL
                                     40 	.area GSINIT
                                     41 ;--------------------------------------------------------
                                     42 ; Home
                                     43 ;--------------------------------------------------------
                                     44 	.area HOME
                                     45 	.area HOME
                                     46 ;--------------------------------------------------------
                                     47 ; code
                                     48 ;--------------------------------------------------------
                                     49 	.area CODE
                                     50 ;	../STM8S_StdPeriph_Driver/src/stm8s_itc_GetSoftIntStatus.c: 46: uint8_t ITC_GetSoftIntStatus(void)
                                     51 ;	-----------------------------------------
                                     52 ;	 function ITC_GetSoftIntStatus
                                     53 ;	-----------------------------------------
      000000                         54 _ITC_GetSoftIntStatus:
                                     55 ;	../STM8S_StdPeriph_Driver/src/stm8s_itc_GetSoftIntStatus.c: 48: return (uint8_t)(ITC_GetCPUCC() & CPU_CC_I1I0);
      000000 CDr00r00         [ 4]   56 	call	_ITC_GetCPUCC
      000003 A4 28            [ 1]   57 	and	a, #0x28
                                     58 ;	../STM8S_StdPeriph_Driver/src/stm8s_itc_GetSoftIntStatus.c: 49: }
      000005 81               [ 4]   59 	ret
                                     60 	.area CODE
                                     61 	.area CONST
                                     62 	.area INITIALIZER
                                     63 	.area CABS (ABS)
