                                      1 ;--------------------------------------------------------
                                      2 ; File Created by SDCC : free open source ISO C Compiler 
                                      3 ; Version 4.4.0 #14620 (Linux)
                                      4 ;--------------------------------------------------------
                                      5 	.module stm8s_gpio_ExternalPullUpConfig
                                      6 	.optsdcc -mstm8
                                      7 	
                                      8 ;--------------------------------------------------------
                                      9 ; Public variables in this module
                                     10 ;--------------------------------------------------------
                                     11 	.globl _assert_failed
                                     12 	.globl _GPIO_ExternalPullUpConfig
                                     13 ;--------------------------------------------------------
                                     14 ; ram data
                                     15 ;--------------------------------------------------------
                                     16 	.area DATA
                                     17 ;--------------------------------------------------------
                                     18 ; ram data
                                     19 ;--------------------------------------------------------
                                     20 	.area INITIALIZED
                                     21 ;--------------------------------------------------------
                                     22 ; absolute external ram data
                                     23 ;--------------------------------------------------------
                                     24 	.area DABS (ABS)
                                     25 
                                     26 ; default segment ordering for linker
                                     27 	.area HOME
                                     28 	.area GSINIT
                                     29 	.area GSFINAL
                                     30 	.area CONST
                                     31 	.area INITIALIZER
                                     32 	.area CODE
                                     33 
                                     34 ;--------------------------------------------------------
                                     35 ; global & static initialisations
                                     36 ;--------------------------------------------------------
                                     37 	.area HOME
                                     38 	.area GSINIT
                                     39 	.area GSFINAL
                                     40 	.area GSINIT
                                     41 ;--------------------------------------------------------
                                     42 ; Home
                                     43 ;--------------------------------------------------------
                                     44 	.area HOME
                                     45 	.area HOME
                                     46 ;--------------------------------------------------------
                                     47 ; code
                                     48 ;--------------------------------------------------------
                                     49 	.area CODE
                                     50 ;	../STM8S_StdPeriph_Driver/src/stm8s_gpio_ExternalPullUpConfig.c: 48: void GPIO_ExternalPullUpConfig(GPIO_TypeDef* GPIOx, GPIO_Pin_TypeDef GPIO_Pin, FunctionalState NewState)
                                     51 ;	-----------------------------------------
                                     52 ;	 function GPIO_ExternalPullUpConfig
                                     53 ;	-----------------------------------------
      000000                         54 _GPIO_ExternalPullUpConfig:
      000000 52 03            [ 2]   55 	sub	sp, #3
      000002 1F 02            [ 2]   56 	ldw	(0x02, sp), x
                                     57 ;	../STM8S_StdPeriph_Driver/src/stm8s_gpio_ExternalPullUpConfig.c: 51: assert_param(IS_GPIO_PIN_OK(GPIO_Pin));
      000004 4D               [ 1]   58 	tnz	a
      000005 26 0E            [ 1]   59 	jrne	00107$
      000007 88               [ 1]   60 	push	a
      000008 4B 33            [ 1]   61 	push	#0x33
      00000A 5F               [ 1]   62 	clrw	x
      00000B 89               [ 2]   63 	pushw	x
      00000C 4B 00            [ 1]   64 	push	#0x00
      00000E AEr00r00         [ 2]   65 	ldw	x, #(___str_0+0)
      000011 CDr00r00         [ 4]   66 	call	_assert_failed
      000014 84               [ 1]   67 	pop	a
      000015                         68 00107$:
                                     69 ;	../STM8S_StdPeriph_Driver/src/stm8s_gpio_ExternalPullUpConfig.c: 52: assert_param(IS_FUNCTIONALSTATE_OK(NewState));
      000015 0D 06            [ 1]   70 	tnz	(0x06, sp)
      000017 27 12            [ 1]   71 	jreq	00109$
      000019 0D 06            [ 1]   72 	tnz	(0x06, sp)
      00001B 26 0E            [ 1]   73 	jrne	00109$
      00001D 88               [ 1]   74 	push	a
      00001E 4B 34            [ 1]   75 	push	#0x34
      000020 5F               [ 1]   76 	clrw	x
      000021 89               [ 2]   77 	pushw	x
      000022 4B 00            [ 1]   78 	push	#0x00
      000024 AEr00r00         [ 2]   79 	ldw	x, #(___str_0+0)
      000027 CDr00r00         [ 4]   80 	call	_assert_failed
      00002A 84               [ 1]   81 	pop	a
      00002B                         82 00109$:
                                     83 ;	../STM8S_StdPeriph_Driver/src/stm8s_gpio_ExternalPullUpConfig.c: 56: GPIOx->CR1 |= (uint8_t)GPIO_Pin;
      00002B 1E 02            [ 2]   84 	ldw	x, (0x02, sp)
      00002D 1C 00 03         [ 2]   85 	addw	x, #0x0003
      000030 88               [ 1]   86 	push	a
      000031 F6               [ 1]   87 	ld	a, (x)
      000032 6B 02            [ 1]   88 	ld	(0x02, sp), a
      000034 84               [ 1]   89 	pop	a
                                     90 ;	../STM8S_StdPeriph_Driver/src/stm8s_gpio_ExternalPullUpConfig.c: 54: if (NewState != DISABLE) /* External Pull-Up Set*/
      000035 0D 06            [ 1]   91 	tnz	(0x06, sp)
      000037 27 05            [ 1]   92 	jreq	00102$
                                     93 ;	../STM8S_StdPeriph_Driver/src/stm8s_gpio_ExternalPullUpConfig.c: 56: GPIOx->CR1 |= (uint8_t)GPIO_Pin;
      000039 1A 01            [ 1]   94 	or	a, (0x01, sp)
      00003B F7               [ 1]   95 	ld	(x), a
      00003C 20 04            [ 2]   96 	jra	00104$
      00003E                         97 00102$:
                                     98 ;	../STM8S_StdPeriph_Driver/src/stm8s_gpio_ExternalPullUpConfig.c: 59: GPIOx->CR1 &= (uint8_t)(~(GPIO_Pin));
      00003E 43               [ 1]   99 	cpl	a
      00003F 14 01            [ 1]  100 	and	a, (0x01, sp)
      000041 F7               [ 1]  101 	ld	(x), a
      000042                        102 00104$:
                                    103 ;	../STM8S_StdPeriph_Driver/src/stm8s_gpio_ExternalPullUpConfig.c: 61: }
      000042 5B 03            [ 2]  104 	addw	sp, #3
      000044 85               [ 2]  105 	popw	x
      000045 84               [ 1]  106 	pop	a
      000046 FC               [ 2]  107 	jp	(x)
                                    108 	.area CODE
                                    109 	.area CONST
                                    110 	.area CONST
      000000                        111 ___str_0:
      000000 2E 2E 2F 53 54 4D 38   112 	.ascii "../STM8S_StdPeriph_Driver/src/stm8s_gpio_ExternalPullUpConfi"
             53 5F 53 74 64 50 65
             72 69 70 68 5F 44 72
             69 76 65 72 2F 73 72
             63 2F 73 74 6D 38 73
             5F 67 70 69 6F 5F 45
             78 74 65 72 6E 61 6C
             50 75 6C 6C 55 70 43
             6F 6E 66 69
      00003C 67 2E 63               113 	.ascii "g.c"
      00003F 00                     114 	.db 0x00
                                    115 	.area CODE
                                    116 	.area INITIALIZER
                                    117 	.area CABS (ABS)
