                                      1 ;--------------------------------------------------------
                                      2 ; File Created by SDCC : free open source ISO C Compiler 
                                      3 ; Version 4.4.0 #14620 (Linux)
                                      4 ;--------------------------------------------------------
                                      5 	.module stm8s_tim1_CounterModeConfig
                                      6 	.optsdcc -mstm8
                                      7 	
                                      8 ;--------------------------------------------------------
                                      9 ; Public variables in this module
                                     10 ;--------------------------------------------------------
                                     11 	.globl _assert_failed
                                     12 	.globl _TIM1_CounterModeConfig
                                     13 ;--------------------------------------------------------
                                     14 ; ram data
                                     15 ;--------------------------------------------------------
                                     16 	.area DATA
                                     17 ;--------------------------------------------------------
                                     18 ; ram data
                                     19 ;--------------------------------------------------------
                                     20 	.area INITIALIZED
                                     21 ;--------------------------------------------------------
                                     22 ; absolute external ram data
                                     23 ;--------------------------------------------------------
                                     24 	.area DABS (ABS)
                                     25 
                                     26 ; default segment ordering for linker
                                     27 	.area HOME
                                     28 	.area GSINIT
                                     29 	.area GSFINAL
                                     30 	.area CONST
                                     31 	.area INITIALIZER
                                     32 	.area CODE
                                     33 
                                     34 ;--------------------------------------------------------
                                     35 ; global & static initialisations
                                     36 ;--------------------------------------------------------
                                     37 	.area HOME
                                     38 	.area GSINIT
                                     39 	.area GSFINAL
                                     40 	.area GSINIT
                                     41 ;--------------------------------------------------------
                                     42 ; Home
                                     43 ;--------------------------------------------------------
                                     44 	.area HOME
                                     45 	.area HOME
                                     46 ;--------------------------------------------------------
                                     47 ; code
                                     48 ;--------------------------------------------------------
                                     49 	.area CODE
                                     50 ;	../STM8S_StdPeriph_Driver/src/stm8s_tim1_CounterModeConfig.c: 53: void TIM1_CounterModeConfig(TIM1_CounterMode_TypeDef TIM1_CounterMode)
                                     51 ;	-----------------------------------------
                                     52 ;	 function TIM1_CounterModeConfig
                                     53 ;	-----------------------------------------
      000000                         54 _TIM1_CounterModeConfig:
      000000 88               [ 1]   55 	push	a
                                     56 ;	../STM8S_StdPeriph_Driver/src/stm8s_tim1_CounterModeConfig.c: 56: assert_param(IS_TIM1_COUNTER_MODE_OK(TIM1_CounterMode));
      000001 6B 01            [ 1]   57 	ld	(0x01, sp), a
      000003 27 24            [ 1]   58 	jreq	00104$
      000005 7B 01            [ 1]   59 	ld	a, (0x01, sp)
      000007 A1 10            [ 1]   60 	cp	a, #0x10
      000009 27 1E            [ 1]   61 	jreq	00104$
      00000B 7B 01            [ 1]   62 	ld	a, (0x01, sp)
      00000D A1 20            [ 1]   63 	cp	a, #0x20
      00000F 27 18            [ 1]   64 	jreq	00104$
      000011 7B 01            [ 1]   65 	ld	a, (0x01, sp)
      000013 A1 40            [ 1]   66 	cp	a, #0x40
      000015 27 12            [ 1]   67 	jreq	00104$
      000017 7B 01            [ 1]   68 	ld	a, (0x01, sp)
      000019 A1 60            [ 1]   69 	cp	a, #0x60
      00001B 27 0C            [ 1]   70 	jreq	00104$
      00001D 4B 38            [ 1]   71 	push	#0x38
      00001F 5F               [ 1]   72 	clrw	x
      000020 89               [ 2]   73 	pushw	x
      000021 4B 00            [ 1]   74 	push	#0x00
      000023 AEr00r00         [ 2]   75 	ldw	x, #(___str_0+0)
      000026 CDr00r00         [ 4]   76 	call	_assert_failed
      000029                         77 00104$:
                                     78 ;	../STM8S_StdPeriph_Driver/src/stm8s_tim1_CounterModeConfig.c: 60: TIM1->CR1 = (uint8_t)((uint8_t)(TIM1->CR1 & (uint8_t)((uint8_t)(~TIM1_CR1_CMS) & (uint8_t)(~TIM1_CR1_DIR)))
      000029 C6 52 50         [ 1]   79 	ld	a, 0x5250
      00002C A4 8F            [ 1]   80 	and	a, #0x8f
                                     81 ;	../STM8S_StdPeriph_Driver/src/stm8s_tim1_CounterModeConfig.c: 61: | (uint8_t)TIM1_CounterMode);
      00002E 1A 01            [ 1]   82 	or	a, (0x01, sp)
      000030 C7 52 50         [ 1]   83 	ld	0x5250, a
                                     84 ;	../STM8S_StdPeriph_Driver/src/stm8s_tim1_CounterModeConfig.c: 62: }
      000033 84               [ 1]   85 	pop	a
      000034 81               [ 4]   86 	ret
                                     87 	.area CODE
                                     88 	.area CONST
                                     89 	.area CONST
      000000                         90 ___str_0:
      000000 2E 2E 2F 53 54 4D 38    91 	.ascii "../STM8S_StdPeriph_Driver/src/stm8s_tim1_CounterModeConfig.c"
             53 5F 53 74 64 50 65
             72 69 70 68 5F 44 72
             69 76 65 72 2F 73 72
             63 2F 73 74 6D 38 73
             5F 74 69 6D 31 5F 43
             6F 75 6E 74 65 72 4D
             6F 64 65 43 6F 6E 66
             69 67 2E 63
      00003C 00                      92 	.db 0x00
                                     93 	.area CODE
                                     94 	.area INITIALIZER
                                     95 	.area CABS (ABS)
