                                      1 ;--------------------------------------------------------
                                      2 ; File Created by SDCC : free open source ISO C Compiler 
                                      3 ; Version 4.4.0 #14620 (Linux)
                                      4 ;--------------------------------------------------------
                                      5 	.module stm8s_tim1_GetPrescaler
                                      6 	.optsdcc -mstm8
                                      7 	
                                      8 ;--------------------------------------------------------
                                      9 ; Public variables in this module
                                     10 ;--------------------------------------------------------
                                     11 	.globl _TIM1_GetPrescaler
                                     12 ;--------------------------------------------------------
                                     13 ; ram data
                                     14 ;--------------------------------------------------------
                                     15 	.area DATA
                                     16 ;--------------------------------------------------------
                                     17 ; ram data
                                     18 ;--------------------------------------------------------
                                     19 	.area INITIALIZED
                                     20 ;--------------------------------------------------------
                                     21 ; absolute external ram data
                                     22 ;--------------------------------------------------------
                                     23 	.area DABS (ABS)
                                     24 
                                     25 ; default segment ordering for linker
                                     26 	.area HOME
                                     27 	.area GSINIT
                                     28 	.area GSFINAL
                                     29 	.area CONST
                                     30 	.area INITIALIZER
                                     31 	.area CODE
                                     32 
                                     33 ;--------------------------------------------------------
                                     34 ; global & static initialisations
                                     35 ;--------------------------------------------------------
                                     36 	.area HOME
                                     37 	.area GSINIT
                                     38 	.area GSFINAL
                                     39 	.area GSINIT
                                     40 ;--------------------------------------------------------
                                     41 ; Home
                                     42 ;--------------------------------------------------------
                                     43 	.area HOME
                                     44 	.area HOME
                                     45 ;--------------------------------------------------------
                                     46 ; code
                                     47 ;--------------------------------------------------------
                                     48 	.area CODE
                                     49 ;	../STM8S_StdPeriph_Driver/src/stm8s_tim1_GetPrescaler.c: 47: uint16_t TIM1_GetPrescaler(void)
                                     50 ;	-----------------------------------------
                                     51 ;	 function TIM1_GetPrescaler
                                     52 ;	-----------------------------------------
      000000                         53 _TIM1_GetPrescaler:
      000000 89               [ 2]   54 	pushw	x
                                     55 ;	../STM8S_StdPeriph_Driver/src/stm8s_tim1_GetPrescaler.c: 51: temp = ((uint16_t)TIM1->PSCRH << 8);
      000001 C6 52 60         [ 1]   56 	ld	a, 0x5260
      000004 95               [ 1]   57 	ld	xh, a
      000005 0F 02            [ 1]   58 	clr	(0x02, sp)
                                     59 ;	../STM8S_StdPeriph_Driver/src/stm8s_tim1_GetPrescaler.c: 54: return (uint16_t)( temp | (uint16_t)(TIM1->PSCRL));
      000007 C6 52 61         [ 1]   60 	ld	a, 0x5261
      00000A 97               [ 1]   61 	ld	xl, a
                                     62 ;	../STM8S_StdPeriph_Driver/src/stm8s_tim1_GetPrescaler.c: 55: }
      00000B 5B 02            [ 2]   63 	addw	sp, #2
      00000D 81               [ 4]   64 	ret
                                     65 	.area CODE
                                     66 	.area CONST
                                     67 	.area INITIALIZER
                                     68 	.area CABS (ABS)
