                                      1 ;--------------------------------------------------------
                                      2 ; File Created by SDCC : free open source ISO C Compiler 
                                      3 ; Version 4.4.0 #14620 (Linux)
                                      4 ;--------------------------------------------------------
                                      5 	.module stm8s_tim1_SelectOCxM
                                      6 	.optsdcc -mstm8
                                      7 	
                                      8 ;--------------------------------------------------------
                                      9 ; Public variables in this module
                                     10 ;--------------------------------------------------------
                                     11 	.globl _assert_failed
                                     12 	.globl _TIM1_SelectOCxM
                                     13 ;--------------------------------------------------------
                                     14 ; ram data
                                     15 ;--------------------------------------------------------
                                     16 	.area DATA
                                     17 ;--------------------------------------------------------
                                     18 ; ram data
                                     19 ;--------------------------------------------------------
                                     20 	.area INITIALIZED
                                     21 ;--------------------------------------------------------
                                     22 ; absolute external ram data
                                     23 ;--------------------------------------------------------
                                     24 	.area DABS (ABS)
                                     25 
                                     26 ; default segment ordering for linker
                                     27 	.area HOME
                                     28 	.area GSINIT
                                     29 	.area GSFINAL
                                     30 	.area CONST
                                     31 	.area INITIALIZER
                                     32 	.area CODE
                                     33 
                                     34 ;--------------------------------------------------------
                                     35 ; global & static initialisations
                                     36 ;--------------------------------------------------------
                                     37 	.area HOME
                                     38 	.area GSINIT
                                     39 	.area GSFINAL
                                     40 	.area GSINIT
                                     41 ;--------------------------------------------------------
                                     42 ; Home
                                     43 ;--------------------------------------------------------
                                     44 	.area HOME
                                     45 	.area HOME
                                     46 ;--------------------------------------------------------
                                     47 ; code
                                     48 ;--------------------------------------------------------
                                     49 	.area CODE
                                     50 ;	../STM8S_StdPeriph_Driver/src/stm8s_tim1_SelectOCxM.c: 63: void TIM1_SelectOCxM(TIM1_Channel_TypeDef TIM1_Channel, TIM1_OCMode_TypeDef TIM1_OCMode)
                                     51 ;	-----------------------------------------
                                     52 ;	 function TIM1_SelectOCxM
                                     53 ;	-----------------------------------------
      000000                         54 _TIM1_SelectOCxM:
      000000 52 03            [ 2]   55 	sub	sp, #3
                                     56 ;	../STM8S_StdPeriph_Driver/src/stm8s_tim1_SelectOCxM.c: 66: assert_param(IS_TIM1_CHANNEL_OK(TIM1_Channel));
      000002 6B 03            [ 1]   57 	ld	(0x03, sp), a
      000004 4A               [ 1]   58 	dec	a
      000005 26 05            [ 1]   59 	jrne	00252$
      000007 A6 01            [ 1]   60 	ld	a, #0x01
      000009 6B 01            [ 1]   61 	ld	(0x01, sp), a
      00000B C5                      62 	.byte 0xc5
      00000C                         63 00252$:
      00000C 0F 01            [ 1]   64 	clr	(0x01, sp)
      00000E                         65 00253$:
      00000E 7B 03            [ 1]   66 	ld	a, (0x03, sp)
      000010 A0 02            [ 1]   67 	sub	a, #0x02
      000012 26 04            [ 1]   68 	jrne	00255$
      000014 4C               [ 1]   69 	inc	a
      000015 6B 02            [ 1]   70 	ld	(0x02, sp), a
      000017 C5                      71 	.byte 0xc5
      000018                         72 00255$:
      000018 0F 02            [ 1]   73 	clr	(0x02, sp)
      00001A                         74 00256$:
      00001A 0D 03            [ 1]   75 	tnz	(0x03, sp)
      00001C 27 1A            [ 1]   76 	jreq	00113$
      00001E 0D 01            [ 1]   77 	tnz	(0x01, sp)
      000020 26 16            [ 1]   78 	jrne	00113$
      000022 0D 02            [ 1]   79 	tnz	(0x02, sp)
      000024 26 12            [ 1]   80 	jrne	00113$
      000026 7B 03            [ 1]   81 	ld	a, (0x03, sp)
      000028 A1 03            [ 1]   82 	cp	a, #0x03
      00002A 27 0C            [ 1]   83 	jreq	00113$
      00002C 4B 42            [ 1]   84 	push	#0x42
      00002E 5F               [ 1]   85 	clrw	x
      00002F 89               [ 2]   86 	pushw	x
      000030 4B 00            [ 1]   87 	push	#0x00
      000032 AEr00r00         [ 2]   88 	ldw	x, #(___str_0+0)
      000035 CDr00r00         [ 4]   89 	call	_assert_failed
      000038                         90 00113$:
                                     91 ;	../STM8S_StdPeriph_Driver/src/stm8s_tim1_SelectOCxM.c: 67: assert_param(IS_TIM1_OCM_OK(TIM1_OCMode));
      000038 0D 06            [ 1]   92 	tnz	(0x06, sp)
      00003A 27 36            [ 1]   93 	jreq	00124$
      00003C 7B 06            [ 1]   94 	ld	a, (0x06, sp)
      00003E A1 10            [ 1]   95 	cp	a, #0x10
      000040 27 30            [ 1]   96 	jreq	00124$
      000042 7B 06            [ 1]   97 	ld	a, (0x06, sp)
      000044 A1 20            [ 1]   98 	cp	a, #0x20
      000046 27 2A            [ 1]   99 	jreq	00124$
      000048 7B 06            [ 1]  100 	ld	a, (0x06, sp)
      00004A A1 30            [ 1]  101 	cp	a, #0x30
      00004C 27 24            [ 1]  102 	jreq	00124$
      00004E 7B 06            [ 1]  103 	ld	a, (0x06, sp)
      000050 A1 60            [ 1]  104 	cp	a, #0x60
      000052 27 1E            [ 1]  105 	jreq	00124$
      000054 7B 06            [ 1]  106 	ld	a, (0x06, sp)
      000056 A1 70            [ 1]  107 	cp	a, #0x70
      000058 27 18            [ 1]  108 	jreq	00124$
      00005A 7B 06            [ 1]  109 	ld	a, (0x06, sp)
      00005C A1 50            [ 1]  110 	cp	a, #0x50
      00005E 27 12            [ 1]  111 	jreq	00124$
      000060 7B 06            [ 1]  112 	ld	a, (0x06, sp)
      000062 A1 40            [ 1]  113 	cp	a, #0x40
      000064 27 0C            [ 1]  114 	jreq	00124$
      000066 4B 43            [ 1]  115 	push	#0x43
      000068 5F               [ 1]  116 	clrw	x
      000069 89               [ 2]  117 	pushw	x
      00006A 4B 00            [ 1]  118 	push	#0x00
      00006C AEr00r00         [ 2]  119 	ldw	x, #(___str_0+0)
      00006F CDr00r00         [ 4]  120 	call	_assert_failed
      000072                        121 00124$:
                                    122 ;	../STM8S_StdPeriph_Driver/src/stm8s_tim1_SelectOCxM.c: 69: if (TIM1_Channel == TIM1_CHANNEL_1)
      000072 0D 03            [ 1]  123 	tnz	(0x03, sp)
      000074 26 10            [ 1]  124 	jrne	00108$
                                    125 ;	../STM8S_StdPeriph_Driver/src/stm8s_tim1_SelectOCxM.c: 72: TIM1->CCER1 &= (uint8_t)(~TIM1_CCER1_CC1E);
      000076 72 11 52 5C      [ 1]  126 	bres	0x525c, #0
                                    127 ;	../STM8S_StdPeriph_Driver/src/stm8s_tim1_SelectOCxM.c: 75: TIM1->CCMR1 = (uint8_t)((uint8_t)(TIM1->CCMR1 & (uint8_t)(~TIM1_CCMR_OCM)) 
      00007A C6 52 58         [ 1]  128 	ld	a, 0x5258
      00007D A4 8F            [ 1]  129 	and	a, #0x8f
                                    130 ;	../STM8S_StdPeriph_Driver/src/stm8s_tim1_SelectOCxM.c: 76: | (uint8_t)TIM1_OCMode);
      00007F 1A 06            [ 1]  131 	or	a, (0x06, sp)
      000081 C7 52 58         [ 1]  132 	ld	0x5258, a
      000084 20 3E            [ 2]  133 	jra	00110$
      000086                        134 00108$:
                                    135 ;	../STM8S_StdPeriph_Driver/src/stm8s_tim1_SelectOCxM.c: 78: else if (TIM1_Channel == TIM1_CHANNEL_2)
      000086 7B 01            [ 1]  136 	ld	a, (0x01, sp)
      000088 27 10            [ 1]  137 	jreq	00105$
                                    138 ;	../STM8S_StdPeriph_Driver/src/stm8s_tim1_SelectOCxM.c: 81: TIM1->CCER1 &= (uint8_t)(~TIM1_CCER1_CC2E);
      00008A 72 19 52 5C      [ 1]  139 	bres	0x525c, #4
                                    140 ;	../STM8S_StdPeriph_Driver/src/stm8s_tim1_SelectOCxM.c: 84: TIM1->CCMR2 = (uint8_t)((uint8_t)(TIM1->CCMR2 & (uint8_t)(~TIM1_CCMR_OCM))
      00008E C6 52 59         [ 1]  141 	ld	a, 0x5259
      000091 A4 8F            [ 1]  142 	and	a, #0x8f
                                    143 ;	../STM8S_StdPeriph_Driver/src/stm8s_tim1_SelectOCxM.c: 85: | (uint8_t)TIM1_OCMode);
      000093 1A 06            [ 1]  144 	or	a, (0x06, sp)
      000095 C7 52 59         [ 1]  145 	ld	0x5259, a
      000098 20 2A            [ 2]  146 	jra	00110$
      00009A                        147 00105$:
                                    148 ;	../STM8S_StdPeriph_Driver/src/stm8s_tim1_SelectOCxM.c: 90: TIM1->CCER2 &= (uint8_t)(~TIM1_CCER2_CC3E);
      00009A C6 52 5D         [ 1]  149 	ld	a, 0x525d
      00009D 97               [ 1]  150 	ld	xl, a
                                    151 ;	../STM8S_StdPeriph_Driver/src/stm8s_tim1_SelectOCxM.c: 87: else if (TIM1_Channel == TIM1_CHANNEL_3)
      00009E 7B 02            [ 1]  152 	ld	a, (0x02, sp)
      0000A0 27 12            [ 1]  153 	jreq	00102$
                                    154 ;	../STM8S_StdPeriph_Driver/src/stm8s_tim1_SelectOCxM.c: 90: TIM1->CCER2 &= (uint8_t)(~TIM1_CCER2_CC3E);
      0000A2 9F               [ 1]  155 	ld	a, xl
      0000A3 A4 FE            [ 1]  156 	and	a, #0xfe
      0000A5 C7 52 5D         [ 1]  157 	ld	0x525d, a
                                    158 ;	../STM8S_StdPeriph_Driver/src/stm8s_tim1_SelectOCxM.c: 93: TIM1->CCMR3 = (uint8_t)((uint8_t)(TIM1->CCMR3 & (uint8_t)(~TIM1_CCMR_OCM)) 
      0000A8 C6 52 5A         [ 1]  159 	ld	a, 0x525a
      0000AB A4 8F            [ 1]  160 	and	a, #0x8f
                                    161 ;	../STM8S_StdPeriph_Driver/src/stm8s_tim1_SelectOCxM.c: 94: | (uint8_t)TIM1_OCMode);
      0000AD 1A 06            [ 1]  162 	or	a, (0x06, sp)
      0000AF C7 52 5A         [ 1]  163 	ld	0x525a, a
      0000B2 20 10            [ 2]  164 	jra	00110$
      0000B4                        165 00102$:
                                    166 ;	../STM8S_StdPeriph_Driver/src/stm8s_tim1_SelectOCxM.c: 99: TIM1->CCER2 &= (uint8_t)(~TIM1_CCER2_CC4E);
      0000B4 9F               [ 1]  167 	ld	a, xl
      0000B5 A4 EF            [ 1]  168 	and	a, #0xef
      0000B7 C7 52 5D         [ 1]  169 	ld	0x525d, a
                                    170 ;	../STM8S_StdPeriph_Driver/src/stm8s_tim1_SelectOCxM.c: 102: TIM1->CCMR4 = (uint8_t)((uint8_t)(TIM1->CCMR4 & (uint8_t)(~TIM1_CCMR_OCM)) 
      0000BA C6 52 5B         [ 1]  171 	ld	a, 0x525b
      0000BD A4 8F            [ 1]  172 	and	a, #0x8f
                                    173 ;	../STM8S_StdPeriph_Driver/src/stm8s_tim1_SelectOCxM.c: 103: | (uint8_t)TIM1_OCMode);
      0000BF 1A 06            [ 1]  174 	or	a, (0x06, sp)
      0000C1 C7 52 5B         [ 1]  175 	ld	0x525b, a
      0000C4                        176 00110$:
                                    177 ;	../STM8S_StdPeriph_Driver/src/stm8s_tim1_SelectOCxM.c: 105: }
      0000C4 5B 03            [ 2]  178 	addw	sp, #3
      0000C6 85               [ 2]  179 	popw	x
      0000C7 84               [ 1]  180 	pop	a
      0000C8 FC               [ 2]  181 	jp	(x)
                                    182 	.area CODE
                                    183 	.area CONST
                                    184 	.area CONST
      000000                        185 ___str_0:
      000000 2E 2E 2F 53 54 4D 38   186 	.ascii "../STM8S_StdPeriph_Driver/src/stm8s_tim1_SelectOCxM.c"
             53 5F 53 74 64 50 65
             72 69 70 68 5F 44 72
             69 76 65 72 2F 73 72
             63 2F 73 74 6D 38 73
             5F 74 69 6D 31 5F 53
             65 6C 65 63 74 4F 43
             78 4D 2E 63
      000035 00                     187 	.db 0x00
                                    188 	.area CODE
                                    189 	.area INITIALIZER
                                    190 	.area CABS (ABS)
